./syn_identity.v:328: warning: Port 1 (y) of module31 expects 103 bits, got 21.
./syn_identity.v:328:        : Padding 82 high bits of the port.
./syn_identity.v:328: warning: Port 3 (wire35) of module31 expects 18 bits, got 20.
./syn_identity.v:328:        : Pruning (signed) 2 high bits of the expression.
./syn_identity.v:328: warning: Port 5 (wire33) of module31 expects 12 bits, got 22.
./syn_identity.v:328:        : Pruning (signed) 10 high bits of the expression.
./syn_identity.v:38: warning: Port 1 (y) of module5 expects 272 bits, got 19.
./syn_identity.v:38:        : Padding 253 high bits of the port.
./syn_identity.v:38: warning: Port 3 (wire9) of module5 expects 16 bits, got 20.
./syn_identity.v:38:        : Pruning 4 high bits of the expression.
./syn_identity.v:38: warning: Port 4 (wire8) of module5 expects 5 bits, got 21.
./syn_identity.v:38:        : Pruning 16 high bits of the expression.
./syn_identity.v:38: warning: Port 5 (wire7) of module5 expects 13 bits, got 17.
./syn_identity.v:38:        : Pruning 4 high bits of the expression.
./syn_identity.v:130: warning: Port 1 (y) of module66 expects 138 bits, got 14.
./syn_identity.v:130:        : Padding 124 high bits of the port.
./syn_identity.v:130: warning: Port 6 (wire68) of module66 expects 10 bits, got 13.
./syn_identity.v:130:        : Pruning 3 high bits of the expression.
./syn_identity.v:130: warning: Port 7 (wire67) of module66 expects 14 bits, got 21.
./syn_identity.v:130:        : Pruning 7 high bits of the expression.
./syn_identity.v:191: warning: Port 1 (y) of module112 expects 186 bits, got 20.
./syn_identity.v:191:        : Padding 166 high bits of the port.
./syn_identity.v:191: warning: Port 4 (wire115) of module112 expects 12 bits, got 19.
./syn_identity.v:191:        : Pruning (signed) 7 high bits of the expression.
./syn_identity.v:191: warning: Port 6 (wire113) of module112 expects 7 bits, got 10.
./syn_identity.v:191:        : Pruning (signed) 3 high bits of the expression.
./syn_identity.v:54: warning: Port 1 (y) of module59 expects 366 bits, got 10.
./syn_identity.v:54:        : Padding 356 high bits of the port.
./syn_identity.v:328: warning: Port 1 (y) of module31 expects 103 bits, got 21.
./syn_identity.v:328:        : Padding 82 high bits of the port.
./syn_identity.v:328: warning: Port 3 (wire35) of module31 expects 18 bits, got 20.
./syn_identity.v:328:        : Pruning (signed) 2 high bits of the expression.
./syn_identity.v:328: warning: Port 5 (wire33) of module31 expects 12 bits, got 22.
./syn_identity.v:328:        : Pruning (signed) 10 high bits of the expression.
./syn_identity.v:38: warning: Port 1 (y) of module5 expects 272 bits, got 19.
./syn_identity.v:38:        : Padding 253 high bits of the port.
./syn_identity.v:38: warning: Port 3 (wire9) of module5 expects 16 bits, got 20.
./syn_identity.v:38:        : Pruning 4 high bits of the expression.
./syn_identity.v:38: warning: Port 4 (wire8) of module5 expects 5 bits, got 21.
./syn_identity.v:38:        : Pruning 16 high bits of the expression.
./syn_identity.v:38: warning: Port 5 (wire7) of module5 expects 13 bits, got 17.
./syn_identity.v:38:        : Pruning 4 high bits of the expression.
./syn_identity.v:130: warning: Port 1 (y) of module66 expects 138 bits, got 14.
./syn_identity.v:130:        : Padding 124 high bits of the port.
./syn_identity.v:130: warning: Port 6 (wire68) of module66 expects 10 bits, got 13.
./syn_identity.v:130:        : Pruning 3 high bits of the expression.
./syn_identity.v:130: warning: Port 7 (wire67) of module66 expects 14 bits, got 21.
./syn_identity.v:130:        : Pruning 7 high bits of the expression.
./syn_identity.v:191: warning: Port 1 (y) of module112 expects 186 bits, got 20.
./syn_identity.v:191:        : Padding 166 high bits of the port.
./syn_identity.v:191: warning: Port 4 (wire115) of module112 expects 12 bits, got 19.
./syn_identity.v:191:        : Pruning (signed) 7 high bits of the expression.
./syn_identity.v:191: warning: Port 6 (wire113) of module112 expects 7 bits, got 10.
./syn_identity.v:191:        : Pruning (signed) 3 high bits of the expression.
./syn_identity.v:54: warning: Port 1 (y) of module59 expects 366 bits, got 10.
./syn_identity.v:54:        : Padding 356 high bits of the port.
