./syn_identity.v:611: warning: Port 1 (y) of module46 expects 414 bits, got 17.
./syn_identity.v:611:        : Padding 397 high bits of the port.
./syn_identity.v:611: warning: Port 3 (wire51) of module46 expects 3 bits, got 22.
./syn_identity.v:611:        : Pruning (signed) 19 high bits of the expression.
./syn_identity.v:611: warning: Port 4 (wire50) of module46 expects 8 bits, got 13.
./syn_identity.v:611:        : Pruning 5 high bits of the expression.
./syn_identity.v:611: warning: Port 5 (wire49) of module46 expects 11 bits, got 13.
./syn_identity.v:611:        : Pruning (signed) 2 high bits of the expression.
./syn_identity.v:611: warning: Port 6 (wire48) of module46 expects 17 bits, got 21.
./syn_identity.v:611:        : Pruning (signed) 4 high bits of the expression.
./syn_identity.v:611: warning: Port 7 (wire47) of module46 expects 11 bits, got 20.
./syn_identity.v:611:        : Pruning (signed) 9 high bits of the expression.
./syn_identity.v:612: warning: Port 1 (y) of module88 expects 161 bits, got 8.
./syn_identity.v:612:        : Padding 153 high bits of the port.
./syn_identity.v:612: warning: Port 4 (wire92) of module88 expects 16 bits, got 17.
./syn_identity.v:612:        : Pruning 1 high bits of the expression.
./syn_identity.v:612: warning: Port 6 (wire90) of module88 expects 5 bits, got 20.
./syn_identity.v:612:        : Pruning (signed) 15 high bits of the expression.
./syn_identity.v:626: warning: Port 1 (y) of module113 expects 130 bits, got 8.
./syn_identity.v:626:        : Padding 122 high bits of the port.
./syn_identity.v:626: warning: Port 4 (wire116) of module113 expects 11 bits, got 13.
./syn_identity.v:626:        : Pruning (signed) 2 high bits of the expression.
./syn_identity.v:304: warning: Port 1 (y) of module40 expects 312 bits, got 21.
./syn_identity.v:304:        : Padding 291 high bits of the port.
./syn_identity.v:308: warning: Port 1 (y) of module159 expects 346 bits, got 13.
./syn_identity.v:308:        : Padding 333 high bits of the port.
./syn_identity.v:308: warning: Port 7 (wire160) of module159 expects 7 bits, got 17.
./syn_identity.v:308:        : Pruning 10 high bits of the expression.
./syn_identity.v:317: warning: Port 1 (y) of module46 expects 414 bits, got 10.
./syn_identity.v:317:        : Padding 404 high bits of the port.
./syn_identity.v:317: warning: Port 3 (wire51) of module46 expects 3 bits, got 12.
./syn_identity.v:317:        : Pruning 9 high bits of the expression.
./syn_identity.v:317: warning: Port 4 (wire50) of module46 expects 8 bits, got 11.
./syn_identity.v:317:        : Pruning 3 high bits of the expression.
./syn_identity.v:317: warning: Port 5 (wire49) of module46 expects 11 bits, got 18.
./syn_identity.v:317:        : Pruning 7 high bits of the expression.
./syn_identity.v:324: warning: Port 1 (y) of module113 expects 130 bits, got 18.
./syn_identity.v:324:        : Padding 112 high bits of the port.
./syn_identity.v:324: warning: Port 3 (wire117) of module113 expects 10 bits, got 19.
./syn_identity.v:324:        : Pruning (signed) 9 high bits of the expression.
./syn_identity.v:324: warning: Port 4 (wire116) of module113 expects 11 bits, got 20.
./syn_identity.v:324:        : Pruning (signed) 9 high bits of the expression.
./syn_identity.v:324: warning: Port 5 (wire115) of module113 expects 8 bits, got 10.
./syn_identity.v:324:        : Pruning 2 high bits of the expression.
./syn_identity.v:325: warning: Port 1 (y) of module88 expects 161 bits, got 9.
./syn_identity.v:325:        : Padding 152 high bits of the port.
./syn_identity.v:325: warning: Port 4 (wire92) of module88 expects 16 bits, got 17.
./syn_identity.v:325:        : Pruning (signed) 1 high bits of the expression.
./syn_identity.v:325: warning: Port 5 (wire91) of module88 expects 13 bits, got 21.
./syn_identity.v:325:        : Pruning 8 high bits of the expression.
./syn_identity.v:325: warning: Port 6 (wire90) of module88 expects 5 bits, got 8.
./syn_identity.v:325:        : Pruning 3 high bits of the expression.
./syn_identity.v:325: warning: Port 7 (wire89) of module88 expects 13 bits, got 20.
./syn_identity.v:325:        : Pruning 7 high bits of the expression.
./syn_identity.v:611: warning: Port 1 (y) of module46 expects 414 bits, got 17.
./syn_identity.v:611:        : Padding 397 high bits of the port.
./syn_identity.v:611: warning: Port 3 (wire51) of module46 expects 3 bits, got 22.
./syn_identity.v:611:        : Pruning (signed) 19 high bits of the expression.
./syn_identity.v:611: warning: Port 4 (wire50) of module46 expects 8 bits, got 13.
./syn_identity.v:611:        : Pruning 5 high bits of the expression.
./syn_identity.v:611: warning: Port 5 (wire49) of module46 expects 11 bits, got 13.
./syn_identity.v:611:        : Pruning (signed) 2 high bits of the expression.
./syn_identity.v:611: warning: Port 6 (wire48) of module46 expects 17 bits, got 21.
./syn_identity.v:611:        : Pruning (signed) 4 high bits of the expression.
./syn_identity.v:611: warning: Port 7 (wire47) of module46 expects 11 bits, got 20.
./syn_identity.v:611:        : Pruning (signed) 9 high bits of the expression.
./syn_identity.v:612: warning: Port 1 (y) of module88 expects 161 bits, got 8.
./syn_identity.v:612:        : Padding 153 high bits of the port.
./syn_identity.v:612: warning: Port 4 (wire92) of module88 expects 16 bits, got 17.
./syn_identity.v:612:        : Pruning 1 high bits of the expression.
./syn_identity.v:612: warning: Port 6 (wire90) of module88 expects 5 bits, got 20.
./syn_identity.v:612:        : Pruning (signed) 15 high bits of the expression.
./syn_identity.v:626: warning: Port 1 (y) of module113 expects 130 bits, got 8.
./syn_identity.v:626:        : Padding 122 high bits of the port.
./syn_identity.v:626: warning: Port 4 (wire116) of module113 expects 11 bits, got 13.
./syn_identity.v:626:        : Pruning (signed) 2 high bits of the expression.
./syn_identity.v:304: warning: Port 1 (y) of module40 expects 312 bits, got 21.
./syn_identity.v:304:        : Padding 291 high bits of the port.
./syn_identity.v:308: warning: Port 1 (y) of module159 expects 346 bits, got 13.
./syn_identity.v:308:        : Padding 333 high bits of the port.
./syn_identity.v:308: warning: Port 7 (wire160) of module159 expects 7 bits, got 17.
./syn_identity.v:308:        : Pruning 10 high bits of the expression.
./syn_identity.v:317: warning: Port 1 (y) of module46 expects 414 bits, got 10.
./syn_identity.v:317:        : Padding 404 high bits of the port.
./syn_identity.v:317: warning: Port 3 (wire51) of module46 expects 3 bits, got 12.
./syn_identity.v:317:        : Pruning 9 high bits of the expression.
./syn_identity.v:317: warning: Port 4 (wire50) of module46 expects 8 bits, got 11.
./syn_identity.v:317:        : Pruning 3 high bits of the expression.
./syn_identity.v:317: warning: Port 5 (wire49) of module46 expects 11 bits, got 18.
./syn_identity.v:317:        : Pruning 7 high bits of the expression.
./syn_identity.v:324: warning: Port 1 (y) of module113 expects 130 bits, got 18.
./syn_identity.v:324:        : Padding 112 high bits of the port.
./syn_identity.v:324: warning: Port 3 (wire117) of module113 expects 10 bits, got 19.
./syn_identity.v:324:        : Pruning (signed) 9 high bits of the expression.
./syn_identity.v:324: warning: Port 4 (wire116) of module113 expects 11 bits, got 20.
./syn_identity.v:324:        : Pruning (signed) 9 high bits of the expression.
./syn_identity.v:324: warning: Port 5 (wire115) of module113 expects 8 bits, got 10.
./syn_identity.v:324:        : Pruning 2 high bits of the expression.
./syn_identity.v:325: warning: Port 1 (y) of module88 expects 161 bits, got 9.
./syn_identity.v:325:        : Padding 152 high bits of the port.
./syn_identity.v:325: warning: Port 4 (wire92) of module88 expects 16 bits, got 17.
./syn_identity.v:325:        : Pruning (signed) 1 high bits of the expression.
./syn_identity.v:325: warning: Port 5 (wire91) of module88 expects 13 bits, got 21.
./syn_identity.v:325:        : Pruning 8 high bits of the expression.
./syn_identity.v:325: warning: Port 6 (wire90) of module88 expects 5 bits, got 8.
./syn_identity.v:325:        : Pruning 3 high bits of the expression.
./syn_identity.v:325: warning: Port 7 (wire89) of module88 expects 13 bits, got 20.
./syn_identity.v:325:        : Pruning 7 high bits of the expression.
