00000000000000000000000000000000000000000011111111111111000000000000000000000000000000000000000000000000000000000000000000001000000000000000000000000000000000010000000000000000000000000000000000010000001111111111111111111111111111110000000000
00000000000000000000000000000000000000000010010011100111010010110011111010000000000000000000000000000101000000000000001101111000000001100011110001011011000111100000001100000000000000000000000001111000001111111111111111111111111111110000000000
00000000000000000001010000000000000000000011111111111111101010110011000110000000000000000000000000000100000000000000000000101000000000000101110111010000001010000000010100000000000000000000000000100000001111111111111111111111111111110000000000
00000000000000000001000000000000000000000011111111111111000110101111010110000000000000000000000000000000000000000000001000111000000001000000010101001010000000110100000000000000000000000000000000001100001111111111111111111111111111110000000000
00000000000000000000000000000000000000000000111010101101101011101001001011000000000000000000000000000000000000000000000101111000000000101011100001110001010110000000000000000000000000000000000000010000001111111111111111111111111111110000000000
00000000000000000000000000000000000000000001110001011110110010001000011011000000000000000000000000000000000000000000001111111000000001110100101000100011101001000101000000000000000000000000000000010000001111111111111111111111111111110000000000
00000000000000000000000000000000000000000011101000101111100000011010101011000000000000000000000000000101100000000000000111011000000000111010001010000101110101100001100010000000000000000000000001011000001111111111111111111111111111110000000000
00000000000000000001011000000000000000000011111111111111001010100100110110000000000000000000000000000001000000000000000100001000000000100000011111100001000001000000000010000000000000000000000000010000001111111111111111111111111111110000000000
00000000000000000000010000000000000000000011111111111111100010011011101010000000000000000000000000000110110100000000001101111000000001101001100111011011010011110110000001100000000000000000000000111100001111111111111111111111111111110000000000
00000000000000000001101101000000000000000011111111111111011111000001111000000000000000000000000000000000000000000000000110101000000000110101110001011101101011100001000000000000000000000000000000111000001111111111111111111111111111110000000000
00000000000000000000000000000000000000000000001001111111110000000001110010000000000000000000000000000000000000000000000110101000000000110000010101111101100001010010000000000000000000000000000000010100001111111111111111111111111111110000000000
00000000000000000000000000000000000000000000101101010011011100010111101010000000000000000000000000000110001100000000000011111000000000010101010101110100101011111000000110100000000000000000000000111100001111111111111111111111111111110000000000
00000000000000000001100011000000000000000011111111111111110101110011001110000000000000000000000000000100110000000000000010111000000000010111110000010100101111101000001101000000000000000000000001111000001111111111111111111111111111110000000000
00000000000000000001001100000000000000000011111111111111001011100001011000000000000000000000000000000110000000000000000011101000000000010101010100111100101011000001010100000000000000000000000000110000001111111111111111111111111111110000000000
00000000000000000001100000000000000000000011111111111111010110001101010100000000000000000000000000000001000000000000001011111000000001010111001000110010101111000100001110000000000000000000000001110000001111111111111111111111111111110000000000
00000000000000000000010000000000000000000011111111111111100111010101001111000000000000000000000000000100000000000000000001101000000000001000011011000000010000110000100000000000000000000000000000001100001111111111111111111111111111110000000000
00000000000000000001000000000000000000000011111111111111000110001101010011000000000000000000000000000001000000000000000101101000000000101101111001001101011010100000010100000000000000000000000000101000001111111111111111111111111111110000000000
00000000000000000000010000000000000000000011111111111111010011010101001110000000000000000000000000000011010000000000000111011000000000110001110011010001100011010000000010000000000000000000000000110100001111111111111111111111111111110000000000
00000000000000000000110100000000000000000011111111111111110011000011010111000000000000000000000000000100000000000000000110111000000000110011001110101101100110001001000100000000000000000000000001100000001111111111111111111111111111110000000000
00000000000000000001000000000000000000000011111111111111010101111111000100000000000000000000000000000000101100000000001101011000000001101011101111000111010111111000101010100000000000000000000001111100001111111111111111111111111111110000000000
00000000000000000000001011000000000000000011111111111111111111100101001101000000000000000000000000000000000000000000000010111000000000010010011010100100100100001000000000000000000000000000000001000000001111111111111111111111111111110000000000
00000000000000000000000000000000000000000011011000000111011111001011010001000000000000000000000000000110000000000000000111111000000000111111011101001001111111110010010000000000000000000000000001111100001111111111111111111111111111110000000000
