./syn_vivado.v:925: warning: Port 1 (CO) of CARRY4 expects 4 bits, got 1.
./syn_vivado.v:925:        : Padding 3 high bits of the port.
./syn_vivado.v:1118: warning: Port 2 (O) of CARRY4 expects 4 bits, got 3.
./syn_vivado.v:1118:        : Padding 1 high bits of the port.
./syn_vivado.v:1364: warning: Port 1 (CO) of CARRY4 expects 4 bits, got 1.
./syn_vivado.v:1364:        : Padding 3 high bits of the port.
./syn_vivado.v:1693: warning: Port 1 (CO) of CARRY4 expects 4 bits, got 3.
./syn_vivado.v:1693:        : Padding 1 high bits of the port.
./syn_vivado.v:1693: warning: Port 2 (O) of CARRY4 expects 4 bits, got 2.
./syn_vivado.v:1693:        : Padding 2 high bits of the port.
./syn_vivado.v:2170: warning: Port 1 (CO) of CARRY4 expects 4 bits, got 2.
./syn_vivado.v:2170:        : Padding 2 high bits of the port.
./syn_vivado.v:2176: warning: Port 1 (CO) of CARRY4 expects 4 bits, got 3.
./syn_vivado.v:2176:        : Padding 1 high bits of the port.
./syn_vivado.v:2536: warning: Port 1 (CO) of CARRY4 expects 4 bits, got 1.
./syn_vivado.v:2536:        : Padding 3 high bits of the port.
./syn_vivado.v:2958: warning: Port 1 (CO) of CARRY4 expects 4 bits, got 3.
./syn_vivado.v:2958:        : Padding 1 high bits of the port.
./syn_vivado.v:3490: warning: Port 1 (CO) of CARRY4 expects 4 bits, got 1.
./syn_vivado.v:3490:        : Padding 3 high bits of the port.
./syn_vivado.v:3490: warning: Port 2 (O) of CARRY4 expects 4 bits, got 2.
./syn_vivado.v:3490:        : Padding 2 high bits of the port.
./syn_vivado.v:3997: warning: Port 1 (CO) of CARRY4 expects 4 bits, got 1.
./syn_vivado.v:3997:        : Padding 3 high bits of the port.
./syn_vivado.v:4158: warning: Port 1 (CO) of CARRY4 expects 4 bits, got 1.
./syn_vivado.v:4158:        : Padding 3 high bits of the port.
./syn_vivado.v:4569: warning: Port 1 (CO) of CARRY4 expects 4 bits, got 1.
./syn_vivado.v:4569:        : Padding 3 high bits of the port.
./syn_vivado.v:5938: warning: Port 1 (CO) of CARRY4 expects 4 bits, got 1.
./syn_vivado.v:5938:        : Padding 3 high bits of the port.
./syn_vivado.v:5963: warning: Port 1 (CO) of CARRY4 expects 4 bits, got 1.
./syn_vivado.v:5963:        : Padding 3 high bits of the port.
./syn_vivado.v:5963: warning: Port 2 (O) of CARRY4 expects 4 bits, got 2.
./syn_vivado.v:5963:        : Padding 2 high bits of the port.
warning: Found both default and `timescale based delays. Use
       : -Wtimescale to find the module(s) with no `timescale.
