
 /----------------------------------------------------------------------------\
 |                                                                            |
 |  yosys -- Yosys Open SYnthesis Suite                                       |
 |                                                                            |
 |  Copyright (C) 2012 - 2019  Clifford Wolf <clifford@clifford.at>           |
 |                                                                            |
 |  Permission to use, copy, modify, and/or distribute this software for any  |
 |  purpose with or without fee is hereby granted, provided that the above    |
 |  copyright notice and this permission notice appear in all copies.         |
 |                                                                            |
 |  THE SOFTWARE IS PROVIDED "AS IS" AND THE AUTHOR DISCLAIMS ALL WARRANTIES  |
 |  WITH REGARD TO THIS SOFTWARE INCLUDING ALL IMPLIED WARRANTIES OF          |
 |  MERCHANTABILITY AND FITNESS. IN NO EVENT SHALL THE AUTHOR BE LIABLE FOR   |
 |  ANY SPECIAL, DIRECT, INDIRECT, OR CONSEQUENTIAL DAMAGES OR ANY DAMAGES    |
 |  WHATSOEVER RESULTING FROM LOSS OF USE, DATA OR PROFITS, WHETHER IN AN     |
 |  ACTION OF CONTRACT, NEGLIGENCE OR OTHER TORTIOUS ACTION, ARISING OUT OF   |
 |  OR IN CONNECTION WITH THE USE OR PERFORMANCE OF THIS SOFTWARE.            |
 |                                                                            |
 \----------------------------------------------------------------------------/

 Yosys 0.9 (git sha1 1979e0b)


-- Executing script file `../model/design.ys' --

1. Executing Verilog-2005 frontend: cells_cmos.v
Parsing formal SystemVerilog input from `cells_cmos.v' to AST representation.
Generating RTLIL representation for module `\NOT'.
Generating RTLIL representation for module `\NAND'.
Generating RTLIL representation for module `\NOR'.
Generating RTLIL representation for module `\DFF'.
Generating RTLIL representation for module `\DFFSR'.
Successfully finished Verilog frontend.

2. Executing Verilog-2005 frontend: cells_cyclone_v.v
Parsing formal SystemVerilog input from `cells_cyclone_v.v' to AST representation.
Generating RTLIL representation for module `\dffeas'.
Generating RTLIL representation for module `\cyclonev_lcell_comb'.
Note: Assuming pure combinatorial block at cells_cyclone_v.v:131 in
compliance with IEC 62142(E):2005 / IEEE Std. 1364.1(E):2002. Recommending
use of @* instead of @(...) for better match of synthesis and simulation.
Generating RTLIL representation for module `\cyclonev_clkena'.
Generating RTLIL representation for module `\cyclonev_io_ibuf'.
Generating RTLIL representation for module `\cyclonev_io_obuf'.
Generating RTLIL representation for module `\cyclone10lp_lcell_comb'.
Note: Assuming pure combinatorial block at cells_cyclone_v.v:351 in
compliance with IEC 62142(E):2005 / IEEE Std. 1364.1(E):2002. Recommending
use of @* instead of @(...) for better match of synthesis and simulation.
Generating RTLIL representation for module `\cyclone10lp_io_ibuf'.
Generating RTLIL representation for module `\cyclone10lp_io_obuf'.
Generating RTLIL representation for module `\cyclone10lp_clkena'.
Generating RTLIL representation for module `\cyclone10gx_lcell_comb'.
Note: Assuming pure combinatorial block at cells_cyclone_v.v:570 in
compliance with IEC 62142(E):2005 / IEEE Std. 1364.1(E):2002. Recommending
use of @* instead of @(...) for better match of synthesis and simulation.
Generating RTLIL representation for module `\cyclone10gx_io_ibuf'.
Generating RTLIL representation for module `\cyclone10gx_io_obuf'.
Generating RTLIL representation for module `\cyclone10gx_clkena'.
Successfully finished Verilog frontend.

3. Executing Verilog-2005 frontend: cells_verific.v
Parsing formal SystemVerilog input from `cells_verific.v' to AST representation.
Generating RTLIL representation for module `\VERIFIC_FADD'.
Generating RTLIL representation for module `\VERIFIC_DFFRS'.
Successfully finished Verilog frontend.

4. Executing Verilog-2005 frontend: cells_xilinx_7.v
Parsing formal SystemVerilog input from `cells_xilinx_7.v' to AST representation.
Warning: Yosys has only limited support for tri-state logic at the moment. (cells_xilinx_7.v:18)
Generating RTLIL representation for module `\IBUF'.
Generating RTLIL representation for module `\OBUF'.
Generating RTLIL representation for module `\OBUFT'.
Generating RTLIL representation for module `\GND'.
Generating RTLIL representation for module `\INV'.
Generating RTLIL representation for module `\LUT1'.
Generating RTLIL representation for module `\LUT2'.
Generating RTLIL representation for module `\LUT3'.
Generating RTLIL representation for module `\LUT4'.
Generating RTLIL representation for module `\LUT5'.
Generating RTLIL representation for module `\LUT6'.
Generating RTLIL representation for module `\MUXCY'.
Generating RTLIL representation for module `\MUXF7'.
Generating RTLIL representation for module `\MUXF8'.
Generating RTLIL representation for module `\VCC'.
Generating RTLIL representation for module `\XORCY'.
Generating RTLIL representation for module `\CARRY4'.
Generating RTLIL representation for module `\FD_1'.
Generating RTLIL representation for module `\FDC_1'.
Note: Assuming pure combinatorial block at cells_xilinx_7.v:148 in
compliance with IEC 62142(E):2005 / IEEE Std. 1364.1(E):2002. Recommending
use of @* instead of @(...) for better match of synthesis and simulation.
Generating RTLIL representation for module `\FDCE_1'.
Note: Assuming pure combinatorial block at cells_xilinx_7.v:163 in
compliance with IEC 62142(E):2005 / IEEE Std. 1364.1(E):2002. Recommending
use of @* instead of @(...) for better match of synthesis and simulation.
Generating RTLIL representation for module `\FDCE'.
Note: Assuming pure combinatorial block at cells_xilinx_7.v:179 in
compliance with IEC 62142(E):2005 / IEEE Std. 1364.1(E):2002. Recommending
use of @* instead of @(...) for better match of synthesis and simulation.
Generating RTLIL representation for module `\FDCP_1'.
Note: Assuming pure combinatorial block at cells_xilinx_7.v:195 in
compliance with IEC 62142(E):2005 / IEEE Std. 1364.1(E):2002. Recommending
use of @* instead of @(...) for better match of synthesis and simulation.
Generating RTLIL representation for module `\FDCPE_1'.
Note: Assuming pure combinatorial block at cells_xilinx_7.v:212 in
compliance with IEC 62142(E):2005 / IEEE Std. 1364.1(E):2002. Recommending
use of @* instead of @(...) for better match of synthesis and simulation.
Generating RTLIL representation for module `\FDCPE'.
Note: Assuming pure combinatorial block at cells_xilinx_7.v:230 in
compliance with IEC 62142(E):2005 / IEEE Std. 1364.1(E):2002. Recommending
use of @* instead of @(...) for better match of synthesis and simulation.
Generating RTLIL representation for module `\FDCP'.
Note: Assuming pure combinatorial block at cells_xilinx_7.v:248 in
compliance with IEC 62142(E):2005 / IEEE Std. 1364.1(E):2002. Recommending
use of @* instead of @(...) for better match of synthesis and simulation.
Generating RTLIL representation for module `\FDC'.
Note: Assuming pure combinatorial block at cells_xilinx_7.v:264 in
compliance with IEC 62142(E):2005 / IEEE Std. 1364.1(E):2002. Recommending
use of @* instead of @(...) for better match of synthesis and simulation.
Generating RTLIL representation for module `\FDDRCPE'.
Note: Assuming pure combinatorial block at cells_xilinx_7.v:288 in
compliance with IEC 62142(E):2005 / IEEE Std. 1364.1(E):2002. Recommending
use of @* instead of @(...) for better match of synthesis and simulation.
Generating RTLIL representation for module `\FDDRRSE'.
Generating RTLIL representation for module `\FDE_1'.
Generating RTLIL representation for module `\FDE'.
Generating RTLIL representation for module `\FDP_1'.
Note: Assuming pure combinatorial block at cells_xilinx_7.v:401 in
compliance with IEC 62142(E):2005 / IEEE Std. 1364.1(E):2002. Recommending
use of @* instead of @(...) for better match of synthesis and simulation.
Generating RTLIL representation for module `\FDPE_1'.
Note: Assuming pure combinatorial block at cells_xilinx_7.v:416 in
compliance with IEC 62142(E):2005 / IEEE Std. 1364.1(E):2002. Recommending
use of @* instead of @(...) for better match of synthesis and simulation.
Generating RTLIL representation for module `\FDPE'.
Note: Assuming pure combinatorial block at cells_xilinx_7.v:432 in
compliance with IEC 62142(E):2005 / IEEE Std. 1364.1(E):2002. Recommending
use of @* instead of @(...) for better match of synthesis and simulation.
Generating RTLIL representation for module `\FDP'.
Note: Assuming pure combinatorial block at cells_xilinx_7.v:448 in
compliance with IEC 62142(E):2005 / IEEE Std. 1364.1(E):2002. Recommending
use of @* instead of @(...) for better match of synthesis and simulation.
Generating RTLIL representation for module `\FDR_1'.
Generating RTLIL representation for module `\FDRE_1'.
Generating RTLIL representation for module `\FDRE'.
Generating RTLIL representation for module `\FDRS_1'.
Generating RTLIL representation for module `\FDRSE_1'.
Generating RTLIL representation for module `\FDRSE'.
Generating RTLIL representation for module `\FDRS'.
Generating RTLIL representation for module `\FDR'.
Generating RTLIL representation for module `\FDS_1'.
Generating RTLIL representation for module `\FDSE_1'.
Generating RTLIL representation for module `\FDSE'.
Generating RTLIL representation for module `\FDS'.
Generating RTLIL representation for module `\FD'.
Generating RTLIL representation for module `\LD_1'.
Note: Assuming pure combinatorial block at cells_xilinx_7.v:664 in
compliance with IEC 62142(E):2005 / IEEE Std. 1364.1(E):2002. Recommending
use of @* instead of @(...) for better match of synthesis and simulation.
Generating RTLIL representation for module `\LDC_1'.
Note: Assuming pure combinatorial block at cells_xilinx_7.v:677 in
compliance with IEC 62142(E):2005 / IEEE Std. 1364.1(E):2002. Recommending
use of @* instead of @(...) for better match of synthesis and simulation.
Generating RTLIL representation for module `\LDCE_1'.
Note: Assuming pure combinatorial block at cells_xilinx_7.v:692 in
compliance with IEC 62142(E):2005 / IEEE Std. 1364.1(E):2002. Recommending
use of @* instead of @(...) for better match of synthesis and simulation.
Generating RTLIL representation for module `\LDCE'.
Note: Assuming pure combinatorial block at cells_xilinx_7.v:707 in
compliance with IEC 62142(E):2005 / IEEE Std. 1364.1(E):2002. Recommending
use of @* instead of @(...) for better match of synthesis and simulation.
Generating RTLIL representation for module `\LDCP_1'.
Note: Assuming pure combinatorial block at cells_xilinx_7.v:722 in
compliance with IEC 62142(E):2005 / IEEE Std. 1364.1(E):2002. Recommending
use of @* instead of @(...) for better match of synthesis and simulation.
Generating RTLIL representation for module `\LDCPE_1'.
Note: Assuming pure combinatorial block at cells_xilinx_7.v:739 in
compliance with IEC 62142(E):2005 / IEEE Std. 1364.1(E):2002. Recommending
use of @* instead of @(...) for better match of synthesis and simulation.
Generating RTLIL representation for module `\LDCPE'.
Note: Assuming pure combinatorial block at cells_xilinx_7.v:756 in
compliance with IEC 62142(E):2005 / IEEE Std. 1364.1(E):2002. Recommending
use of @* instead of @(...) for better match of synthesis and simulation.
Generating RTLIL representation for module `\LDCP'.
Note: Assuming pure combinatorial block at cells_xilinx_7.v:773 in
compliance with IEC 62142(E):2005 / IEEE Std. 1364.1(E):2002. Recommending
use of @* instead of @(...) for better match of synthesis and simulation.
Generating RTLIL representation for module `\LDC'.
Note: Assuming pure combinatorial block at cells_xilinx_7.v:790 in
compliance with IEC 62142(E):2005 / IEEE Std. 1364.1(E):2002. Recommending
use of @* instead of @(...) for better match of synthesis and simulation.
Generating RTLIL representation for module `\LDE_1'.
Note: Assuming pure combinatorial block at cells_xilinx_7.v:805 in
compliance with IEC 62142(E):2005 / IEEE Std. 1364.1(E):2002. Recommending
use of @* instead of @(...) for better match of synthesis and simulation.
Generating RTLIL representation for module `\LDE'.
Note: Assuming pure combinatorial block at cells_xilinx_7.v:818 in
compliance with IEC 62142(E):2005 / IEEE Std. 1364.1(E):2002. Recommending
use of @* instead of @(...) for better match of synthesis and simulation.
Generating RTLIL representation for module `\LDP_1'.
Note: Assuming pure combinatorial block at cells_xilinx_7.v:831 in
compliance with IEC 62142(E):2005 / IEEE Std. 1364.1(E):2002. Recommending
use of @* instead of @(...) for better match of synthesis and simulation.
Generating RTLIL representation for module `\LDPE_1'.
Note: Assuming pure combinatorial block at cells_xilinx_7.v:846 in
compliance with IEC 62142(E):2005 / IEEE Std. 1364.1(E):2002. Recommending
use of @* instead of @(...) for better match of synthesis and simulation.
Generating RTLIL representation for module `\LDPE'.
Note: Assuming pure combinatorial block at cells_xilinx_7.v:861 in
compliance with IEC 62142(E):2005 / IEEE Std. 1364.1(E):2002. Recommending
use of @* instead of @(...) for better match of synthesis and simulation.
Generating RTLIL representation for module `\LDP'.
Note: Assuming pure combinatorial block at cells_xilinx_7.v:876 in
compliance with IEC 62142(E):2005 / IEEE Std. 1364.1(E):2002. Recommending
use of @* instead of @(...) for better match of synthesis and simulation.
Generating RTLIL representation for module `\LD'.
Note: Assuming pure combinatorial block at cells_xilinx_7.v:891 in
compliance with IEC 62142(E):2005 / IEEE Std. 1364.1(E):2002. Recommending
use of @* instead of @(...) for better match of synthesis and simulation.
Generating RTLIL representation for module `\BUFCF'.
Generating RTLIL representation for module `\BUFE'.
Generating RTLIL representation for module `\BUFGCE_1'.
Generating RTLIL representation for module `\BUFGCE'.
Generating RTLIL representation for module `\BUFGCTRL'.
Note: Assuming pure combinatorial block at cells_xilinx_7.v:958 in
compliance with IEC 62142(E):2005 / IEEE Std. 1364.1(E):2002. Recommending
use of @* instead of @(...) for better match of synthesis and simulation.
Generating RTLIL representation for module `\BUFG_LB'.
Generating RTLIL representation for module `\BUFGMUX_1'.
Note: Assuming pure combinatorial block at cells_xilinx_7.v:998 in
compliance with IEC 62142(E):2005 / IEEE Std. 1364.1(E):2002. Recommending
use of @* instead of @(...) for better match of synthesis and simulation.
Note: Assuming pure combinatorial block at cells_xilinx_7.v:1001 in
compliance with IEC 62142(E):2005 / IEEE Std. 1364.1(E):2002. Recommending
use of @* instead of @(...) for better match of synthesis and simulation.
Note: Assuming pure combinatorial block at cells_xilinx_7.v:1004 in
compliance with IEC 62142(E):2005 / IEEE Std. 1364.1(E):2002. Recommending
use of @* instead of @(...) for better match of synthesis and simulation.
Note: Assuming pure combinatorial block at cells_xilinx_7.v:1009 in
compliance with IEC 62142(E):2005 / IEEE Std. 1364.1(E):2002. Recommending
use of @* instead of @(...) for better match of synthesis and simulation.
Generating RTLIL representation for module `\BUFGMUX_CTRL'.
Generating RTLIL representation for module `\BUFGMUX'.
Note: Assuming pure combinatorial block at cells_xilinx_7.v:1042 in
compliance with IEC 62142(E):2005 / IEEE Std. 1364.1(E):2002. Recommending
use of @* instead of @(...) for better match of synthesis and simulation.
Note: Assuming pure combinatorial block at cells_xilinx_7.v:1045 in
compliance with IEC 62142(E):2005 / IEEE Std. 1364.1(E):2002. Recommending
use of @* instead of @(...) for better match of synthesis and simulation.
Note: Assuming pure combinatorial block at cells_xilinx_7.v:1048 in
compliance with IEC 62142(E):2005 / IEEE Std. 1364.1(E):2002. Recommending
use of @* instead of @(...) for better match of synthesis and simulation.
Note: Assuming pure combinatorial block at cells_xilinx_7.v:1053 in
compliance with IEC 62142(E):2005 / IEEE Std. 1364.1(E):2002. Recommending
use of @* instead of @(...) for better match of synthesis and simulation.
Generating RTLIL representation for module `\BUFGMUX_VIRTEX4'.
Generating RTLIL representation for module `\BUFGP'.
Generating RTLIL representation for module `\BUFG'.
Generating RTLIL representation for module `\BUFHCE'.
Generating RTLIL representation for module `\BUFH'.
Generating RTLIL representation for module `\BUFIO2FB'.
Generating RTLIL representation for module `\BUFIODQS'.
Note: Assuming pure combinatorial block at cells_xilinx_7.v:1146 in
compliance with IEC 62142(E):2005 / IEEE Std. 1364.1(E):2002. Recommending
use of @* instead of @(...) for better match of synthesis and simulation.
Note: Assuming pure combinatorial block at cells_xilinx_7.v:1150 in
compliance with IEC 62142(E):2005 / IEEE Std. 1364.1(E):2002. Recommending
use of @* instead of @(...) for better match of synthesis and simulation.
Generating RTLIL representation for module `\BUFIO'.
Generating RTLIL representation for module `\BUFMRCE'.
Generating RTLIL representation for module `\BUFMR'.
Generating RTLIL representation for module `\BUFT'.
Generating RTLIL representation for module `\BUF'.
Successfully finished Verilog frontend.

5. Executing Verilog-2005 frontend: cells_yosys.v
Parsing formal SystemVerilog input from `cells_yosys.v' to AST representation.
Generating RTLIL representation for module `\$_DLATCH_N_'.
Generating RTLIL representation for module `\$_DLATCH_P_'.
Successfully finished Verilog frontend.

6. Executing Verilog-2005 frontend: syn_identity.v
Parsing formal SystemVerilog input from `syn_identity.v' to AST representation.
Generating RTLIL representation for module `\top_1'.
Successfully finished Verilog frontend.

7. Executing Verilog-2005 frontend: syn_yosys.v
Parsing formal SystemVerilog input from `syn_yosys.v' to AST representation.
Generating RTLIL representation for module `\top_2'.
Successfully finished Verilog frontend.

8. Executing Verilog-2005 frontend: top.v
Parsing formal SystemVerilog input from `top.v' to AST representation.
Generating RTLIL representation for module `\top'.
Successfully finished Verilog frontend.

9. Executing PREP pass.

9.1. Executing HIERARCHY pass (managing design hierarchy).

9.1.1. Analyzing design hierarchy..
Top module:  \top
Used module:     \top_2
Used module:     \top_1

9.1.2. Analyzing design hierarchy..
Top module:  \top
Used module:     \top_2
Used module:     \top_1
Removing unused module `\$_DLATCH_P_'.
Removing unused module `\$_DLATCH_N_'.
Removing unused module `\BUF'.
Removing unused module `\BUFT'.
Removing unused module `\BUFMR'.
Removing unused module `\BUFMRCE'.
Removing unused module `\BUFIO'.
Removing unused module `\BUFIODQS'.
Removing unused module `\BUFIO2FB'.
Removing unused module `\BUFH'.
Removing unused module `\BUFHCE'.
Removing unused module `\BUFG'.
Removing unused module `\BUFGP'.
Removing unused module `\BUFGMUX_VIRTEX4'.
Removing unused module `\BUFGMUX'.
Removing unused module `\BUFGMUX_CTRL'.
Removing unused module `\BUFGMUX_1'.
Removing unused module `\BUFG_LB'.
Removing unused module `\BUFGCTRL'.
Removing unused module `\BUFGCE'.
Removing unused module `\BUFGCE_1'.
Removing unused module `\BUFE'.
Removing unused module `\BUFCF'.
Removing unused module `\LD'.
Removing unused module `\LDP'.
Removing unused module `\LDPE'.
Removing unused module `\LDPE_1'.
Removing unused module `\LDP_1'.
Removing unused module `\LDE'.
Removing unused module `\LDE_1'.
Removing unused module `\LDC'.
Removing unused module `\LDCP'.
Removing unused module `\LDCPE'.
Removing unused module `\LDCPE_1'.
Removing unused module `\LDCP_1'.
Removing unused module `\LDCE'.
Removing unused module `\LDCE_1'.
Removing unused module `\LDC_1'.
Removing unused module `\LD_1'.
Removing unused module `\FD'.
Removing unused module `\FDS'.
Removing unused module `\FDSE'.
Removing unused module `\FDSE_1'.
Removing unused module `\FDS_1'.
Removing unused module `\FDR'.
Removing unused module `\FDRS'.
Removing unused module `\FDRSE'.
Removing unused module `\FDRSE_1'.
Removing unused module `\FDRS_1'.
Removing unused module `\FDRE'.
Removing unused module `\FDRE_1'.
Removing unused module `\FDR_1'.
Removing unused module `\FDP'.
Removing unused module `\FDPE'.
Removing unused module `\FDPE_1'.
Removing unused module `\FDP_1'.
Removing unused module `\FDE'.
Removing unused module `\FDE_1'.
Removing unused module `\FDDRRSE'.
Removing unused module `\FDDRCPE'.
Removing unused module `\FDC'.
Removing unused module `\FDCP'.
Removing unused module `\FDCPE'.
Removing unused module `\FDCPE_1'.
Removing unused module `\FDCP_1'.
Removing unused module `\FDCE'.
Removing unused module `\FDCE_1'.
Removing unused module `\FDC_1'.
Removing unused module `\FD_1'.
Removing unused module `\CARRY4'.
Removing unused module `\XORCY'.
Removing unused module `\VCC'.
Removing unused module `\MUXF8'.
Removing unused module `\MUXF7'.
Removing unused module `\MUXCY'.
Removing unused module `\LUT6'.
Removing unused module `\LUT5'.
Removing unused module `\LUT4'.
Removing unused module `\LUT3'.
Removing unused module `\LUT2'.
Removing unused module `\LUT1'.
Removing unused module `\INV'.
Removing unused module `\GND'.
Removing unused module `\OBUFT'.
Removing unused module `\OBUF'.
Removing unused module `\IBUF'.
Removing unused module `\VERIFIC_DFFRS'.
Removing unused module `\VERIFIC_FADD'.
Removing unused module `\cyclone10gx_clkena'.
Removing unused module `\cyclone10gx_io_obuf'.
Removing unused module `\cyclone10gx_io_ibuf'.
Removing unused module `\cyclone10gx_lcell_comb'.
Removing unused module `\cyclone10lp_clkena'.
Removing unused module `\cyclone10lp_io_obuf'.
Removing unused module `\cyclone10lp_io_ibuf'.
Removing unused module `\cyclone10lp_lcell_comb'.
Removing unused module `\cyclonev_io_obuf'.
Removing unused module `\cyclonev_io_ibuf'.
Removing unused module `\cyclonev_clkena'.
Removing unused module `\cyclonev_lcell_comb'.
Removing unused module `\dffeas'.
Removing unused module `\DFFSR'.
Removing unused module `\DFF'.
Removing unused module `\NOR'.
Removing unused module `\NAND'.
Removing unused module `\NOT'.
Removed 106 unused modules.
Module top directly or indirectly contains formal properties -> setting "keep" attribute.
Warning: Resizing cell port top.top_2.y from 91 bits to 192 bits.
Warning: Resizing cell port top.top_1.y from 91 bits to 192 bits.

9.2. Executing PROC pass (convert processes to netlists).

9.2.1. Executing PROC_CLEAN pass (remove empty switches from decision trees).
Cleaned up 0 empty switches.

9.2.2. Executing PROC_RMDEAD pass (remove dead branches from decision trees).
Marked 1 switch rules as full_case in process $proc$syn_identity.v:77$722 in module top_1.
Marked 2 switch rules as full_case in process $proc$syn_identity.v:43$696 in module top_1.
Removed a total of 0 dead cases.

9.2.3. Executing PROC_INIT pass (extract init attributes).
Found init rule in `\top_2.$proc$syn_yosys.v:2334$2579'.
  Set init value: \reg5_reg[5] = 1'0
Found init rule in `\top_2.$proc$syn_yosys.v:2330$2578'.
  Set init value: \reg5_reg[4] = 1'0
Found init rule in `\top_2.$proc$syn_yosys.v:2326$2577'.
  Set init value: \reg5_reg[3] = 1'0
Found init rule in `\top_2.$proc$syn_yosys.v:2322$2576'.
  Set init value: \reg5_reg[2] = 1'0
Found init rule in `\top_2.$proc$syn_yosys.v:2318$2575'.
  Set init value: \reg5_reg[1] = 1'0
Found init rule in `\top_2.$proc$syn_yosys.v:2314$2574'.
  Set init value: \reg5_reg[0] = 1'0
Found init rule in `\top_2.$proc$syn_yosys.v:2126$2573'.
  Set init value: \reg14_reg[0] = 1'0
Found init rule in `\top_2.$proc$syn_yosys.v:2122$2572'.
  Set init value: \reg15_reg[3] = 1'0
Found init rule in `\top_2.$proc$syn_yosys.v:2118$2571'.
  Set init value: \reg15_reg[2] = 1'0
Found init rule in `\top_2.$proc$syn_yosys.v:2114$2570'.
  Set init value: \reg15_reg[1] = 1'0
Found init rule in `\top_2.$proc$syn_yosys.v:2110$2569'.
  Set init value: \reg15_reg[0] = 1'0
Found init rule in `\top_2.$proc$syn_yosys.v:2106$2568'.
  Set init value: \reg16_reg[1] = 1'0
Found init rule in `\top_2.$proc$syn_yosys.v:2102$2567'.
  Set init value: \reg16_reg[0] = 1'0
Found init rule in `\top_2.$proc$syn_yosys.v:2084$2566'.
  Set init value: \reg18_reg[13] = 1'0
Found init rule in `\top_2.$proc$syn_yosys.v:2080$2565'.
  Set init value: \reg18_reg[12] = 1'0
Found init rule in `\top_2.$proc$syn_yosys.v:2076$2564'.
  Set init value: \reg18_reg[11] = 1'0
Found init rule in `\top_2.$proc$syn_yosys.v:2072$2563'.
  Set init value: \reg18_reg[10] = 1'0
Found init rule in `\top_2.$proc$syn_yosys.v:2068$2562'.
  Set init value: \reg18_reg[9] = 1'0
Found init rule in `\top_2.$proc$syn_yosys.v:2064$2561'.
  Set init value: \reg18_reg[8] = 1'0
Found init rule in `\top_2.$proc$syn_yosys.v:2060$2560'.
  Set init value: \reg18_reg[7] = 1'0
Found init rule in `\top_2.$proc$syn_yosys.v:2056$2559'.
  Set init value: \reg18_reg[6] = 1'0
Found init rule in `\top_2.$proc$syn_yosys.v:2052$2558'.
  Set init value: \reg18_reg[5] = 1'0
Found init rule in `\top_2.$proc$syn_yosys.v:2048$2557'.
  Set init value: \reg18_reg[4] = 1'0
Found init rule in `\top_2.$proc$syn_yosys.v:2044$2556'.
  Set init value: \reg18_reg[3] = 1'0
Found init rule in `\top_2.$proc$syn_yosys.v:2040$2555'.
  Set init value: \reg18_reg[2] = 1'0
Found init rule in `\top_2.$proc$syn_yosys.v:2036$2554'.
  Set init value: \reg18_reg[1] = 1'0
Found init rule in `\top_2.$proc$syn_yosys.v:2032$2553'.
  Set init value: \reg18_reg[0] = 1'0
Found init rule in `\top_2.$proc$syn_yosys.v:960$2552'.
  Set init value: \reg9 = 18'000000000000000000
Found init rule in `\top_2.$proc$syn_yosys.v:959$2551'.
  Set init value: \reg8 = 10'0000000000
Found init rule in `\top_2.$proc$syn_yosys.v:958$2550'.
  Set init value: \reg7 = 20'00000000000000000000
Found init rule in `\top_2.$proc$syn_yosys.v:957$2549'.
  Set init value: \reg6 = 15'000000000000000
Found init rule in `\top_2.$proc$syn_yosys.v:955$2548'.
  Set init value: \reg4 = 11'00000000000
Found init rule in `\top_2.$proc$syn_yosys.v:952$2547'.
  Set init value: \reg17 = 7'0000000
Found init rule in `\top_2.$proc$syn_yosys.v:948$2546'.
  Set init value: \reg13 = 7'0000000
Found init rule in `\top_2.$proc$syn_yosys.v:947$2545'.
  Set init value: \reg10 = 22'0000000000000000000000
Found init rule in `\top_1.$proc$syn_identity.v:25$769'.
  Set init value: \reg4 = 11'00000000000
Found init rule in `\top_1.$proc$syn_identity.v:24$768'.
  Set init value: \reg5 = 7'0000000
Found init rule in `\top_1.$proc$syn_identity.v:23$767'.
  Set init value: \reg6 = 15'000000000000000
Found init rule in `\top_1.$proc$syn_identity.v:22$766'.
  Set init value: \reg7 = 20'00000000000000000000
Found init rule in `\top_1.$proc$syn_identity.v:21$765'.
  Set init value: \reg8 = 10'0000000000
Found init rule in `\top_1.$proc$syn_identity.v:20$764'.
  Set init value: \reg9 = 18'000000000000000000
Found init rule in `\top_1.$proc$syn_identity.v:19$763'.
  Set init value: \reg10 = 22'0000000000000000000000
Found init rule in `\top_1.$proc$syn_identity.v:16$762'.
  Set init value: \reg13 = 7'0000000
Found init rule in `\top_1.$proc$syn_identity.v:15$761'.
  Set init value: \reg14 = 18'000000000000000000
Found init rule in `\top_1.$proc$syn_identity.v:14$760'.
  Set init value: \reg15 = 12'000000000000
Found init rule in `\top_1.$proc$syn_identity.v:13$759'.
  Set init value: \reg16 = 7'0000000
Found init rule in `\top_1.$proc$syn_identity.v:12$758'.
  Set init value: \reg17 = 7'0000000
Found init rule in `\top_1.$proc$syn_identity.v:11$757'.
  Set init value: \reg18 = 21'000000000000000000000
Found init rule in `\top_1.$proc$syn_identity.v:10$756'.
  Set init value: \reg19 = 8'00000000
Found init rule in `\top.$proc$top.v:13$2586'.
  Set init value: $formal$top.v:13$2580_EN = 1'0

9.2.4. Executing PROC_ARST pass (detect async resets in processes).

9.2.5. Executing PROC_MUX pass (convert decision trees to multiplexers).
Creating decoders for process `\top_2.$proc$syn_yosys.v:2334$2579'.
     1/1: $1\reg5_reg[5][0:0]
Creating decoders for process `\top_2.$proc$syn_yosys.v:2330$2578'.
     1/1: $1\reg5_reg[4][0:0]
Creating decoders for process `\top_2.$proc$syn_yosys.v:2326$2577'.
     1/1: $1\reg5_reg[3][0:0]
Creating decoders for process `\top_2.$proc$syn_yosys.v:2322$2576'.
     1/1: $1\reg5_reg[2][0:0]
Creating decoders for process `\top_2.$proc$syn_yosys.v:2318$2575'.
     1/1: $1\reg5_reg[1][0:0]
Creating decoders for process `\top_2.$proc$syn_yosys.v:2314$2574'.
     1/1: $1\reg5_reg[0][0:0]
Creating decoders for process `\top_2.$proc$syn_yosys.v:2126$2573'.
     1/1: $1\reg14_reg[0][0:0]
Creating decoders for process `\top_2.$proc$syn_yosys.v:2122$2572'.
     1/1: $1\reg15_reg[3][0:0]
Creating decoders for process `\top_2.$proc$syn_yosys.v:2118$2571'.
     1/1: $1\reg15_reg[2][0:0]
Creating decoders for process `\top_2.$proc$syn_yosys.v:2114$2570'.
     1/1: $1\reg15_reg[1][0:0]
Creating decoders for process `\top_2.$proc$syn_yosys.v:2110$2569'.
     1/1: $1\reg15_reg[0][0:0]
Creating decoders for process `\top_2.$proc$syn_yosys.v:2106$2568'.
     1/1: $1\reg16_reg[1][0:0]
Creating decoders for process `\top_2.$proc$syn_yosys.v:2102$2567'.
     1/1: $1\reg16_reg[0][0:0]
Creating decoders for process `\top_2.$proc$syn_yosys.v:2084$2566'.
     1/1: $1\reg18_reg[13][0:0]
Creating decoders for process `\top_2.$proc$syn_yosys.v:2080$2565'.
     1/1: $1\reg18_reg[12][0:0]
Creating decoders for process `\top_2.$proc$syn_yosys.v:2076$2564'.
     1/1: $1\reg18_reg[11][0:0]
Creating decoders for process `\top_2.$proc$syn_yosys.v:2072$2563'.
     1/1: $1\reg18_reg[10][0:0]
Creating decoders for process `\top_2.$proc$syn_yosys.v:2068$2562'.
     1/1: $1\reg18_reg[9][0:0]
Creating decoders for process `\top_2.$proc$syn_yosys.v:2064$2561'.
     1/1: $1\reg18_reg[8][0:0]
Creating decoders for process `\top_2.$proc$syn_yosys.v:2060$2560'.
     1/1: $1\reg18_reg[7][0:0]
Creating decoders for process `\top_2.$proc$syn_yosys.v:2056$2559'.
     1/1: $1\reg18_reg[6][0:0]
Creating decoders for process `\top_2.$proc$syn_yosys.v:2052$2558'.
     1/1: $1\reg18_reg[5][0:0]
Creating decoders for process `\top_2.$proc$syn_yosys.v:2048$2557'.
     1/1: $1\reg18_reg[4][0:0]
Creating decoders for process `\top_2.$proc$syn_yosys.v:2044$2556'.
     1/1: $1\reg18_reg[3][0:0]
Creating decoders for process `\top_2.$proc$syn_yosys.v:2040$2555'.
     1/1: $1\reg18_reg[2][0:0]
Creating decoders for process `\top_2.$proc$syn_yosys.v:2036$2554'.
     1/1: $1\reg18_reg[1][0:0]
Creating decoders for process `\top_2.$proc$syn_yosys.v:2032$2553'.
     1/1: $1\reg18_reg[0][0:0]
Creating decoders for process `\top_2.$proc$syn_yosys.v:960$2552'.
     1/1: $0\reg9[17:0]
Creating decoders for process `\top_2.$proc$syn_yosys.v:959$2551'.
     1/1: $0\reg8[9:0]
Creating decoders for process `\top_2.$proc$syn_yosys.v:958$2550'.
     1/1: $0\reg7[19:0]
Creating decoders for process `\top_2.$proc$syn_yosys.v:957$2549'.
     1/1: $0\reg6[14:0]
Creating decoders for process `\top_2.$proc$syn_yosys.v:955$2548'.
     1/1: $0\reg4[10:0]
Creating decoders for process `\top_2.$proc$syn_yosys.v:952$2547'.
     1/1: $0\reg17[6:0]
Creating decoders for process `\top_2.$proc$syn_yosys.v:948$2546'.
     1/1: $0\reg13[6:0]
Creating decoders for process `\top_2.$proc$syn_yosys.v:947$2545'.
     1/1: $0\reg10[21:0]
Creating decoders for process `\top_2.$proc$syn_yosys.v:2358$2544'.
     1/1: $0\reg4[10:10]
Creating decoders for process `\top_2.$proc$syn_yosys.v:2356$2543'.
     1/1: $0\reg4[9:9]
Creating decoders for process `\top_2.$proc$syn_yosys.v:2354$2542'.
     1/1: $0\reg4[8:8]
Creating decoders for process `\top_2.$proc$syn_yosys.v:2352$2541'.
     1/1: $0\reg4[7:7]
Creating decoders for process `\top_2.$proc$syn_yosys.v:2350$2540'.
     1/1: $0\reg4[6:6]
Creating decoders for process `\top_2.$proc$syn_yosys.v:2348$2539'.
     1/1: $0\reg4[5:5]
Creating decoders for process `\top_2.$proc$syn_yosys.v:2346$2538'.
     1/1: $0\reg4[4:4]
Creating decoders for process `\top_2.$proc$syn_yosys.v:2344$2537'.
     1/1: $0\reg4[3:3]
Creating decoders for process `\top_2.$proc$syn_yosys.v:2342$2536'.
     1/1: $0\reg4[2:2]
Creating decoders for process `\top_2.$proc$syn_yosys.v:2340$2535'.
     1/1: $0\reg4[1:1]
Creating decoders for process `\top_2.$proc$syn_yosys.v:2338$2534'.
     1/1: $0\reg4[0:0]
Creating decoders for process `\top_2.$proc$syn_yosys.v:2335$2533'.
     1/1: $0\reg5_reg[5][0:0]
Creating decoders for process `\top_2.$proc$syn_yosys.v:2331$2532'.
     1/1: $0\reg5_reg[4][0:0]
Creating decoders for process `\top_2.$proc$syn_yosys.v:2327$2531'.
     1/1: $0\reg5_reg[3][0:0]
Creating decoders for process `\top_2.$proc$syn_yosys.v:2323$2530'.
     1/1: $0\reg5_reg[2][0:0]
Creating decoders for process `\top_2.$proc$syn_yosys.v:2319$2529'.
     1/1: $0\reg5_reg[1][0:0]
Creating decoders for process `\top_2.$proc$syn_yosys.v:2315$2528'.
     1/1: $0\reg5_reg[0][0:0]
Creating decoders for process `\top_2.$proc$syn_yosys.v:2312$2527'.
     1/1: $0\reg6[14:14]
Creating decoders for process `\top_2.$proc$syn_yosys.v:2310$2526'.
     1/1: $0\reg6[13:13]
Creating decoders for process `\top_2.$proc$syn_yosys.v:2308$2525'.
     1/1: $0\reg6[12:12]
Creating decoders for process `\top_2.$proc$syn_yosys.v:2306$2524'.
     1/1: $0\reg6[11:11]
Creating decoders for process `\top_2.$proc$syn_yosys.v:2304$2523'.
     1/1: $0\reg6[10:10]
Creating decoders for process `\top_2.$proc$syn_yosys.v:2302$2522'.
     1/1: $0\reg6[9:9]
Creating decoders for process `\top_2.$proc$syn_yosys.v:2300$2521'.
     1/1: $0\reg6[8:8]
Creating decoders for process `\top_2.$proc$syn_yosys.v:2298$2520'.
     1/1: $0\reg6[7:7]
Creating decoders for process `\top_2.$proc$syn_yosys.v:2296$2519'.
     1/1: $0\reg6[6:6]
Creating decoders for process `\top_2.$proc$syn_yosys.v:2294$2518'.
     1/1: $0\reg6[5:5]
Creating decoders for process `\top_2.$proc$syn_yosys.v:2292$2517'.
     1/1: $0\reg6[4:4]
Creating decoders for process `\top_2.$proc$syn_yosys.v:2290$2516'.
     1/1: $0\reg6[3:3]
Creating decoders for process `\top_2.$proc$syn_yosys.v:2288$2515'.
     1/1: $0\reg6[2:2]
Creating decoders for process `\top_2.$proc$syn_yosys.v:2286$2514'.
     1/1: $0\reg6[1:1]
Creating decoders for process `\top_2.$proc$syn_yosys.v:2284$2513'.
     1/1: $0\reg6[0:0]
Creating decoders for process `\top_2.$proc$syn_yosys.v:2282$2512'.
     1/1: $0\reg7[19:19]
Creating decoders for process `\top_2.$proc$syn_yosys.v:2280$2511'.
     1/1: $0\reg7[18:18]
Creating decoders for process `\top_2.$proc$syn_yosys.v:2278$2510'.
     1/1: $0\reg7[17:17]
Creating decoders for process `\top_2.$proc$syn_yosys.v:2276$2509'.
     1/1: $0\reg7[16:16]
Creating decoders for process `\top_2.$proc$syn_yosys.v:2274$2508'.
     1/1: $0\reg7[15:15]
Creating decoders for process `\top_2.$proc$syn_yosys.v:2272$2507'.
     1/1: $0\reg7[14:14]
Creating decoders for process `\top_2.$proc$syn_yosys.v:2270$2506'.
     1/1: $0\reg7[13:13]
Creating decoders for process `\top_2.$proc$syn_yosys.v:2268$2505'.
     1/1: $0\reg7[12:12]
Creating decoders for process `\top_2.$proc$syn_yosys.v:2266$2504'.
     1/1: $0\reg7[11:11]
Creating decoders for process `\top_2.$proc$syn_yosys.v:2264$2503'.
     1/1: $0\reg7[10:10]
Creating decoders for process `\top_2.$proc$syn_yosys.v:2262$2502'.
     1/1: $0\reg7[9:9]
Creating decoders for process `\top_2.$proc$syn_yosys.v:2260$2501'.
     1/1: $0\reg7[8:8]
Creating decoders for process `\top_2.$proc$syn_yosys.v:2258$2500'.
     1/1: $0\reg7[7:7]
Creating decoders for process `\top_2.$proc$syn_yosys.v:2256$2499'.
     1/1: $0\reg7[6:6]
Creating decoders for process `\top_2.$proc$syn_yosys.v:2254$2498'.
     1/1: $0\reg7[5:5]
Creating decoders for process `\top_2.$proc$syn_yosys.v:2252$2497'.
     1/1: $0\reg7[4:4]
Creating decoders for process `\top_2.$proc$syn_yosys.v:2250$2496'.
     1/1: $0\reg7[3:3]
Creating decoders for process `\top_2.$proc$syn_yosys.v:2248$2495'.
     1/1: $0\reg7[2:2]
Creating decoders for process `\top_2.$proc$syn_yosys.v:2246$2494'.
     1/1: $0\reg7[1:1]
Creating decoders for process `\top_2.$proc$syn_yosys.v:2244$2493'.
     1/1: $0\reg7[0:0]
Creating decoders for process `\top_2.$proc$syn_yosys.v:2242$2492'.
     1/1: $0\reg8[9:9]
Creating decoders for process `\top_2.$proc$syn_yosys.v:2240$2491'.
     1/1: $0\reg8[8:8]
Creating decoders for process `\top_2.$proc$syn_yosys.v:2238$2490'.
     1/1: $0\reg8[7:7]
Creating decoders for process `\top_2.$proc$syn_yosys.v:2236$2489'.
     1/1: $0\reg8[6:6]
Creating decoders for process `\top_2.$proc$syn_yosys.v:2234$2488'.
     1/1: $0\reg8[5:5]
Creating decoders for process `\top_2.$proc$syn_yosys.v:2232$2487'.
     1/1: $0\reg8[4:4]
Creating decoders for process `\top_2.$proc$syn_yosys.v:2230$2486'.
     1/1: $0\reg8[3:3]
Creating decoders for process `\top_2.$proc$syn_yosys.v:2228$2485'.
     1/1: $0\reg8[2:2]
Creating decoders for process `\top_2.$proc$syn_yosys.v:2226$2484'.
     1/1: $0\reg8[1:1]
Creating decoders for process `\top_2.$proc$syn_yosys.v:2224$2483'.
     1/1: $0\reg8[0:0]
Creating decoders for process `\top_2.$proc$syn_yosys.v:2222$2482'.
     1/1: $0\reg9[17:17]
Creating decoders for process `\top_2.$proc$syn_yosys.v:2220$2481'.
     1/1: $0\reg9[16:16]
Creating decoders for process `\top_2.$proc$syn_yosys.v:2218$2480'.
     1/1: $0\reg9[15:15]
Creating decoders for process `\top_2.$proc$syn_yosys.v:2216$2479'.
     1/1: $0\reg9[14:14]
Creating decoders for process `\top_2.$proc$syn_yosys.v:2214$2478'.
     1/1: $0\reg9[13:13]
Creating decoders for process `\top_2.$proc$syn_yosys.v:2212$2477'.
     1/1: $0\reg9[12:12]
Creating decoders for process `\top_2.$proc$syn_yosys.v:2210$2476'.
     1/1: $0\reg9[11:11]
Creating decoders for process `\top_2.$proc$syn_yosys.v:2208$2475'.
     1/1: $0\reg9[10:10]
Creating decoders for process `\top_2.$proc$syn_yosys.v:2206$2474'.
     1/1: $0\reg9[9:9]
Creating decoders for process `\top_2.$proc$syn_yosys.v:2204$2473'.
     1/1: $0\reg9[8:8]
Creating decoders for process `\top_2.$proc$syn_yosys.v:2202$2472'.
     1/1: $0\reg9[7:7]
Creating decoders for process `\top_2.$proc$syn_yosys.v:2200$2471'.
     1/1: $0\reg9[6:6]
Creating decoders for process `\top_2.$proc$syn_yosys.v:2198$2470'.
     1/1: $0\reg9[5:5]
Creating decoders for process `\top_2.$proc$syn_yosys.v:2196$2469'.
     1/1: $0\reg9[4:4]
Creating decoders for process `\top_2.$proc$syn_yosys.v:2194$2468'.
     1/1: $0\reg9[3:3]
Creating decoders for process `\top_2.$proc$syn_yosys.v:2192$2467'.
     1/1: $0\reg9[2:2]
Creating decoders for process `\top_2.$proc$syn_yosys.v:2190$2466'.
     1/1: $0\reg9[1:1]
Creating decoders for process `\top_2.$proc$syn_yosys.v:2188$2465'.
     1/1: $0\reg9[0:0]
Creating decoders for process `\top_2.$proc$syn_yosys.v:2186$2464'.
     1/1: $0\reg10[21:21]
Creating decoders for process `\top_2.$proc$syn_yosys.v:2184$2463'.
     1/1: $0\reg10[20:20]
Creating decoders for process `\top_2.$proc$syn_yosys.v:2182$2462'.
     1/1: $0\reg10[19:19]
Creating decoders for process `\top_2.$proc$syn_yosys.v:2180$2461'.
     1/1: $0\reg10[18:18]
Creating decoders for process `\top_2.$proc$syn_yosys.v:2178$2460'.
     1/1: $0\reg10[17:17]
Creating decoders for process `\top_2.$proc$syn_yosys.v:2176$2459'.
     1/1: $0\reg10[16:16]
Creating decoders for process `\top_2.$proc$syn_yosys.v:2174$2458'.
     1/1: $0\reg10[15:15]
Creating decoders for process `\top_2.$proc$syn_yosys.v:2172$2457'.
     1/1: $0\reg10[14:14]
Creating decoders for process `\top_2.$proc$syn_yosys.v:2170$2456'.
     1/1: $0\reg10[13:13]
Creating decoders for process `\top_2.$proc$syn_yosys.v:2168$2455'.
     1/1: $0\reg10[12:12]
Creating decoders for process `\top_2.$proc$syn_yosys.v:2166$2454'.
     1/1: $0\reg10[11:11]
Creating decoders for process `\top_2.$proc$syn_yosys.v:2164$2453'.
     1/1: $0\reg10[10:10]
Creating decoders for process `\top_2.$proc$syn_yosys.v:2162$2452'.
     1/1: $0\reg10[9:9]
Creating decoders for process `\top_2.$proc$syn_yosys.v:2160$2451'.
     1/1: $0\reg10[8:8]
Creating decoders for process `\top_2.$proc$syn_yosys.v:2158$2450'.
     1/1: $0\reg10[7:7]
Creating decoders for process `\top_2.$proc$syn_yosys.v:2156$2449'.
     1/1: $0\reg10[6:6]
Creating decoders for process `\top_2.$proc$syn_yosys.v:2154$2448'.
     1/1: $0\reg10[5:5]
Creating decoders for process `\top_2.$proc$syn_yosys.v:2152$2447'.
     1/1: $0\reg10[4:4]
Creating decoders for process `\top_2.$proc$syn_yosys.v:2150$2446'.
     1/1: $0\reg10[3:3]
Creating decoders for process `\top_2.$proc$syn_yosys.v:2148$2445'.
     1/1: $0\reg10[2:2]
Creating decoders for process `\top_2.$proc$syn_yosys.v:2146$2444'.
     1/1: $0\reg10[1:1]
Creating decoders for process `\top_2.$proc$syn_yosys.v:2144$2443'.
     1/1: $0\reg10[0:0]
Creating decoders for process `\top_2.$proc$syn_yosys.v:2142$2442'.
     1/1: $0\reg13[6:6]
Creating decoders for process `\top_2.$proc$syn_yosys.v:2140$2441'.
     1/1: $0\reg13[5:5]
Creating decoders for process `\top_2.$proc$syn_yosys.v:2138$2440'.
     1/1: $0\reg13[4:4]
Creating decoders for process `\top_2.$proc$syn_yosys.v:2136$2439'.
     1/1: $0\reg13[3:3]
Creating decoders for process `\top_2.$proc$syn_yosys.v:2134$2438'.
     1/1: $0\reg13[2:2]
Creating decoders for process `\top_2.$proc$syn_yosys.v:2132$2437'.
     1/1: $0\reg13[1:1]
Creating decoders for process `\top_2.$proc$syn_yosys.v:2130$2436'.
     1/1: $0\reg13[0:0]
Creating decoders for process `\top_2.$proc$syn_yosys.v:2127$2435'.
     1/1: $0\reg14_reg[0][0:0]
Creating decoders for process `\top_2.$proc$syn_yosys.v:2123$2434'.
     1/1: $0\reg15_reg[3][0:0]
Creating decoders for process `\top_2.$proc$syn_yosys.v:2119$2433'.
     1/1: $0\reg15_reg[2][0:0]
Creating decoders for process `\top_2.$proc$syn_yosys.v:2115$2432'.
     1/1: $0\reg15_reg[1][0:0]
Creating decoders for process `\top_2.$proc$syn_yosys.v:2111$2431'.
     1/1: $0\reg15_reg[0][0:0]
Creating decoders for process `\top_2.$proc$syn_yosys.v:2107$2430'.
     1/1: $0\reg16_reg[1][0:0]
Creating decoders for process `\top_2.$proc$syn_yosys.v:2103$2429'.
     1/1: $0\reg16_reg[0][0:0]
Creating decoders for process `\top_2.$proc$syn_yosys.v:2100$2428'.
     1/1: $0\reg17[6:6]
Creating decoders for process `\top_2.$proc$syn_yosys.v:2098$2427'.
     1/1: $0\reg17[5:5]
Creating decoders for process `\top_2.$proc$syn_yosys.v:2096$2426'.
     1/1: $0\reg17[4:4]
Creating decoders for process `\top_2.$proc$syn_yosys.v:2094$2425'.
     1/1: $0\reg17[3:3]
Creating decoders for process `\top_2.$proc$syn_yosys.v:2092$2424'.
     1/1: $0\reg17[2:2]
Creating decoders for process `\top_2.$proc$syn_yosys.v:2090$2423'.
     1/1: $0\reg17[1:1]
Creating decoders for process `\top_2.$proc$syn_yosys.v:2088$2422'.
     1/1: $0\reg17[0:0]
Creating decoders for process `\top_2.$proc$syn_yosys.v:2085$2421'.
     1/1: $0\reg18_reg[13][0:0]
Creating decoders for process `\top_2.$proc$syn_yosys.v:2081$2420'.
     1/1: $0\reg18_reg[12][0:0]
Creating decoders for process `\top_2.$proc$syn_yosys.v:2077$2419'.
     1/1: $0\reg18_reg[11][0:0]
Creating decoders for process `\top_2.$proc$syn_yosys.v:2073$2418'.
     1/1: $0\reg18_reg[10][0:0]
Creating decoders for process `\top_2.$proc$syn_yosys.v:2069$2417'.
     1/1: $0\reg18_reg[9][0:0]
Creating decoders for process `\top_2.$proc$syn_yosys.v:2065$2416'.
     1/1: $0\reg18_reg[8][0:0]
Creating decoders for process `\top_2.$proc$syn_yosys.v:2061$2415'.
     1/1: $0\reg18_reg[7][0:0]
Creating decoders for process `\top_2.$proc$syn_yosys.v:2057$2414'.
     1/1: $0\reg18_reg[6][0:0]
Creating decoders for process `\top_2.$proc$syn_yosys.v:2053$2413'.
     1/1: $0\reg18_reg[5][0:0]
Creating decoders for process `\top_2.$proc$syn_yosys.v:2049$2412'.
     1/1: $0\reg18_reg[4][0:0]
Creating decoders for process `\top_2.$proc$syn_yosys.v:2045$2411'.
     1/1: $0\reg18_reg[3][0:0]
Creating decoders for process `\top_2.$proc$syn_yosys.v:2041$2410'.
     1/1: $0\reg18_reg[2][0:0]
Creating decoders for process `\top_2.$proc$syn_yosys.v:2037$2409'.
     1/1: $0\reg18_reg[1][0:0]
Creating decoders for process `\top_2.$proc$syn_yosys.v:2033$2408'.
     1/1: $0\reg18_reg[0][0:0]
Creating decoders for process `\top_1.$proc$syn_identity.v:25$769'.
     1/1: $1\reg4[10:0]
Creating decoders for process `\top_1.$proc$syn_identity.v:24$768'.
     1/1: $1\reg5[6:0]
Creating decoders for process `\top_1.$proc$syn_identity.v:23$767'.
     1/1: $1\reg6[14:0]
Creating decoders for process `\top_1.$proc$syn_identity.v:22$766'.
     1/1: $1\reg7[19:0]
Creating decoders for process `\top_1.$proc$syn_identity.v:21$765'.
     1/1: $1\reg8[9:0]
Creating decoders for process `\top_1.$proc$syn_identity.v:20$764'.
     1/1: $1\reg9[17:0]
Creating decoders for process `\top_1.$proc$syn_identity.v:19$763'.
     1/1: $1\reg10[21:0]
Creating decoders for process `\top_1.$proc$syn_identity.v:16$762'.
     1/1: $1\reg13[6:0]
Creating decoders for process `\top_1.$proc$syn_identity.v:15$761'.
     1/1: $1\reg14[17:0]
Creating decoders for process `\top_1.$proc$syn_identity.v:14$760'.
     1/1: $1\reg15[11:0]
Creating decoders for process `\top_1.$proc$syn_identity.v:13$759'.
     1/1: $1\reg16[6:0]
Creating decoders for process `\top_1.$proc$syn_identity.v:12$758'.
     1/1: $1\reg17[6:0]
Creating decoders for process `\top_1.$proc$syn_identity.v:11$757'.
     1/1: $1\reg18[20:0]
Creating decoders for process `\top_1.$proc$syn_identity.v:10$756'.
     1/1: $1\reg19[7:0]
Creating decoders for process `\top_1.$proc$syn_identity.v:77$722'.
     1/7: $0\reg15[11:0]
     2/7: $0\reg14[17:0]
     3/7: $0\reg13[6:0]
     4/7: $0\reg17[6:0]
     5/7: $0\reg18[20:0]
     6/7: $0\reg19[7:0]
     7/7: $0\reg16[6:0]
Creating decoders for process `\top_1.$proc$syn_identity.v:43$696'.
     1/7: $0\reg4[10:0]
     2/7: $0\reg5[6:0]
     3/7: $0\reg6[14:0]
     4/7: $0\reg7[19:0]
     5/7: $0\reg8[9:0]
     6/7: $0\reg9[17:0]
     7/7: $0\reg10[21:0]
Creating decoders for process `\top.$proc$top.v:13$2586'.
     1/1: $0$formal$top.v:13$2580_EN[0:0]$2587
Creating decoders for process `\top.$proc$top.v:11$2581'.
     1/2: $0$formal$top.v:13$2580_EN[0:0]$2583
     2/2: $0$formal$top.v:13$2580_CHECK[0:0]$2582

9.2.6. Executing PROC_DLATCH pass (convert process syncs to latches).

9.2.7. Executing PROC_DFF pass (convert process syncs to FFs).
Creating register for signal `\top_2.\reg4 [10]' using process `\top_2.$proc$syn_yosys.v:2358$2544'.
  created $dff cell `$procdff$2638' with positive edge clock.
Creating register for signal `\top_2.\reg4 [9]' using process `\top_2.$proc$syn_yosys.v:2356$2543'.
  created $dff cell `$procdff$2639' with positive edge clock.
Creating register for signal `\top_2.\reg4 [8]' using process `\top_2.$proc$syn_yosys.v:2354$2542'.
  created $dff cell `$procdff$2640' with positive edge clock.
Creating register for signal `\top_2.\reg4 [7]' using process `\top_2.$proc$syn_yosys.v:2352$2541'.
  created $dff cell `$procdff$2641' with positive edge clock.
Creating register for signal `\top_2.\reg4 [6]' using process `\top_2.$proc$syn_yosys.v:2350$2540'.
  created $dff cell `$procdff$2642' with positive edge clock.
Creating register for signal `\top_2.\reg4 [5]' using process `\top_2.$proc$syn_yosys.v:2348$2539'.
  created $dff cell `$procdff$2643' with positive edge clock.
Creating register for signal `\top_2.\reg4 [4]' using process `\top_2.$proc$syn_yosys.v:2346$2538'.
  created $dff cell `$procdff$2644' with positive edge clock.
Creating register for signal `\top_2.\reg4 [3]' using process `\top_2.$proc$syn_yosys.v:2344$2537'.
  created $dff cell `$procdff$2645' with positive edge clock.
Creating register for signal `\top_2.\reg4 [2]' using process `\top_2.$proc$syn_yosys.v:2342$2536'.
  created $dff cell `$procdff$2646' with positive edge clock.
Creating register for signal `\top_2.\reg4 [1]' using process `\top_2.$proc$syn_yosys.v:2340$2535'.
  created $dff cell `$procdff$2647' with positive edge clock.
Creating register for signal `\top_2.\reg4 [0]' using process `\top_2.$proc$syn_yosys.v:2338$2534'.
  created $dff cell `$procdff$2648' with positive edge clock.
Creating register for signal `\top_2.\reg5_reg[5]' using process `\top_2.$proc$syn_yosys.v:2335$2533'.
  created $dff cell `$procdff$2649' with positive edge clock.
Creating register for signal `\top_2.\reg5_reg[4]' using process `\top_2.$proc$syn_yosys.v:2331$2532'.
  created $dff cell `$procdff$2650' with positive edge clock.
Creating register for signal `\top_2.\reg5_reg[3]' using process `\top_2.$proc$syn_yosys.v:2327$2531'.
  created $dff cell `$procdff$2651' with positive edge clock.
Creating register for signal `\top_2.\reg5_reg[2]' using process `\top_2.$proc$syn_yosys.v:2323$2530'.
  created $dff cell `$procdff$2652' with positive edge clock.
Creating register for signal `\top_2.\reg5_reg[1]' using process `\top_2.$proc$syn_yosys.v:2319$2529'.
  created $dff cell `$procdff$2653' with positive edge clock.
Creating register for signal `\top_2.\reg5_reg[0]' using process `\top_2.$proc$syn_yosys.v:2315$2528'.
  created $dff cell `$procdff$2654' with positive edge clock.
Creating register for signal `\top_2.\reg6 [14]' using process `\top_2.$proc$syn_yosys.v:2312$2527'.
  created $dff cell `$procdff$2655' with positive edge clock.
Creating register for signal `\top_2.\reg6 [13]' using process `\top_2.$proc$syn_yosys.v:2310$2526'.
  created $dff cell `$procdff$2656' with positive edge clock.
Creating register for signal `\top_2.\reg6 [12]' using process `\top_2.$proc$syn_yosys.v:2308$2525'.
  created $dff cell `$procdff$2657' with positive edge clock.
Creating register for signal `\top_2.\reg6 [11]' using process `\top_2.$proc$syn_yosys.v:2306$2524'.
  created $dff cell `$procdff$2658' with positive edge clock.
Creating register for signal `\top_2.\reg6 [10]' using process `\top_2.$proc$syn_yosys.v:2304$2523'.
  created $dff cell `$procdff$2659' with positive edge clock.
Creating register for signal `\top_2.\reg6 [9]' using process `\top_2.$proc$syn_yosys.v:2302$2522'.
  created $dff cell `$procdff$2660' with positive edge clock.
Creating register for signal `\top_2.\reg6 [8]' using process `\top_2.$proc$syn_yosys.v:2300$2521'.
  created $dff cell `$procdff$2661' with positive edge clock.
Creating register for signal `\top_2.\reg6 [7]' using process `\top_2.$proc$syn_yosys.v:2298$2520'.
  created $dff cell `$procdff$2662' with positive edge clock.
Creating register for signal `\top_2.\reg6 [6]' using process `\top_2.$proc$syn_yosys.v:2296$2519'.
  created $dff cell `$procdff$2663' with positive edge clock.
Creating register for signal `\top_2.\reg6 [5]' using process `\top_2.$proc$syn_yosys.v:2294$2518'.
  created $dff cell `$procdff$2664' with positive edge clock.
Creating register for signal `\top_2.\reg6 [4]' using process `\top_2.$proc$syn_yosys.v:2292$2517'.
  created $dff cell `$procdff$2665' with positive edge clock.
Creating register for signal `\top_2.\reg6 [3]' using process `\top_2.$proc$syn_yosys.v:2290$2516'.
  created $dff cell `$procdff$2666' with positive edge clock.
Creating register for signal `\top_2.\reg6 [2]' using process `\top_2.$proc$syn_yosys.v:2288$2515'.
  created $dff cell `$procdff$2667' with positive edge clock.
Creating register for signal `\top_2.\reg6 [1]' using process `\top_2.$proc$syn_yosys.v:2286$2514'.
  created $dff cell `$procdff$2668' with positive edge clock.
Creating register for signal `\top_2.\reg6 [0]' using process `\top_2.$proc$syn_yosys.v:2284$2513'.
  created $dff cell `$procdff$2669' with positive edge clock.
Creating register for signal `\top_2.\reg7 [19]' using process `\top_2.$proc$syn_yosys.v:2282$2512'.
  created $dff cell `$procdff$2670' with positive edge clock.
Creating register for signal `\top_2.\reg7 [18]' using process `\top_2.$proc$syn_yosys.v:2280$2511'.
  created $dff cell `$procdff$2671' with positive edge clock.
Creating register for signal `\top_2.\reg7 [17]' using process `\top_2.$proc$syn_yosys.v:2278$2510'.
  created $dff cell `$procdff$2672' with positive edge clock.
Creating register for signal `\top_2.\reg7 [16]' using process `\top_2.$proc$syn_yosys.v:2276$2509'.
  created $dff cell `$procdff$2673' with positive edge clock.
Creating register for signal `\top_2.\reg7 [15]' using process `\top_2.$proc$syn_yosys.v:2274$2508'.
  created $dff cell `$procdff$2674' with positive edge clock.
Creating register for signal `\top_2.\reg7 [14]' using process `\top_2.$proc$syn_yosys.v:2272$2507'.
  created $dff cell `$procdff$2675' with positive edge clock.
Creating register for signal `\top_2.\reg7 [13]' using process `\top_2.$proc$syn_yosys.v:2270$2506'.
  created $dff cell `$procdff$2676' with positive edge clock.
Creating register for signal `\top_2.\reg7 [12]' using process `\top_2.$proc$syn_yosys.v:2268$2505'.
  created $dff cell `$procdff$2677' with positive edge clock.
Creating register for signal `\top_2.\reg7 [11]' using process `\top_2.$proc$syn_yosys.v:2266$2504'.
  created $dff cell `$procdff$2678' with positive edge clock.
Creating register for signal `\top_2.\reg7 [10]' using process `\top_2.$proc$syn_yosys.v:2264$2503'.
  created $dff cell `$procdff$2679' with positive edge clock.
Creating register for signal `\top_2.\reg7 [9]' using process `\top_2.$proc$syn_yosys.v:2262$2502'.
  created $dff cell `$procdff$2680' with positive edge clock.
Creating register for signal `\top_2.\reg7 [8]' using process `\top_2.$proc$syn_yosys.v:2260$2501'.
  created $dff cell `$procdff$2681' with positive edge clock.
Creating register for signal `\top_2.\reg7 [7]' using process `\top_2.$proc$syn_yosys.v:2258$2500'.
  created $dff cell `$procdff$2682' with positive edge clock.
Creating register for signal `\top_2.\reg7 [6]' using process `\top_2.$proc$syn_yosys.v:2256$2499'.
  created $dff cell `$procdff$2683' with positive edge clock.
Creating register for signal `\top_2.\reg7 [5]' using process `\top_2.$proc$syn_yosys.v:2254$2498'.
  created $dff cell `$procdff$2684' with positive edge clock.
Creating register for signal `\top_2.\reg7 [4]' using process `\top_2.$proc$syn_yosys.v:2252$2497'.
  created $dff cell `$procdff$2685' with positive edge clock.
Creating register for signal `\top_2.\reg7 [3]' using process `\top_2.$proc$syn_yosys.v:2250$2496'.
  created $dff cell `$procdff$2686' with positive edge clock.
Creating register for signal `\top_2.\reg7 [2]' using process `\top_2.$proc$syn_yosys.v:2248$2495'.
  created $dff cell `$procdff$2687' with positive edge clock.
Creating register for signal `\top_2.\reg7 [1]' using process `\top_2.$proc$syn_yosys.v:2246$2494'.
  created $dff cell `$procdff$2688' with positive edge clock.
Creating register for signal `\top_2.\reg7 [0]' using process `\top_2.$proc$syn_yosys.v:2244$2493'.
  created $dff cell `$procdff$2689' with positive edge clock.
Creating register for signal `\top_2.\reg8 [9]' using process `\top_2.$proc$syn_yosys.v:2242$2492'.
  created $dff cell `$procdff$2690' with positive edge clock.
Creating register for signal `\top_2.\reg8 [8]' using process `\top_2.$proc$syn_yosys.v:2240$2491'.
  created $dff cell `$procdff$2691' with positive edge clock.
Creating register for signal `\top_2.\reg8 [7]' using process `\top_2.$proc$syn_yosys.v:2238$2490'.
  created $dff cell `$procdff$2692' with positive edge clock.
Creating register for signal `\top_2.\reg8 [6]' using process `\top_2.$proc$syn_yosys.v:2236$2489'.
  created $dff cell `$procdff$2693' with positive edge clock.
Creating register for signal `\top_2.\reg8 [5]' using process `\top_2.$proc$syn_yosys.v:2234$2488'.
  created $dff cell `$procdff$2694' with positive edge clock.
Creating register for signal `\top_2.\reg8 [4]' using process `\top_2.$proc$syn_yosys.v:2232$2487'.
  created $dff cell `$procdff$2695' with positive edge clock.
Creating register for signal `\top_2.\reg8 [3]' using process `\top_2.$proc$syn_yosys.v:2230$2486'.
  created $dff cell `$procdff$2696' with positive edge clock.
Creating register for signal `\top_2.\reg8 [2]' using process `\top_2.$proc$syn_yosys.v:2228$2485'.
  created $dff cell `$procdff$2697' with positive edge clock.
Creating register for signal `\top_2.\reg8 [1]' using process `\top_2.$proc$syn_yosys.v:2226$2484'.
  created $dff cell `$procdff$2698' with positive edge clock.
Creating register for signal `\top_2.\reg8 [0]' using process `\top_2.$proc$syn_yosys.v:2224$2483'.
  created $dff cell `$procdff$2699' with positive edge clock.
Creating register for signal `\top_2.\reg9 [17]' using process `\top_2.$proc$syn_yosys.v:2222$2482'.
  created $dff cell `$procdff$2700' with positive edge clock.
Creating register for signal `\top_2.\reg9 [16]' using process `\top_2.$proc$syn_yosys.v:2220$2481'.
  created $dff cell `$procdff$2701' with positive edge clock.
Creating register for signal `\top_2.\reg9 [15]' using process `\top_2.$proc$syn_yosys.v:2218$2480'.
  created $dff cell `$procdff$2702' with positive edge clock.
Creating register for signal `\top_2.\reg9 [14]' using process `\top_2.$proc$syn_yosys.v:2216$2479'.
  created $dff cell `$procdff$2703' with positive edge clock.
Creating register for signal `\top_2.\reg9 [13]' using process `\top_2.$proc$syn_yosys.v:2214$2478'.
  created $dff cell `$procdff$2704' with positive edge clock.
Creating register for signal `\top_2.\reg9 [12]' using process `\top_2.$proc$syn_yosys.v:2212$2477'.
  created $dff cell `$procdff$2705' with positive edge clock.
Creating register for signal `\top_2.\reg9 [11]' using process `\top_2.$proc$syn_yosys.v:2210$2476'.
  created $dff cell `$procdff$2706' with positive edge clock.
Creating register for signal `\top_2.\reg9 [10]' using process `\top_2.$proc$syn_yosys.v:2208$2475'.
  created $dff cell `$procdff$2707' with positive edge clock.
Creating register for signal `\top_2.\reg9 [9]' using process `\top_2.$proc$syn_yosys.v:2206$2474'.
  created $dff cell `$procdff$2708' with positive edge clock.
Creating register for signal `\top_2.\reg9 [8]' using process `\top_2.$proc$syn_yosys.v:2204$2473'.
  created $dff cell `$procdff$2709' with positive edge clock.
Creating register for signal `\top_2.\reg9 [7]' using process `\top_2.$proc$syn_yosys.v:2202$2472'.
  created $dff cell `$procdff$2710' with positive edge clock.
Creating register for signal `\top_2.\reg9 [6]' using process `\top_2.$proc$syn_yosys.v:2200$2471'.
  created $dff cell `$procdff$2711' with positive edge clock.
Creating register for signal `\top_2.\reg9 [5]' using process `\top_2.$proc$syn_yosys.v:2198$2470'.
  created $dff cell `$procdff$2712' with positive edge clock.
Creating register for signal `\top_2.\reg9 [4]' using process `\top_2.$proc$syn_yosys.v:2196$2469'.
  created $dff cell `$procdff$2713' with positive edge clock.
Creating register for signal `\top_2.\reg9 [3]' using process `\top_2.$proc$syn_yosys.v:2194$2468'.
  created $dff cell `$procdff$2714' with positive edge clock.
Creating register for signal `\top_2.\reg9 [2]' using process `\top_2.$proc$syn_yosys.v:2192$2467'.
  created $dff cell `$procdff$2715' with positive edge clock.
Creating register for signal `\top_2.\reg9 [1]' using process `\top_2.$proc$syn_yosys.v:2190$2466'.
  created $dff cell `$procdff$2716' with positive edge clock.
Creating register for signal `\top_2.\reg9 [0]' using process `\top_2.$proc$syn_yosys.v:2188$2465'.
  created $dff cell `$procdff$2717' with positive edge clock.
Creating register for signal `\top_2.\reg10 [21]' using process `\top_2.$proc$syn_yosys.v:2186$2464'.
  created $dff cell `$procdff$2718' with positive edge clock.
Creating register for signal `\top_2.\reg10 [20]' using process `\top_2.$proc$syn_yosys.v:2184$2463'.
  created $dff cell `$procdff$2719' with positive edge clock.
Creating register for signal `\top_2.\reg10 [19]' using process `\top_2.$proc$syn_yosys.v:2182$2462'.
  created $dff cell `$procdff$2720' with positive edge clock.
Creating register for signal `\top_2.\reg10 [18]' using process `\top_2.$proc$syn_yosys.v:2180$2461'.
  created $dff cell `$procdff$2721' with positive edge clock.
Creating register for signal `\top_2.\reg10 [17]' using process `\top_2.$proc$syn_yosys.v:2178$2460'.
  created $dff cell `$procdff$2722' with positive edge clock.
Creating register for signal `\top_2.\reg10 [16]' using process `\top_2.$proc$syn_yosys.v:2176$2459'.
  created $dff cell `$procdff$2723' with positive edge clock.
Creating register for signal `\top_2.\reg10 [15]' using process `\top_2.$proc$syn_yosys.v:2174$2458'.
  created $dff cell `$procdff$2724' with positive edge clock.
Creating register for signal `\top_2.\reg10 [14]' using process `\top_2.$proc$syn_yosys.v:2172$2457'.
  created $dff cell `$procdff$2725' with positive edge clock.
Creating register for signal `\top_2.\reg10 [13]' using process `\top_2.$proc$syn_yosys.v:2170$2456'.
  created $dff cell `$procdff$2726' with positive edge clock.
Creating register for signal `\top_2.\reg10 [12]' using process `\top_2.$proc$syn_yosys.v:2168$2455'.
  created $dff cell `$procdff$2727' with positive edge clock.
Creating register for signal `\top_2.\reg10 [11]' using process `\top_2.$proc$syn_yosys.v:2166$2454'.
  created $dff cell `$procdff$2728' with positive edge clock.
Creating register for signal `\top_2.\reg10 [10]' using process `\top_2.$proc$syn_yosys.v:2164$2453'.
  created $dff cell `$procdff$2729' with positive edge clock.
Creating register for signal `\top_2.\reg10 [9]' using process `\top_2.$proc$syn_yosys.v:2162$2452'.
  created $dff cell `$procdff$2730' with positive edge clock.
Creating register for signal `\top_2.\reg10 [8]' using process `\top_2.$proc$syn_yosys.v:2160$2451'.
  created $dff cell `$procdff$2731' with positive edge clock.
Creating register for signal `\top_2.\reg10 [7]' using process `\top_2.$proc$syn_yosys.v:2158$2450'.
  created $dff cell `$procdff$2732' with positive edge clock.
Creating register for signal `\top_2.\reg10 [6]' using process `\top_2.$proc$syn_yosys.v:2156$2449'.
  created $dff cell `$procdff$2733' with positive edge clock.
Creating register for signal `\top_2.\reg10 [5]' using process `\top_2.$proc$syn_yosys.v:2154$2448'.
  created $dff cell `$procdff$2734' with positive edge clock.
Creating register for signal `\top_2.\reg10 [4]' using process `\top_2.$proc$syn_yosys.v:2152$2447'.
  created $dff cell `$procdff$2735' with positive edge clock.
Creating register for signal `\top_2.\reg10 [3]' using process `\top_2.$proc$syn_yosys.v:2150$2446'.
  created $dff cell `$procdff$2736' with positive edge clock.
Creating register for signal `\top_2.\reg10 [2]' using process `\top_2.$proc$syn_yosys.v:2148$2445'.
  created $dff cell `$procdff$2737' with positive edge clock.
Creating register for signal `\top_2.\reg10 [1]' using process `\top_2.$proc$syn_yosys.v:2146$2444'.
  created $dff cell `$procdff$2738' with positive edge clock.
Creating register for signal `\top_2.\reg10 [0]' using process `\top_2.$proc$syn_yosys.v:2144$2443'.
  created $dff cell `$procdff$2739' with positive edge clock.
Creating register for signal `\top_2.\reg13 [6]' using process `\top_2.$proc$syn_yosys.v:2142$2442'.
  created $dff cell `$procdff$2740' with positive edge clock.
Creating register for signal `\top_2.\reg13 [5]' using process `\top_2.$proc$syn_yosys.v:2140$2441'.
  created $dff cell `$procdff$2741' with positive edge clock.
Creating register for signal `\top_2.\reg13 [4]' using process `\top_2.$proc$syn_yosys.v:2138$2440'.
  created $dff cell `$procdff$2742' with positive edge clock.
Creating register for signal `\top_2.\reg13 [3]' using process `\top_2.$proc$syn_yosys.v:2136$2439'.
  created $dff cell `$procdff$2743' with positive edge clock.
Creating register for signal `\top_2.\reg13 [2]' using process `\top_2.$proc$syn_yosys.v:2134$2438'.
  created $dff cell `$procdff$2744' with positive edge clock.
Creating register for signal `\top_2.\reg13 [1]' using process `\top_2.$proc$syn_yosys.v:2132$2437'.
  created $dff cell `$procdff$2745' with positive edge clock.
Creating register for signal `\top_2.\reg13 [0]' using process `\top_2.$proc$syn_yosys.v:2130$2436'.
  created $dff cell `$procdff$2746' with positive edge clock.
Creating register for signal `\top_2.\reg14_reg[0]' using process `\top_2.$proc$syn_yosys.v:2127$2435'.
  created $dff cell `$procdff$2747' with positive edge clock.
Creating register for signal `\top_2.\reg15_reg[3]' using process `\top_2.$proc$syn_yosys.v:2123$2434'.
  created $dff cell `$procdff$2748' with positive edge clock.
Creating register for signal `\top_2.\reg15_reg[2]' using process `\top_2.$proc$syn_yosys.v:2119$2433'.
  created $dff cell `$procdff$2749' with positive edge clock.
Creating register for signal `\top_2.\reg15_reg[1]' using process `\top_2.$proc$syn_yosys.v:2115$2432'.
  created $dff cell `$procdff$2750' with positive edge clock.
Creating register for signal `\top_2.\reg15_reg[0]' using process `\top_2.$proc$syn_yosys.v:2111$2431'.
  created $dff cell `$procdff$2751' with positive edge clock.
Creating register for signal `\top_2.\reg16_reg[1]' using process `\top_2.$proc$syn_yosys.v:2107$2430'.
  created $dff cell `$procdff$2752' with positive edge clock.
Creating register for signal `\top_2.\reg16_reg[0]' using process `\top_2.$proc$syn_yosys.v:2103$2429'.
  created $dff cell `$procdff$2753' with positive edge clock.
Creating register for signal `\top_2.\reg17 [6]' using process `\top_2.$proc$syn_yosys.v:2100$2428'.
  created $dff cell `$procdff$2754' with positive edge clock.
Creating register for signal `\top_2.\reg17 [5]' using process `\top_2.$proc$syn_yosys.v:2098$2427'.
  created $dff cell `$procdff$2755' with positive edge clock.
Creating register for signal `\top_2.\reg17 [4]' using process `\top_2.$proc$syn_yosys.v:2096$2426'.
  created $dff cell `$procdff$2756' with positive edge clock.
Creating register for signal `\top_2.\reg17 [3]' using process `\top_2.$proc$syn_yosys.v:2094$2425'.
  created $dff cell `$procdff$2757' with positive edge clock.
Creating register for signal `\top_2.\reg17 [2]' using process `\top_2.$proc$syn_yosys.v:2092$2424'.
  created $dff cell `$procdff$2758' with positive edge clock.
Creating register for signal `\top_2.\reg17 [1]' using process `\top_2.$proc$syn_yosys.v:2090$2423'.
  created $dff cell `$procdff$2759' with positive edge clock.
Creating register for signal `\top_2.\reg17 [0]' using process `\top_2.$proc$syn_yosys.v:2088$2422'.
  created $dff cell `$procdff$2760' with positive edge clock.
Creating register for signal `\top_2.\reg18_reg[13]' using process `\top_2.$proc$syn_yosys.v:2085$2421'.
  created $dff cell `$procdff$2761' with positive edge clock.
Creating register for signal `\top_2.\reg18_reg[12]' using process `\top_2.$proc$syn_yosys.v:2081$2420'.
  created $dff cell `$procdff$2762' with positive edge clock.
Creating register for signal `\top_2.\reg18_reg[11]' using process `\top_2.$proc$syn_yosys.v:2077$2419'.
  created $dff cell `$procdff$2763' with positive edge clock.
Creating register for signal `\top_2.\reg18_reg[10]' using process `\top_2.$proc$syn_yosys.v:2073$2418'.
  created $dff cell `$procdff$2764' with positive edge clock.
Creating register for signal `\top_2.\reg18_reg[9]' using process `\top_2.$proc$syn_yosys.v:2069$2417'.
  created $dff cell `$procdff$2765' with positive edge clock.
Creating register for signal `\top_2.\reg18_reg[8]' using process `\top_2.$proc$syn_yosys.v:2065$2416'.
  created $dff cell `$procdff$2766' with positive edge clock.
Creating register for signal `\top_2.\reg18_reg[7]' using process `\top_2.$proc$syn_yosys.v:2061$2415'.
  created $dff cell `$procdff$2767' with positive edge clock.
Creating register for signal `\top_2.\reg18_reg[6]' using process `\top_2.$proc$syn_yosys.v:2057$2414'.
  created $dff cell `$procdff$2768' with positive edge clock.
Creating register for signal `\top_2.\reg18_reg[5]' using process `\top_2.$proc$syn_yosys.v:2053$2413'.
  created $dff cell `$procdff$2769' with positive edge clock.
Creating register for signal `\top_2.\reg18_reg[4]' using process `\top_2.$proc$syn_yosys.v:2049$2412'.
  created $dff cell `$procdff$2770' with positive edge clock.
Creating register for signal `\top_2.\reg18_reg[3]' using process `\top_2.$proc$syn_yosys.v:2045$2411'.
  created $dff cell `$procdff$2771' with positive edge clock.
Creating register for signal `\top_2.\reg18_reg[2]' using process `\top_2.$proc$syn_yosys.v:2041$2410'.
  created $dff cell `$procdff$2772' with positive edge clock.
Creating register for signal `\top_2.\reg18_reg[1]' using process `\top_2.$proc$syn_yosys.v:2037$2409'.
  created $dff cell `$procdff$2773' with positive edge clock.
Creating register for signal `\top_2.\reg18_reg[0]' using process `\top_2.$proc$syn_yosys.v:2033$2408'.
  created $dff cell `$procdff$2774' with positive edge clock.
Creating register for signal `\top_1.\reg16' using process `\top_1.$proc$syn_identity.v:77$722'.
  created $dff cell `$procdff$2775' with positive edge clock.
Creating register for signal `\top_1.\reg19' using process `\top_1.$proc$syn_identity.v:77$722'.
  created $dff cell `$procdff$2776' with positive edge clock.
Creating register for signal `\top_1.\reg18' using process `\top_1.$proc$syn_identity.v:77$722'.
  created $dff cell `$procdff$2777' with positive edge clock.
Creating register for signal `\top_1.\reg17' using process `\top_1.$proc$syn_identity.v:77$722'.
  created $dff cell `$procdff$2778' with positive edge clock.
Creating register for signal `\top_1.\reg15' using process `\top_1.$proc$syn_identity.v:77$722'.
  created $dff cell `$procdff$2779' with positive edge clock.
Creating register for signal `\top_1.\reg14' using process `\top_1.$proc$syn_identity.v:77$722'.
  created $dff cell `$procdff$2780' with positive edge clock.
Creating register for signal `\top_1.\reg13' using process `\top_1.$proc$syn_identity.v:77$722'.
  created $dff cell `$procdff$2781' with positive edge clock.
Creating register for signal `\top_1.\reg10' using process `\top_1.$proc$syn_identity.v:43$696'.
  created $dff cell `$procdff$2782' with positive edge clock.
Creating register for signal `\top_1.\reg9' using process `\top_1.$proc$syn_identity.v:43$696'.
  created $dff cell `$procdff$2783' with positive edge clock.
Creating register for signal `\top_1.\reg8' using process `\top_1.$proc$syn_identity.v:43$696'.
  created $dff cell `$procdff$2784' with positive edge clock.
Creating register for signal `\top_1.\reg7' using process `\top_1.$proc$syn_identity.v:43$696'.
  created $dff cell `$procdff$2785' with positive edge clock.
Creating register for signal `\top_1.\reg6' using process `\top_1.$proc$syn_identity.v:43$696'.
  created $dff cell `$procdff$2786' with positive edge clock.
Creating register for signal `\top_1.\reg5' using process `\top_1.$proc$syn_identity.v:43$696'.
  created $dff cell `$procdff$2787' with positive edge clock.
Creating register for signal `\top_1.\reg4' using process `\top_1.$proc$syn_identity.v:43$696'.
  created $dff cell `$procdff$2788' with positive edge clock.
Creating register for signal `\top.$formal$top.v:13$2580_CHECK' using process `\top.$proc$top.v:11$2581'.
  created $dff cell `$procdff$2789' with positive edge clock.
Creating register for signal `\top.$formal$top.v:13$2580_EN' using process `\top.$proc$top.v:11$2581'.
  created $dff cell `$procdff$2790' with positive edge clock.

9.2.8. Executing PROC_CLEAN pass (remove empty switches from decision trees).
Removing empty process `top_2.$proc$syn_yosys.v:2334$2579'.
Removing empty process `top_2.$proc$syn_yosys.v:2330$2578'.
Removing empty process `top_2.$proc$syn_yosys.v:2326$2577'.
Removing empty process `top_2.$proc$syn_yosys.v:2322$2576'.
Removing empty process `top_2.$proc$syn_yosys.v:2318$2575'.
Removing empty process `top_2.$proc$syn_yosys.v:2314$2574'.
Removing empty process `top_2.$proc$syn_yosys.v:2126$2573'.
Removing empty process `top_2.$proc$syn_yosys.v:2122$2572'.
Removing empty process `top_2.$proc$syn_yosys.v:2118$2571'.
Removing empty process `top_2.$proc$syn_yosys.v:2114$2570'.
Removing empty process `top_2.$proc$syn_yosys.v:2110$2569'.
Removing empty process `top_2.$proc$syn_yosys.v:2106$2568'.
Removing empty process `top_2.$proc$syn_yosys.v:2102$2567'.
Removing empty process `top_2.$proc$syn_yosys.v:2084$2566'.
Removing empty process `top_2.$proc$syn_yosys.v:2080$2565'.
Removing empty process `top_2.$proc$syn_yosys.v:2076$2564'.
Removing empty process `top_2.$proc$syn_yosys.v:2072$2563'.
Removing empty process `top_2.$proc$syn_yosys.v:2068$2562'.
Removing empty process `top_2.$proc$syn_yosys.v:2064$2561'.
Removing empty process `top_2.$proc$syn_yosys.v:2060$2560'.
Removing empty process `top_2.$proc$syn_yosys.v:2056$2559'.
Removing empty process `top_2.$proc$syn_yosys.v:2052$2558'.
Removing empty process `top_2.$proc$syn_yosys.v:2048$2557'.
Removing empty process `top_2.$proc$syn_yosys.v:2044$2556'.
Removing empty process `top_2.$proc$syn_yosys.v:2040$2555'.
Removing empty process `top_2.$proc$syn_yosys.v:2036$2554'.
Removing empty process `top_2.$proc$syn_yosys.v:2032$2553'.
Removing empty process `top_2.$proc$syn_yosys.v:960$2552'.
Removing empty process `top_2.$proc$syn_yosys.v:959$2551'.
Removing empty process `top_2.$proc$syn_yosys.v:958$2550'.
Removing empty process `top_2.$proc$syn_yosys.v:957$2549'.
Removing empty process `top_2.$proc$syn_yosys.v:955$2548'.
Removing empty process `top_2.$proc$syn_yosys.v:952$2547'.
Removing empty process `top_2.$proc$syn_yosys.v:948$2546'.
Removing empty process `top_2.$proc$syn_yosys.v:947$2545'.
Removing empty process `top_2.$proc$syn_yosys.v:2358$2544'.
Removing empty process `top_2.$proc$syn_yosys.v:2356$2543'.
Removing empty process `top_2.$proc$syn_yosys.v:2354$2542'.
Removing empty process `top_2.$proc$syn_yosys.v:2352$2541'.
Removing empty process `top_2.$proc$syn_yosys.v:2350$2540'.
Removing empty process `top_2.$proc$syn_yosys.v:2348$2539'.
Removing empty process `top_2.$proc$syn_yosys.v:2346$2538'.
Removing empty process `top_2.$proc$syn_yosys.v:2344$2537'.
Removing empty process `top_2.$proc$syn_yosys.v:2342$2536'.
Removing empty process `top_2.$proc$syn_yosys.v:2340$2535'.
Removing empty process `top_2.$proc$syn_yosys.v:2338$2534'.
Removing empty process `top_2.$proc$syn_yosys.v:2335$2533'.
Removing empty process `top_2.$proc$syn_yosys.v:2331$2532'.
Removing empty process `top_2.$proc$syn_yosys.v:2327$2531'.
Removing empty process `top_2.$proc$syn_yosys.v:2323$2530'.
Removing empty process `top_2.$proc$syn_yosys.v:2319$2529'.
Removing empty process `top_2.$proc$syn_yosys.v:2315$2528'.
Removing empty process `top_2.$proc$syn_yosys.v:2312$2527'.
Removing empty process `top_2.$proc$syn_yosys.v:2310$2526'.
Removing empty process `top_2.$proc$syn_yosys.v:2308$2525'.
Removing empty process `top_2.$proc$syn_yosys.v:2306$2524'.
Removing empty process `top_2.$proc$syn_yosys.v:2304$2523'.
Removing empty process `top_2.$proc$syn_yosys.v:2302$2522'.
Removing empty process `top_2.$proc$syn_yosys.v:2300$2521'.
Removing empty process `top_2.$proc$syn_yosys.v:2298$2520'.
Removing empty process `top_2.$proc$syn_yosys.v:2296$2519'.
Removing empty process `top_2.$proc$syn_yosys.v:2294$2518'.
Removing empty process `top_2.$proc$syn_yosys.v:2292$2517'.
Removing empty process `top_2.$proc$syn_yosys.v:2290$2516'.
Removing empty process `top_2.$proc$syn_yosys.v:2288$2515'.
Removing empty process `top_2.$proc$syn_yosys.v:2286$2514'.
Removing empty process `top_2.$proc$syn_yosys.v:2284$2513'.
Removing empty process `top_2.$proc$syn_yosys.v:2282$2512'.
Removing empty process `top_2.$proc$syn_yosys.v:2280$2511'.
Removing empty process `top_2.$proc$syn_yosys.v:2278$2510'.
Removing empty process `top_2.$proc$syn_yosys.v:2276$2509'.
Removing empty process `top_2.$proc$syn_yosys.v:2274$2508'.
Removing empty process `top_2.$proc$syn_yosys.v:2272$2507'.
Removing empty process `top_2.$proc$syn_yosys.v:2270$2506'.
Removing empty process `top_2.$proc$syn_yosys.v:2268$2505'.
Removing empty process `top_2.$proc$syn_yosys.v:2266$2504'.
Removing empty process `top_2.$proc$syn_yosys.v:2264$2503'.
Removing empty process `top_2.$proc$syn_yosys.v:2262$2502'.
Removing empty process `top_2.$proc$syn_yosys.v:2260$2501'.
Removing empty process `top_2.$proc$syn_yosys.v:2258$2500'.
Removing empty process `top_2.$proc$syn_yosys.v:2256$2499'.
Removing empty process `top_2.$proc$syn_yosys.v:2254$2498'.
Removing empty process `top_2.$proc$syn_yosys.v:2252$2497'.
Removing empty process `top_2.$proc$syn_yosys.v:2250$2496'.
Removing empty process `top_2.$proc$syn_yosys.v:2248$2495'.
Removing empty process `top_2.$proc$syn_yosys.v:2246$2494'.
Removing empty process `top_2.$proc$syn_yosys.v:2244$2493'.
Removing empty process `top_2.$proc$syn_yosys.v:2242$2492'.
Removing empty process `top_2.$proc$syn_yosys.v:2240$2491'.
Removing empty process `top_2.$proc$syn_yosys.v:2238$2490'.
Removing empty process `top_2.$proc$syn_yosys.v:2236$2489'.
Removing empty process `top_2.$proc$syn_yosys.v:2234$2488'.
Removing empty process `top_2.$proc$syn_yosys.v:2232$2487'.
Removing empty process `top_2.$proc$syn_yosys.v:2230$2486'.
Removing empty process `top_2.$proc$syn_yosys.v:2228$2485'.
Removing empty process `top_2.$proc$syn_yosys.v:2226$2484'.
Removing empty process `top_2.$proc$syn_yosys.v:2224$2483'.
Removing empty process `top_2.$proc$syn_yosys.v:2222$2482'.
Removing empty process `top_2.$proc$syn_yosys.v:2220$2481'.
Removing empty process `top_2.$proc$syn_yosys.v:2218$2480'.
Removing empty process `top_2.$proc$syn_yosys.v:2216$2479'.
Removing empty process `top_2.$proc$syn_yosys.v:2214$2478'.
Removing empty process `top_2.$proc$syn_yosys.v:2212$2477'.
Removing empty process `top_2.$proc$syn_yosys.v:2210$2476'.
Removing empty process `top_2.$proc$syn_yosys.v:2208$2475'.
Removing empty process `top_2.$proc$syn_yosys.v:2206$2474'.
Removing empty process `top_2.$proc$syn_yosys.v:2204$2473'.
Removing empty process `top_2.$proc$syn_yosys.v:2202$2472'.
Removing empty process `top_2.$proc$syn_yosys.v:2200$2471'.
Removing empty process `top_2.$proc$syn_yosys.v:2198$2470'.
Removing empty process `top_2.$proc$syn_yosys.v:2196$2469'.
Removing empty process `top_2.$proc$syn_yosys.v:2194$2468'.
Removing empty process `top_2.$proc$syn_yosys.v:2192$2467'.
Removing empty process `top_2.$proc$syn_yosys.v:2190$2466'.
Removing empty process `top_2.$proc$syn_yosys.v:2188$2465'.
Removing empty process `top_2.$proc$syn_yosys.v:2186$2464'.
Removing empty process `top_2.$proc$syn_yosys.v:2184$2463'.
Removing empty process `top_2.$proc$syn_yosys.v:2182$2462'.
Removing empty process `top_2.$proc$syn_yosys.v:2180$2461'.
Removing empty process `top_2.$proc$syn_yosys.v:2178$2460'.
Removing empty process `top_2.$proc$syn_yosys.v:2176$2459'.
Removing empty process `top_2.$proc$syn_yosys.v:2174$2458'.
Removing empty process `top_2.$proc$syn_yosys.v:2172$2457'.
Removing empty process `top_2.$proc$syn_yosys.v:2170$2456'.
Removing empty process `top_2.$proc$syn_yosys.v:2168$2455'.
Removing empty process `top_2.$proc$syn_yosys.v:2166$2454'.
Removing empty process `top_2.$proc$syn_yosys.v:2164$2453'.
Removing empty process `top_2.$proc$syn_yosys.v:2162$2452'.
Removing empty process `top_2.$proc$syn_yosys.v:2160$2451'.
Removing empty process `top_2.$proc$syn_yosys.v:2158$2450'.
Removing empty process `top_2.$proc$syn_yosys.v:2156$2449'.
Removing empty process `top_2.$proc$syn_yosys.v:2154$2448'.
Removing empty process `top_2.$proc$syn_yosys.v:2152$2447'.
Removing empty process `top_2.$proc$syn_yosys.v:2150$2446'.
Removing empty process `top_2.$proc$syn_yosys.v:2148$2445'.
Removing empty process `top_2.$proc$syn_yosys.v:2146$2444'.
Removing empty process `top_2.$proc$syn_yosys.v:2144$2443'.
Removing empty process `top_2.$proc$syn_yosys.v:2142$2442'.
Removing empty process `top_2.$proc$syn_yosys.v:2140$2441'.
Removing empty process `top_2.$proc$syn_yosys.v:2138$2440'.
Removing empty process `top_2.$proc$syn_yosys.v:2136$2439'.
Removing empty process `top_2.$proc$syn_yosys.v:2134$2438'.
Removing empty process `top_2.$proc$syn_yosys.v:2132$2437'.
Removing empty process `top_2.$proc$syn_yosys.v:2130$2436'.
Removing empty process `top_2.$proc$syn_yosys.v:2127$2435'.
Removing empty process `top_2.$proc$syn_yosys.v:2123$2434'.
Removing empty process `top_2.$proc$syn_yosys.v:2119$2433'.
Removing empty process `top_2.$proc$syn_yosys.v:2115$2432'.
Removing empty process `top_2.$proc$syn_yosys.v:2111$2431'.
Removing empty process `top_2.$proc$syn_yosys.v:2107$2430'.
Removing empty process `top_2.$proc$syn_yosys.v:2103$2429'.
Removing empty process `top_2.$proc$syn_yosys.v:2100$2428'.
Removing empty process `top_2.$proc$syn_yosys.v:2098$2427'.
Removing empty process `top_2.$proc$syn_yosys.v:2096$2426'.
Removing empty process `top_2.$proc$syn_yosys.v:2094$2425'.
Removing empty process `top_2.$proc$syn_yosys.v:2092$2424'.
Removing empty process `top_2.$proc$syn_yosys.v:2090$2423'.
Removing empty process `top_2.$proc$syn_yosys.v:2088$2422'.
Removing empty process `top_2.$proc$syn_yosys.v:2085$2421'.
Removing empty process `top_2.$proc$syn_yosys.v:2081$2420'.
Removing empty process `top_2.$proc$syn_yosys.v:2077$2419'.
Removing empty process `top_2.$proc$syn_yosys.v:2073$2418'.
Removing empty process `top_2.$proc$syn_yosys.v:2069$2417'.
Removing empty process `top_2.$proc$syn_yosys.v:2065$2416'.
Removing empty process `top_2.$proc$syn_yosys.v:2061$2415'.
Removing empty process `top_2.$proc$syn_yosys.v:2057$2414'.
Removing empty process `top_2.$proc$syn_yosys.v:2053$2413'.
Removing empty process `top_2.$proc$syn_yosys.v:2049$2412'.
Removing empty process `top_2.$proc$syn_yosys.v:2045$2411'.
Removing empty process `top_2.$proc$syn_yosys.v:2041$2410'.
Removing empty process `top_2.$proc$syn_yosys.v:2037$2409'.
Removing empty process `top_2.$proc$syn_yosys.v:2033$2408'.
Removing empty process `top_1.$proc$syn_identity.v:25$769'.
Removing empty process `top_1.$proc$syn_identity.v:24$768'.
Removing empty process `top_1.$proc$syn_identity.v:23$767'.
Removing empty process `top_1.$proc$syn_identity.v:22$766'.
Removing empty process `top_1.$proc$syn_identity.v:21$765'.
Removing empty process `top_1.$proc$syn_identity.v:20$764'.
Removing empty process `top_1.$proc$syn_identity.v:19$763'.
Removing empty process `top_1.$proc$syn_identity.v:16$762'.
Removing empty process `top_1.$proc$syn_identity.v:15$761'.
Removing empty process `top_1.$proc$syn_identity.v:14$760'.
Removing empty process `top_1.$proc$syn_identity.v:13$759'.
Removing empty process `top_1.$proc$syn_identity.v:12$758'.
Removing empty process `top_1.$proc$syn_identity.v:11$757'.
Removing empty process `top_1.$proc$syn_identity.v:10$756'.
Found and cleaned up 1 empty switch in `\top_1.$proc$syn_identity.v:77$722'.
Removing empty process `top_1.$proc$syn_identity.v:77$722'.
Found and cleaned up 2 empty switches in `\top_1.$proc$syn_identity.v:43$696'.
Removing empty process `top_1.$proc$syn_identity.v:43$696'.
Removing empty process `top.$proc$top.v:13$2586'.
Removing empty process `top.$proc$top.v:11$2581'.
Cleaned up 3 empty switches.

9.3. Executing OPT_EXPR pass (perform const folding).
Optimizing module top_2.
<suppressed ~96 debug messages>
Optimizing module top_1.
<suppressed ~12 debug messages>
Optimizing module top.

9.4. Executing OPT_CLEAN pass (remove unused cells and wires).
Finding unused cells or wires in module \top_2..
Finding unused cells or wires in module \top_1..
Finding unused cells or wires in module \top..
Removed 29 unused cells and 1401 unused wires.
<suppressed ~40 debug messages>

9.5. Executing CHECK pass (checking for obvious problems).
checking module top..
checking module top_1..
checking module top_2..
found and reported 0 problems.

9.6. Executing OPT pass (performing simple optimizations).

9.6.1. Executing OPT_EXPR pass (perform const folding).
Optimizing module top.
Optimizing module top_1.
Optimizing module top_2.

9.6.2. Executing OPT_MERGE pass (detect identical cells).
Finding identical cells in module `\top'.
Finding identical cells in module `\top_1'.
<suppressed ~6 debug messages>
Finding identical cells in module `\top_2'.
<suppressed ~228 debug messages>
Removed a total of 78 cells.

9.6.3. Executing OPT_MUXTREE pass (detect dead branches in mux trees).
Running muxtree optimizer on module \top..
  Creating internal representation of mux trees.
  No muxes found in this module.
Running muxtree optimizer on module \top_1..
  Creating internal representation of mux trees.
  Evaluating internal representation of mux trees.
      Replacing known input bits on port A of cell $procmux$2618: \reg7 -> { \reg7 [19:18] 1'0 \reg7 [16:0] }
  Analyzing evaluation results.
Running muxtree optimizer on module \top_2..
  Creating internal representation of mux trees.
  Evaluating internal representation of mux trees.
  Analyzing evaluation results.
Removed 0 multiplexer ports.
<suppressed ~91 debug messages>

9.6.4. Executing OPT_REDUCE pass (consolidate $*mux and $reduce_* inputs).
  Optimizing cells in module \top.
  Optimizing cells in module \top_1.
    New input vector for $reduce_or cell $reduce_or$syn_identity.v:88$746: { $ternary$syn_identity.v:88$745_Y [0] $ternary$syn_identity.v:88$745_Y [1] $ternary$syn_identity.v:88$745_Y [2] $ternary$syn_identity.v:88$745_Y [3] $ternary$syn_identity.v:88$745_Y [4] $ternary$syn_identity.v:88$745_Y [5] $ternary$syn_identity.v:88$745_Y [6] $ternary$syn_identity.v:88$745_Y [7] $ternary$syn_identity.v:88$745_Y [8] $ternary$syn_identity.v:88$745_Y [9] $ternary$syn_identity.v:88$745_Y [10] $ternary$syn_identity.v:88$745_Y [11] $ternary$syn_identity.v:88$745_Y [12] $ternary$syn_identity.v:88$745_Y [13] $ternary$syn_identity.v:88$745_Y [14] $ternary$syn_identity.v:88$745_Y [15] }
    New input vector for $reduce_and cell $reduce_and$syn_identity.v:93$750: { \reg10 [0] \reg10 [1] \reg10 [2] \reg10 [3] \reg10 [4] \reg10 [5] \reg10 [6] \reg10 [7] \reg10 [8] \reg10 [9] \reg10 [10] \reg10 [11] \reg10 [12] \reg10 [13] \reg10 [14] \reg10 [15] \reg10 [16] \reg10 [17] \reg10 [18] \reg10 [19] \reg10 [20] \reg10 [21] }
  Optimizing cells in module \top_1.
  Optimizing cells in module \top_2.
Performed a total of 2 changes.

9.6.5. Executing OPT_MERGE pass (detect identical cells).
Finding identical cells in module `\top'.
Finding identical cells in module `\top_1'.
Finding identical cells in module `\top_2'.
Removed a total of 0 cells.

9.6.6. Executing OPT_RMDFF pass (remove dff with constant values).
Promoting init spec \reg19 = 8'00000000 to constant driver in module top_1.
Promoted 1 init specs to constant drivers.

9.6.7. Executing OPT_CLEAN pass (remove unused cells and wires).
Finding unused cells or wires in module \top..
Finding unused cells or wires in module \top_1..
Finding unused cells or wires in module \top_2..
Removed 0 unused cells and 78 unused wires.
<suppressed ~2 debug messages>

9.6.8. Executing OPT_EXPR pass (perform const folding).
Optimizing module top.
Optimizing module top_1.
Optimizing module top_2.

9.6.9. Rerunning OPT passes. (Maybe there is more to do..)

9.6.10. Executing OPT_MUXTREE pass (detect dead branches in mux trees).
Running muxtree optimizer on module \top..
  Creating internal representation of mux trees.
  No muxes found in this module.
Running muxtree optimizer on module \top_1..
  Creating internal representation of mux trees.
  Evaluating internal representation of mux trees.
  Analyzing evaluation results.
Running muxtree optimizer on module \top_2..
  Creating internal representation of mux trees.
  Evaluating internal representation of mux trees.
  Analyzing evaluation results.
Removed 0 multiplexer ports.
<suppressed ~91 debug messages>

9.6.11. Executing OPT_REDUCE pass (consolidate $*mux and $reduce_* inputs).
  Optimizing cells in module \top.
  Optimizing cells in module \top_1.
  Optimizing cells in module \top_2.
Performed a total of 0 changes.

9.6.12. Executing OPT_MERGE pass (detect identical cells).
Finding identical cells in module `\top'.
Finding identical cells in module `\top_1'.
Finding identical cells in module `\top_2'.
Removed a total of 0 cells.

9.6.13. Executing OPT_RMDFF pass (remove dff with constant values).

9.6.14. Executing OPT_CLEAN pass (remove unused cells and wires).
Finding unused cells or wires in module \top..
Finding unused cells or wires in module \top_1..
Finding unused cells or wires in module \top_2..

9.6.15. Executing OPT_EXPR pass (perform const folding).
Optimizing module top.
Optimizing module top_1.
Optimizing module top_2.

9.6.16. Finished OPT passes. (There is nothing left to do.)

9.7. Executing WREDUCE pass (reducing word size of cells).
Removed top 5 bits (of 7) from mux cell top_1.$procmux$2600 ($mux).
Removed top 17 bits (of 18) from FF cell top_1.$procdff$2780 ($dff).
Removed top 8 bits (of 12) from FF cell top_1.$procdff$2779 ($dff).
Removed top 5 bits (of 7) from FF cell top_1.$procdff$2775 ($dff).
Removed top 11 bits (of 18) from mux cell top_1.$ternary$syn_identity.v:49$702 ($mux).
Removed top 10 bits (of 11) from port B of cell top_1.$ge$syn_identity.v:59$708 ($ge).
Removed top 3 bits (of 14) from port A of cell top_1.$mul$syn_identity.v:70$715 ($mul).
Removed top 4 bits (of 14) from port B of cell top_1.$mul$syn_identity.v:70$715 ($mul).
Removed top 13 bits (of 14) from port A of cell top_1.$ge$syn_identity.v:70$718 ($ge).
Removed top 8 bits (of 22) from port A of cell top_1.$neg$syn_identity.v:84$735 ($neg).
Removed top 15 bits (of 22) from port Y of cell top_1.$xnor$syn_identity.v:79$724 ($xnor).
Removed top 8 bits (of 12) from port A of cell top_1.$shr$syn_identity.v:85$737 ($shr).
Removed top 9 bits (of 11) from port A of cell top_1.$ne$syn_identity.v:88$749 ($ne).
Removed top 11 bits (of 18) from port Y of cell top_1.$neg$syn_identity.v:49$699 ($neg).
Removed top 11 bits (of 18) from port A of cell top_1.$neg$syn_identity.v:49$699 ($neg).
Removed top 11 bits (of 18) from port Y of cell top_1.$xnor$syn_identity.v:49$698 ($xnor).
Removed top 5 bits (of 7) from wire top_1.$0\reg16[6:0].
Removed top 6 bits (of 7) from wire top_1.$ge$syn_identity.v:59$708_Y.
Removed top 11 bits (of 18) from wire top_1.$neg$syn_identity.v:49$699_Y.
Removed top 6 bits (of 7) from wire top_1.$reduce_and$syn_identity.v:93$750_Y.
Removed top 9 bits (of 10) from wire top_1.$reduce_xnor$syn_identity.v:68$714_Y.
Removed top 21 bits (of 22) from wire top_1.$reduce_xor$syn_identity.v:72$720_Y.
Removed top 11 bits (of 18) from wire top_1.$xnor$syn_identity.v:49$698_Y.
Removed top 15 bits (of 16) from wire top_1.wire12.
Removed top 7 bits (of 21) from wire top_2._0004_.
Removed top 8 bits (of 12) from wire top_2.reg15.
Removed top 5 bits (of 7) from wire top_2.reg16.
Removed top 7 bits (of 21) from wire top_2.reg18.

9.8. Executing MEMORY_DFF pass (merging $dff cells to $memrd and $memwr).

9.9. Executing OPT_CLEAN pass (remove unused cells and wires).
Finding unused cells or wires in module \top..
Finding unused cells or wires in module \top_1..
Finding unused cells or wires in module \top_2..
Removed 0 unused cells and 13 unused wires.
<suppressed ~2 debug messages>

9.10. Executing MEMORY_COLLECT pass (generating $mem cells).

9.11. Executing OPT pass (performing simple optimizations).

9.11.1. Executing OPT_EXPR pass (perform const folding).
Optimizing module top.
Optimizing module top_1.
<suppressed ~4 debug messages>
Optimizing module top_2.

9.11.2. Executing OPT_MERGE pass (detect identical cells).
Finding identical cells in module `\top'.
Finding identical cells in module `\top_1'.
Finding identical cells in module `\top_2'.
Removed a total of 0 cells.

9.11.3. Executing OPT_RMDFF pass (remove dff with constant values).

9.11.4. Executing OPT_CLEAN pass (remove unused cells and wires).
Finding unused cells or wires in module \top..
Finding unused cells or wires in module \top_1..
Finding unused cells or wires in module \top_2..
Removed 0 unused cells and 3 unused wires.
<suppressed ~1 debug messages>

9.11.5. Finished fast OPT passes.

9.12. Printing statistics.

=== top ===

   Number of wires:                 12
   Number of wire bits:            450
   Number of public wires:           7
   Number of public wire bits:     245
   Number of memories:               0
   Number of memory bits:            0
   Number of processes:              0
   Number of cells:                  6
     $assert                         1
     $dff                            2
     $eq                             1
     top_1                           1
     top_2                           1

=== top_1 ===

   Number of wires:                 70
   Number of wire bits:            922
   Number of public wires:          22
   Number of public wire bits:     446
   Number of memories:               0
   Number of memory bits:            0
   Number of processes:              0
   Number of cells:                 62
     $dff                           13
     $ge                             2
     $logic_not                      3
     $lt                             1
     $mul                            1
     $mux                           22
     $ne                             1
     $neg                            2
     $not                            2
     $reduce_and                     1
     $reduce_bool                    6
     $reduce_or                      1
     $reduce_xnor                    2
     $reduce_xor                     1
     $shr                            2
     $xnor                           2

=== top_2 ===

   Number of wires:               1391
   Number of wire bits:           1917
   Number of public wires:         970
   Number of public wire bits:    1496
   Number of memories:               0
   Number of memory bits:            0
   Number of processes:              0
   Number of cells:               1601
     $and                          449
     $dff                          137
     $mux                           82
     $not                          403
     $or                           300
     $xor                          230

=== design hierarchy ===

   top                               1
     top_1                           1
     top_2                           1

   Number of wires:               1473
   Number of wire bits:           3289
   Number of public wires:         999
   Number of public wire bits:    2187
   Number of memories:               0
   Number of memory bits:            0
   Number of processes:              0
   Number of cells:               1667
     $and                          449
     $assert                         1
     $dff                          152
     $eq                             1
     $ge                             2
     $logic_not                      3
     $lt                             1
     $mul                            1
     $mux                          104
     $ne                             1
     $neg                            2
     $not                          405
     $or                           300
     $reduce_and                     1
     $reduce_bool                    6
     $reduce_or                      1
     $reduce_xnor                    2
     $reduce_xor                     1
     $shr                            2
     $xnor                           2
     $xor                          230

9.13. Executing CHECK pass (checking for obvious problems).
checking module top..
checking module top_1..
checking module top_2..
found and reported 0 problems.

10. Executing HIERARCHY pass (managing design hierarchy).

Syntax error in command `hierarchy -smtcheck':

    hierarchy [-check] [-top <module>]
    hierarchy -generate <cell-types> <port-decls>

In parametric designs, a module might exists in several variations with
different parameter values. This pass looks at all modules in the current
design an re-runs the language frontends for the parametric modules as
needed. It also resolves assignments to wired logic data types (wand/wor),
resolves positional module parameters, unroll array instances, and more.

    -check
        also check the design hierarchy. this generates an error when
        an unknown module is used as cell type.

    -simcheck
        like -check, but also throw an error if blackbox modules are
        instantiated, and throw an error if the design has no top module.

    -purge_lib
        by default the hierarchy command will not remove library (blackbox)
        modules. use this option to also remove unused blackbox modules.

    -libdir <directory>
        search for files named <module_name>.v in the specified directory
        for unknown modules and automatically run read_verilog for each
        unknown module.

    -keep_positionals
        per default this pass also converts positional arguments in cells
        to arguments using port names. This option disables this behavior.

    -keep_portwidths
        per default this pass adjusts the port width on cells that are
        module instances when the width does not match the module port. This
        option disables this behavior.

    -nodefaults
        do not resolve input port default values

    -nokeep_asserts
        per default this pass sets the "keep" attribute on all modules
        that directly or indirectly contain one or more formal properties.
        This option disables this behavior.

    -top <module>
        use the specified top module to build the design hierarchy. Modules
        outside this tree (unused modules) are removed.

        when the -top option is used, the 'top' attribute will be set on the
        specified top module. otherwise a module with the 'top' attribute set
        will implicitly be used as top module, if such a module exists.

    -auto-top
        automatically determine the top of the design hierarchy and mark it.

    -chparam name value 
       elaborate the top module using this parameter value. Modules on which
       this parameter does not exist may cause a warning message to be output.
       This option can be specified multiple times to override multiple
       parameters. String values must be passed in double quotes (").

In -generate mode this pass generates blackbox modules for the given cell
types (wildcards supported). For this the design is searched for cells that
match the given types and then the given port declarations are used to
determine the direction of the ports. The syntax for a port declaration is:

    {i|o|io}[@<num>]:<portname>

Input ports are specified with the 'i' prefix, output ports with the 'o'
prefix and inout ports with the 'io' prefix. The optional <num> specifies
the position of the port in the parameter list (needed when instantiated
using positional arguments). When <num> is not specified, the <portname> can
also contain wildcard characters.

This pass ignores the current selection and always operates on all modules
in the current design.

ERROR: Command syntax error: Unknown option or option in arguments.
> hierarchy -smtcheck
>           ^
