./syn_vivado.v:880: warning: Port 1 (CO) of CARRY4 expects 4 bits, got 2.
./syn_vivado.v:880:        : Padding 2 high bits of the port.
./syn_vivado.v:880: warning: Port 2 (O) of CARRY4 expects 4 bits, got 3.
./syn_vivado.v:880:        : Padding 1 high bits of the port.
./syn_vivado.v:1227: warning: Port 1 (CO) of CARRY4 expects 4 bits, got 2.
./syn_vivado.v:1227:        : Padding 2 high bits of the port.
./syn_vivado.v:1227: warning: Port 2 (O) of CARRY4 expects 4 bits, got 3.
./syn_vivado.v:1227:        : Padding 1 high bits of the port.
./syn_vivado.v:1802: warning: Port 1 (CO) of CARRY4 expects 4 bits, got 3.
./syn_vivado.v:1802:        : Padding 1 high bits of the port.
./syn_vivado.v:1802: warning: Port 2 (O) of CARRY4 expects 4 bits, got 2.
./syn_vivado.v:1802:        : Padding 2 high bits of the port.
./syn_vivado.v:1809: warning: Port 1 (CO) of CARRY4 expects 4 bits, got 1.
./syn_vivado.v:1809:        : Padding 3 high bits of the port.
./syn_vivado.v:1825: warning: Port 1 (CO) of CARRY4 expects 4 bits, got 1.
./syn_vivado.v:1825:        : Padding 3 high bits of the port.
./syn_vivado.v:1881: warning: Port 1 (CO) of CARRY4 expects 4 bits, got 1.
./syn_vivado.v:1881:        : Padding 3 high bits of the port.
./syn_vivado.v:1946: warning: Port 1 (CO) of CARRY4 expects 4 bits, got 1.
./syn_vivado.v:1946:        : Padding 3 high bits of the port.
./syn_vivado.v:2037: warning: Port 1 (CO) of CARRY4 expects 4 bits, got 3.
./syn_vivado.v:2037:        : Padding 1 high bits of the port.
warning: Found both default and `timescale based delays. Use
       : -Wtimescale to find the module(s) with no `timescale.
