0000000000000000000000000000000000000000000000000100000000000000000000000000000000000000000000000000000000000000001000000000000000000000000000010000000000000000000000
0000000000101110000000000000000000000100000000000100000000101000110111111111111111110000000001000000000000000000001000000000000000000000000000000000000000000000000010
0000000000100010000000000000000000000100000000000100001101111110101111111111111111110000000001000000000000000000001000000000000000000000000000010000000000000000000010
0000000000001000000000000000000000000000000000000100000000100100100000000000000000000000000000000000000000000000000000000000000000010000000000000000000000000000000000
0000000000110100000000000000000000000000000000000100000010100110010000000000000000000000000000000000000000000000000000000000000000000000000000010000000000000000000000
0000000000110100000000000000000000000000000000000100001001110011100000000000000000000000000000000000000000000000000000000000000000000000000000010000000000000000000000
0000000000100010000000000000000000000100000000000100000111000100110111111111111111110000000001000000000000000000001000000000000000000000000000000000000000000000000010
0000000000100010000000000000000000000100000000000100000111110101011111111111111111110000000001000000000000000000001000000000000000000000000000010000000000000000000110
0000000000111010000000000000000000000000000000000100000101011000101000000000000000000000000000000000000000000000000000000000000000000000000000010000000000000000000000
0000000000001110000000000000000000000000000000000100000011000100001000000000000000000000000000000000000000000000000000000000000000000000000000010000000000000000000100
0000000000101100000000000000000000000100000000000100000000110000000111111111111111110000000001000000000000000000001000000000000000000000000000010000000000000000000010
0000000000110000000000000000000000000000000000000100001010011001000000000000000000000000000000000000000000000000000000000000000000000000000000000000000000000000000000
0000000000111100000000000000000000000000000000000100001110001111110000000000000000000000000000000000000000000000000000000000000000000000000000010000000000000000000000
0000000000111100000000000000000000000000000000000100000100000101001000000000000000000000000000000000000000000000000000000000000000000000000000000000000000000000000000
0000000000111110000000000000000000000000000000000100001111010010010000000000000000000000000000000000000000000000000000000000000000000000000000000000000000000000000000
0000000000000100000000000000000000000000000000000100001011101001010000000000000000000000000000000000000000000000000000000000000000010000000000000000000000000000000000
0000000000011000000000000000000000000100000000000100001101101010001111111111111111110000000001000000000000000000001000000000000000000000000000010000000000000000000110
0000000000110010000000000000000000000000000000000100001011110010101000000000000000000000000000000000000000000000000000000000000000010000000000000000000000000000000100
0000000000101000000000000000000000000100000000000100000010000001101111111111111111110000000001000000000000000000001000000000000000000000000000010000000000000000000010
0000000000011010000000000000000000000100000000000100000011100010000111111111111111110000000001000000000000000000001000000000000000000000000000000000000000000000000010
0000000000110010000000000000000000000000000000000100001111000000001000000000000000000000000000000000000000000000000000000000000000000000000000000000000000000000000100
0000000000111010000000000000000000000100000000000100001100100010111111111111111111110000000001000000000000000000001000000000000000000000000000010000000000000000000010
