
 /----------------------------------------------------------------------------\
 |                                                                            |
 |  yosys -- Yosys Open SYnthesis Suite                                       |
 |                                                                            |
 |  Copyright (C) 2012 - 2019  Clifford Wolf <clifford@clifford.at>           |
 |                                                                            |
 |  Permission to use, copy, modify, and/or distribute this software for any  |
 |  purpose with or without fee is hereby granted, provided that the above    |
 |  copyright notice and this permission notice appear in all copies.         |
 |                                                                            |
 |  THE SOFTWARE IS PROVIDED "AS IS" AND THE AUTHOR DISCLAIMS ALL WARRANTIES  |
 |  WITH REGARD TO THIS SOFTWARE INCLUDING ALL IMPLIED WARRANTIES OF          |
 |  MERCHANTABILITY AND FITNESS. IN NO EVENT SHALL THE AUTHOR BE LIABLE FOR   |
 |  ANY SPECIAL, DIRECT, INDIRECT, OR CONSEQUENTIAL DAMAGES OR ANY DAMAGES    |
 |  WHATSOEVER RESULTING FROM LOSS OF USE, DATA OR PROFITS, WHETHER IN AN     |
 |  ACTION OF CONTRACT, NEGLIGENCE OR OTHER TORTIOUS ACTION, ARISING OUT OF   |
 |  OR IN CONNECTION WITH THE USE OR PERFORMANCE OF THIS SOFTWARE.            |
 |                                                                            |
 \----------------------------------------------------------------------------/

 Yosys 0.9 (git sha1 1979e0b)


-- Executing script file `../model/design.ys' --

1. Executing Verilog-2005 frontend: cells_cmos.v
Parsing formal SystemVerilog input from `cells_cmos.v' to AST representation.
Generating RTLIL representation for module `\NOT'.
Generating RTLIL representation for module `\NAND'.
Generating RTLIL representation for module `\NOR'.
Generating RTLIL representation for module `\DFF'.
Generating RTLIL representation for module `\DFFSR'.
Successfully finished Verilog frontend.

2. Executing Verilog-2005 frontend: cells_cyclone_v.v
Parsing formal SystemVerilog input from `cells_cyclone_v.v' to AST representation.
Generating RTLIL representation for module `\dffeas'.
Generating RTLIL representation for module `\cyclonev_lcell_comb'.
Note: Assuming pure combinatorial block at cells_cyclone_v.v:131 in
compliance with IEC 62142(E):2005 / IEEE Std. 1364.1(E):2002. Recommending
use of @* instead of @(...) for better match of synthesis and simulation.
Generating RTLIL representation for module `\cyclonev_clkena'.
Generating RTLIL representation for module `\cyclonev_io_ibuf'.
Generating RTLIL representation for module `\cyclonev_io_obuf'.
Generating RTLIL representation for module `\cyclone10lp_lcell_comb'.
Note: Assuming pure combinatorial block at cells_cyclone_v.v:351 in
compliance with IEC 62142(E):2005 / IEEE Std. 1364.1(E):2002. Recommending
use of @* instead of @(...) for better match of synthesis and simulation.
Generating RTLIL representation for module `\cyclone10lp_io_ibuf'.
Generating RTLIL representation for module `\cyclone10lp_io_obuf'.
Generating RTLIL representation for module `\cyclone10lp_clkena'.
Generating RTLIL representation for module `\cyclone10gx_lcell_comb'.
Note: Assuming pure combinatorial block at cells_cyclone_v.v:570 in
compliance with IEC 62142(E):2005 / IEEE Std. 1364.1(E):2002. Recommending
use of @* instead of @(...) for better match of synthesis and simulation.
Generating RTLIL representation for module `\cyclone10gx_io_ibuf'.
Generating RTLIL representation for module `\cyclone10gx_io_obuf'.
Generating RTLIL representation for module `\cyclone10gx_clkena'.
Successfully finished Verilog frontend.

3. Executing Verilog-2005 frontend: cells_verific.v
Parsing formal SystemVerilog input from `cells_verific.v' to AST representation.
Generating RTLIL representation for module `\VERIFIC_FADD'.
Generating RTLIL representation for module `\VERIFIC_DFFRS'.
Successfully finished Verilog frontend.

4. Executing Verilog-2005 frontend: cells_xilinx_7.v
Parsing formal SystemVerilog input from `cells_xilinx_7.v' to AST representation.
Warning: Yosys has only limited support for tri-state logic at the moment. (cells_xilinx_7.v:18)
Generating RTLIL representation for module `\IBUF'.
Generating RTLIL representation for module `\OBUF'.
Generating RTLIL representation for module `\OBUFT'.
Generating RTLIL representation for module `\GND'.
Generating RTLIL representation for module `\INV'.
Generating RTLIL representation for module `\LUT1'.
Generating RTLIL representation for module `\LUT2'.
Generating RTLIL representation for module `\LUT3'.
Generating RTLIL representation for module `\LUT4'.
Generating RTLIL representation for module `\LUT5'.
Generating RTLIL representation for module `\LUT6'.
Generating RTLIL representation for module `\MUXCY'.
Generating RTLIL representation for module `\MUXF7'.
Generating RTLIL representation for module `\MUXF8'.
Generating RTLIL representation for module `\VCC'.
Generating RTLIL representation for module `\XORCY'.
Generating RTLIL representation for module `\CARRY4'.
Generating RTLIL representation for module `\FD_1'.
Generating RTLIL representation for module `\FDC_1'.
Note: Assuming pure combinatorial block at cells_xilinx_7.v:148 in
compliance with IEC 62142(E):2005 / IEEE Std. 1364.1(E):2002. Recommending
use of @* instead of @(...) for better match of synthesis and simulation.
Generating RTLIL representation for module `\FDCE_1'.
Note: Assuming pure combinatorial block at cells_xilinx_7.v:163 in
compliance with IEC 62142(E):2005 / IEEE Std. 1364.1(E):2002. Recommending
use of @* instead of @(...) for better match of synthesis and simulation.
Generating RTLIL representation for module `\FDCE'.
Note: Assuming pure combinatorial block at cells_xilinx_7.v:179 in
compliance with IEC 62142(E):2005 / IEEE Std. 1364.1(E):2002. Recommending
use of @* instead of @(...) for better match of synthesis and simulation.
Generating RTLIL representation for module `\FDCP_1'.
Note: Assuming pure combinatorial block at cells_xilinx_7.v:195 in
compliance with IEC 62142(E):2005 / IEEE Std. 1364.1(E):2002. Recommending
use of @* instead of @(...) for better match of synthesis and simulation.
Generating RTLIL representation for module `\FDCPE_1'.
Note: Assuming pure combinatorial block at cells_xilinx_7.v:212 in
compliance with IEC 62142(E):2005 / IEEE Std. 1364.1(E):2002. Recommending
use of @* instead of @(...) for better match of synthesis and simulation.
Generating RTLIL representation for module `\FDCPE'.
Note: Assuming pure combinatorial block at cells_xilinx_7.v:230 in
compliance with IEC 62142(E):2005 / IEEE Std. 1364.1(E):2002. Recommending
use of @* instead of @(...) for better match of synthesis and simulation.
Generating RTLIL representation for module `\FDCP'.
Note: Assuming pure combinatorial block at cells_xilinx_7.v:248 in
compliance with IEC 62142(E):2005 / IEEE Std. 1364.1(E):2002. Recommending
use of @* instead of @(...) for better match of synthesis and simulation.
Generating RTLIL representation for module `\FDC'.
Note: Assuming pure combinatorial block at cells_xilinx_7.v:264 in
compliance with IEC 62142(E):2005 / IEEE Std. 1364.1(E):2002. Recommending
use of @* instead of @(...) for better match of synthesis and simulation.
Generating RTLIL representation for module `\FDDRCPE'.
Note: Assuming pure combinatorial block at cells_xilinx_7.v:288 in
compliance with IEC 62142(E):2005 / IEEE Std. 1364.1(E):2002. Recommending
use of @* instead of @(...) for better match of synthesis and simulation.
Generating RTLIL representation for module `\FDDRRSE'.
Generating RTLIL representation for module `\FDE_1'.
Generating RTLIL representation for module `\FDE'.
Generating RTLIL representation for module `\FDP_1'.
Note: Assuming pure combinatorial block at cells_xilinx_7.v:401 in
compliance with IEC 62142(E):2005 / IEEE Std. 1364.1(E):2002. Recommending
use of @* instead of @(...) for better match of synthesis and simulation.
Generating RTLIL representation for module `\FDPE_1'.
Note: Assuming pure combinatorial block at cells_xilinx_7.v:416 in
compliance with IEC 62142(E):2005 / IEEE Std. 1364.1(E):2002. Recommending
use of @* instead of @(...) for better match of synthesis and simulation.
Generating RTLIL representation for module `\FDPE'.
Note: Assuming pure combinatorial block at cells_xilinx_7.v:432 in
compliance with IEC 62142(E):2005 / IEEE Std. 1364.1(E):2002. Recommending
use of @* instead of @(...) for better match of synthesis and simulation.
Generating RTLIL representation for module `\FDP'.
Note: Assuming pure combinatorial block at cells_xilinx_7.v:448 in
compliance with IEC 62142(E):2005 / IEEE Std. 1364.1(E):2002. Recommending
use of @* instead of @(...) for better match of synthesis and simulation.
Generating RTLIL representation for module `\FDR_1'.
Generating RTLIL representation for module `\FDRE_1'.
Generating RTLIL representation for module `\FDRE'.
Generating RTLIL representation for module `\FDRS_1'.
Generating RTLIL representation for module `\FDRSE_1'.
Generating RTLIL representation for module `\FDRSE'.
Generating RTLIL representation for module `\FDRS'.
Generating RTLIL representation for module `\FDR'.
Generating RTLIL representation for module `\FDS_1'.
Generating RTLIL representation for module `\FDSE_1'.
Generating RTLIL representation for module `\FDSE'.
Generating RTLIL representation for module `\FDS'.
Generating RTLIL representation for module `\FD'.
Generating RTLIL representation for module `\LD_1'.
Note: Assuming pure combinatorial block at cells_xilinx_7.v:664 in
compliance with IEC 62142(E):2005 / IEEE Std. 1364.1(E):2002. Recommending
use of @* instead of @(...) for better match of synthesis and simulation.
Generating RTLIL representation for module `\LDC_1'.
Note: Assuming pure combinatorial block at cells_xilinx_7.v:677 in
compliance with IEC 62142(E):2005 / IEEE Std. 1364.1(E):2002. Recommending
use of @* instead of @(...) for better match of synthesis and simulation.
Generating RTLIL representation for module `\LDCE_1'.
Note: Assuming pure combinatorial block at cells_xilinx_7.v:692 in
compliance with IEC 62142(E):2005 / IEEE Std. 1364.1(E):2002. Recommending
use of @* instead of @(...) for better match of synthesis and simulation.
Generating RTLIL representation for module `\LDCE'.
Note: Assuming pure combinatorial block at cells_xilinx_7.v:707 in
compliance with IEC 62142(E):2005 / IEEE Std. 1364.1(E):2002. Recommending
use of @* instead of @(...) for better match of synthesis and simulation.
Generating RTLIL representation for module `\LDCP_1'.
Note: Assuming pure combinatorial block at cells_xilinx_7.v:722 in
compliance with IEC 62142(E):2005 / IEEE Std. 1364.1(E):2002. Recommending
use of @* instead of @(...) for better match of synthesis and simulation.
Generating RTLIL representation for module `\LDCPE_1'.
Note: Assuming pure combinatorial block at cells_xilinx_7.v:739 in
compliance with IEC 62142(E):2005 / IEEE Std. 1364.1(E):2002. Recommending
use of @* instead of @(...) for better match of synthesis and simulation.
Generating RTLIL representation for module `\LDCPE'.
Note: Assuming pure combinatorial block at cells_xilinx_7.v:756 in
compliance with IEC 62142(E):2005 / IEEE Std. 1364.1(E):2002. Recommending
use of @* instead of @(...) for better match of synthesis and simulation.
Generating RTLIL representation for module `\LDCP'.
Note: Assuming pure combinatorial block at cells_xilinx_7.v:773 in
compliance with IEC 62142(E):2005 / IEEE Std. 1364.1(E):2002. Recommending
use of @* instead of @(...) for better match of synthesis and simulation.
Generating RTLIL representation for module `\LDC'.
Note: Assuming pure combinatorial block at cells_xilinx_7.v:790 in
compliance with IEC 62142(E):2005 / IEEE Std. 1364.1(E):2002. Recommending
use of @* instead of @(...) for better match of synthesis and simulation.
Generating RTLIL representation for module `\LDE_1'.
Note: Assuming pure combinatorial block at cells_xilinx_7.v:805 in
compliance with IEC 62142(E):2005 / IEEE Std. 1364.1(E):2002. Recommending
use of @* instead of @(...) for better match of synthesis and simulation.
Generating RTLIL representation for module `\LDE'.
Note: Assuming pure combinatorial block at cells_xilinx_7.v:818 in
compliance with IEC 62142(E):2005 / IEEE Std. 1364.1(E):2002. Recommending
use of @* instead of @(...) for better match of synthesis and simulation.
Generating RTLIL representation for module `\LDP_1'.
Note: Assuming pure combinatorial block at cells_xilinx_7.v:831 in
compliance with IEC 62142(E):2005 / IEEE Std. 1364.1(E):2002. Recommending
use of @* instead of @(...) for better match of synthesis and simulation.
Generating RTLIL representation for module `\LDPE_1'.
Note: Assuming pure combinatorial block at cells_xilinx_7.v:846 in
compliance with IEC 62142(E):2005 / IEEE Std. 1364.1(E):2002. Recommending
use of @* instead of @(...) for better match of synthesis and simulation.
Generating RTLIL representation for module `\LDPE'.
Note: Assuming pure combinatorial block at cells_xilinx_7.v:861 in
compliance with IEC 62142(E):2005 / IEEE Std. 1364.1(E):2002. Recommending
use of @* instead of @(...) for better match of synthesis and simulation.
Generating RTLIL representation for module `\LDP'.
Note: Assuming pure combinatorial block at cells_xilinx_7.v:876 in
compliance with IEC 62142(E):2005 / IEEE Std. 1364.1(E):2002. Recommending
use of @* instead of @(...) for better match of synthesis and simulation.
Generating RTLIL representation for module `\LD'.
Note: Assuming pure combinatorial block at cells_xilinx_7.v:891 in
compliance with IEC 62142(E):2005 / IEEE Std. 1364.1(E):2002. Recommending
use of @* instead of @(...) for better match of synthesis and simulation.
Generating RTLIL representation for module `\BUFCF'.
Generating RTLIL representation for module `\BUFE'.
Generating RTLIL representation for module `\BUFGCE_1'.
Generating RTLIL representation for module `\BUFGCE'.
Generating RTLIL representation for module `\BUFGCTRL'.
Note: Assuming pure combinatorial block at cells_xilinx_7.v:958 in
compliance with IEC 62142(E):2005 / IEEE Std. 1364.1(E):2002. Recommending
use of @* instead of @(...) for better match of synthesis and simulation.
Generating RTLIL representation for module `\BUFG_LB'.
Generating RTLIL representation for module `\BUFGMUX_1'.
Note: Assuming pure combinatorial block at cells_xilinx_7.v:998 in
compliance with IEC 62142(E):2005 / IEEE Std. 1364.1(E):2002. Recommending
use of @* instead of @(...) for better match of synthesis and simulation.
Note: Assuming pure combinatorial block at cells_xilinx_7.v:1001 in
compliance with IEC 62142(E):2005 / IEEE Std. 1364.1(E):2002. Recommending
use of @* instead of @(...) for better match of synthesis and simulation.
Note: Assuming pure combinatorial block at cells_xilinx_7.v:1004 in
compliance with IEC 62142(E):2005 / IEEE Std. 1364.1(E):2002. Recommending
use of @* instead of @(...) for better match of synthesis and simulation.
Note: Assuming pure combinatorial block at cells_xilinx_7.v:1009 in
compliance with IEC 62142(E):2005 / IEEE Std. 1364.1(E):2002. Recommending
use of @* instead of @(...) for better match of synthesis and simulation.
Generating RTLIL representation for module `\BUFGMUX_CTRL'.
Generating RTLIL representation for module `\BUFGMUX'.
Note: Assuming pure combinatorial block at cells_xilinx_7.v:1042 in
compliance with IEC 62142(E):2005 / IEEE Std. 1364.1(E):2002. Recommending
use of @* instead of @(...) for better match of synthesis and simulation.
Note: Assuming pure combinatorial block at cells_xilinx_7.v:1045 in
compliance with IEC 62142(E):2005 / IEEE Std. 1364.1(E):2002. Recommending
use of @* instead of @(...) for better match of synthesis and simulation.
Note: Assuming pure combinatorial block at cells_xilinx_7.v:1048 in
compliance with IEC 62142(E):2005 / IEEE Std. 1364.1(E):2002. Recommending
use of @* instead of @(...) for better match of synthesis and simulation.
Note: Assuming pure combinatorial block at cells_xilinx_7.v:1053 in
compliance with IEC 62142(E):2005 / IEEE Std. 1364.1(E):2002. Recommending
use of @* instead of @(...) for better match of synthesis and simulation.
Generating RTLIL representation for module `\BUFGMUX_VIRTEX4'.
Generating RTLIL representation for module `\BUFGP'.
Generating RTLIL representation for module `\BUFG'.
Generating RTLIL representation for module `\BUFHCE'.
Generating RTLIL representation for module `\BUFH'.
Generating RTLIL representation for module `\BUFIO2FB'.
Generating RTLIL representation for module `\BUFIODQS'.
Note: Assuming pure combinatorial block at cells_xilinx_7.v:1146 in
compliance with IEC 62142(E):2005 / IEEE Std. 1364.1(E):2002. Recommending
use of @* instead of @(...) for better match of synthesis and simulation.
Note: Assuming pure combinatorial block at cells_xilinx_7.v:1150 in
compliance with IEC 62142(E):2005 / IEEE Std. 1364.1(E):2002. Recommending
use of @* instead of @(...) for better match of synthesis and simulation.
Generating RTLIL representation for module `\BUFIO'.
Generating RTLIL representation for module `\BUFMRCE'.
Generating RTLIL representation for module `\BUFMR'.
Generating RTLIL representation for module `\BUFT'.
Generating RTLIL representation for module `\BUF'.
Successfully finished Verilog frontend.

5. Executing Verilog-2005 frontend: cells_yosys.v
Parsing formal SystemVerilog input from `cells_yosys.v' to AST representation.
Generating RTLIL representation for module `\$_DLATCH_N_'.
Generating RTLIL representation for module `\$_DLATCH_P_'.
Successfully finished Verilog frontend.

6. Executing Verilog-2005 frontend: syn_identity.v
Parsing formal SystemVerilog input from `syn_identity.v' to AST representation.
Generating RTLIL representation for module `\top_1'.
Generating RTLIL representation for module `\module6_1'.
Generating RTLIL representation for module `\module37_1'.
Generating RTLIL representation for module `\module17_1'.
Successfully finished Verilog frontend.

7. Executing Verilog-2005 frontend: syn_vivado.v
Parsing formal SystemVerilog input from `syn_vivado.v' to AST representation.
Generating RTLIL representation for module `\top_2'.
Successfully finished Verilog frontend.

8. Executing Verilog-2005 frontend: top.v
Parsing formal SystemVerilog input from `top.v' to AST representation.
Generating RTLIL representation for module `\top'.
Successfully finished Verilog frontend.

9. Executing PREP pass.

9.1. Executing HIERARCHY pass (managing design hierarchy).

9.1.1. Analyzing design hierarchy..
Top module:  \top
Used module:     \top_2
Used module:         \OBUF
Used module:         \LUT3
Used module:         \LUT4
Used module:         \LUT6
Used module:         \LUT5
Used module:         \IBUF
Used module:         \VCC
Used module:         \GND
Used module:     \top_1
Used module:         \module6_1
Used module:             \module37_1
Used module:             \module17_1

9.1.2. Executing AST frontend in derive mode using pre-parsed AST for module `\LUT3'.
Parameter \INIT = 8'01101001
Generating RTLIL representation for module `$paramod\LUT3\INIT=8'01101001'.

9.1.3. Executing AST frontend in derive mode using pre-parsed AST for module `\LUT4'.
Parameter \INIT = 16'0111111111111111
Generating RTLIL representation for module `$paramod\LUT4\INIT=16'0111111111111111'.

9.1.4. Executing AST frontend in derive mode using pre-parsed AST for module `\LUT4'.
Parameter \INIT = 16'0111111111111111
Found cached RTLIL representation for module `$paramod\LUT4\INIT=16'0111111111111111'.

9.1.5. Executing AST frontend in derive mode using pre-parsed AST for module `\LUT4'.
Parameter \INIT = 16'0111111111111111
Found cached RTLIL representation for module `$paramod\LUT4\INIT=16'0111111111111111'.

9.1.6. Executing AST frontend in derive mode using pre-parsed AST for module `\LUT4'.
Parameter \INIT = 16'0111111111111111
Found cached RTLIL representation for module `$paramod\LUT4\INIT=16'0111111111111111'.

9.1.7. Executing AST frontend in derive mode using pre-parsed AST for module `\LUT6'.
Parameter \INIT = 64'0000000000000001000000000000000011111111111111101111111111111111
Generating RTLIL representation for module `$paramod$14f98de4aae8d22ad8eecd6622864ee33b853fc8\LUT6'.

9.1.8. Executing AST frontend in derive mode using pre-parsed AST for module `\LUT6'.
Parameter \INIT = 64'0000000000000000000000000000000000000000000000000000000000000001
Generating RTLIL representation for module `$paramod$20246d5e7b6bcf137d425da26da5fdd90dad3f52\LUT6'.

9.1.9. Executing AST frontend in derive mode using pre-parsed AST for module `\LUT6'.
Parameter \INIT = 64'0000000000000000100000000000000000000000000000000000000000000000
Generating RTLIL representation for module `$paramod$d779ec703433824545b55eb2483b5fdefc59f727\LUT6'.

9.1.10. Executing AST frontend in derive mode using pre-parsed AST for module `\LUT6'.
Parameter \INIT = 64'0000000000000000000000000000000000000000000000000000000000000001
Found cached RTLIL representation for module `$paramod$20246d5e7b6bcf137d425da26da5fdd90dad3f52\LUT6'.

9.1.11. Executing AST frontend in derive mode using pre-parsed AST for module `\LUT5'.
Parameter \INIT = 32768
Generating RTLIL representation for module `$paramod\LUT5\INIT=32768'.

9.1.12. Analyzing design hierarchy..
Top module:  \top
Used module:     \top_2
Used module:         \OBUF
Used module:         $paramod\LUT3\INIT=8'01101001
Used module:         $paramod\LUT4\INIT=16'0111111111111111
Used module:         $paramod$14f98de4aae8d22ad8eecd6622864ee33b853fc8\LUT6
Used module:         $paramod$20246d5e7b6bcf137d425da26da5fdd90dad3f52\LUT6
Used module:         $paramod$d779ec703433824545b55eb2483b5fdefc59f727\LUT6
Used module:         $paramod\LUT5\INIT=32768
Used module:         \IBUF
Used module:         \VCC
Used module:         \GND
Used module:     \top_1
Used module:         \module6_1
Used module:             \module37_1
Used module:             \module17_1

9.1.13. Analyzing design hierarchy..
Top module:  \top
Used module:     \top_2
Used module:         \OBUF
Used module:         $paramod\LUT3\INIT=8'01101001
Used module:         $paramod\LUT4\INIT=16'0111111111111111
Used module:         $paramod$14f98de4aae8d22ad8eecd6622864ee33b853fc8\LUT6
Used module:         $paramod$20246d5e7b6bcf137d425da26da5fdd90dad3f52\LUT6
Used module:         $paramod$d779ec703433824545b55eb2483b5fdefc59f727\LUT6
Used module:         $paramod\LUT5\INIT=32768
Used module:         \IBUF
Used module:         \VCC
Used module:         \GND
Used module:     \top_1
Used module:         \module6_1
Used module:             \module37_1
Used module:             \module17_1
Removing unused module `\$_DLATCH_P_'.
Removing unused module `\$_DLATCH_N_'.
Removing unused module `\BUF'.
Removing unused module `\BUFT'.
Removing unused module `\BUFMR'.
Removing unused module `\BUFMRCE'.
Removing unused module `\BUFIO'.
Removing unused module `\BUFIODQS'.
Removing unused module `\BUFIO2FB'.
Removing unused module `\BUFH'.
Removing unused module `\BUFHCE'.
Removing unused module `\BUFG'.
Removing unused module `\BUFGP'.
Removing unused module `\BUFGMUX_VIRTEX4'.
Removing unused module `\BUFGMUX'.
Removing unused module `\BUFGMUX_CTRL'.
Removing unused module `\BUFGMUX_1'.
Removing unused module `\BUFG_LB'.
Removing unused module `\BUFGCTRL'.
Removing unused module `\BUFGCE'.
Removing unused module `\BUFGCE_1'.
Removing unused module `\BUFE'.
Removing unused module `\BUFCF'.
Removing unused module `\LD'.
Removing unused module `\LDP'.
Removing unused module `\LDPE'.
Removing unused module `\LDPE_1'.
Removing unused module `\LDP_1'.
Removing unused module `\LDE'.
Removing unused module `\LDE_1'.
Removing unused module `\LDC'.
Removing unused module `\LDCP'.
Removing unused module `\LDCPE'.
Removing unused module `\LDCPE_1'.
Removing unused module `\LDCP_1'.
Removing unused module `\LDCE'.
Removing unused module `\LDCE_1'.
Removing unused module `\LDC_1'.
Removing unused module `\LD_1'.
Removing unused module `\FD'.
Removing unused module `\FDS'.
Removing unused module `\FDSE'.
Removing unused module `\FDSE_1'.
Removing unused module `\FDS_1'.
Removing unused module `\FDR'.
Removing unused module `\FDRS'.
Removing unused module `\FDRSE'.
Removing unused module `\FDRSE_1'.
Removing unused module `\FDRS_1'.
Removing unused module `\FDRE'.
Removing unused module `\FDRE_1'.
Removing unused module `\FDR_1'.
Removing unused module `\FDP'.
Removing unused module `\FDPE'.
Removing unused module `\FDPE_1'.
Removing unused module `\FDP_1'.
Removing unused module `\FDE'.
Removing unused module `\FDE_1'.
Removing unused module `\FDDRRSE'.
Removing unused module `\FDDRCPE'.
Removing unused module `\FDC'.
Removing unused module `\FDCP'.
Removing unused module `\FDCPE'.
Removing unused module `\FDCPE_1'.
Removing unused module `\FDCP_1'.
Removing unused module `\FDCE'.
Removing unused module `\FDCE_1'.
Removing unused module `\FDC_1'.
Removing unused module `\FD_1'.
Removing unused module `\CARRY4'.
Removing unused module `\XORCY'.
Removing unused module `\MUXF8'.
Removing unused module `\MUXF7'.
Removing unused module `\MUXCY'.
Removing unused module `\LUT6'.
Removing unused module `\LUT5'.
Removing unused module `\LUT4'.
Removing unused module `\LUT3'.
Removing unused module `\LUT2'.
Removing unused module `\LUT1'.
Removing unused module `\INV'.
Removing unused module `\OBUFT'.
Removing unused module `\VERIFIC_DFFRS'.
Removing unused module `\VERIFIC_FADD'.
Removing unused module `\cyclone10gx_clkena'.
Removing unused module `\cyclone10gx_io_obuf'.
Removing unused module `\cyclone10gx_io_ibuf'.
Removing unused module `\cyclone10gx_lcell_comb'.
Removing unused module `\cyclone10lp_clkena'.
Removing unused module `\cyclone10lp_io_obuf'.
Removing unused module `\cyclone10lp_io_ibuf'.
Removing unused module `\cyclone10lp_lcell_comb'.
Removing unused module `\cyclonev_io_obuf'.
Removing unused module `\cyclonev_io_ibuf'.
Removing unused module `\cyclonev_clkena'.
Removing unused module `\cyclonev_lcell_comb'.
Removing unused module `\dffeas'.
Removing unused module `\DFFSR'.
Removing unused module `\DFF'.
Removing unused module `\NOR'.
Removing unused module `\NAND'.
Removing unused module `\NOT'.
Removed 102 unused modules.
Module top directly or indirectly contains formal properties -> setting "keep" attribute.
Mapping positional arguments of cell module6_1.modinst72 (module37_1).
Mapping positional arguments of cell top_1.modinst78 (module6_1).
Warning: Resizing cell port top.top_2.y from 91 bits to 81 bits.
Warning: Resizing cell port top.top_1.y from 91 bits to 81 bits.
Warning: Resizing cell port module6_1.modinst72.y from 5 bits to 282 bits.
Warning: Resizing cell port module6_1.modinst72.wire42 from 22 bits to 18 bits.
Warning: Resizing cell port module6_1.modinst72.wire41 from 14 bits to 8 bits.
Warning: Resizing cell port module6_1.modinst72.wire40 from 21 bits to 12 bits.
Warning: Resizing cell port module6_1.modinst72.wire38 from 18 bits to 6 bits.
Warning: Resizing cell port module6_1.modinst36.wire22 from 21 bits to 14 bits.
Warning: Resizing cell port module6_1.modinst36.wire19 from 20 bits to 5 bits.
Warning: Resizing cell port module6_1.modinst36.wire18 from 17 bits to 10 bits.
Warning: Resizing cell port module6_1.modinst36.wire20 from 22 bits to 3 bits.
Warning: Resizing cell port module6_1.modinst36.y from 14 bits to 126 bits.
Warning: Resizing cell port top_1.modinst78.y from 16 bits to 151 bits.

9.2. Executing PROC pass (convert processes to netlists).

9.2.1. Executing PROC_CLEAN pass (remove empty switches from decision trees).
Cleaned up 0 empty switches.

9.2.2. Executing PROC_RMDEAD pass (remove dead branches from decision trees).
Marked 2 switch rules as full_case in process $proc$syn_identity.v:287$912 in module module17_1.
Marked 1 switch rules as full_case in process $proc$syn_identity.v:269$892 in module module17_1.
Marked 2 switch rules as full_case in process $proc$syn_identity.v:169$772 in module module37_1.
Removed a total of 0 dead cases.

9.2.3. Executing PROC_INIT pass (extract init attributes).
Found init rule in `\top.$proc$top.v:14$986'.
  Set init value: $formal$top.v:14$980_EN = 1'0
Found init rule in `\module17_1.$proc$syn_identity.v:253$979'.
  Set init value: \reg24 = 22'0000000000000000000000
Found init rule in `\module17_1.$proc$syn_identity.v:252$978'.
  Set init value: \reg25 = 7'0000000
Found init rule in `\module17_1.$proc$syn_identity.v:251$977'.
  Set init value: \reg26 = 17'00000000000000000
Found init rule in `\module17_1.$proc$syn_identity.v:250$976'.
  Set init value: \reg27 = 17'00000000000000000
Found init rule in `\module17_1.$proc$syn_identity.v:249$975'.
  Set init value: \reg28 = 5'00000
Found init rule in `\module17_1.$proc$syn_identity.v:248$974'.
  Set init value: \reg29 = 9'000000000
Found init rule in `\module17_1.$proc$syn_identity.v:247$973'.
  Set init value: \reg30 = 3'000
Found init rule in `\module17_1.$proc$syn_identity.v:246$972'.
  Set init value: \reg31 = 19'0000000000000000000
Found init rule in `\module17_1.$proc$syn_identity.v:245$971'.
  Set init value: \reg32 = 9'000000000
Found init rule in `\module17_1.$proc$syn_identity.v:244$970'.
  Set init value: \reg33 = 7'0000000
Found init rule in `\module37_1.$proc$syn_identity.v:116$891'.
  Set init value: \reg44 = 9'000000000
Found init rule in `\module37_1.$proc$syn_identity.v:109$890'.
  Set init value: \reg51 = 19'0000000000000000000
Found init rule in `\module37_1.$proc$syn_identity.v:108$889'.
  Set init value: \reg52 = 11'00000000000
Found init rule in `\module37_1.$proc$syn_identity.v:107$888'.
  Set init value: \reg53 = 4'0000
Found init rule in `\module37_1.$proc$syn_identity.v:106$887'.
  Set init value: \reg54 = 17'00000000000000000
Found init rule in `\module37_1.$proc$syn_identity.v:105$886'.
  Set init value: \reg55 = 3'000
Found init rule in `\module37_1.$proc$syn_identity.v:104$885'.
  Set init value: \reg56 = 10'0000000000
Found init rule in `\module37_1.$proc$syn_identity.v:103$884'.
  Set init value: \reg57 = 9'000000000
Found init rule in `\module37_1.$proc$syn_identity.v:95$883'.
  Set init value: \reg65 = 18'000000000000000000
Found init rule in `\module37_1.$proc$syn_identity.v:94$882'.
  Set init value: \reg66 = 14'00000000000000
Found init rule in `\module37_1.$proc$syn_identity.v:93$881'.
  Set init value: \reg67 = 11'00000000000
Found init rule in `\module37_1.$proc$syn_identity.v:92$880'.
  Set init value: \reg68 = 20'00000000000000000000

9.2.4. Executing PROC_ARST pass (detect async resets in processes).

9.2.5. Executing PROC_MUX pass (convert decision trees to multiplexers).
Creating decoders for process `\top.$proc$top.v:14$986'.
     1/1: $0$formal$top.v:14$980_EN[0:0]$987
Creating decoders for process `\top.$proc$top.v:12$981'.
     1/2: $0$formal$top.v:14$980_EN[0:0]$983
     2/2: $0$formal$top.v:14$980_CHECK[0:0]$982
Creating decoders for process `\module17_1.$proc$syn_identity.v:253$979'.
     1/1: $1\reg24[21:0]
Creating decoders for process `\module17_1.$proc$syn_identity.v:252$978'.
     1/1: $1\reg25[6:0]
Creating decoders for process `\module17_1.$proc$syn_identity.v:251$977'.
     1/1: $1\reg26[16:0]
Creating decoders for process `\module17_1.$proc$syn_identity.v:250$976'.
     1/1: $1\reg27[16:0]
Creating decoders for process `\module17_1.$proc$syn_identity.v:249$975'.
     1/1: $1\reg28[4:0]
Creating decoders for process `\module17_1.$proc$syn_identity.v:248$974'.
     1/1: $1\reg29[8:0]
Creating decoders for process `\module17_1.$proc$syn_identity.v:247$973'.
     1/1: $1\reg30[2:0]
Creating decoders for process `\module17_1.$proc$syn_identity.v:246$972'.
     1/1: $1\reg31[18:0]
Creating decoders for process `\module17_1.$proc$syn_identity.v:245$971'.
     1/1: $1\reg32[8:0]
Creating decoders for process `\module17_1.$proc$syn_identity.v:244$970'.
     1/1: $1\reg33[6:0]
Creating decoders for process `\module17_1.$proc$syn_identity.v:287$912'.
     1/6: $0\reg33[6:0]
     2/6: $0\reg28[4:0]
     3/6: $0\reg31[18:0]
     4/6: $0\reg32[8:0]
     5/6: $0\reg30[2:0]
     6/6: $0\reg29[8:0]
Creating decoders for process `\module17_1.$proc$syn_identity.v:269$892'.
     1/4: $0\reg27[16:0]
     2/4: $0\reg24[21:0]
     3/4: $0\reg25[6:0]
     4/4: $0\reg26[16:0]
Creating decoders for process `\module37_1.$proc$syn_identity.v:116$891'.
     1/1: $1\reg44[8:0]
Creating decoders for process `\module37_1.$proc$syn_identity.v:109$890'.
     1/1: $1\reg51[18:0]
Creating decoders for process `\module37_1.$proc$syn_identity.v:108$889'.
     1/1: $1\reg52[10:0]
Creating decoders for process `\module37_1.$proc$syn_identity.v:107$888'.
     1/1: $1\reg53[3:0]
Creating decoders for process `\module37_1.$proc$syn_identity.v:106$887'.
     1/1: $1\reg54[16:0]
Creating decoders for process `\module37_1.$proc$syn_identity.v:105$886'.
     1/1: $1\reg55[2:0]
Creating decoders for process `\module37_1.$proc$syn_identity.v:104$885'.
     1/1: $1\reg56[9:0]
Creating decoders for process `\module37_1.$proc$syn_identity.v:103$884'.
     1/1: $1\reg57[8:0]
Creating decoders for process `\module37_1.$proc$syn_identity.v:95$883'.
     1/1: $1\reg65[17:0]
Creating decoders for process `\module37_1.$proc$syn_identity.v:94$882'.
     1/1: $1\reg66[13:0]
Creating decoders for process `\module37_1.$proc$syn_identity.v:93$881'.
     1/1: $1\reg67[10:0]
Creating decoders for process `\module37_1.$proc$syn_identity.v:92$880'.
     1/1: $1\reg68[19:0]
Creating decoders for process `\module37_1.$proc$syn_identity.v:221$859'.
     1/4: $0\reg68[19:0]
     2/4: $0\reg67[10:0]
     3/4: $0\reg66[13:0]
     4/4: $0\reg65[17:0]
Creating decoders for process `\module37_1.$proc$syn_identity.v:169$772'.
     1/7: $0\reg57[8:0]
     2/7: $0\reg56[9:0]
     3/7: $0\reg51[18:0]
     4/7: $0\reg52[10:0]
     5/7: $0\reg53[3:0]
     6/7: $0\reg54[16:0]
     7/7: $0\reg55[2:0]
Creating decoders for process `\module37_1.$proc$syn_identity.v:147$746'.
     1/1: $0\reg44[8:0]

9.2.6. Executing PROC_DLATCH pass (convert process syncs to latches).

9.2.7. Executing PROC_DFF pass (convert process syncs to FFs).
Creating register for signal `\top.$formal$top.v:14$980_CHECK' using process `\top.$proc$top.v:12$981'.
  created $dff cell `$procdff$1054' with positive edge clock.
Creating register for signal `\top.$formal$top.v:14$980_EN' using process `\top.$proc$top.v:12$981'.
  created $dff cell `$procdff$1055' with positive edge clock.
Creating register for signal `\module17_1.\reg29' using process `\module17_1.$proc$syn_identity.v:287$912'.
  created $dff cell `$procdff$1056' with positive edge clock.
Creating register for signal `\module17_1.\reg28' using process `\module17_1.$proc$syn_identity.v:287$912'.
  created $dff cell `$procdff$1057' with positive edge clock.
Creating register for signal `\module17_1.\reg30' using process `\module17_1.$proc$syn_identity.v:287$912'.
  created $dff cell `$procdff$1058' with positive edge clock.
Creating register for signal `\module17_1.\reg33' using process `\module17_1.$proc$syn_identity.v:287$912'.
  created $dff cell `$procdff$1059' with positive edge clock.
Creating register for signal `\module17_1.\reg32' using process `\module17_1.$proc$syn_identity.v:287$912'.
  created $dff cell `$procdff$1060' with positive edge clock.
Creating register for signal `\module17_1.\reg31' using process `\module17_1.$proc$syn_identity.v:287$912'.
  created $dff cell `$procdff$1061' with positive edge clock.
Creating register for signal `\module17_1.\reg27' using process `\module17_1.$proc$syn_identity.v:269$892'.
  created $dff cell `$procdff$1062' with positive edge clock.
Creating register for signal `\module17_1.\reg26' using process `\module17_1.$proc$syn_identity.v:269$892'.
  created $dff cell `$procdff$1063' with positive edge clock.
Creating register for signal `\module17_1.\reg25' using process `\module17_1.$proc$syn_identity.v:269$892'.
  created $dff cell `$procdff$1064' with positive edge clock.
Creating register for signal `\module17_1.\reg24' using process `\module17_1.$proc$syn_identity.v:269$892'.
  created $dff cell `$procdff$1065' with positive edge clock.
Creating register for signal `\module37_1.\reg68' using process `\module37_1.$proc$syn_identity.v:221$859'.
  created $dff cell `$procdff$1066' with positive edge clock.
Creating register for signal `\module37_1.\reg67' using process `\module37_1.$proc$syn_identity.v:221$859'.
  created $dff cell `$procdff$1067' with positive edge clock.
Creating register for signal `\module37_1.\reg66' using process `\module37_1.$proc$syn_identity.v:221$859'.
  created $dff cell `$procdff$1068' with positive edge clock.
Creating register for signal `\module37_1.\reg65' using process `\module37_1.$proc$syn_identity.v:221$859'.
  created $dff cell `$procdff$1069' with positive edge clock.
Creating register for signal `\module37_1.\reg57' using process `\module37_1.$proc$syn_identity.v:169$772'.
  created $dff cell `$procdff$1070' with positive edge clock.
Creating register for signal `\module37_1.\reg56' using process `\module37_1.$proc$syn_identity.v:169$772'.
  created $dff cell `$procdff$1071' with positive edge clock.
Creating register for signal `\module37_1.\reg55' using process `\module37_1.$proc$syn_identity.v:169$772'.
  created $dff cell `$procdff$1072' with positive edge clock.
Creating register for signal `\module37_1.\reg54' using process `\module37_1.$proc$syn_identity.v:169$772'.
  created $dff cell `$procdff$1073' with positive edge clock.
Creating register for signal `\module37_1.\reg53' using process `\module37_1.$proc$syn_identity.v:169$772'.
  created $dff cell `$procdff$1074' with positive edge clock.
Creating register for signal `\module37_1.\reg52' using process `\module37_1.$proc$syn_identity.v:169$772'.
  created $dff cell `$procdff$1075' with positive edge clock.
Creating register for signal `\module37_1.\reg51' using process `\module37_1.$proc$syn_identity.v:169$772'.
  created $dff cell `$procdff$1076' with positive edge clock.
Creating register for signal `\module37_1.\reg44' using process `\module37_1.$proc$syn_identity.v:147$746'.
  created $dff cell `$procdff$1077' with positive edge clock.

9.2.8. Executing PROC_CLEAN pass (remove empty switches from decision trees).
Removing empty process `top.$proc$top.v:14$986'.
Removing empty process `top.$proc$top.v:12$981'.
Removing empty process `module17_1.$proc$syn_identity.v:253$979'.
Removing empty process `module17_1.$proc$syn_identity.v:252$978'.
Removing empty process `module17_1.$proc$syn_identity.v:251$977'.
Removing empty process `module17_1.$proc$syn_identity.v:250$976'.
Removing empty process `module17_1.$proc$syn_identity.v:249$975'.
Removing empty process `module17_1.$proc$syn_identity.v:248$974'.
Removing empty process `module17_1.$proc$syn_identity.v:247$973'.
Removing empty process `module17_1.$proc$syn_identity.v:246$972'.
Removing empty process `module17_1.$proc$syn_identity.v:245$971'.
Removing empty process `module17_1.$proc$syn_identity.v:244$970'.
Found and cleaned up 2 empty switches in `\module17_1.$proc$syn_identity.v:287$912'.
Removing empty process `module17_1.$proc$syn_identity.v:287$912'.
Found and cleaned up 1 empty switch in `\module17_1.$proc$syn_identity.v:269$892'.
Removing empty process `module17_1.$proc$syn_identity.v:269$892'.
Removing empty process `module37_1.$proc$syn_identity.v:116$891'.
Removing empty process `module37_1.$proc$syn_identity.v:109$890'.
Removing empty process `module37_1.$proc$syn_identity.v:108$889'.
Removing empty process `module37_1.$proc$syn_identity.v:107$888'.
Removing empty process `module37_1.$proc$syn_identity.v:106$887'.
Removing empty process `module37_1.$proc$syn_identity.v:105$886'.
Removing empty process `module37_1.$proc$syn_identity.v:104$885'.
Removing empty process `module37_1.$proc$syn_identity.v:103$884'.
Removing empty process `module37_1.$proc$syn_identity.v:95$883'.
Removing empty process `module37_1.$proc$syn_identity.v:94$882'.
Removing empty process `module37_1.$proc$syn_identity.v:93$881'.
Removing empty process `module37_1.$proc$syn_identity.v:92$880'.
Removing empty process `module37_1.$proc$syn_identity.v:221$859'.
Found and cleaned up 2 empty switches in `\module37_1.$proc$syn_identity.v:169$772'.
Removing empty process `module37_1.$proc$syn_identity.v:169$772'.
Removing empty process `module37_1.$proc$syn_identity.v:147$746'.
Cleaned up 5 empty switches.

9.3. Executing OPT_EXPR pass (perform const folding).
Optimizing module $paramod$d779ec703433824545b55eb2483b5fdefc59f727\LUT6.
Optimizing module $paramod$20246d5e7b6bcf137d425da26da5fdd90dad3f52\LUT6.
Optimizing module $paramod$14f98de4aae8d22ad8eecd6622864ee33b853fc8\LUT6.
Optimizing module $paramod\LUT4\INIT=16'0111111111111111.
Optimizing module $paramod\LUT3\INIT=8'01101001.
Optimizing module top.
Optimizing module top_2.
Optimizing module module17_1.
<suppressed ~9 debug messages>
Optimizing module GND.
Optimizing module module37_1.
<suppressed ~25 debug messages>
Optimizing module OBUF.
Optimizing module IBUF.
Optimizing module module6_1.
<suppressed ~7 debug messages>
Optimizing module VCC.
Optimizing module top_1.
<suppressed ~1 debug messages>
Optimizing module $paramod\LUT5\INIT=32768.

9.4. Executing OPT_CLEAN pass (remove unused cells and wires).
Finding unused cells or wires in module $paramod$d779ec703433824545b55eb2483b5fdefc59f727\LUT6..
Finding unused cells or wires in module $paramod$20246d5e7b6bcf137d425da26da5fdd90dad3f52\LUT6..
Finding unused cells or wires in module $paramod$14f98de4aae8d22ad8eecd6622864ee33b853fc8\LUT6..
Finding unused cells or wires in module $paramod\LUT4\INIT=16'0111111111111111..
Finding unused cells or wires in module $paramod\LUT3\INIT=8'01101001..
Finding unused cells or wires in module \top..
Finding unused cells or wires in module \top_2..
Finding unused cells or wires in module \module17_1..
Finding unused cells or wires in module \GND..
Finding unused cells or wires in module \module37_1..
Finding unused cells or wires in module \OBUF..
Finding unused cells or wires in module \IBUF..
Finding unused cells or wires in module \module6_1..
Finding unused cells or wires in module \VCC..
Finding unused cells or wires in module \top_1..
Finding unused cells or wires in module $paramod\LUT5\INIT=32768..
Removed 11 unused cells and 156 unused wires.
<suppressed ~46 debug messages>

9.5. Executing CHECK pass (checking for obvious problems).
checking module $paramod$14f98de4aae8d22ad8eecd6622864ee33b853fc8\LUT6..
checking module $paramod$20246d5e7b6bcf137d425da26da5fdd90dad3f52\LUT6..
checking module $paramod$d779ec703433824545b55eb2483b5fdefc59f727\LUT6..
checking module $paramod\LUT3\INIT=8'01101001..
checking module $paramod\LUT4\INIT=16'0111111111111111..
checking module $paramod\LUT5\INIT=32768..
checking module GND..
checking module IBUF..
checking module OBUF..
checking module VCC..
checking module module17_1..
checking module module37_1..
checking module module6_1..
checking module top..
checking module top_1..
checking module top_2..
found and reported 0 problems.

9.6. Executing OPT pass (performing simple optimizations).

9.6.1. Executing OPT_EXPR pass (perform const folding).
Optimizing module $paramod$14f98de4aae8d22ad8eecd6622864ee33b853fc8\LUT6.
Optimizing module $paramod$20246d5e7b6bcf137d425da26da5fdd90dad3f52\LUT6.
Optimizing module $paramod$d779ec703433824545b55eb2483b5fdefc59f727\LUT6.
Optimizing module $paramod\LUT3\INIT=8'01101001.
Optimizing module $paramod\LUT4\INIT=16'0111111111111111.
Optimizing module $paramod\LUT5\INIT=32768.
Optimizing module GND.
Optimizing module IBUF.
Optimizing module OBUF.
Optimizing module VCC.
Optimizing module module17_1.
Optimizing module module37_1.
Optimizing module module6_1.
Optimizing module top.
Optimizing module top_1.
Optimizing module top_2.

9.6.2. Executing OPT_MERGE pass (detect identical cells).
Finding identical cells in module `$paramod$14f98de4aae8d22ad8eecd6622864ee33b853fc8\LUT6'.
Finding identical cells in module `$paramod$20246d5e7b6bcf137d425da26da5fdd90dad3f52\LUT6'.
Finding identical cells in module `$paramod$d779ec703433824545b55eb2483b5fdefc59f727\LUT6'.
Finding identical cells in module `$paramod\LUT3\INIT=8'01101001'.
Finding identical cells in module `$paramod\LUT4\INIT=16'0111111111111111'.
Finding identical cells in module `$paramod\LUT5\INIT=32768'.
Finding identical cells in module `\GND'.
Finding identical cells in module `\IBUF'.
Finding identical cells in module `\OBUF'.
Finding identical cells in module `\VCC'.
Finding identical cells in module `\module17_1'.
<suppressed ~15 debug messages>
Finding identical cells in module `\module37_1'.
<suppressed ~9 debug messages>
Finding identical cells in module `\module6_1'.
Finding identical cells in module `\top'.
Finding identical cells in module `\top_1'.
Finding identical cells in module `\top_2'.
Removed a total of 8 cells.

9.6.3. Executing OPT_MUXTREE pass (detect dead branches in mux trees).
Running muxtree optimizer on module $paramod$14f98de4aae8d22ad8eecd6622864ee33b853fc8\LUT6..
  Creating internal representation of mux trees.
  No muxes found in this module.
Running muxtree optimizer on module $paramod$20246d5e7b6bcf137d425da26da5fdd90dad3f52\LUT6..
  Creating internal representation of mux trees.
  No muxes found in this module.
Running muxtree optimizer on module $paramod$d779ec703433824545b55eb2483b5fdefc59f727\LUT6..
  Creating internal representation of mux trees.
  No muxes found in this module.
Running muxtree optimizer on module $paramod\LUT3\INIT=8'01101001..
  Creating internal representation of mux trees.
  No muxes found in this module.
Running muxtree optimizer on module $paramod\LUT4\INIT=16'0111111111111111..
  Creating internal representation of mux trees.
  No muxes found in this module.
Running muxtree optimizer on module $paramod\LUT5\INIT=32768..
  Creating internal representation of mux trees.
  No muxes found in this module.
Running muxtree optimizer on module \GND..
  Creating internal representation of mux trees.
  No muxes found in this module.
Running muxtree optimizer on module \IBUF..
  Creating internal representation of mux trees.
  No muxes found in this module.
Running muxtree optimizer on module \OBUF..
  Creating internal representation of mux trees.
  No muxes found in this module.
Running muxtree optimizer on module \VCC..
  Creating internal representation of mux trees.
  No muxes found in this module.
Running muxtree optimizer on module \module17_1..
  Creating internal representation of mux trees.
  Evaluating internal representation of mux trees.
  Analyzing evaluation results.
Running muxtree optimizer on module \module37_1..
  Creating internal representation of mux trees.
  Evaluating internal representation of mux trees.
  Analyzing evaluation results.
    dead port 2/2 on $mux $ternary$syn_identity.v:158$757.
Running muxtree optimizer on module \module6_1..
  Creating internal representation of mux trees.
  Evaluating internal representation of mux trees.
  Analyzing evaluation results.
Running muxtree optimizer on module \top..
  Creating internal representation of mux trees.
  No muxes found in this module.
Running muxtree optimizer on module \top_1..
  Creating internal representation of mux trees.
  Evaluating internal representation of mux trees.
  Analyzing evaluation results.
Running muxtree optimizer on module \top_2..
  Creating internal representation of mux trees.
  No muxes found in this module.
Removed 1 multiplexer ports.
<suppressed ~35 debug messages>

9.6.4. Executing OPT_REDUCE pass (consolidate $*mux and $reduce_* inputs).
  Optimizing cells in module $paramod$14f98de4aae8d22ad8eecd6622864ee33b853fc8\LUT6.
  Optimizing cells in module $paramod$20246d5e7b6bcf137d425da26da5fdd90dad3f52\LUT6.
  Optimizing cells in module $paramod$d779ec703433824545b55eb2483b5fdefc59f727\LUT6.
  Optimizing cells in module $paramod\LUT3\INIT=8'01101001.
  Optimizing cells in module $paramod\LUT4\INIT=16'0111111111111111.
  Optimizing cells in module $paramod\LUT5\INIT=32768.
  Optimizing cells in module \GND.
  Optimizing cells in module \IBUF.
  Optimizing cells in module \OBUF.
  Optimizing cells in module \VCC.
  Optimizing cells in module \module17_1.
    New input vector for $reduce_or cell $reduce_or$syn_identity.v:316$956: { $xor$syn_identity.v:316$955_Y [0] $xor$syn_identity.v:316$955_Y [1] $xor$syn_identity.v:316$955_Y [2] $xor$syn_identity.v:316$955_Y [3] $xor$syn_identity.v:316$955_Y [4] $xor$syn_identity.v:316$955_Y [5] $xor$syn_identity.v:316$955_Y [6] $xor$syn_identity.v:316$955_Y [7] }
    New input vector for $reduce_or cell $reduce_or$syn_identity.v:294$924: { \wire18 [6] \wire18 [7] \wire18 [8] \wire18 [9] }
    New input vector for $reduce_or cell $reduce_or$syn_identity.v:292$918: { \reg25 [0] \reg25 [1] \reg25 [2] \reg25 [3] \reg25 [4] \reg25 [5] \reg25 [6] }
    New input vector for $reduce_or cell $reduce_or$syn_identity.v:289$913: { \reg27 [0] \reg27 [1] \reg27 [2] \reg27 [3] \reg27 [4] \reg27 [5] \reg27 [6] \reg27 [7] \reg27 [8] \reg27 [9] \reg27 [10] \reg27 [11] \reg27 [12] \reg27 [13] \reg27 [14] \reg27 [15] \reg27 [16] }
    New input vector for $reduce_or cell $reduce_or$syn_identity.v:282$908: { \wire18 [0] \wire18 [1] \wire18 [2] \wire18 [3] \wire18 [4] \wire18 [5] \wire18 [6] \wire18 [7] \wire18 [8] \wire18 [9] }
    New input vector for $reduce_and cell $reduce_and$syn_identity.v:324$968: { \reg25 [0] \reg25 [1] \reg25 [2] \reg25 [3] \reg25 [4] \reg25 [5] \reg25 [6] }
  Optimizing cells in module \module17_1.
  Optimizing cells in module \module37_1.
    New input vector for $reduce_or cell $reduce_or$syn_identity.v:214$845: { $neg$syn_identity.v:214$844_Y [0] $neg$syn_identity.v:214$844_Y [1] }
    New input vector for $reduce_or cell $reduce_or$syn_identity.v:212$843: { $shr$syn_identity.v:212$842_Y [0] $shr$syn_identity.v:212$842_Y [1] $shr$syn_identity.v:212$842_Y [2] $shr$syn_identity.v:212$842_Y [3] $shr$syn_identity.v:212$842_Y [4] $shr$syn_identity.v:212$842_Y [5] $shr$syn_identity.v:212$842_Y [6] $shr$syn_identity.v:212$842_Y [7] }
    New input vector for $reduce_or cell $reduce_or$syn_identity.v:156$754: { \wire41 [0] \wire41 [1] \wire41 [2] }
    New input vector for $reduce_and cell $reduce_and$syn_identity.v:228$869: { \wire59 [0] \wire59 [1] \wire59 [2] \wire59 [3] \wire59 [4] \wire59 [5] \wire59 [6] }
    New input vector for $reduce_and cell $reduce_and$syn_identity.v:200$808: { \wire45 [0] \wire45 [1] \wire45 [2] \wire45 [3] }
    New input vector for $reduce_and cell $reduce_and$syn_identity.v:151$748: { \wire38 [0] \wire38 [1] \wire38 [2] \wire38 [3] \wire38 [4] \wire38 [5] }
  Optimizing cells in module \module37_1.
  Optimizing cells in module \module6_1.
    New input vector for $reduce_and cell $reduce_and$syn_identity.v:63$723: { \wire8 [0] \wire8 [1] \wire8 [2] \wire8 [3] \wire8 [4] \wire8 [5] \wire8 [6] \wire8 [7] \wire8 [8] \wire8 [9] \wire8 [10] \wire8 [11] \wire8 [12] \wire8 [13] \wire8 [14] \wire8 [15] \wire8 [16] \wire8 [17] \wire8 [18] \wire8 [19] }
  Optimizing cells in module \module6_1.
  Optimizing cells in module \top.
  Optimizing cells in module \top_1.
    New input vector for $reduce_or cell $reduce_or$syn_identity.v:17$697: { $xor$syn_identity.v:17$696_Y [0] $xor$syn_identity.v:17$696_Y [1] $xor$syn_identity.v:17$696_Y [2] $xor$syn_identity.v:17$696_Y [3] $xor$syn_identity.v:17$696_Y [4] $xor$syn_identity.v:17$696_Y [5] $xor$syn_identity.v:17$696_Y [6] $xor$syn_identity.v:17$696_Y [7] $xor$syn_identity.v:17$696_Y [8] $xor$syn_identity.v:17$696_Y [9] $xor$syn_identity.v:17$696_Y [10] $xor$syn_identity.v:17$696_Y [11] $xor$syn_identity.v:17$696_Y [12] $xor$syn_identity.v:17$696_Y [13] $xor$syn_identity.v:17$696_Y [14] $xor$syn_identity.v:17$696_Y [15] $xor$syn_identity.v:17$696_Y [16] $xor$syn_identity.v:17$696_Y [17] $xor$syn_identity.v:17$696_Y [18] $xor$syn_identity.v:17$696_Y [19] }
    New input vector for $reduce_and cell $reduce_and$syn_identity.v:21$704: { \wire1 [0] \wire1 [1] \wire1 [2] \wire1 [3] \wire1 [4] \wire1 [5] \wire1 [6] \wire1 [7] \wire1 [8] \wire1 [9] \wire1 [10] \wire1 [11] \wire1 [12] \wire1 [13] \wire1 [14] \wire1 [15] \wire1 [16] }
    New input vector for $reduce_and cell $reduce_and$syn_identity.v:20$702: { $ternary$syn_identity.v:20$701_Y [0] $ternary$syn_identity.v:20$701_Y [1] $ternary$syn_identity.v:20$701_Y [2] $ternary$syn_identity.v:20$701_Y [3] $ternary$syn_identity.v:20$701_Y [4] $ternary$syn_identity.v:20$701_Y [5] $ternary$syn_identity.v:20$701_Y [6] $ternary$syn_identity.v:20$701_Y [7] $ternary$syn_identity.v:20$701_Y [8] $ternary$syn_identity.v:20$701_Y [9] $ternary$syn_identity.v:20$701_Y [10] $ternary$syn_identity.v:20$701_Y [11] $ternary$syn_identity.v:20$701_Y [12] $ternary$syn_identity.v:20$701_Y [13] $ternary$syn_identity.v:20$701_Y [14] $ternary$syn_identity.v:20$701_Y [15] $ternary$syn_identity.v:20$701_Y [16] $ternary$syn_identity.v:20$701_Y [17] $ternary$syn_identity.v:20$701_Y [18] $ternary$syn_identity.v:20$701_Y [19] $ternary$syn_identity.v:20$701_Y [20] }
  Optimizing cells in module \top_1.
  Optimizing cells in module \top_2.
Performed a total of 16 changes.

9.6.5. Executing OPT_MERGE pass (detect identical cells).
Finding identical cells in module `$paramod$14f98de4aae8d22ad8eecd6622864ee33b853fc8\LUT6'.
Finding identical cells in module `$paramod$20246d5e7b6bcf137d425da26da5fdd90dad3f52\LUT6'.
Finding identical cells in module `$paramod$d779ec703433824545b55eb2483b5fdefc59f727\LUT6'.
Finding identical cells in module `$paramod\LUT3\INIT=8'01101001'.
Finding identical cells in module `$paramod\LUT4\INIT=16'0111111111111111'.
Finding identical cells in module `$paramod\LUT5\INIT=32768'.
Finding identical cells in module `\GND'.
Finding identical cells in module `\IBUF'.
Finding identical cells in module `\OBUF'.
Finding identical cells in module `\VCC'.
Finding identical cells in module `\module17_1'.
Finding identical cells in module `\module37_1'.
Finding identical cells in module `\module6_1'.
Finding identical cells in module `\top'.
Finding identical cells in module `\top_1'.
Finding identical cells in module `\top_2'.
Removed a total of 0 cells.

9.6.6. Executing OPT_RMDFF pass (remove dff with constant values).
Promoting init spec \reg68 = 20'00000000000000000000 to constant driver in module module37_1.
Promoted 1 init specs to constant drivers.

9.6.7. Executing OPT_CLEAN pass (remove unused cells and wires).
Finding unused cells or wires in module $paramod$14f98de4aae8d22ad8eecd6622864ee33b853fc8\LUT6..
Finding unused cells or wires in module $paramod$20246d5e7b6bcf137d425da26da5fdd90dad3f52\LUT6..
Finding unused cells or wires in module $paramod$d779ec703433824545b55eb2483b5fdefc59f727\LUT6..
Finding unused cells or wires in module $paramod\LUT3\INIT=8'01101001..
Finding unused cells or wires in module $paramod\LUT4\INIT=16'0111111111111111..
Finding unused cells or wires in module $paramod\LUT5\INIT=32768..
Finding unused cells or wires in module \GND..
Finding unused cells or wires in module \IBUF..
Finding unused cells or wires in module \OBUF..
Finding unused cells or wires in module \VCC..
Finding unused cells or wires in module \module17_1..
Finding unused cells or wires in module \module37_1..
Finding unused cells or wires in module \module6_1..
Finding unused cells or wires in module \top..
Finding unused cells or wires in module \top_1..
Finding unused cells or wires in module \top_2..
Removed 0 unused cells and 9 unused wires.
<suppressed ~2 debug messages>

9.6.8. Executing OPT_EXPR pass (perform const folding).
Optimizing module $paramod$14f98de4aae8d22ad8eecd6622864ee33b853fc8\LUT6.
Optimizing module $paramod$20246d5e7b6bcf137d425da26da5fdd90dad3f52\LUT6.
Optimizing module $paramod$d779ec703433824545b55eb2483b5fdefc59f727\LUT6.
Optimizing module $paramod\LUT3\INIT=8'01101001.
Optimizing module $paramod\LUT4\INIT=16'0111111111111111.
Optimizing module $paramod\LUT5\INIT=32768.
Optimizing module GND.
Optimizing module IBUF.
Optimizing module OBUF.
Optimizing module VCC.
Optimizing module module17_1.
Optimizing module module37_1.
Optimizing module module6_1.
Optimizing module top.
Optimizing module top_1.
Optimizing module top_2.

9.6.9. Rerunning OPT passes. (Maybe there is more to do..)

9.6.10. Executing OPT_MUXTREE pass (detect dead branches in mux trees).
Running muxtree optimizer on module $paramod$14f98de4aae8d22ad8eecd6622864ee33b853fc8\LUT6..
  Creating internal representation of mux trees.
  No muxes found in this module.
Running muxtree optimizer on module $paramod$20246d5e7b6bcf137d425da26da5fdd90dad3f52\LUT6..
  Creating internal representation of mux trees.
  No muxes found in this module.
Running muxtree optimizer on module $paramod$d779ec703433824545b55eb2483b5fdefc59f727\LUT6..
  Creating internal representation of mux trees.
  No muxes found in this module.
Running muxtree optimizer on module $paramod\LUT3\INIT=8'01101001..
  Creating internal representation of mux trees.
  No muxes found in this module.
Running muxtree optimizer on module $paramod\LUT4\INIT=16'0111111111111111..
  Creating internal representation of mux trees.
  No muxes found in this module.
Running muxtree optimizer on module $paramod\LUT5\INIT=32768..
  Creating internal representation of mux trees.
  No muxes found in this module.
Running muxtree optimizer on module \GND..
  Creating internal representation of mux trees.
  No muxes found in this module.
Running muxtree optimizer on module \IBUF..
  Creating internal representation of mux trees.
  No muxes found in this module.
Running muxtree optimizer on module \OBUF..
  Creating internal representation of mux trees.
  No muxes found in this module.
Running muxtree optimizer on module \VCC..
  Creating internal representation of mux trees.
  No muxes found in this module.
Running muxtree optimizer on module \module17_1..
  Creating internal representation of mux trees.
  Evaluating internal representation of mux trees.
  Analyzing evaluation results.
Running muxtree optimizer on module \module37_1..
  Creating internal representation of mux trees.
  Evaluating internal representation of mux trees.
  Analyzing evaluation results.
Running muxtree optimizer on module \module6_1..
  Creating internal representation of mux trees.
  Evaluating internal representation of mux trees.
  Analyzing evaluation results.
Running muxtree optimizer on module \top..
  Creating internal representation of mux trees.
  No muxes found in this module.
Running muxtree optimizer on module \top_1..
  Creating internal representation of mux trees.
  Evaluating internal representation of mux trees.
  Analyzing evaluation results.
Running muxtree optimizer on module \top_2..
  Creating internal representation of mux trees.
  No muxes found in this module.
Removed 0 multiplexer ports.
<suppressed ~35 debug messages>

9.6.11. Executing OPT_REDUCE pass (consolidate $*mux and $reduce_* inputs).
  Optimizing cells in module $paramod$14f98de4aae8d22ad8eecd6622864ee33b853fc8\LUT6.
  Optimizing cells in module $paramod$20246d5e7b6bcf137d425da26da5fdd90dad3f52\LUT6.
  Optimizing cells in module $paramod$d779ec703433824545b55eb2483b5fdefc59f727\LUT6.
  Optimizing cells in module $paramod\LUT3\INIT=8'01101001.
  Optimizing cells in module $paramod\LUT4\INIT=16'0111111111111111.
  Optimizing cells in module $paramod\LUT5\INIT=32768.
  Optimizing cells in module \GND.
  Optimizing cells in module \IBUF.
  Optimizing cells in module \OBUF.
  Optimizing cells in module \VCC.
  Optimizing cells in module \module17_1.
  Optimizing cells in module \module37_1.
  Optimizing cells in module \module6_1.
  Optimizing cells in module \top.
  Optimizing cells in module \top_1.
  Optimizing cells in module \top_2.
Performed a total of 0 changes.

9.6.12. Executing OPT_MERGE pass (detect identical cells).
Finding identical cells in module `$paramod$14f98de4aae8d22ad8eecd6622864ee33b853fc8\LUT6'.
Finding identical cells in module `$paramod$20246d5e7b6bcf137d425da26da5fdd90dad3f52\LUT6'.
Finding identical cells in module `$paramod$d779ec703433824545b55eb2483b5fdefc59f727\LUT6'.
Finding identical cells in module `$paramod\LUT3\INIT=8'01101001'.
Finding identical cells in module `$paramod\LUT4\INIT=16'0111111111111111'.
Finding identical cells in module `$paramod\LUT5\INIT=32768'.
Finding identical cells in module `\GND'.
Finding identical cells in module `\IBUF'.
Finding identical cells in module `\OBUF'.
Finding identical cells in module `\VCC'.
Finding identical cells in module `\module17_1'.
Finding identical cells in module `\module37_1'.
Finding identical cells in module `\module6_1'.
Finding identical cells in module `\top'.
Finding identical cells in module `\top_1'.
Finding identical cells in module `\top_2'.
Removed a total of 0 cells.

9.6.13. Executing OPT_RMDFF pass (remove dff with constant values).

9.6.14. Executing OPT_CLEAN pass (remove unused cells and wires).
Finding unused cells or wires in module $paramod$14f98de4aae8d22ad8eecd6622864ee33b853fc8\LUT6..
Finding unused cells or wires in module $paramod$20246d5e7b6bcf137d425da26da5fdd90dad3f52\LUT6..
Finding unused cells or wires in module $paramod$d779ec703433824545b55eb2483b5fdefc59f727\LUT6..
Finding unused cells or wires in module $paramod\LUT3\INIT=8'01101001..
Finding unused cells or wires in module $paramod\LUT4\INIT=16'0111111111111111..
Finding unused cells or wires in module $paramod\LUT5\INIT=32768..
Finding unused cells or wires in module \GND..
Finding unused cells or wires in module \IBUF..
Finding unused cells or wires in module \OBUF..
Finding unused cells or wires in module \VCC..
Finding unused cells or wires in module \module17_1..
Finding unused cells or wires in module \module37_1..
Finding unused cells or wires in module \module6_1..
Finding unused cells or wires in module \top..
Finding unused cells or wires in module \top_1..
Finding unused cells or wires in module \top_2..

9.6.15. Executing OPT_EXPR pass (perform const folding).
Optimizing module $paramod$14f98de4aae8d22ad8eecd6622864ee33b853fc8\LUT6.
Optimizing module $paramod$20246d5e7b6bcf137d425da26da5fdd90dad3f52\LUT6.
Optimizing module $paramod$d779ec703433824545b55eb2483b5fdefc59f727\LUT6.
Optimizing module $paramod\LUT3\INIT=8'01101001.
Optimizing module $paramod\LUT4\INIT=16'0111111111111111.
Optimizing module $paramod\LUT5\INIT=32768.
Optimizing module GND.
Optimizing module IBUF.
Optimizing module OBUF.
Optimizing module VCC.
Optimizing module module17_1.
Optimizing module module37_1.
Optimizing module module6_1.
Optimizing module top.
Optimizing module top_1.
Optimizing module top_2.

9.6.16. Finished OPT passes. (There is nothing left to do.)

9.7. Executing WREDUCE pass (reducing word size of cells).
Removed top 2 bits (of 17) from FF cell module17_1.$procdff$1062 ($dff).
Removed top 5 bits (of 7) from FF cell module17_1.$procdff$1059 ($dff).
Removed top 3 bits (of 8) from port B of cell module17_1.$le$syn_identity.v:271$893 ($le).
Removed top 3 bits (of 10) from port Y of cell module17_1.$xor$syn_identity.v:274$903 ($xor).
Removed top 3 bits (of 10) from port A of cell module17_1.$xor$syn_identity.v:274$903 ($xor).
Removed top 3 bits (of 8) from port B of cell module17_1.$xor$syn_identity.v:274$903 ($xor).
Removed top 3 bits (of 10) from mux cell module17_1.$ternary$syn_identity.v:274$902 ($mux).
Removed top 22 bits (of 23) from port A of cell module17_1.$sub$syn_identity.v:293$920 ($sub).
Removed top 18 bits (of 23) from mux cell module17_1.$ternary$syn_identity.v:293$923 ($mux).
Removed top 14 bits (of 22) from port B of cell module17_1.$ge$syn_identity.v:309$939 ($ge).
Removed top 13 bits (of 22) from mux cell module17_1.$ternary$syn_identity.v:314$954 ($mux).
Removed top 9 bits (of 17) from port B of cell module17_1.$and$syn_identity.v:319$957 ($and).
Removed top 14 bits (of 17) from mux cell module17_1.$ternary$syn_identity.v:321$967 ($mux).
Removed top 18 bits (of 23) from mux cell module17_1.$ternary$syn_identity.v:293$922 ($mux).
Removed top 6 bits (of 15) from mux cell module17_1.$ternary$syn_identity.v:314$953 ($mux).
Removed top 14 bits (of 17) from mux cell module17_1.$ternary$syn_identity.v:320$964 ($mux).
Removed top 18 bits (of 23) from port Y of cell module17_1.$sub$syn_identity.v:293$920 ($sub).
Removed top 18 bits (of 23) from port B of cell module17_1.$sub$syn_identity.v:293$920 ($sub).
Removed top 6 bits (of 15) from mux cell module17_1.$ternary$syn_identity.v:314$951 ($mux).
Removed top 14 bits (of 17) from mux cell module17_1.$ternary$syn_identity.v:319$960 ($mux).
Removed top 6 bits (of 15) from port Y of cell module17_1.$xor$syn_identity.v:313$946 ($xor).
Removed top 6 bits (of 15) from port A of cell module17_1.$xor$syn_identity.v:313$946 ($xor).
Removed top 5 bits (of 14) from mux cell module17_1.$ternary$syn_identity.v:314$949 ($mux).
Removed top 14 bits (of 17) from port Y of cell module17_1.$and$syn_identity.v:319$957 ($and).
Removed top 14 bits (of 17) from port A of cell module17_1.$and$syn_identity.v:319$957 ($and).
Removed top 7 bits (of 8) from port B of cell module17_1.$and$syn_identity.v:319$957 ($and).
Removed top 14 bits (of 17) from wire module17_1.$and$syn_identity.v:319$957_Y.
Removed top 6 bits (of 7) from wire module17_1.$logic_and$syn_identity.v:281$907_Y.
Removed top 8 bits (of 9) from wire module17_1.$logic_not$syn_identity.v:324$969_Y.
Removed top 16 bits (of 17) from wire module17_1.$reduce_or$syn_identity.v:282$908_Y.
Removed top 18 bits (of 23) from wire module17_1.$sub$syn_identity.v:293$920_Y.
Removed top 3 bits (of 10) from wire module17_1.$ternary$syn_identity.v:274$902_Y.
Removed top 5 bits (of 14) from wire module17_1.$ternary$syn_identity.v:314$949_Y.
Removed top 6 bits (of 15) from wire module17_1.$ternary$syn_identity.v:314$951_Y.
Removed top 6 bits (of 15) from wire module17_1.$ternary$syn_identity.v:314$953_Y.
Removed top 14 bits (of 22) from wire module17_1.$ternary$syn_identity.v:314$954_Y.
Removed top 14 bits (of 17) from wire module17_1.$ternary$syn_identity.v:319$960_Y.
Removed top 14 bits (of 17) from wire module17_1.$ternary$syn_identity.v:320$964_Y.
Removed top 14 bits (of 17) from wire module17_1.$ternary$syn_identity.v:321$967_Y.
Removed top 3 bits (of 10) from wire module17_1.$xor$syn_identity.v:274$903_Y.
Removed top 6 bits (of 15) from wire module17_1.$xor$syn_identity.v:313$946_Y.
Removed top 8 bits (of 9) from FF cell module37_1.$procdff$1070 ($dff).
Removed top 17 bits (of 18) from FF cell module37_1.$procdff$1069 ($dff).
Removed top 13 bits (of 14) from FF cell module37_1.$procdff$1068 ($dff).
Removed top 10 bits (of 11) from FF cell module37_1.$procdff$1067 ($dff).
Removed top 12 bits (of 31) from port B of cell module37_1.$and$syn_identity.v:149$747 ($and).
Removed top 22 bits (of 31) from port Y of cell module37_1.$and$syn_identity.v:149$747 ($and).
Removed top 9 bits (of 18) from port A of cell module37_1.$and$syn_identity.v:149$747 ($and).
Removed top 10 bits (of 19) from port B of cell module37_1.$and$syn_identity.v:149$747 ($and).
Removed top 7 bits (of 8) from port A of cell module37_1.$eq$syn_identity.v:151$751 ($eq).
Removed top 12 bits (of 18) from port A of cell module37_1.$shr$syn_identity.v:160$758 ($shr).
Removed top 12 bits (of 17) from port B of cell module37_1.$shr$syn_identity.v:160$758 ($shr).
Removed top 12 bits (of 18) from mux cell module37_1.$ternary$syn_identity.v:160$764 ($mux).
Removed top 9 bits (of 20) from mux cell module37_1.$ternary$syn_identity.v:177$780 ($mux).
Removed top 3 bits (of 4) from port A of cell module37_1.$not$syn_identity.v:184$783 ($not).
Removed top 12 bits (of 13) from port B of cell module37_1.$shr$syn_identity.v:185$784 ($shr).
Removed top 9 bits (of 17) from port A of cell module37_1.$xnor$syn_identity.v:185$785 ($xnor).
Removed top 9 bits (of 17) from port B of cell module37_1.$xnor$syn_identity.v:185$785 ($xnor).
Removed top 3 bits (of 11) from port A of cell module37_1.$xnor$syn_identity.v:190$796 ($xnor).
Removed top 3 bits (of 11) from port B of cell module37_1.$xnor$syn_identity.v:190$796 ($xnor).
Removed top 8 bits (of 11) from port Y of cell module37_1.$xnor$syn_identity.v:190$796 ($xnor).
Removed top 8 bits (of 19) from mux cell module37_1.$ternary$syn_identity.v:198$807 ($mux).
Removed top 5 bits (of 6) from port A of cell module37_1.$xnor$syn_identity.v:199$811 ($xnor).
Removed top 5 bits (of 6) from port B of cell module37_1.$xnor$syn_identity.v:199$811 ($xnor).
Removed top 3 bits (of 6) from port Y of cell module37_1.$xnor$syn_identity.v:199$811 ($xnor).
Removed top 17 bits (of 18) from port A of cell module37_1.$add$syn_identity.v:203$813 ($add).
Removed top 17 bits (of 18) from port B of cell module37_1.$xnor$syn_identity.v:205$818 ($xnor).
Removed top 2 bits (of 3) from port B of cell module37_1.$xor$syn_identity.v:205$814 ($xor).
Removed top 10 bits (of 19) from port Y of cell module37_1.$xor$syn_identity.v:205$814 ($xor).
Removed top 3 bits (of 4) from port A of cell module37_1.$sshr$syn_identity.v:205$819 ($sshr).
Removed top 17 bits (of 18) from port B of cell module37_1.$lt$syn_identity.v:207$832 ($lt).
Removed top 1 bits (of 12) from port A of cell module37_1.$ge$syn_identity.v:210$834 ($ge).
Removed top 9 bits (of 12) from port B of cell module37_1.$ge$syn_identity.v:210$834 ($ge).
Removed top 3 bits (of 11) from mux cell module37_1.$ternary$syn_identity.v:211$838 ($mux).
Removed top 6 bits (of 7) from port A of cell module37_1.$xor$syn_identity.v:215$848 ($xor).
Removed top 17 bits (of 18) from port A of cell module37_1.$xor$syn_identity.v:215$847 ($xor).
Removed top 15 bits (of 18) from port B of cell module37_1.$xor$syn_identity.v:215$847 ($xor).
Removed top 15 bits (of 18) from port Y of cell module37_1.$xor$syn_identity.v:215$847 ($xor).
Removed top 6 bits (of 7) from port B of cell module37_1.$le$syn_identity.v:218$854 ($le).
Removed top 18 bits (of 19) from port A of cell module37_1.$add$syn_identity.v:216$850 ($add).
Removed top 12 bits (of 19) from port B of cell module37_1.$add$syn_identity.v:216$850 ($add).
Removed top 11 bits (of 19) from port Y of cell module37_1.$add$syn_identity.v:216$850 ($add).
Removed top 1 bits (of 12) from port A of cell module37_1.$add$syn_identity.v:220$858 ($add).
Removed top 4 bits (of 12) from port B of cell module37_1.$add$syn_identity.v:220$858 ($add).
Removed top 11 bits (of 18) from mux cell module37_1.$ternary$syn_identity.v:226$866 ($mux).
Removed top 11 bits (of 18) from port A of cell module37_1.$shr$syn_identity.v:226$867 ($shr).
Removed top 10 bits (of 18) from port A of cell module37_1.$sub$syn_identity.v:226$868 ($sub).
Removed top 12 bits (of 18) from mux cell module37_1.$ternary$syn_identity.v:160$762 ($mux).
Removed top 9 bits (of 20) from mux cell module37_1.$ternary$syn_identity.v:177$777 ($mux).
Removed top 12 bits (of 18) from mux cell module37_1.$ternary$syn_identity.v:160$761 ($mux).
Removed top 12 bits (of 18) from port Y of cell module37_1.$shr$syn_identity.v:160$758 ($shr).
Removed top 8 bits (of 9) from wire module37_1.$0\reg57[8:0].
Removed top 13 bits (of 14) from wire module37_1.$0\reg66[13:0].
Removed top 10 bits (of 11) from wire module37_1.$0\reg67[10:0].
Removed top 11 bits (of 19) from wire module37_1.$add$syn_identity.v:216$850_Y.
Removed top 17 bits (of 18) from wire module37_1.$eq$syn_identity.v:207$831_Y.
Removed top 5 bits (of 6) from wire module37_1.$logic_not$syn_identity.v:199$810_Y.
Removed top 18 bits (of 19) from wire module37_1.$logic_not$syn_identity.v:215$849_Y.
Removed top 25 bits (of 26) from wire module37_1.$logic_not$syn_identity.v:228$870_Y.
Removed top 7 bits (of 8) from wire module37_1.$reduce_xnor$syn_identity.v:151$750_Y.
Removed top 17 bits (of 18) from wire module37_1.$reduce_xnor$syn_identity.v:205$817_Y.
Removed top 12 bits (of 18) from wire module37_1.$shr$syn_identity.v:160$758_Y.
Removed top 12 bits (of 18) from wire module37_1.$ternary$syn_identity.v:160$761_Y.
Removed top 12 bits (of 18) from wire module37_1.$ternary$syn_identity.v:160$762_Y.
Removed top 9 bits (of 20) from wire module37_1.$ternary$syn_identity.v:177$777_Y.
Removed top 9 bits (of 20) from wire module37_1.$ternary$syn_identity.v:177$780_Y.
Removed top 8 bits (of 19) from wire module37_1.$ternary$syn_identity.v:198$807_Y.
Removed top 1 bits (of 19) from wire module37_1.$ternary$syn_identity.v:205$816_Y.
Removed top 3 bits (of 11) from wire module37_1.$ternary$syn_identity.v:211$838_Y.
Removed top 11 bits (of 18) from wire module37_1.$ternary$syn_identity.v:226$866_Y.
Removed top 8 bits (of 11) from wire module37_1.$xnor$syn_identity.v:190$796_Y.
Removed top 3 bits (of 6) from wire module37_1.$xnor$syn_identity.v:199$811_Y.
Removed top 15 bits (of 18) from wire module37_1.$xor$syn_identity.v:215$847_Y.
Removed top 10 bits (of 18) from wire module37_1.$xor$syn_identity.v:215$848_Y.
Removed top 12 bits (of 13) from wire module37_1.wire43.
Removed top 3 bits (of 4) from wire module37_1.wire45.
Removed top 9 bits (of 12) from wire module37_1.wire46.
Removed top 5 bits (of 6) from wire module37_1.wire47.
Removed top 9 bits (of 10) from wire module37_1.wire58.
Removed top 6 bits (of 7) from wire module37_1.wire59.
Removed top 11 bits (of 12) from wire module37_1.wire61.
Removed top 10 bits (of 18) from wire module37_1.wire62.
Removed top 21 bits (of 22) from wire module37_1.wire63.
Removed top 9 bits (of 10) from port A of cell module6_1.$not$syn_identity.v:60$710 ($not).
Removed top 13 bits (of 15) from port B of cell module6_1.$add$syn_identity.v:61$712 ($add).
Removed top 7 bits (of 8) from port A of cell module6_1.$sshl$syn_identity.v:64$726 ($sshl).
Removed top 9 bits (of 10) from port A of cell module6_1.$ge$syn_identity.v:75$732 ($ge).
Removed top 14 bits (of 22) from mux cell module6_1.$ternary$syn_identity.v:75$734 ($mux).
Removed top 17 bits (of 18) from port A of cell module6_1.$lt$syn_identity.v:76$737 ($lt).
Removed top 13 bits (of 15) from port B of cell module6_1.$lt$syn_identity.v:76$737 ($lt).
Converting cell module6_1.$lt$syn_identity.v:76$737 ($lt) from signed to unsigned.
Removed top 1 bits (of 2) from port B of cell module6_1.$lt$syn_identity.v:76$737 ($lt).
Removed top 17 bits (of 18) from port A of cell module6_1.$ne$syn_identity.v:76$738 ($ne).
Removed top 21 bits (of 22) from wire module6_1.$ge$syn_identity.v:75$732_Y.
Removed top 7 bits (of 8) from wire module6_1.$le$syn_identity.v:62$717_Y.
Removed top 7 bits (of 8) from wire module6_1.$pos$syn_identity.v:63$724_Y.
Removed top 18 bits (of 19) from wire module6_1.$reduce_xnor$syn_identity.v:62$713_Y.
Removed top 14 bits (of 22) from wire module6_1.$ternary$syn_identity.v:75$734_Y.
Removed top 14 bits (of 15) from wire module6_1.wire11.
Removed top 14 bits (of 17) from wire module6_1.wire16.
Removed top 10 bits (of 11) from wire module6_1.wire74.
Removed top 21 bits (of 22) from port A of cell top_1.$xnor$syn_identity.v:21$708 ($xnor).
Removed top 21 bits (of 22) from port B of cell top_1.$xnor$syn_identity.v:21$708 ($xnor).
Removed top 21 bits (of 22) from wire top_1.$logic_not$syn_identity.v:21$707_Y.
Removed top 21 bits (of 22) from wire top_1.$reduce_xnor$syn_identity.v:21$703_Y.
Removed top 21 bits (of 22) from wire top_1.wire5.

9.8. Executing MEMORY_DFF pass (merging $dff cells to $memrd and $memwr).

9.9. Executing OPT_CLEAN pass (remove unused cells and wires).
Finding unused cells or wires in module $paramod$14f98de4aae8d22ad8eecd6622864ee33b853fc8\LUT6..
Finding unused cells or wires in module $paramod$20246d5e7b6bcf137d425da26da5fdd90dad3f52\LUT6..
Finding unused cells or wires in module $paramod$d779ec703433824545b55eb2483b5fdefc59f727\LUT6..
Finding unused cells or wires in module $paramod\LUT3\INIT=8'01101001..
Finding unused cells or wires in module $paramod\LUT4\INIT=16'0111111111111111..
Finding unused cells or wires in module $paramod\LUT5\INIT=32768..
Finding unused cells or wires in module \GND..
Finding unused cells or wires in module \IBUF..
Finding unused cells or wires in module \OBUF..
Finding unused cells or wires in module \VCC..
Finding unused cells or wires in module \module17_1..
Finding unused cells or wires in module \module37_1..
Finding unused cells or wires in module \module6_1..
Finding unused cells or wires in module \top..
Finding unused cells or wires in module \top_1..
Finding unused cells or wires in module \top_2..
Removed 0 unused cells and 62 unused wires.
<suppressed ~4 debug messages>

9.10. Executing MEMORY_COLLECT pass (generating $mem cells).

9.11. Executing OPT pass (performing simple optimizations).

9.11.1. Executing OPT_EXPR pass (perform const folding).
Optimizing module $paramod$14f98de4aae8d22ad8eecd6622864ee33b853fc8\LUT6.
Optimizing module $paramod$20246d5e7b6bcf137d425da26da5fdd90dad3f52\LUT6.
Optimizing module $paramod$d779ec703433824545b55eb2483b5fdefc59f727\LUT6.
Optimizing module $paramod\LUT3\INIT=8'01101001.
Optimizing module $paramod\LUT4\INIT=16'0111111111111111.
Optimizing module $paramod\LUT5\INIT=32768.
Optimizing module GND.
Optimizing module IBUF.
Optimizing module OBUF.
Optimizing module VCC.
Optimizing module module17_1.
Optimizing module module37_1.
<suppressed ~4 debug messages>
Optimizing module module6_1.
<suppressed ~2 debug messages>
Optimizing module top.
Optimizing module top_1.
<suppressed ~1 debug messages>
Optimizing module top_2.

9.11.2. Executing OPT_MERGE pass (detect identical cells).
Finding identical cells in module `$paramod$14f98de4aae8d22ad8eecd6622864ee33b853fc8\LUT6'.
Finding identical cells in module `$paramod$20246d5e7b6bcf137d425da26da5fdd90dad3f52\LUT6'.
Finding identical cells in module `$paramod$d779ec703433824545b55eb2483b5fdefc59f727\LUT6'.
Finding identical cells in module `$paramod\LUT3\INIT=8'01101001'.
Finding identical cells in module `$paramod\LUT4\INIT=16'0111111111111111'.
Finding identical cells in module `$paramod\LUT5\INIT=32768'.
Finding identical cells in module `\GND'.
Finding identical cells in module `\IBUF'.
Finding identical cells in module `\OBUF'.
Finding identical cells in module `\VCC'.
Finding identical cells in module `\module17_1'.
Finding identical cells in module `\module37_1'.
Finding identical cells in module `\module6_1'.
Finding identical cells in module `\top'.
Finding identical cells in module `\top_1'.
Finding identical cells in module `\top_2'.
Removed a total of 0 cells.

9.11.3. Executing OPT_RMDFF pass (remove dff with constant values).
Promoting init spec \reg33 [6:2] = 5'xxxxx to constant driver in module module17_1.
Promoted 1 init specs to constant drivers.

9.11.4. Executing OPT_CLEAN pass (remove unused cells and wires).
Finding unused cells or wires in module $paramod$14f98de4aae8d22ad8eecd6622864ee33b853fc8\LUT6..
Finding unused cells or wires in module $paramod$20246d5e7b6bcf137d425da26da5fdd90dad3f52\LUT6..
Finding unused cells or wires in module $paramod$d779ec703433824545b55eb2483b5fdefc59f727\LUT6..
Finding unused cells or wires in module $paramod\LUT3\INIT=8'01101001..
Finding unused cells or wires in module $paramod\LUT4\INIT=16'0111111111111111..
Finding unused cells or wires in module $paramod\LUT5\INIT=32768..
Finding unused cells or wires in module \GND..
Finding unused cells or wires in module \IBUF..
Finding unused cells or wires in module \OBUF..
Finding unused cells or wires in module \VCC..
Finding unused cells or wires in module \module17_1..
Finding unused cells or wires in module \module37_1..
Finding unused cells or wires in module \module6_1..
Finding unused cells or wires in module \top..
Finding unused cells or wires in module \top_1..
Finding unused cells or wires in module \top_2..
Removed 3 unused cells and 10 unused wires.
<suppressed ~6 debug messages>

9.11.5. Rerunning OPT passes. (Removed registers in this run.)

9.11.6. Executing OPT_EXPR pass (perform const folding).
Optimizing module $paramod$14f98de4aae8d22ad8eecd6622864ee33b853fc8\LUT6.
Optimizing module $paramod$20246d5e7b6bcf137d425da26da5fdd90dad3f52\LUT6.
Optimizing module $paramod$d779ec703433824545b55eb2483b5fdefc59f727\LUT6.
Optimizing module $paramod\LUT3\INIT=8'01101001.
Optimizing module $paramod\LUT4\INIT=16'0111111111111111.
Optimizing module $paramod\LUT5\INIT=32768.
Optimizing module GND.
Optimizing module IBUF.
Optimizing module OBUF.
Optimizing module VCC.
Optimizing module module17_1.
Optimizing module module37_1.
Optimizing module module6_1.
Optimizing module top.
Optimizing module top_1.
Optimizing module top_2.

9.11.7. Executing OPT_MERGE pass (detect identical cells).
Finding identical cells in module `$paramod$14f98de4aae8d22ad8eecd6622864ee33b853fc8\LUT6'.
Finding identical cells in module `$paramod$20246d5e7b6bcf137d425da26da5fdd90dad3f52\LUT6'.
Finding identical cells in module `$paramod$d779ec703433824545b55eb2483b5fdefc59f727\LUT6'.
Finding identical cells in module `$paramod\LUT3\INIT=8'01101001'.
Finding identical cells in module `$paramod\LUT4\INIT=16'0111111111111111'.
Finding identical cells in module `$paramod\LUT5\INIT=32768'.
Finding identical cells in module `\GND'.
Finding identical cells in module `\IBUF'.
Finding identical cells in module `\OBUF'.
Finding identical cells in module `\VCC'.
Finding identical cells in module `\module17_1'.
Finding identical cells in module `\module37_1'.
Finding identical cells in module `\module6_1'.
Finding identical cells in module `\top'.
Finding identical cells in module `\top_1'.
Finding identical cells in module `\top_2'.
Removed a total of 0 cells.

9.11.8. Executing OPT_RMDFF pass (remove dff with constant values).

9.11.9. Executing OPT_CLEAN pass (remove unused cells and wires).
Finding unused cells or wires in module $paramod$14f98de4aae8d22ad8eecd6622864ee33b853fc8\LUT6..
Finding unused cells or wires in module $paramod$20246d5e7b6bcf137d425da26da5fdd90dad3f52\LUT6..
Finding unused cells or wires in module $paramod$d779ec703433824545b55eb2483b5fdefc59f727\LUT6..
Finding unused cells or wires in module $paramod\LUT3\INIT=8'01101001..
Finding unused cells or wires in module $paramod\LUT4\INIT=16'0111111111111111..
Finding unused cells or wires in module $paramod\LUT5\INIT=32768..
Finding unused cells or wires in module \GND..
Finding unused cells or wires in module \IBUF..
Finding unused cells or wires in module \OBUF..
Finding unused cells or wires in module \VCC..
Finding unused cells or wires in module \module17_1..
Finding unused cells or wires in module \module37_1..
Finding unused cells or wires in module \module6_1..
Finding unused cells or wires in module \top..
Finding unused cells or wires in module \top_1..
Finding unused cells or wires in module \top_2..

9.11.10. Finished fast OPT passes.

9.12. Printing statistics.

=== $paramod$14f98de4aae8d22ad8eecd6622864ee33b853fc8\LUT6 ===

   Number of wires:                  9
   Number of wire bits:             77
   Number of public wires:           9
   Number of public wire bits:      77
   Number of memories:               0
   Number of memory bits:            0
   Number of processes:              0
   Number of cells:                  1
     $shiftx                         1

=== $paramod$20246d5e7b6bcf137d425da26da5fdd90dad3f52\LUT6 ===

   Number of wires:                  9
   Number of wire bits:             77
   Number of public wires:           9
   Number of public wire bits:      77
   Number of memories:               0
   Number of memory bits:            0
   Number of processes:              0
   Number of cells:                  1
     $shiftx                         1

=== $paramod$d779ec703433824545b55eb2483b5fdefc59f727\LUT6 ===

   Number of wires:                  9
   Number of wire bits:             77
   Number of public wires:           9
   Number of public wire bits:      77
   Number of memories:               0
   Number of memory bits:            0
   Number of processes:              0
   Number of cells:                  1
     $shiftx                         1

=== $paramod\LUT3\INIT=8'01101001 ===

   Number of wires:                  6
   Number of wire bits:             15
   Number of public wires:           6
   Number of public wire bits:      15
   Number of memories:               0
   Number of memory bits:            0
   Number of processes:              0
   Number of cells:                  1
     $shiftx                         1

=== $paramod\LUT4\INIT=16'0111111111111111 ===

   Number of wires:                  7
   Number of wire bits:             25
   Number of public wires:           7
   Number of public wire bits:      25
   Number of memories:               0
   Number of memory bits:            0
   Number of processes:              0
   Number of cells:                  1
     $shiftx                         1

=== $paramod\LUT5\INIT=32768 ===

   Number of wires:                  8
   Number of wire bits:             43
   Number of public wires:           8
   Number of public wire bits:      43
   Number of memories:               0
   Number of memory bits:            0
   Number of processes:              0
   Number of cells:                  1
     $shiftx                         1

=== GND ===

   Number of wires:                  1
   Number of wire bits:              1
   Number of public wires:           1
   Number of public wire bits:       1
   Number of memories:               0
   Number of memory bits:            0
   Number of processes:              0
   Number of cells:                  0

=== IBUF ===

   Number of wires:                  2
   Number of wire bits:              2
   Number of public wires:           2
   Number of public wire bits:       2
   Number of memories:               0
   Number of memory bits:            0
   Number of processes:              0
   Number of cells:                  0

=== OBUF ===

   Number of wires:                  2
   Number of wire bits:              2
   Number of public wires:           2
   Number of public wire bits:       2
   Number of memories:               0
   Number of memory bits:            0
   Number of processes:              0
   Number of cells:                  0

=== VCC ===

   Number of wires:                  1
   Number of wire bits:              1
   Number of public wires:           1
   Number of public wire bits:       1
   Number of memories:               0
   Number of memory bits:            0
   Number of processes:              0
   Number of cells:                  0

=== module17_1 ===

   Number of wires:                 82
   Number of wire bits:            853
   Number of public wires:          19
   Number of public wire bits:     317
   Number of memories:               0
   Number of memory bits:            0
   Number of processes:              0
   Number of cells:                 73
     $add                            1
     $and                            1
     $dff                           10
     $eq                             1
     $ge                             2
     $le                             2
     $logic_and                      1
     $logic_not                      3
     $mux                           27
     $or                             1
     $reduce_and                     1
     $reduce_bool                    9
     $reduce_or                      5
     $reduce_xnor                    1
     $shl                            2
     $shr                            1
     $sshr                           1
     $sub                            1
     $xor                            3

=== module37_1 ===

   Number of wires:                111
   Number of wire bits:           1335
   Number of public wires:          34
   Number of public wire bits:     568
   Number of memories:               0
   Number of memory bits:            0
   Number of processes:              0
   Number of cells:                 97
     $add                            4
     $and                            1
     $dff                           11
     $eq                             1
     $ge                             1
     $gt                             1
     $le                             1
     $logic_and                      2
     $logic_not                      3
     $lt                             1
     $mux                           27
     $neg                            1
     $not                            1
     $reduce_and                     1
     $reduce_bool                   12
     $reduce_or                      3
     $reduce_xnor                    7
     $reduce_xor                     1
     $shr                            4
     $sshl                           1
     $sshr                           2
     $sub                            3
     $xnor                           5
     $xor                            3

=== module6_1 ===

   Number of wires:                 41
   Number of wire bits:            928
   Number of public wires:          17
   Number of public wire bits:     356
   Number of memories:               0
   Number of memory bits:            0
   Number of processes:              0
   Number of cells:                 27
     $add                            1
     $ge                             1
     $le                             2
     $logic_and                      1
     $lt                             1
     $mux                            6
     $ne                             2
     $neg                            1
     $not                            1
     $reduce_and                     1
     $reduce_bool                    4
     $reduce_xnor                    2
     $shl                            1
     $sshl                           1
     module17_1                      1
     module37_1                      1

=== top ===

   Number of wires:                 11
   Number of wire bits:            272
   Number of public wires:           8
   Number of public wire bits:     269
   Number of memories:               0
   Number of memory bits:            0
   Number of processes:              0
   Number of cells:                  6
     $assert                         1
     $dff                            2
     $eq                             1
     top_1                           1
     top_2                           1

=== top_1 ===

   Number of wires:                 20
   Number of wire bits:            474
   Number of public wires:          12
   Number of public wire bits:     231
   Number of memories:               0
   Number of memory bits:            0
   Number of processes:              0
   Number of cells:                 11
     $and                            1
     $logic_not                      1
     $mux                            1
     $reduce_and                     2
     $reduce_bool                    1
     $reduce_or                      1
     $reduce_xnor                    1
     $xnor                           1
     $xor                            1
     module6_1                       1

=== top_2 ===

   Number of wires:                 21
   Number of wire bits:            297
   Number of public wires:          21
   Number of public wire bits:     297
   Number of memories:               0
   Number of memory bits:            0
   Number of processes:              0
   Number of cells:                134
     $paramod$14f98de4aae8d22ad8eecd6622864ee33b853fc8\LUT6      1
     $paramod$20246d5e7b6bcf137d425da26da5fdd90dad3f52\LUT6      2
     $paramod$d779ec703433824545b55eb2483b5fdefc59f727\LUT6      1
     $paramod\LUT3\INIT=8'01101001      1
     $paramod\LUT4\INIT=16'0111111111111111      4
     $paramod\LUT5\INIT=32768        1
     GND                             1
     IBUF                           41
     OBUF                           81
     VCC                             1

=== design hierarchy ===

   top                               1
     top_1                           1
       module6_1                     1
         module17_1                  1
         module37_1                  1
     top_2                           1
       $paramod$14f98de4aae8d22ad8eecd6622864ee33b853fc8\LUT6      1
       $paramod$20246d5e7b6bcf137d425da26da5fdd90dad3f52\LUT6      2
       $paramod$d779ec703433824545b55eb2483b5fdefc59f727\LUT6      1
       $paramod\LUT3\INIT=8'01101001      1
       $paramod\LUT4\INIT=16'0111111111111111      4
       $paramod\LUT5\INIT=32768      1
       GND                           1
       IBUF                         41
       OBUF                         81
       VCC                           1

   Number of wires:                610
   Number of wire bits:           4871
   Number of public wires:         435
   Number of public wire bits:    2750
   Number of memories:               0
   Number of memory bits:            0
   Number of processes:              0
   Number of cells:                219
     $add                            6
     $and                            3
     $assert                         1
     $dff                           23
     $eq                             3
     $ge                             4
     $gt                             1
     $le                             5
     $logic_and                      4
     $logic_not                      7
     $lt                             2
     $mux                           61
     $ne                             2
     $neg                            2
     $not                            2
     $or                             1
     $reduce_and                     5
     $reduce_bool                   26
     $reduce_or                      9
     $reduce_xnor                   11
     $reduce_xor                     1
     $shiftx                        10
     $shl                            3
     $shr                            5
     $sshl                           2
     $sshr                           3
     $sub                            4
     $xnor                           6
     $xor                            7

9.13. Executing CHECK pass (checking for obvious problems).
checking module $paramod$14f98de4aae8d22ad8eecd6622864ee33b853fc8\LUT6..
checking module $paramod$20246d5e7b6bcf137d425da26da5fdd90dad3f52\LUT6..
checking module $paramod$d779ec703433824545b55eb2483b5fdefc59f727\LUT6..
checking module $paramod\LUT3\INIT=8'01101001..
checking module $paramod\LUT4\INIT=16'0111111111111111..
checking module $paramod\LUT5\INIT=32768..
checking module GND..
checking module IBUF..
checking module OBUF..
checking module VCC..
checking module module17_1..
checking module module37_1..
checking module module6_1..
checking module top..
checking module top_1..
checking module top_2..
found and reported 0 problems.

10. Executing HIERARCHY pass (managing design hierarchy).

Syntax error in command `hierarchy -smtcheck':

    hierarchy [-check] [-top <module>]
    hierarchy -generate <cell-types> <port-decls>

In parametric designs, a module might exists in several variations with
different parameter values. This pass looks at all modules in the current
design an re-runs the language frontends for the parametric modules as
needed. It also resolves assignments to wired logic data types (wand/wor),
resolves positional module parameters, unroll array instances, and more.

    -check
        also check the design hierarchy. this generates an error when
        an unknown module is used as cell type.

    -simcheck
        like -check, but also throw an error if blackbox modules are
        instantiated, and throw an error if the design has no top module.

    -purge_lib
        by default the hierarchy command will not remove library (blackbox)
        modules. use this option to also remove unused blackbox modules.

    -libdir <directory>
        search for files named <module_name>.v in the specified directory
        for unknown modules and automatically run read_verilog for each
        unknown module.

    -keep_positionals
        per default this pass also converts positional arguments in cells
        to arguments using port names. This option disables this behavior.

    -keep_portwidths
        per default this pass adjusts the port width on cells that are
        module instances when the width does not match the module port. This
        option disables this behavior.

    -nodefaults
        do not resolve input port default values

    -nokeep_asserts
        per default this pass sets the "keep" attribute on all modules
        that directly or indirectly contain one or more formal properties.
        This option disables this behavior.

    -top <module>
        use the specified top module to build the design hierarchy. Modules
        outside this tree (unused modules) are removed.

        when the -top option is used, the 'top' attribute will be set on the
        specified top module. otherwise a module with the 'top' attribute set
        will implicitly be used as top module, if such a module exists.

    -auto-top
        automatically determine the top of the design hierarchy and mark it.

    -chparam name value 
       elaborate the top module using this parameter value. Modules on which
       this parameter does not exist may cause a warning message to be output.
       This option can be specified multiple times to override multiple
       parameters. String values must be passed in double quotes (").

In -generate mode this pass generates blackbox modules for the given cell
types (wildcards supported). For this the design is searched for cells that
match the given types and then the given port declarations are used to
determine the direction of the ports. The syntax for a port declaration is:

    {i|o|io}[@<num>]:<portname>

Input ports are specified with the 'i' prefix, output ports with the 'o'
prefix and inout ports with the 'io' prefix. The optional <num> specifies
the position of the port in the parameter list (needed when instantiated
using positional arguments). When <num> is not specified, the <portname> can
also contain wildcard characters.

This pass ignores the current selection and always operates on all modules
in the current design.

ERROR: Command syntax error: Unknown option or option in arguments.
> hierarchy -smtcheck
>           ^
