101110000000000000000000000000010000010000000000010000001000000000000001000000000000000
101110001110001011101010011000111101100011111111000000001010001110111111000000010111000
101110010010001111010110010100001000000000000001000000001000001111001001000000011110000
101110110010111111100111001001111011000000000000100000001010110111011101000001111111000
101110110000001111100100111110100011010001111111000000001001110010011111000000011111000
101110101110100100010000011010001101000011111111000000001101011101001001000001001000000
101110111111011101110100010111111100100001111111000000001011000011111001000010111011000
101110110110011100100101101010001101100001111111000000001110011110001001000000111001000
101110010011000001011000001011111111100000000000010000001111000111110101000010000010000
101110101000111001001111111000100110010000000001000000001001111101101011000001110010000
101110011110100011011000001110010011100011111111000000001101111110000101000001000110000
101110100010111001110000001111010111110000000001000000001101100011110011000001110011000
101110111010110000100101101110001101000000000010000000001110011011100101000001100001000
101110010011100011111011110001000111110000000000010000001011101100100011000011000111000
101110110110001000010000010010100100110011111111000000001011100011100111000000010000000
101110010110110100010001001100010001110011111111000000001110101011101111000001101000000
101110001100011111001000010111011010100000000000010000001001010111011101000000111110000
101110111100000111110010100000100100000000000001000000001100100011100101000000001111000
101110110101111011100111001101100011010000000010000000001010111100111111000011110111000
101110100001001001110100001100000110000000000010000000001101010111100101000010010011000
101110111110001011001001000110100001110001111111000000001001000010110111000000010110000
101110110110101110011011111001011011000000000010000000001000010101101001000001011100000
101110000000000000000000000000010000010000000000010000001000000000000001000000000000000
101110001110001011101010011000111101100011111111000000001010001110111111000000010111000
101110010010001111010110010100001000000000000001000000001000001111001001000000011110000
101110110010111111100111001001111011000000000000100000001010110111011101000001111111000
101110110000001111100100111110100011010001111111000000001001110010011111000000011111000
101110101110100100010000011010001101000011111111000000001101011101001001000001001000000
101110111111011101110100010111111100100001111111000000001011000011111001000010111011000
101110110110011100100101101010001101100001111111000000001110011110001001000000111001000
101110010011000001011000001011111111100000000000010000001111000111110101000010000010000
101110101000111001001111111000100110010000000001000000001001111101101011000001110010000
101110011110100011011000001110010011100011111111000000001101111110000101000001000110000
101110100010111001110000001111010111110000000001000000001101100011110011000001110011000
101110111010110000100101101110001101000000000010000000001110011011100101000001100001000
101110010011100011111011110001000111110000000000010000001011101100100011000011000111000
101110110110001000010000010010100100110011111111000000001011100011100111000000010000000
101110010110110100010001001100010001110011111111000000001110101011101111000001101000000
101110001100011111001000010111011010100000000000010000001001010111011101000000111110000
101110111100000111110010100000100100000000000001000000001100100011100101000000001111000
101110110101111011100111001101100011010000000010000000001010111100111111000011110111000
101110100001001001110100001100000110000000000010000000001101010111100101000010010011000
101110111110001011001001000110100001110001111111000000001001000010110111000000010110000
101110110110101110011011111001011011000000000010000000001000010101101001000001011100000
