#-----------------------------------------------------------
# Vivado v2022.1 (64-bit)
# SW Build 3526262 on Mon Apr 18 15:47:01 MDT 2022
# IP Build 3524634 on Mon Apr 18 20:55:01 MDT 2022
# Start of session at: Fri Jul 21 20:30:46 2023
# Process ID: 3771915
# Current directory: /doc/wxy/2023_7_21/fuzz_2/vivado
# Command line: vivado -mode batch -source vivado_top.tcl
# Log file: /doc/wxy/2023_7_21/fuzz_2/vivado/vivado.log
# Journal file: /doc/wxy/2023_7_21/fuzz_2/vivado/vivado.jou
# Running On: tsmc-System-Product-Name, OS: Linux, CPU Frequency: 5196.518 MHz, CPU Physical cores: 10, Host memory: 134955 MB
#-----------------------------------------------------------
source vivado_top.tcl
# set_msg_config -id {Synth 8-5821} -new_severity {WARNING}
# read_verilog rtl.v
# synth_design -part xc7k70t -top top
Command: synth_design -part xc7k70t -top top
Starting synth_design
Attempting to get a license for feature 'Synthesis' and/or device 'xc7k70t'
INFO: [Common 17-349] Got license for feature 'Synthesis' and/or device 'xc7k70t'
INFO: [Synth 8-7079] Multithreading enabled for synth_design using a maximum of 4 processes.
INFO: [Synth 8-7078] Launching helper process for spawning children vivado processes
INFO: [Synth 8-7075] Helper process launched with PID 3771975
---------------------------------------------------------------------------------
Starting Synthesize : Time (s): cpu = 00:00:02 ; elapsed = 00:00:03 . Memory (MB): peak = 2898.492 ; gain = 0.000 ; free physical = 12953 ; free virtual = 126329
---------------------------------------------------------------------------------
INFO: [Synth 8-6157] synthesizing module 'top' [/doc/wxy/2023_7_21/fuzz_2/vivado/rtl.v:1]
WARNING: [Synth 8-5974] attribute "use_dsp48" has been deprecated, please use "use_dsp" instead 
INFO: [Synth 8-6155] done synthesizing module 'top' (0#1) [/doc/wxy/2023_7_21/fuzz_2/vivado/rtl.v:1]
WARNING: [Synth 8-3917] design top has port y[54] driven by constant 0
WARNING: [Synth 8-3917] design top has port y[53] driven by constant 0
WARNING: [Synth 8-3917] design top has port y[52] driven by constant 0
WARNING: [Synth 8-3917] design top has port y[51] driven by constant 0
WARNING: [Synth 8-3917] design top has port y[50] driven by constant 0
WARNING: [Synth 8-3917] design top has port y[49] driven by constant 0
WARNING: [Synth 8-3917] design top has port y[48] driven by constant 0
WARNING: [Synth 8-3917] design top has port y[47] driven by constant 0
WARNING: [Synth 8-3917] design top has port y[46] driven by constant 0
WARNING: [Synth 8-3917] design top has port y[45] driven by constant 0
WARNING: [Synth 8-3917] design top has port y[44] driven by constant 0
WARNING: [Synth 8-3917] design top has port y[43] driven by constant 0
WARNING: [Synth 8-3917] design top has port y[42] driven by constant 0
WARNING: [Synth 8-3917] design top has port y[34] driven by constant 0
WARNING: [Synth 8-3917] design top has port y[0] driven by constant 0
---------------------------------------------------------------------------------
Finished Synthesize : Time (s): cpu = 00:00:03 ; elapsed = 00:00:04 . Memory (MB): peak = 2898.492 ; gain = 0.000 ; free physical = 14048 ; free virtual = 127425
---------------------------------------------------------------------------------
---------------------------------------------------------------------------------
Finished Constraint Validation : Time (s): cpu = 00:00:04 ; elapsed = 00:00:04 . Memory (MB): peak = 2898.492 ; gain = 0.000 ; free physical = 14045 ; free virtual = 127422
---------------------------------------------------------------------------------
---------------------------------------------------------------------------------
Start Loading Part and Timing Information
---------------------------------------------------------------------------------
Loading part: xc7k70tfbg676-3
INFO: [Device 21-403] Loading part xc7k70tfbg676-3
---------------------------------------------------------------------------------
Finished Loading Part and Timing Information : Time (s): cpu = 00:00:04 ; elapsed = 00:00:04 . Memory (MB): peak = 2906.492 ; gain = 8.000 ; free physical = 14045 ; free virtual = 127422
---------------------------------------------------------------------------------
---------------------------------------------------------------------------------
Finished RTL Optimization Phase 2 : Time (s): cpu = 00:00:04 ; elapsed = 00:00:04 . Memory (MB): peak = 2906.492 ; gain = 8.000 ; free physical = 14038 ; free virtual = 127416
---------------------------------------------------------------------------------
No constraint files found.
---------------------------------------------------------------------------------
Start RTL Component Statistics 
---------------------------------------------------------------------------------
Detailed RTL Component Info : 
+---XORs : 
	   2 Input     21 Bit         XORs := 1     
	   2 Input      4 Bit         XORs := 1     
+---XORs : 
	               21 Bit    Wide XORs := 1     
+---Registers : 
	               18 Bit    Registers := 1     
	                6 Bit    Registers := 1     
	                4 Bit    Registers := 1     
+---Muxes : 
	   2 Input   21 Bit        Muxes := 2     
	   2 Input   10 Bit        Muxes := 4     
	   2 Input    9 Bit        Muxes := 2     
	   2 Input    6 Bit        Muxes := 1     
	   2 Input    1 Bit        Muxes := 1     
---------------------------------------------------------------------------------
Finished RTL Component Statistics 
---------------------------------------------------------------------------------
---------------------------------------------------------------------------------
Start Part Resource Summary
---------------------------------------------------------------------------------
Part Resources:
DSPs: 240 (col length:80)
BRAMs: 270 (col length: RAMB18 80 RAMB36 40)
---------------------------------------------------------------------------------
Finished Part Resource Summary
---------------------------------------------------------------------------------
No constraint files found.
---------------------------------------------------------------------------------
Start Cross Boundary and Area Optimization
---------------------------------------------------------------------------------
WARNING: [Synth 8-7080] Parallel synthesis criteria is not met
WARNING: [Synth 8-3917] design top has port y[54] driven by constant 0
WARNING: [Synth 8-3917] design top has port y[53] driven by constant 0
WARNING: [Synth 8-3917] design top has port y[52] driven by constant 0
WARNING: [Synth 8-3917] design top has port y[51] driven by constant 0
WARNING: [Synth 8-3917] design top has port y[50] driven by constant 0
WARNING: [Synth 8-3917] design top has port y[49] driven by constant 0
WARNING: [Synth 8-3917] design top has port y[48] driven by constant 0
WARNING: [Synth 8-3917] design top has port y[47] driven by constant 0
WARNING: [Synth 8-3917] design top has port y[46] driven by constant 0
WARNING: [Synth 8-3917] design top has port y[45] driven by constant 0
WARNING: [Synth 8-3917] design top has port y[44] driven by constant 0
WARNING: [Synth 8-3917] design top has port y[43] driven by constant 0
WARNING: [Synth 8-3917] design top has port y[42] driven by constant 0
WARNING: [Synth 8-3917] design top has port y[41] driven by constant 0
WARNING: [Synth 8-3917] design top has port y[34] driven by constant 0
WARNING: [Synth 8-3917] design top has port y[0] driven by constant 0
---------------------------------------------------------------------------------
Finished Cross Boundary and Area Optimization : Time (s): cpu = 00:00:07 ; elapsed = 00:00:07 . Memory (MB): peak = 2906.492 ; gain = 8.000 ; free physical = 13737 ; free virtual = 127117
---------------------------------------------------------------------------------
No constraint files found.
---------------------------------------------------------------------------------
Start Timing Optimization
---------------------------------------------------------------------------------
---------------------------------------------------------------------------------
Finished Timing Optimization : Time (s): cpu = 00:00:07 ; elapsed = 00:00:07 . Memory (MB): peak = 2906.492 ; gain = 8.000 ; free physical = 13737 ; free virtual = 127117
---------------------------------------------------------------------------------
---------------------------------------------------------------------------------
Start Technology Mapping
---------------------------------------------------------------------------------
---------------------------------------------------------------------------------
Finished Technology Mapping : Time (s): cpu = 00:00:07 ; elapsed = 00:00:07 . Memory (MB): peak = 2906.492 ; gain = 8.000 ; free physical = 13732 ; free virtual = 127112
---------------------------------------------------------------------------------
---------------------------------------------------------------------------------
Start IO Insertion
---------------------------------------------------------------------------------
---------------------------------------------------------------------------------
Start Flattening Before IO Insertion
---------------------------------------------------------------------------------
---------------------------------------------------------------------------------
Finished Flattening Before IO Insertion
---------------------------------------------------------------------------------
---------------------------------------------------------------------------------
Start Final Netlist Cleanup
---------------------------------------------------------------------------------
---------------------------------------------------------------------------------
Finished Final Netlist Cleanup
---------------------------------------------------------------------------------
---------------------------------------------------------------------------------
Finished IO Insertion : Time (s): cpu = 00:00:09 ; elapsed = 00:00:10 . Memory (MB): peak = 2906.492 ; gain = 8.000 ; free physical = 13745 ; free virtual = 127125
---------------------------------------------------------------------------------
---------------------------------------------------------------------------------
Start Renaming Generated Instances
---------------------------------------------------------------------------------
---------------------------------------------------------------------------------
Finished Renaming Generated Instances : Time (s): cpu = 00:00:09 ; elapsed = 00:00:10 . Memory (MB): peak = 2906.492 ; gain = 8.000 ; free physical = 13745 ; free virtual = 127125
---------------------------------------------------------------------------------
---------------------------------------------------------------------------------
Start Rebuilding User Hierarchy
---------------------------------------------------------------------------------
---------------------------------------------------------------------------------
Finished Rebuilding User Hierarchy : Time (s): cpu = 00:00:09 ; elapsed = 00:00:10 . Memory (MB): peak = 2906.492 ; gain = 8.000 ; free physical = 13745 ; free virtual = 127125
---------------------------------------------------------------------------------
---------------------------------------------------------------------------------
Start Renaming Generated Ports
---------------------------------------------------------------------------------
---------------------------------------------------------------------------------
Finished Renaming Generated Ports : Time (s): cpu = 00:00:09 ; elapsed = 00:00:10 . Memory (MB): peak = 2906.492 ; gain = 8.000 ; free physical = 13745 ; free virtual = 127125
---------------------------------------------------------------------------------
---------------------------------------------------------------------------------
Start Handling Custom Attributes
---------------------------------------------------------------------------------
---------------------------------------------------------------------------------
Finished Handling Custom Attributes : Time (s): cpu = 00:00:09 ; elapsed = 00:00:10 . Memory (MB): peak = 2906.492 ; gain = 8.000 ; free physical = 13745 ; free virtual = 127125
---------------------------------------------------------------------------------
---------------------------------------------------------------------------------
Start Renaming Generated Nets
---------------------------------------------------------------------------------
---------------------------------------------------------------------------------
Finished Renaming Generated Nets : Time (s): cpu = 00:00:09 ; elapsed = 00:00:10 . Memory (MB): peak = 2906.492 ; gain = 8.000 ; free physical = 13745 ; free virtual = 127125
---------------------------------------------------------------------------------
---------------------------------------------------------------------------------
Start Writing Synthesis Report
---------------------------------------------------------------------------------

Report BlackBoxes: 
+-+--------------+----------+
| |BlackBox name |Instances |
+-+--------------+----------+
+-+--------------+----------+

Report Cell Usage: 
+------+-------+------+
|      |Cell   |Count |
+------+-------+------+
|1     |BUFG   |     1|
|2     |CARRY4 |     2|
|3     |LUT1   |     6|
|4     |LUT2   |    11|
|5     |LUT3   |     9|
|6     |LUT4   |    17|
|7     |LUT5   |    49|
|8     |LUT6   |    59|
|9     |FDRE   |    11|
|10    |IBUF   |    69|
|11    |OBUF   |    82|
+------+-------+------+

Report Instance Areas: 
+------+---------+-------+------+
|      |Instance |Module |Cells |
+------+---------+-------+------+
|1     |top      |       |   316|
+------+---------+-------+------+
---------------------------------------------------------------------------------
Finished Writing Synthesis Report : Time (s): cpu = 00:00:09 ; elapsed = 00:00:10 . Memory (MB): peak = 2906.492 ; gain = 8.000 ; free physical = 13745 ; free virtual = 127125
---------------------------------------------------------------------------------
Synthesis finished with 0 errors, 0 critical warnings and 33 warnings.
Synthesis Optimization Runtime : Time (s): cpu = 00:00:09 ; elapsed = 00:00:10 . Memory (MB): peak = 2906.492 ; gain = 8.000 ; free physical = 13749 ; free virtual = 127129
Synthesis Optimization Complete : Time (s): cpu = 00:00:09 ; elapsed = 00:00:10 . Memory (MB): peak = 2906.500 ; gain = 8.000 ; free physical = 13749 ; free virtual = 127129
INFO: [Project 1-571] Translating synthesized netlist
Netlist sorting complete. Time (s): cpu = 00:00:00 ; elapsed = 00:00:00 . Memory (MB): peak = 2906.500 ; gain = 0.000 ; free physical = 13826 ; free virtual = 127206
INFO: [Netlist 29-17] Analyzing 2 Unisim elements for replacement
INFO: [Netlist 29-28] Unisim Transformation completed in 0 CPU seconds
INFO: [Project 1-570] Preparing netlist for logic optimization
INFO: [Opt 31-138] Pushed 0 inverter(s) to 0 load pin(s).
Netlist sorting complete. Time (s): cpu = 00:00:00 ; elapsed = 00:00:00 . Memory (MB): peak = 2962.520 ; gain = 0.000 ; free physical = 13756 ; free virtual = 127137
INFO: [Project 1-111] Unisim Transformation Summary:
No Unisim elements were transformed.

Synth Design complete, checksum: a8368bc6
INFO: [Common 17-83] Releasing license: Synthesis
14 Infos, 33 Warnings, 0 Critical Warnings and 0 Errors encountered.
synth_design completed successfully
synth_design: Time (s): cpu = 00:00:14 ; elapsed = 00:00:12 . Memory (MB): peak = 2962.520 ; gain = 64.031 ; free physical = 13965 ; free virtual = 127345
# write_verilog -force syn_vivado.v
INFO: [Common 17-206] Exiting Vivado at Fri Jul 21 20:31:03 2023...
:00 . Memory (MB): peak = 2962.520 ; gain = 0.000 ; free physical = 13756 ; free virtual = 127137
INFO: [Project 1-111] Unisim Transformation Summary:
No Unisim elements were transformed.

Synth Design complete, checksum: a8368bc6
INFO: [Common 17-83] Releasing license: Synthesis
14 Infos, 33 Warnings, 0 Critical Warnings and 0 Errors encountered.
synth_design completed successfully
synth_design: Time (s): cpu = 00:00:14 ; elapsed = 00:00:12 . Memory (MB): peak = 2962.520 ; gain = 64.031 ; free physical = 13965 ; free virtual = 127345
# write_verilog -force syn_vivado.v
INFO: [Common 17-206] Exiting Vivado at Fri Jul 21 20:31:03 2023...
