
 /----------------------------------------------------------------------------\
 |                                                                            |
 |  yosys -- Yosys Open SYnthesis Suite                                       |
 |                                                                            |
 |  Copyright (C) 2012 - 2019  Clifford Wolf <clifford@clifford.at>           |
 |                                                                            |
 |  Permission to use, copy, modify, and/or distribute this software for any  |
 |  purpose with or without fee is hereby granted, provided that the above    |
 |  copyright notice and this permission notice appear in all copies.         |
 |                                                                            |
 |  THE SOFTWARE IS PROVIDED "AS IS" AND THE AUTHOR DISCLAIMS ALL WARRANTIES  |
 |  WITH REGARD TO THIS SOFTWARE INCLUDING ALL IMPLIED WARRANTIES OF          |
 |  MERCHANTABILITY AND FITNESS. IN NO EVENT SHALL THE AUTHOR BE LIABLE FOR   |
 |  ANY SPECIAL, DIRECT, INDIRECT, OR CONSEQUENTIAL DAMAGES OR ANY DAMAGES    |
 |  WHATSOEVER RESULTING FROM LOSS OF USE, DATA OR PROFITS, WHETHER IN AN     |
 |  ACTION OF CONTRACT, NEGLIGENCE OR OTHER TORTIOUS ACTION, ARISING OUT OF   |
 |  OR IN CONNECTION WITH THE USE OR PERFORMANCE OF THIS SOFTWARE.            |
 |                                                                            |
 \----------------------------------------------------------------------------/

 Yosys 0.9 (git sha1 1979e0b)


-- Running command `read_verilog rtl.v; synth; write_verilog -noattr syn_yosys.v' --

1. Executing Verilog-2005 frontend: rtl.v
Parsing Verilog input from `rtl.v' to AST representation.
Generating RTLIL representation for module `\top'.
Successfully finished Verilog frontend.

2. Executing SYNTH pass.

2.1. Executing HIERARCHY pass (managing design hierarchy).

2.2. Executing PROC pass (convert processes to netlists).

2.2.1. Executing PROC_CLEAN pass (remove empty switches from decision trees).
Cleaned up 0 empty switches.

2.2.2. Executing PROC_RMDEAD pass (remove dead branches from decision trees).
Marked 2 switch rules as full_case in process $proc$rtl.v:76$40 in module top.
Removed a total of 0 dead cases.

2.2.3. Executing PROC_INIT pass (extract init attributes).
Found init rule in `\top.$proc$rtl.v:26$139'.
  Set init value: \reg7 = 4'0000
Found init rule in `\top.$proc$rtl.v:25$138'.
  Set init value: \reg8 = 6'000000
Found init rule in `\top.$proc$rtl.v:24$137'.
  Set init value: \reg9 = 19'0000000000000000000
Found init rule in `\top.$proc$rtl.v:23$136'.
  Set init value: \reg10 = 15'000000000000000
Found init rule in `\top.$proc$rtl.v:22$135'.
  Set init value: \reg11 = 6'000000
Found init rule in `\top.$proc$rtl.v:21$134'.
  Set init value: \reg12 = 17'00000000000000000
Found init rule in `\top.$proc$rtl.v:20$133'.
  Set init value: \reg13 = 16'0000000000000000
Found init rule in `\top.$proc$rtl.v:16$132'.
  Set init value: \reg17 = 15'000000000000000
Found init rule in `\top.$proc$rtl.v:15$131'.
  Set init value: \reg18 = 13'0000000000000
Found init rule in `\top.$proc$rtl.v:14$130'.
  Set init value: \reg19 = 22'0000000000000000000000
Found init rule in `\top.$proc$rtl.v:13$129'.
  Set init value: \reg20 = 16'0000000000000000
Found init rule in `\top.$proc$rtl.v:12$128'.
  Set init value: \reg21 = 22'0000000000000000000000
Found init rule in `\top.$proc$rtl.v:11$127'.
  Set init value: \reg22 = 7'0000000
Found init rule in `\top.$proc$rtl.v:10$126'.
  Set init value: \reg23 = 8'00000000
Found init rule in `\top.$proc$rtl.v:9$125'.
  Set init value: \reg24 = 16'0000000000000000

2.2.4. Executing PROC_ARST pass (detect async resets in processes).

2.2.5. Executing PROC_MUX pass (convert decision trees to multiplexers).
Creating decoders for process `\top.$proc$rtl.v:26$139'.
     1/1: $1\reg7[3:0]
Creating decoders for process `\top.$proc$rtl.v:25$138'.
     1/1: $1\reg8[5:0]
Creating decoders for process `\top.$proc$rtl.v:24$137'.
     1/1: $1\reg9[18:0]
Creating decoders for process `\top.$proc$rtl.v:23$136'.
     1/1: $1\reg10[14:0]
Creating decoders for process `\top.$proc$rtl.v:22$135'.
     1/1: $1\reg11[5:0]
Creating decoders for process `\top.$proc$rtl.v:21$134'.
     1/1: $1\reg12[16:0]
Creating decoders for process `\top.$proc$rtl.v:20$133'.
     1/1: $1\reg13[15:0]
Creating decoders for process `\top.$proc$rtl.v:16$132'.
     1/1: $1\reg17[14:0]
Creating decoders for process `\top.$proc$rtl.v:15$131'.
     1/1: $1\reg18[12:0]
Creating decoders for process `\top.$proc$rtl.v:14$130'.
     1/1: $1\reg19[21:0]
Creating decoders for process `\top.$proc$rtl.v:13$129'.
     1/1: $1\reg20[15:0]
Creating decoders for process `\top.$proc$rtl.v:12$128'.
     1/1: $1\reg21[21:0]
Creating decoders for process `\top.$proc$rtl.v:11$127'.
     1/1: $1\reg22[6:0]
Creating decoders for process `\top.$proc$rtl.v:10$126'.
     1/1: $1\reg23[7:0]
Creating decoders for process `\top.$proc$rtl.v:9$125'.
     1/1: $1\reg24[15:0]
Creating decoders for process `\top.$proc$rtl.v:76$40'.
     1/8: $0\reg24[15:0]
     2/8: $0\reg23[7:0]
     3/8: $0\reg22[6:0]
     4/8: $0\reg17[14:0]
     5/8: $0\reg18[12:0]
     6/8: $0\reg19[21:0]
     7/8: $0\reg20[15:0]
     8/8: $0\reg21[21:0]
Creating decoders for process `\top.$proc$rtl.v:64$18'.
     1/4: $0\reg13[15:0]
     2/4: $0\reg12[16:0]
     3/4: $0\reg11[5:0]
     4/4: $0\reg10[14:0]
Creating decoders for process `\top.$proc$rtl.v:57$6'.
     1/3: $0\reg9[18:0]
     2/3: $0\reg8[5:0]
     3/3: $0\reg7[3:0]

2.2.6. Executing PROC_DLATCH pass (convert process syncs to latches).

2.2.7. Executing PROC_DFF pass (convert process syncs to FFs).
Creating register for signal `\top.\reg24' using process `\top.$proc$rtl.v:76$40'.
  created $dff cell `$procdff$164' with positive edge clock.
Creating register for signal `\top.\reg23' using process `\top.$proc$rtl.v:76$40'.
  created $dff cell `$procdff$165' with positive edge clock.
Creating register for signal `\top.\reg22' using process `\top.$proc$rtl.v:76$40'.
  created $dff cell `$procdff$166' with positive edge clock.
Creating register for signal `\top.\reg21' using process `\top.$proc$rtl.v:76$40'.
  created $dff cell `$procdff$167' with positive edge clock.
Creating register for signal `\top.\reg20' using process `\top.$proc$rtl.v:76$40'.
  created $dff cell `$procdff$168' with positive edge clock.
Creating register for signal `\top.\reg19' using process `\top.$proc$rtl.v:76$40'.
  created $dff cell `$procdff$169' with positive edge clock.
Creating register for signal `\top.\reg18' using process `\top.$proc$rtl.v:76$40'.
  created $dff cell `$procdff$170' with positive edge clock.
Creating register for signal `\top.\reg17' using process `\top.$proc$rtl.v:76$40'.
  created $dff cell `$procdff$171' with positive edge clock.
Creating register for signal `\top.\reg13' using process `\top.$proc$rtl.v:64$18'.
  created $dff cell `$procdff$172' with positive edge clock.
Creating register for signal `\top.\reg12' using process `\top.$proc$rtl.v:64$18'.
  created $dff cell `$procdff$173' with positive edge clock.
Creating register for signal `\top.\reg11' using process `\top.$proc$rtl.v:64$18'.
  created $dff cell `$procdff$174' with positive edge clock.
Creating register for signal `\top.\reg10' using process `\top.$proc$rtl.v:64$18'.
  created $dff cell `$procdff$175' with positive edge clock.
Creating register for signal `\top.\reg9' using process `\top.$proc$rtl.v:57$6'.
  created $dff cell `$procdff$176' with positive edge clock.
Creating register for signal `\top.\reg8' using process `\top.$proc$rtl.v:57$6'.
  created $dff cell `$procdff$177' with positive edge clock.
Creating register for signal `\top.\reg7' using process `\top.$proc$rtl.v:57$6'.
  created $dff cell `$procdff$178' with positive edge clock.

2.2.8. Executing PROC_CLEAN pass (remove empty switches from decision trees).
Removing empty process `top.$proc$rtl.v:26$139'.
Removing empty process `top.$proc$rtl.v:25$138'.
Removing empty process `top.$proc$rtl.v:24$137'.
Removing empty process `top.$proc$rtl.v:23$136'.
Removing empty process `top.$proc$rtl.v:22$135'.
Removing empty process `top.$proc$rtl.v:21$134'.
Removing empty process `top.$proc$rtl.v:20$133'.
Removing empty process `top.$proc$rtl.v:16$132'.
Removing empty process `top.$proc$rtl.v:15$131'.
Removing empty process `top.$proc$rtl.v:14$130'.
Removing empty process `top.$proc$rtl.v:13$129'.
Removing empty process `top.$proc$rtl.v:12$128'.
Removing empty process `top.$proc$rtl.v:11$127'.
Removing empty process `top.$proc$rtl.v:10$126'.
Removing empty process `top.$proc$rtl.v:9$125'.
Found and cleaned up 2 empty switches in `\top.$proc$rtl.v:76$40'.
Removing empty process `top.$proc$rtl.v:76$40'.
Removing empty process `top.$proc$rtl.v:64$18'.
Removing empty process `top.$proc$rtl.v:57$6'.
Cleaned up 2 empty switches.

2.3. Executing OPT_EXPR pass (perform const folding).
Optimizing module top.
<suppressed ~18 debug messages>

2.4. Executing OPT_CLEAN pass (remove unused cells and wires).
Finding unused cells or wires in module \top..
Removed 4 unused cells and 74 unused wires.
<suppressed ~21 debug messages>

2.5. Executing CHECK pass (checking for obvious problems).
checking module top..
found and reported 0 problems.

2.6. Executing OPT pass (performing simple optimizations).

2.6.1. Executing OPT_EXPR pass (perform const folding).
Optimizing module top.
<suppressed ~2 debug messages>

2.6.2. Executing OPT_MERGE pass (detect identical cells).
Finding identical cells in module `\top'.
<suppressed ~3 debug messages>
Removed a total of 1 cells.

2.6.3. Executing OPT_MUXTREE pass (detect dead branches in mux trees).
Running muxtree optimizer on module \top..
  Creating internal representation of mux trees.
  Evaluating internal representation of mux trees.
  Analyzing evaluation results.
Removed 0 multiplexer ports.
<suppressed ~18 debug messages>

2.6.4. Executing OPT_REDUCE pass (consolidate $*mux and $reduce_* inputs).
  Optimizing cells in module \top.
    New input vector for $reduce_or cell $reduce_or$rtl.v:95$67: { \wire0 [6] \wire0 [7] \wire0 [8] \wire0 [9] \wire6 [0] \wire6 [1] \wire6 [2] }
    New input vector for $reduce_or cell $reduce_or$rtl.v:60$7: { \wire0 [0] \wire0 [1] \wire0 [2] \wire0 [3] \wire0 [4] \wire0 [5] \wire0 [6] \wire0 [7] \wire0 [8] \wire0 [9] \wire0 [10] \wire0 [11] }
    New input vector for $reduce_and cell $reduce_and$rtl.v:91$57: { \reg18 [0] \reg18 [1] \reg18 [2] \reg18 [3] \reg18 [4] \reg18 [5] \reg18 [6] \reg18 [7] \reg18 [8] \reg18 [9] \reg18 [10] \reg18 [11] \reg18 [12] \wire14 [7] }
    New input vector for $reduce_and cell $reduce_and$rtl.v:72$31: { \reg10 [6] \reg10 [7] }
    New input vector for $reduce_and cell $reduce_and$rtl.v:55$1: { \wire3 [0] \wire3 [1] \wire3 [2] \wire3 [3] \wire3 [4] \wire3 [5] \wire3 [6] }
    New input vector for $reduce_and cell $reduce_and$rtl.v:121$119: { \reg12 [0] \reg12 [1] \reg12 [2] \reg12 [3] \reg12 [4] \reg12 [5] \reg12 [6] \reg12 [7] \reg12 [8] \reg12 [9] \reg12 [10] \reg12 [11] \reg12 [12] \reg12 [13] \reg12 [14] \reg12 [15] \reg12 [16] }
    New input vector for $reduce_and cell $reduce_and$rtl.v:110$90: { \wire2 [6] \wire2 [7] \wire2 [8] \wire2 [9] \wire2 [10] \wire2 [11] \wire2 [12] }
    New input vector for $reduce_and cell $reduce_and$rtl.v:106$80: { $shr$rtl.v:106$79_Y [0] $shr$rtl.v:106$79_Y [1] $shr$rtl.v:106$79_Y [2] $shr$rtl.v:106$79_Y [3] $shr$rtl.v:106$79_Y [4] $shr$rtl.v:106$79_Y [5] }
  Optimizing cells in module \top.
Performed a total of 8 changes.

2.6.5. Executing OPT_MERGE pass (detect identical cells).
Finding identical cells in module `\top'.
Removed a total of 0 cells.

2.6.6. Executing OPT_RMDFF pass (remove dff with constant values).
Removing $procdff$174 ($dff) from module top.
Replaced 1 DFF cells.

2.6.7. Executing OPT_CLEAN pass (remove unused cells and wires).
Finding unused cells or wires in module \top..
Removed 0 unused cells and 3 unused wires.
<suppressed ~1 debug messages>

2.6.8. Executing OPT_EXPR pass (perform const folding).
Optimizing module top.

2.6.9. Rerunning OPT passes. (Maybe there is more to do..)

2.6.10. Executing OPT_MUXTREE pass (detect dead branches in mux trees).
Running muxtree optimizer on module \top..
  Creating internal representation of mux trees.
  Evaluating internal representation of mux trees.
  Analyzing evaluation results.
Removed 0 multiplexer ports.
<suppressed ~18 debug messages>

2.6.11. Executing OPT_REDUCE pass (consolidate $*mux and $reduce_* inputs).
  Optimizing cells in module \top.
Performed a total of 0 changes.

2.6.12. Executing OPT_MERGE pass (detect identical cells).
Finding identical cells in module `\top'.
Removed a total of 0 cells.

2.6.13. Executing OPT_RMDFF pass (remove dff with constant values).

2.6.14. Executing OPT_CLEAN pass (remove unused cells and wires).
Finding unused cells or wires in module \top..

2.6.15. Executing OPT_EXPR pass (perform const folding).
Optimizing module top.

2.6.16. Finished OPT passes. (There is nothing left to do.)

2.7. Executing WREDUCE pass (reducing word size of cells).
Removed top 9 bits (of 12) from port Y of cell top.$neg$rtl.v:56$5 ($neg).
Removed top 9 bits (of 12) from port A of cell top.$neg$rtl.v:56$5 ($neg).
Removed top 5 bits (of 7) from port Y of cell top.$not$rtl.v:59$12 ($not).
Removed top 5 bits (of 7) from port A of cell top.$not$rtl.v:59$12 ($not).
Removed top 4 bits (of 7) from port A of cell top.$neg$rtl.v:61$15 ($neg).
Removed top 13 bits (of 19) from port B of cell top.$xor$rtl.v:69$24 ($xor).
Removed top 13 bits (of 19) from port Y of cell top.$xor$rtl.v:69$24 ($xor).
Removed top 13 bits (of 19) from port B of cell top.$ge$rtl.v:69$25 ($ge).
Removed top 15 bits (of 16) from port A of cell top.$sub$rtl.v:70$29 ($sub).
Removed top 1 bits (of 17) from mux cell top.$ternary$rtl.v:74$36 ($mux).
Removed top 8 bits (of 15) from mux cell top.$ternary$rtl.v:93$63 ($mux).
Removed top 10 bits (of 17) from port A of cell top.$lt$rtl.v:86$52 ($lt).
Removed top 7 bits (of 11) from port A of cell top.$eq$rtl.v:86$55 ($eq).
Removed top 16 bits (of 17) from port B of cell top.$and$rtl.v:86$56 ($and).
Removed top 4 bits (of 17) from port Y of cell top.$and$rtl.v:86$56 ($and).
Removed top 4 bits (of 17) from port A of cell top.$and$rtl.v:86$56 ($and).
Removed top 7 bits (of 11) from port A of cell top.$neg$rtl.v:92$59 ($neg).
Removed top 5 bits (of 6) from port A of cell top.$lt$rtl.v:93$60 ($lt).
Removed top 12 bits (of 15) from port A of cell top.$xnor$rtl.v:93$66 ($xnor).
Removed top 18 bits (of 19) from port A of cell top.$ne$rtl.v:96$71 ($ne).
Removed top 2 bits (of 19) from mux cell top.$ternary$rtl.v:96$70 ($mux).
Removed top 12 bits (of 13) from mux cell top.$ternary$rtl.v:97$78 ($mux).
Removed top 14 bits (of 22) from mux cell top.$ternary$rtl.v:114$100 ($mux).
Removed top 14 bits (of 22) from port A of cell top.$neg$rtl.v:114$101 ($neg).
Removed top 15 bits (of 16) from port A of cell top.$shr$rtl.v:121$121 ($shr).
Removed top 7 bits (of 8) from port A of cell top.$shr$rtl.v:121$124 ($shr).
Removed top 9 bits (of 16) from FF cell top.$procdff$164 ($dff).
Removed top 16 bits (of 17) from FF cell top.$procdff$173 ($dff).
Removed top 8 bits (of 15) from FF cell top.$procdff$175 ($dff).
Removed top 12 bits (of 19) from FF cell top.$procdff$176 ($dff).
Removed top 5 bits (of 6) from FF cell top.$procdff$177 ($dff).
Removed top 9 bits (of 12) from mux cell top.$ternary$rtl.v:56$4 ($mux).
Removed top 12 bits (of 19) from port B of cell top.$shr$rtl.v:68$19 ($shr).
Removed top 12 bits (of 19) from port A of cell top.$xor$rtl.v:69$20 ($xor).
Removed top 4 bits (of 19) from port Y of cell top.$xor$rtl.v:69$20 ($xor).
Removed top 5 bits (of 6) from port B of cell top.$xor$rtl.v:69$24 ($xor).
Removed top 5 bits (of 6) from port Y of cell top.$xor$rtl.v:69$24 ($xor).
Removed top 5 bits (of 6) from port B of cell top.$ge$rtl.v:69$25 ($ge).
Removed top 4 bits (of 17) from mux cell top.$ternary$rtl.v:86$54 ($mux).
Removed top 1 bits (of 19) from port B of cell top.$ne$rtl.v:96$71 ($ne).
Removed top 4 bits (of 17) from mux cell top.$ternary$rtl.v:86$50 ($mux).
Removed top 4 bits (of 17) from mux cell top.$ternary$rtl.v:86$48 ($mux).
Removed top 2 bits (of 15) from mux cell top.$ternary$rtl.v:85$46 ($mux).
Removed top 5 bits (of 6) from wire top.$0\reg8[5:0].
Removed top 4 bits (of 17) from wire top.$and$rtl.v:86$56_Y.
Removed top 21 bits (of 22) from wire top.$ge$rtl.v:114$98_Y.
Removed top 22 bits (of 23) from wire top.$logic_not$rtl.v:106$81_Y.
Removed top 15 bits (of 16) from wire top.$logic_not$rtl.v:121$120_Y.
Removed top 16 bits (of 17) from wire top.$lt$rtl.v:120$113_Y.
Removed top 16 bits (of 17) from wire top.$lt$rtl.v:86$52_Y.
Removed top 14 bits (of 15) from wire top.$lt$rtl.v:93$60_Y.
Removed top 12 bits (of 13) from wire top.$ne$rtl.v:96$71_Y.
Removed top 5 bits (of 7) from wire top.$not$rtl.v:59$12_Y.
Removed top 8 bits (of 15) from wire top.$pos$rtl.v:93$64_Y.
Removed top 21 bits (of 22) from wire top.$reduce_and$rtl.v:110$90_Y.
Removed top 21 bits (of 22) from wire top.$reduce_xnor$rtl.v:107$89_Y.
Removed top 14 bits (of 22) from wire top.$ternary$rtl.v:114$100_Y.
Removed top 9 bits (of 12) from wire top.$ternary$rtl.v:56$4_Y.
Removed top 1 bits (of 17) from wire top.$ternary$rtl.v:74$36_Y.
Removed top 2 bits (of 15) from wire top.$ternary$rtl.v:85$46_Y.
Removed top 4 bits (of 17) from wire top.$ternary$rtl.v:86$48_Y.
Removed top 4 bits (of 17) from wire top.$ternary$rtl.v:86$50_Y.
Removed top 16 bits (of 17) from wire top.$ternary$rtl.v:86$54_Y.
Removed top 2 bits (of 19) from wire top.$ternary$rtl.v:96$70_Y.
Removed top 4 bits (of 19) from wire top.$xor$rtl.v:69$20_Y.
Removed top 18 bits (of 19) from wire top.$xor$rtl.v:69$24_Y.
Removed top 2 bits (of 19) from wire top.wire15.
Removed top 3 bits (of 5) from wire top.wire16.
Removed top 7 bits (of 11) from wire top.wire5.

2.8. Executing PEEPOPT pass (run peephole optimizers).

2.9. Executing OPT_CLEAN pass (remove unused cells and wires).
Finding unused cells or wires in module \top..
Removed 0 unused cells and 28 unused wires.
<suppressed ~1 debug messages>

2.10. Executing TECHMAP pass (map to technology primitives).

2.10.1. Executing Verilog-2005 frontend: /usr/bin/../share/yosys/cmp2lut.v
Parsing Verilog input from `/usr/bin/../share/yosys/cmp2lut.v' to AST representation.
Generating RTLIL representation for module `\_90_lut_cmp_'.
Successfully finished Verilog frontend.

2.10.2. Continuing TECHMAP pass.
No more expansions possible.
<suppressed ~132 debug messages>

2.11. Executing ALUMACC pass (create $alu and $macc cells).
Extracting $alu and $macc cells in module top:
  creating $macc model for $neg$rtl.v:114$101 ($neg).
  creating $macc model for $neg$rtl.v:56$5 ($neg).
  creating $macc model for $neg$rtl.v:60$9 ($neg).
  creating $macc model for $neg$rtl.v:61$15 ($neg).
  creating $macc model for $neg$rtl.v:70$30 ($neg).
  creating $macc model for $neg$rtl.v:92$59 ($neg).
  creating $macc model for $sub$rtl.v:70$29 ($sub).
  merging $macc model for $sub$rtl.v:70$29 into $neg$rtl.v:70$30.
  creating $alu model for $macc $neg$rtl.v:92$59.
  creating $alu model for $macc $neg$rtl.v:70$30.
  creating $alu model for $macc $neg$rtl.v:61$15.
  creating $alu model for $macc $neg$rtl.v:60$9.
  creating $alu model for $macc $neg$rtl.v:56$5.
  creating $alu model for $macc $neg$rtl.v:114$101.
  creating $alu model for $ge$rtl.v:114$98 ($ge): new $alu
  creating $alu model for $ge$rtl.v:69$25 ($ge): new $alu
  creating $alu model for $ge$rtl.v:74$34 ($ge): new $alu
  creating $alu model for $lt$rtl.v:120$113 ($lt): new $alu
  creating $alu model for $lt$rtl.v:86$52 ($lt): new $alu
  creating $alu model for $lt$rtl.v:93$60 ($lt): new $alu
  creating $alu cell for $lt$rtl.v:93$60: $auto$alumacc.cc:474:replace_alu$211
  creating $alu cell for $lt$rtl.v:86$52: $auto$alumacc.cc:474:replace_alu$216
  creating $alu cell for $lt$rtl.v:120$113: $auto$alumacc.cc:474:replace_alu$221
  creating $alu cell for $ge$rtl.v:74$34: $auto$alumacc.cc:474:replace_alu$232
  creating $alu cell for $ge$rtl.v:69$25: $auto$alumacc.cc:474:replace_alu$247
  creating $alu cell for $ge$rtl.v:114$98: $auto$alumacc.cc:474:replace_alu$256
  creating $alu cell for $neg$rtl.v:114$101: $auto$alumacc.cc:474:replace_alu$269
  creating $alu cell for $neg$rtl.v:56$5: $auto$alumacc.cc:474:replace_alu$272
  creating $alu cell for $neg$rtl.v:60$9: $auto$alumacc.cc:474:replace_alu$275
  creating $alu cell for $neg$rtl.v:61$15: $auto$alumacc.cc:474:replace_alu$278
  creating $alu cell for $neg$rtl.v:70$30: $auto$alumacc.cc:474:replace_alu$281
  creating $alu cell for $neg$rtl.v:92$59: $auto$alumacc.cc:474:replace_alu$284
  created 12 $alu and 0 $macc cells.

2.12. Executing SHARE pass (SAT-based resource sharing).

2.13. Executing OPT pass (performing simple optimizations).

2.13.1. Executing OPT_EXPR pass (perform const folding).
Optimizing module top.
<suppressed ~3 debug messages>

2.13.2. Executing OPT_MERGE pass (detect identical cells).
Finding identical cells in module `\top'.
Removed a total of 0 cells.

2.13.3. Executing OPT_MUXTREE pass (detect dead branches in mux trees).
Running muxtree optimizer on module \top..
  Creating internal representation of mux trees.
  Evaluating internal representation of mux trees.
      Replacing known input bits on port A of cell $ternary$rtl.v:74$36: { 1'0 \reg10 [6] \reg10 [6] \reg10 [6] \reg10 [6] \reg10 [6] \reg10 [6] \reg10 [6] \reg10 [6] \reg10 [6:0] } -> { 10'0111111111 \reg10 [5:0] }
  Analyzing evaluation results.
Removed 0 multiplexer ports.
<suppressed ~18 debug messages>

2.13.4. Executing OPT_REDUCE pass (consolidate $*mux and $reduce_* inputs).
  Optimizing cells in module \top.
    New input vector for $reduce_or cell $auto$alumacc.cc:509:replace_alu$245: { $auto$rtlil.cc:1832:Not$244 $auto$rtlil.cc:1835:ReduceAnd$236 }
    New input vector for $reduce_or cell $auto$alumacc.cc:509:replace_alu$267: { $auto$rtlil.cc:1832:Not$266 $auto$rtlil.cc:1835:ReduceAnd$260 }
    New input vector for $reduce_and cell $auto$alumacc.cc:64:get_eq$224: { $auto$alumacc.cc:490:replace_alu$222 [0] $auto$alumacc.cc:490:replace_alu$222 [1] $auto$alumacc.cc:490:replace_alu$222 [2] $auto$alumacc.cc:490:replace_alu$222 [3] $auto$alumacc.cc:490:replace_alu$222 [4] $auto$alumacc.cc:490:replace_alu$222 [5] $auto$alumacc.cc:490:replace_alu$222 [6] $auto$alumacc.cc:490:replace_alu$222 [7] $auto$alumacc.cc:490:replace_alu$222 [8] $auto$alumacc.cc:490:replace_alu$222 [9] $auto$alumacc.cc:490:replace_alu$222 [10] $auto$alumacc.cc:490:replace_alu$222 [11] $auto$alumacc.cc:490:replace_alu$222 [12] $auto$alumacc.cc:490:replace_alu$222 [13] $auto$alumacc.cc:490:replace_alu$222 [14] $auto$alumacc.cc:490:replace_alu$222 [15] $auto$alumacc.cc:490:replace_alu$222 [16] $auto$alumacc.cc:490:replace_alu$222 [17] $auto$alumacc.cc:490:replace_alu$222 [18] $auto$alumacc.cc:490:replace_alu$222 [19] $auto$alumacc.cc:490:replace_alu$222 [20] $auto$alumacc.cc:490:replace_alu$222 [21] }
    New input vector for $reduce_and cell $auto$alumacc.cc:64:get_eq$235: { $auto$alumacc.cc:490:replace_alu$233 [0] $auto$alumacc.cc:490:replace_alu$233 [1] $auto$alumacc.cc:490:replace_alu$233 [2] $auto$alumacc.cc:490:replace_alu$233 [3] $auto$alumacc.cc:490:replace_alu$233 [4] $auto$alumacc.cc:490:replace_alu$233 [5] $auto$alumacc.cc:490:replace_alu$233 [6] $auto$alumacc.cc:490:replace_alu$233 [7] $auto$alumacc.cc:490:replace_alu$233 [8] $auto$alumacc.cc:490:replace_alu$233 [9] $auto$alumacc.cc:490:replace_alu$233 [10] $auto$alumacc.cc:490:replace_alu$233 [11] $auto$alumacc.cc:490:replace_alu$233 [12] $auto$alumacc.cc:490:replace_alu$233 [13] $auto$alumacc.cc:490:replace_alu$233 [14] $auto$alumacc.cc:490:replace_alu$233 [15] }
    New input vector for $reduce_and cell $auto$alumacc.cc:64:get_eq$252: { $auto$alumacc.cc:490:replace_alu$248 [0] $auto$alumacc.cc:490:replace_alu$248 [1] $auto$alumacc.cc:490:replace_alu$248 [2] $auto$alumacc.cc:490:replace_alu$248 [3] $auto$alumacc.cc:490:replace_alu$248 [4] $auto$alumacc.cc:490:replace_alu$248 [5] $auto$alumacc.cc:490:replace_alu$248 [6] $auto$alumacc.cc:490:replace_alu$248 [7] $auto$alumacc.cc:490:replace_alu$248 [8] $auto$alumacc.cc:490:replace_alu$248 [9] $auto$alumacc.cc:490:replace_alu$248 [10] $auto$alumacc.cc:490:replace_alu$248 [11] $auto$alumacc.cc:490:replace_alu$248 [12] $auto$alumacc.cc:490:replace_alu$248 [13] $auto$alumacc.cc:490:replace_alu$248 [14] $auto$alumacc.cc:490:replace_alu$248 [15] $auto$alumacc.cc:490:replace_alu$248 [16] $auto$alumacc.cc:490:replace_alu$248 [17] $auto$alumacc.cc:490:replace_alu$248 [18] }
    New input vector for $reduce_and cell $auto$alumacc.cc:64:get_eq$259: { $auto$alumacc.cc:490:replace_alu$257 [0] $auto$alumacc.cc:490:replace_alu$257 [1] $auto$alumacc.cc:490:replace_alu$257 [2] $auto$alumacc.cc:490:replace_alu$257 [3] $auto$alumacc.cc:490:replace_alu$257 [4] $auto$alumacc.cc:490:replace_alu$257 [5] $auto$alumacc.cc:490:replace_alu$257 [6] }
  Optimizing cells in module \top.
Performed a total of 6 changes.

2.13.5. Executing OPT_MERGE pass (detect identical cells).
Finding identical cells in module `\top'.
Removed a total of 0 cells.

2.13.6. Executing OPT_RMDFF pass (remove dff with constant values).
Promoting init spec \reg24 [15:7] = 9'xxxxxxxxx to constant driver in module top.
Promoted 1 init specs to constant drivers.

2.13.7. Executing OPT_CLEAN pass (remove unused cells and wires).
Finding unused cells or wires in module \top..
Removed 1 unused cells and 10 unused wires.
<suppressed ~2 debug messages>

2.13.8. Executing OPT_EXPR pass (perform const folding).
Optimizing module top.

2.13.9. Rerunning OPT passes. (Maybe there is more to do..)

2.13.10. Executing OPT_MUXTREE pass (detect dead branches in mux trees).
Running muxtree optimizer on module \top..
  Creating internal representation of mux trees.
  Evaluating internal representation of mux trees.
  Analyzing evaluation results.
Removed 0 multiplexer ports.
<suppressed ~18 debug messages>

2.13.11. Executing OPT_REDUCE pass (consolidate $*mux and $reduce_* inputs).
  Optimizing cells in module \top.
Performed a total of 0 changes.

2.13.12. Executing OPT_MERGE pass (detect identical cells).
Finding identical cells in module `\top'.
Removed a total of 0 cells.

2.13.13. Executing OPT_RMDFF pass (remove dff with constant values).

2.13.14. Executing OPT_CLEAN pass (remove unused cells and wires).
Finding unused cells or wires in module \top..

2.13.15. Executing OPT_EXPR pass (perform const folding).
Optimizing module top.

2.13.16. Finished OPT passes. (There is nothing left to do.)

2.14. Executing FSM pass (extract and optimize FSM).

2.14.1. Executing FSM_DETECT pass (finding FSMs in design).

2.14.2. Executing FSM_EXTRACT pass (extracting FSM from design).

2.14.3. Executing FSM_OPT pass (simple optimizations of FSMs).

2.14.4. Executing OPT_CLEAN pass (remove unused cells and wires).
Finding unused cells or wires in module \top..

2.14.5. Executing FSM_OPT pass (simple optimizations of FSMs).

2.14.6. Executing FSM_RECODE pass (re-assigning FSM state encoding).

2.14.7. Executing FSM_INFO pass (dumping all available information on FSM cells).

2.14.8. Executing FSM_MAP pass (mapping FSMs to basic logic).

2.15. Executing OPT pass (performing simple optimizations).

2.15.1. Executing OPT_EXPR pass (perform const folding).
Optimizing module top.

2.15.2. Executing OPT_MERGE pass (detect identical cells).
Finding identical cells in module `\top'.
Removed a total of 0 cells.

2.15.3. Executing OPT_RMDFF pass (remove dff with constant values).

2.15.4. Executing OPT_CLEAN pass (remove unused cells and wires).
Finding unused cells or wires in module \top..

2.15.5. Finished fast OPT passes.

2.16. Executing MEMORY pass.

2.16.1. Executing MEMORY_DFF pass (merging $dff cells to $memrd and $memwr).

2.16.2. Executing OPT_CLEAN pass (remove unused cells and wires).
Finding unused cells or wires in module \top..

2.16.3. Executing MEMORY_SHARE pass (consolidating $memrd/$memwr cells).

2.16.4. Executing OPT_CLEAN pass (remove unused cells and wires).
Finding unused cells or wires in module \top..

2.16.5. Executing MEMORY_COLLECT pass (generating $mem cells).

2.17. Executing OPT_CLEAN pass (remove unused cells and wires).
Finding unused cells or wires in module \top..

2.18. Executing OPT pass (performing simple optimizations).

2.18.1. Executing OPT_EXPR pass (perform const folding).
Optimizing module top.
<suppressed ~35 debug messages>

2.18.2. Executing OPT_MERGE pass (detect identical cells).
Finding identical cells in module `\top'.
Removed a total of 0 cells.

2.18.3. Executing OPT_RMDFF pass (remove dff with constant values).

2.18.4. Executing OPT_CLEAN pass (remove unused cells and wires).
Finding unused cells or wires in module \top..
Removed 0 unused cells and 9 unused wires.
<suppressed ~2 debug messages>

2.18.5. Finished fast OPT passes.

2.19. Executing MEMORY_MAP pass (converting $mem cells to logic and flip-flops).

2.20. Executing OPT pass (performing simple optimizations).

2.20.1. Executing OPT_EXPR pass (perform const folding).
Optimizing module top.

2.20.2. Executing OPT_MERGE pass (detect identical cells).
Finding identical cells in module `\top'.
Removed a total of 0 cells.

2.20.3. Executing OPT_MUXTREE pass (detect dead branches in mux trees).
Running muxtree optimizer on module \top..
  Creating internal representation of mux trees.
  Evaluating internal representation of mux trees.
  Analyzing evaluation results.
Removed 0 multiplexer ports.
<suppressed ~18 debug messages>

2.20.4. Executing OPT_REDUCE pass (consolidate $*mux and $reduce_* inputs).
  Optimizing cells in module \top.
    Consolidated identical input bits for $mux cell $procmux$148:
      Old ports: A={ 12'000000000000 $ternary$rtl.v:97$78_Y [0] }, B={ 12'000000000000 $and$rtl.v:86$56_Y [0] }, Y=$procmux$148_Y
      New ports: A=$ternary$rtl.v:97$78_Y [0], B=$and$rtl.v:86$56_Y [0], Y=$procmux$148_Y [0]
      New connections: $procmux$148_Y [12:1] = 12'000000000000
    Consolidated identical input bits for $mux cell $ternary$rtl.v:114$100:
      Old ports: A={ \wire14 [7] \wire14 [7] \wire14 [7] \wire14 [7] \wire14 [7] \wire14 [7] \wire14 [7] \wire14 [7] }, B={ 7'0000000 $auto$rtlil.cc:1836:ReduceOr$268 }, Y=$auto$wreduce.cc:455:run$192 [7:0]
      New ports: A={ \wire14 [7] \wire14 [7] }, B={ 1'0 $auto$rtlil.cc:1836:ReduceOr$268 }, Y=$auto$wreduce.cc:455:run$192 [1:0]
      New connections: $auto$wreduce.cc:455:run$192 [7:2] = { $auto$wreduce.cc:455:run$192 [1] $auto$wreduce.cc:455:run$192 [1] $auto$wreduce.cc:455:run$192 [1] $auto$wreduce.cc:455:run$192 [1] $auto$wreduce.cc:455:run$192 [1] $auto$wreduce.cc:455:run$192 [1] }
    Consolidated identical input bits for $mux cell $ternary$rtl.v:69$23:
      Old ports: A={ 2'00 \wire2 }, B={ 4'0000 \reg10 [6] \reg10 [6] \reg10 [6] \reg10 [6] \reg10 [6] \reg10 [6] \reg10 [6] \reg10 [6] $auto$opt_expr.cc:189:group_cell_inputs$287 }, Y=$ternary$rtl.v:69$23_Y
      New ports: A=\wire2, B={ 2'00 \reg10 [6] \reg10 [6] \reg10 [6] \reg10 [6] \reg10 [6] \reg10 [6] \reg10 [6] \reg10 [6] $auto$opt_expr.cc:189:group_cell_inputs$287 }, Y=$ternary$rtl.v:69$23_Y [16:0]
      New connections: $ternary$rtl.v:69$23_Y [18:17] = 2'00
    Consolidated identical input bits for $mux cell $ternary$rtl.v:86$48:
      Old ports: A={ \reg12 [0] \reg12 [0] \reg12 [0] \reg12 [0] \reg12 [0] \reg12 [0] \reg12 [0] \reg12 [0] \reg12 [0] \reg12 [0] \reg12 [0] \reg12 [0] \reg12 [0] }, B={ 9'000000000 \reg7 }, Y=$auto$wreduce.cc:455:run$196 [12:0]
      New ports: A={ \reg12 [0] \reg12 [0] \reg12 [0] \reg12 [0] \reg12 [0] }, B={ 1'0 \reg7 }, Y=$auto$wreduce.cc:455:run$196 [4:0]
      New connections: $auto$wreduce.cc:455:run$196 [12:5] = { $auto$wreduce.cc:455:run$196 [4] $auto$wreduce.cc:455:run$196 [4] $auto$wreduce.cc:455:run$196 [4] $auto$wreduce.cc:455:run$196 [4] $auto$wreduce.cc:455:run$196 [4] $auto$wreduce.cc:455:run$196 [4] $auto$wreduce.cc:455:run$196 [4] $auto$wreduce.cc:455:run$196 [4] }
    Consolidated identical input bits for $mux cell $ternary$rtl.v:93$63:
      Old ports: A=7'1000001, B={ 6'000000 $auto$rtlil.cc:1832:Not$215 }, Y=$auto$wreduce.cc:455:run$189 [6:0]
      New ports: A=2'11, B={ 1'0 $auto$rtlil.cc:1832:Not$215 }, Y={ $auto$wreduce.cc:455:run$189 [6] $auto$wreduce.cc:455:run$189 [0] }
      New connections: $auto$wreduce.cc:455:run$189 [5:1] = 5'00000
    Consolidated identical input bits for $mux cell $ternary$rtl.v:93$65:
      Old ports: A={ \reg10 [6] \reg10 [6] \reg10 [6] \reg10 [6] \reg10 [6] \reg10 [6] \reg10 [6] \reg10 [6] \reg10 [6:0] }, B={ 8'00000000 $auto$wreduce.cc:455:run$189 [6:0] }, Y=$ternary$rtl.v:93$65_Y
      New ports: A={ \reg10 [6] \reg10 [6:0] }, B={ 1'0 $auto$wreduce.cc:455:run$189 [6:0] }, Y=$ternary$rtl.v:93$65_Y [7:0]
      New connections: $ternary$rtl.v:93$65_Y [14:8] = { $ternary$rtl.v:93$65_Y [7] $ternary$rtl.v:93$65_Y [7] $ternary$rtl.v:93$65_Y [7] $ternary$rtl.v:93$65_Y [7] $ternary$rtl.v:93$65_Y [7] $ternary$rtl.v:93$65_Y [7] $ternary$rtl.v:93$65_Y [7] }
  Optimizing cells in module \top.
    Consolidated identical input bits for $mux cell $procmux$150:
      Old ports: A={ \wire6 [2] \wire6 [2] \wire6 [2] \wire6 [2] \wire6 [2] \wire6 [2] \wire6 [2] \wire6 [2] \wire6 [2] \wire6 [2] \wire6 [2] \wire6 [2:1] }, B=$procmux$148_Y, Y=$0\reg18[12:0]
      New ports: A=\wire6 [2:1], B={ 1'0 $procmux$148_Y [0] }, Y=$0\reg18[12:0] [1:0]
      New connections: $0\reg18[12:0] [12:2] = { $0\reg18[12:0] [1] $0\reg18[12:0] [1] $0\reg18[12:0] [1] $0\reg18[12:0] [1] $0\reg18[12:0] [1] $0\reg18[12:0] [1] $0\reg18[12:0] [1] $0\reg18[12:0] [1] $0\reg18[12:0] [1] $0\reg18[12:0] [1] $0\reg18[12:0] [1] }
  Optimizing cells in module \top.
Performed a total of 7 changes.

2.20.5. Executing OPT_MERGE pass (detect identical cells).
Finding identical cells in module `\top'.
Removed a total of 0 cells.

2.20.6. Executing OPT_RMDFF pass (remove dff with constant values).

2.20.7. Executing OPT_CLEAN pass (remove unused cells and wires).
Finding unused cells or wires in module \top..

2.20.8. Executing OPT_EXPR pass (perform const folding).
Optimizing module top.
<suppressed ~4 debug messages>

2.20.9. Rerunning OPT passes. (Maybe there is more to do..)

2.20.10. Executing OPT_MUXTREE pass (detect dead branches in mux trees).
Running muxtree optimizer on module \top..
  Creating internal representation of mux trees.
  Evaluating internal representation of mux trees.
  Analyzing evaluation results.
Removed 0 multiplexer ports.
<suppressed ~18 debug messages>

2.20.11. Executing OPT_REDUCE pass (consolidate $*mux and $reduce_* inputs).
  Optimizing cells in module \top.
    Consolidated identical input bits for $mux cell $procmux$142:
      Old ports: A={ $auto$opt_expr.cc:189:group_cell_inputs$303 $auto$opt_expr.cc:189:group_cell_inputs$301 }, B=15'000000010110111, Y=$procmux$142_Y
      New ports: A={ $auto$opt_expr.cc:189:group_cell_inputs$305 [4] $auto$opt_expr.cc:189:group_cell_inputs$305 $auto$opt_expr.cc:189:group_cell_inputs$301 }, B=9'010110111, Y=$procmux$142_Y [8:0]
      New connections: $procmux$142_Y [14:9] = { $procmux$142_Y [8] $procmux$142_Y [8] $procmux$142_Y [8] $procmux$142_Y [8] $procmux$142_Y [8] $procmux$142_Y [8] }
  Optimizing cells in module \top.
    Consolidated identical input bits for $mux cell $procmux$144:
      Old ports: A={ \wire3 [6] \wire3 [6] \wire3 [6] \wire3 [6] \wire3 [6] \wire3 [6] \wire3 [6] \wire3 [6] \wire3 }, B=$procmux$142_Y, Y=$0\reg17[14:0]
      New ports: A={ \wire3 [6] \wire3 [6] \wire3 }, B=$procmux$142_Y [8:0], Y=$0\reg17[14:0] [8:0]
      New connections: $0\reg17[14:0] [14:9] = { $0\reg17[14:0] [8] $0\reg17[14:0] [8] $0\reg17[14:0] [8] $0\reg17[14:0] [8] $0\reg17[14:0] [8] $0\reg17[14:0] [8] }
  Optimizing cells in module \top.
Performed a total of 2 changes.

2.20.12. Executing OPT_MERGE pass (detect identical cells).
Finding identical cells in module `\top'.
Removed a total of 0 cells.

2.20.13. Executing OPT_RMDFF pass (remove dff with constant values).

2.20.14. Executing OPT_CLEAN pass (remove unused cells and wires).
Finding unused cells or wires in module \top..
Removed 0 unused cells and 1 unused wires.
<suppressed ~1 debug messages>

2.20.15. Executing OPT_EXPR pass (perform const folding).
Optimizing module top.

2.20.16. Rerunning OPT passes. (Maybe there is more to do..)

2.20.17. Executing OPT_MUXTREE pass (detect dead branches in mux trees).
Running muxtree optimizer on module \top..
  Creating internal representation of mux trees.
  Evaluating internal representation of mux trees.
  Analyzing evaluation results.
Removed 0 multiplexer ports.
<suppressed ~18 debug messages>

2.20.18. Executing OPT_REDUCE pass (consolidate $*mux and $reduce_* inputs).
  Optimizing cells in module \top.
Performed a total of 0 changes.

2.20.19. Executing OPT_MERGE pass (detect identical cells).
Finding identical cells in module `\top'.
Removed a total of 0 cells.

2.20.20. Executing OPT_RMDFF pass (remove dff with constant values).

2.20.21. Executing OPT_CLEAN pass (remove unused cells and wires).
Finding unused cells or wires in module \top..

2.20.22. Executing OPT_EXPR pass (perform const folding).
Optimizing module top.

2.20.23. Finished OPT passes. (There is nothing left to do.)

2.21. Executing TECHMAP pass (map to technology primitives).

2.21.1. Executing Verilog-2005 frontend: <techmap.v>
Parsing Verilog input from `<techmap.v>' to AST representation.
Generating RTLIL representation for module `\_90_simplemap_bool_ops'.
Generating RTLIL representation for module `\_90_simplemap_reduce_ops'.
Generating RTLIL representation for module `\_90_simplemap_logic_ops'.
Generating RTLIL representation for module `\_90_simplemap_compare_ops'.
Generating RTLIL representation for module `\_90_simplemap_various'.
Generating RTLIL representation for module `\_90_simplemap_registers'.
Generating RTLIL representation for module `\_90_shift_ops_shr_shl_sshl_sshr'.
Generating RTLIL representation for module `\_90_shift_shiftx'.
Generating RTLIL representation for module `\_90_fa'.
Generating RTLIL representation for module `\_90_lcu'.
Generating RTLIL representation for module `\_90_alu'.
Generating RTLIL representation for module `\_90_macc'.
Generating RTLIL representation for module `\_90_alumacc'.
Generating RTLIL representation for module `\$__div_mod_u'.
Generating RTLIL representation for module `\$__div_mod'.
Generating RTLIL representation for module `\_90_div'.
Generating RTLIL representation for module `\_90_mod'.
Generating RTLIL representation for module `\_90_pow'.
Generating RTLIL representation for module `\_90_pmux'.
Generating RTLIL representation for module `\_90_lut'.
Successfully finished Verilog frontend.

2.21.2. Continuing TECHMAP pass.
Using extmapper simplemap for cells of type $reduce_and.
Using extmapper simplemap for cells of type $mux.
Using extmapper simplemap for cells of type $not.
Using extmapper simplemap for cells of type $logic_not.
Using template $paramod\_90_alu\A_SIGNED=0\B_SIGNED=0\A_WIDTH=0\B_WIDTH=17\Y_WIDTH=17 for cells of type $alu.
Using template $paramod$constmap:cffa124665d6c1121fb8032106251b0801b632eb$paramod$c07b906165f411f26774767fe37d3075b0ec394e\_90_shift_ops_shr_shl_sshl_sshr for cells of type $shr.
Using extmapper simplemap for cells of type $or.
Using extmapper simplemap for cells of type $xnor.
Using template $paramod\_90_alu\A_SIGNED=0\B_SIGNED=0\A_WIDTH=0\B_WIDTH=4\Y_WIDTH=11 for cells of type $alu.
Using extmapper simplemap for cells of type $reduce_xor.
Using template $paramod\_90_alu\A_SIGNED=0\B_SIGNED=0\A_WIDTH=1\B_WIDTH=1\Y_WIDTH=16 for cells of type $alu.
Using template $paramod$constmap:2411e78b46cfdeb1adf6a6e7ed22ddf5fa5ac77a$paramod$40a5c561027d8c1b22e0c96959d5d522a76273c1\_90_shift_ops_shr_shl_sshl_sshr for cells of type $shr.
Using extmapper simplemap for cells of type $reduce_bool.
Using extmapper simplemap for cells of type $xor.
Using template $paramod\_90_alu\A_SIGNED=0\B_SIGNED=0\A_WIDTH=0\B_WIDTH=3\Y_WIDTH=7 for cells of type $alu.
Using extmapper simplemap for cells of type $and.
Using template $paramod\_90_alu\A_SIGNED=0\B_SIGNED=0\A_WIDTH=0\B_WIDTH=3\Y_WIDTH=3 for cells of type $alu.
Using template $paramod\_90_alu\A_SIGNED=0\B_SIGNED=0\A_WIDTH=0\B_WIDTH=8\Y_WIDTH=22 for cells of type $alu.
Using extmapper simplemap for cells of type $reduce_xnor.
Using template $paramod\_90_alu\A_SIGNED=0\B_SIGNED=0\A_WIDTH=7\B_WIDTH=17\Y_WIDTH=17 for cells of type $alu.
Using extmapper simplemap for cells of type $eq.
Using extmapper simplemap for cells of type $ne.
Using template $paramod\_90_alu\A_SIGNED=0\B_SIGNED=0\A_WIDTH=1\B_WIDTH=7\Y_WIDTH=7 for cells of type $alu.
Using extmapper simplemap for cells of type $logic_or.
Using template $paramod$constmap:c961cd4e7131a12fb45e705a0440de98525d302f$paramod$d361e890a1c6b7e38ffd43b4b8cd915031dfdf77\_90_shift_ops_shr_shl_sshl_sshr for cells of type $shr.
Using template $paramod\_90_alu\A_SIGNED=0\B_SIGNED=0\A_WIDTH=6\B_WIDTH=7\Y_WIDTH=7 for cells of type $alu.
Using template $paramod\_90_alu\A_SIGNED=1\B_SIGNED=1\A_WIDTH=16\B_WIDTH=16\Y_WIDTH=16 for cells of type $alu.
Using template $paramod\_90_alu\A_SIGNED=0\B_SIGNED=0\A_WIDTH=1\B_WIDTH=19\Y_WIDTH=19 for cells of type $alu.
Using template $paramod$constmap:e42d9699e54bb40e98f5d5bb79af655b3a6ea9bc$paramod$b4a9a28a688bbcd8851f89c7d58de3fc51dd1653\_90_shift_ops_shr_shl_sshl_sshr for cells of type $shl.
Using template $paramod$constmap:2a0996270d9e97d9b94657cff9ec203b50ef97f4$paramod$0dd5ddd9f2bdbacb68285b0dfa0b5658700cf90b\_90_shift_ops_shr_shl_sshl_sshr for cells of type $shr.
Using template $paramod$constmap:98b6c1c5049786a384c14f73edc5f398d537c58f$paramod$aba61034c00ef509169a91520c26ea1aa0550f91\_90_shift_ops_shr_shl_sshl_sshr for cells of type $shr.
Using template $paramod\_90_alu\A_SIGNED=0\B_SIGNED=0\A_WIDTH=13\B_WIDTH=22\Y_WIDTH=22 for cells of type $alu.
Using extmapper simplemap for cells of type $dff.
Using template $paramod\_90_lcu\WIDTH=17 for cells of type $lcu.
Using extmapper simplemap for cells of type $pos.
Using template $paramod\_90_lcu\WIDTH=11 for cells of type $lcu.
Using template $paramod\_90_lcu\WIDTH=16 for cells of type $lcu.
Using template $paramod\_90_lcu\WIDTH=7 for cells of type $lcu.
Using template $paramod\_90_lcu\WIDTH=3 for cells of type $lcu.
Using template $paramod\_90_lcu\WIDTH=22 for cells of type $lcu.
Using template $paramod\_90_lcu\WIDTH=19 for cells of type $lcu.
No more expansions possible.
<suppressed ~2727 debug messages>

2.22. Executing OPT pass (performing simple optimizations).

2.22.1. Executing OPT_EXPR pass (perform const folding).
Optimizing module top.
<suppressed ~950 debug messages>

2.22.2. Executing OPT_MERGE pass (detect identical cells).
Finding identical cells in module `\top'.
<suppressed ~951 debug messages>
Removed a total of 317 cells.

2.22.3. Executing OPT_RMDFF pass (remove dff with constant values).
Removing $auto$simplemap.cc:420:simplemap_dff$2089 ($_DFF_P_) from module top.
Replaced 1 DFF cells.

2.22.4. Executing OPT_CLEAN pass (remove unused cells and wires).
Finding unused cells or wires in module \top..
Removed 390 unused cells and 824 unused wires.
<suppressed ~391 debug messages>

2.22.5. Rerunning OPT passes. (Removed registers in this run.)

2.22.6. Executing OPT_EXPR pass (perform const folding).
Optimizing module top.
<suppressed ~37 debug messages>

2.22.7. Executing OPT_MERGE pass (detect identical cells).
Finding identical cells in module `\top'.
<suppressed ~27 debug messages>
Removed a total of 9 cells.

2.22.8. Executing OPT_RMDFF pass (remove dff with constant values).

2.22.9. Executing OPT_CLEAN pass (remove unused cells and wires).
Finding unused cells or wires in module \top..
Removed 0 unused cells and 3 unused wires.
<suppressed ~1 debug messages>

2.22.10. Finished fast OPT passes.

2.23. Executing ABC pass (technology mapping using ABC).

2.23.1. Extracting gate netlist of module `\top' to `<abc-temp-dir>/input.blif'..
Extracted 816 gates and 947 wires to a netlist network with 129 inputs and 105 outputs.

2.23.1.1. Executing ABC.
Running ABC command: berkeley-abc -s -f <abc-temp-dir>/abc.script 2>&1
ABC: ABC command line: "source <abc-temp-dir>/abc.script".
ABC: 
ABC: + read_blif <abc-temp-dir>/input.blif 
ABC: + read_library <abc-temp-dir>/stdcells.genlib 
ABC: Entered genlib library with 17 gates from file "<abc-temp-dir>/stdcells.genlib".
ABC: + strash 
ABC: + dretime 
ABC: + retime 
ABC: + map 
ABC: + write_blif <abc-temp-dir>/output.blif 

2.23.1.2. Re-integrating ABC results.
ABC RESULTS:               AND cells:        4
ABC RESULTS:            ANDNOT cells:      107
ABC RESULTS:              AOI3 cells:       13
ABC RESULTS:              AOI4 cells:        1
ABC RESULTS:               MUX cells:      140
ABC RESULTS:              NAND cells:       15
ABC RESULTS:               NOR cells:       22
ABC RESULTS:               NOT cells:       63
ABC RESULTS:              OAI3 cells:       14
ABC RESULTS:              OAI4 cells:        1
ABC RESULTS:                OR cells:      185
ABC RESULTS:             ORNOT cells:       14
ABC RESULTS:              XNOR cells:       13
ABC RESULTS:               XOR cells:       50
ABC RESULTS:        internal signals:      713
ABC RESULTS:           input signals:      129
ABC RESULTS:          output signals:      105
Removing temp directory.

2.24. Executing OPT pass (performing simple optimizations).

2.24.1. Executing OPT_EXPR pass (perform const folding).
Optimizing module top.
<suppressed ~57 debug messages>

2.24.2. Executing OPT_MERGE pass (detect identical cells).
Finding identical cells in module `\top'.
<suppressed ~30 debug messages>
Removed a total of 10 cells.

2.24.3. Executing OPT_RMDFF pass (remove dff with constant values).

2.24.4. Executing OPT_CLEAN pass (remove unused cells and wires).
Finding unused cells or wires in module \top..
Removed 2 unused cells and 477 unused wires.
<suppressed ~3 debug messages>

2.24.5. Finished fast OPT passes.

2.25. Executing HIERARCHY pass (managing design hierarchy).

2.26. Printing statistics.

=== top ===

   Number of wires:                565
   Number of wire bits:           1204
   Number of public wires:          28
   Number of public wire bits:     544
   Number of memories:               0
   Number of memory bits:            0
   Number of processes:              0
   Number of cells:                730
     $_ANDNOT_                     105
     $_AND_                          4
     $_AOI3_                        13
     $_AOI4_                         1
     $_DFF_P_                       99
     $_MUX_                        139
     $_NAND_                        15
     $_NOR_                         22
     $_NOT_                         59
     $_OAI3_                        14
     $_OAI4_                         1
     $_ORNOT_                       14
     $_OR_                         181
     $_XNOR_                        13
     $_XOR_                         50

2.27. Executing CHECK pass (checking for obvious problems).
checking module top..
found and reported 0 problems.

3. Executing Verilog backend.
Dumping module `\top'.

End of script. Logfile hash: 263194acdc
CPU: user 0.81s system 0.01s, MEM: 32.94 MB total, 25.23 MB resident
Yosys 0.9 (git sha1 1979e0b)
Time spent: 17% 25x opt_clean (0 sec), 16% 22x opt_merge (0 sec), ...
