000000000000000000000000000000000000000000000000000000000011111110000000000000000000000000000000000000000000000000000000000000000000000000000000000000000000000000000000000000000000000000000000
000000000000000000000000000000000000100100000000000000000011111110000000000000000101011100000000000000000000000000000000000000000000000000000000000000000000010000000000000000000000110010101110
000000000000000000000000000000000000110100000000000000000011111110000000000000001011001100000000000000000000000000000000000000000000000000000000000000000000000000000000000010000010101001100110
000000000000000000000000001100000000101000000000000000000111111110000000000000001100110000000000000000000000000000000000000000000000000000000000000000000000010000000000000010000001111010011000
000000000000000000000000001000000000111100000000000000000111111110000000000000001000100000000000000000000000000000000000000000000000000000000000000000000000000000000000000010000010100000010000
000000000000000000000000001000000000111100000000000000000111111110000000000000001111100100000000000000000000000000000000000000000000000000000000000000000000000000000000000010000000100111110010
000000000000000000000000001100000000110100000000000000000111111110000000000000000101001000000000000000000000000000000000000000000000000000000000000000000000000000000000000000000111101010100100
000000000000000000000000000000000000010100000000000000000011111110000000000000000001010000000000000000000000000000000000000000000000000000000000000000000000010000000000000000000010111100101000
000000000000000000000000000000000000110000000000000000000011111110000000000000001011001100000000000000000000000000000000000000000000000000000000000000000000000000000000000010000100011101100110
000000000000000000000000001100000000101000000000000000000111111110000000000000001100100100000000000000000000000000000000000000000000000000000000000000000000000000000000000010000101111110010010
000000000000000000000000001000000000100100000000000000000111111110000000000000001010100100000000000000000000000000000000000000000000000000000000000000000000000000000000000010000110100001010010
000000000000000000000000001100000000000100000000000000000111111110000000000000001011011100000000000000000000000000000000000000000000000000000000000000000000010000000000000010000001101001101110
000000000000000000000000001100000000111000000000000000000111111110000000000000001010101000000000000000000000000000000000000000000000000000000000000000000000000000000000000010000001001101010100
000000000000000000000000001100000000011100000000000000000111111110000000000000001110100100000000000000000000000000000000000000000000000000000000000000000000000000000000000010000101100011010010
000000000000000000000000001100000000001000000000000000000111111110000000000000000010110100000000000000000000000000000000000000000000000000000000000000000000010000000000000000000011100001011010
000000000000000000000000000000000000011100000000000000000011111110000000000000001011001100000000000000000000000000000000000000000000000000000000000000000000000000000000000010000001010101100110
000000000000000000000000001100000000100000000000000000000111111110000000000000001101110000000000000000000000000000000000000000000000000000000000000000000000010000000000000010000101000010111000
000000000000000000000000001000000000111000000000000000000111111110000000000000000001100100000000000000000000000000000000000000000000000000000000000000000000000000000000000000000010000100110010
000000000000000000000000000000000000010000000000000000000011111110000000000000001001001000000000000000000000000000000000000000000000000000000000000000000000000000000000000010000100000100100100
000000000000000000000000001000000000100000000000000000000111111110000000000000001010011000000000000000000000000000000000000000000000000000000000000000000000010000000000000010000100011001001100
000000000000000000000000001100000000101000000000000000000111111110000000000000000001001000000000000000000000000000000000000000000000000000000000000000000000000000000000000000000001100100100100
000000000000000000000000000000000000011100000000000000000011111110000000000000001000100000000000000000000000000000000000000000000000000000000000000000000000000000000000000010000100111000010000
