00000000000000000000000111111100000000000000000000000000000000000000000000000000000011110000001111111000000000000000000000000000000000000000000001000000000000000000000000000000000000000000000
00000000000000000000000000000000000111111111110100000000000000000000000111111111010000000000000000000000000000000000000000000000001011010000000000000000000000000000000000000000011100001100000
00000000000000000000000000000000111101111000111110000000000000000000001111100011111000000000000000000000000000000000000000000000001011010000000000000000000000000000000000000000011101000010000
00000000000000000000000000000000100000111000000111000000000000000000001011100000011100000000000000000000000000000000000000000000000101110000000000000000000000000000000000000000001000101110000
00000000000000000000000000000000001100010110000010000000000000000000001001011000001011110000000000000000000000000000000000000000000110100000000000000000000000000000000000000000001001011010000
00000000000000000000000000000000000011001111000000000000000000000000000100111100000000000000000000000000000000000000000000000000000001110000000000000000000000000000000000000000001111011000000
00000000000000000000000000000000010000010100110111000000000000000000000001010011011100000000000000000000000000000000000000000000001100110000000000000000000000000000000000000001110011100100000
00000000000000000000000000000000001110001000011110000000000000000000001000100001111011110000000000000000000000000000000000000000001101100000000000000000000000000000000000000000100000101011100
00000000000000000000000000000000011010101100110010000000000000000000001010110011001000000000000000000000000000000000000000000000001001110000000000000000000000000000000000000001111101111111100
00000000000000000000000000000000110011101110100001000000000000000000001110111010000100000000000000000000000000000000000000000000000001110000000000000000000000000000000000000000111100100111100
00000000000000000000000000000000001101000011101011000000000000000000001100001110101100000000000000000000000000000000000000000000000101010000000000000000000000000000000000000000011010110110000
00000000000000000000000000000000111100001001001111000000000000000000000000100100111100000000000000000000000000000000000000000000000011010000000000000000000000000000000000000001111010001001100
00000000000000000000000000000000010100100101110000000000000000000000001010010111000011110000000000000000000000000000000000000000001111100000000000000000000000000000000000000001101000010110100
00000000000000000000000000000000000100100101110110000000000000000000000010010111011011110000000000000000000000000000000000000000001110100000000000000000000000000000000000000000010001110101000
00000000000000000000000000000000111011000100010001000000000000000000001100010001000100000000000000000000000000000000000000000000001011010000000000000000000000000000000000000000110110010011000
00000000000000000000000000000000101001111010110010000000000000000000001111101011001000000000000000000000000000000000000000000000001000110000000000000000000000000000000000000001100000010010100
00000000000000000000000000000000101001110010101000000000000000000000001111001010100011110000000000000000000000000000000000000000000001000000000000000000000000000000000000000000110110100010100
00000000000000000000000000000000111101001000111101000000000000000000000100100011110100000000000000000000000000000000000000000000001111010000000000000000000000000000000000000000001111101000100
00000000000000000000000000000000110111111111011001000000000000000000000111111101100100000000000000000000000000000000000000000000001110110000000000000000000000000000000000000001101110000000000
00000000000000000000000000000000011111110100001010000000000000000000001111010000101011110000000000000000000000000000000000000000000000100000000000000000000000000000000000000000101111000011000
00000000000000000000000000000000001011110111010111000000000000000000000111011101011100000000000000000000000000000000000000000000001001110000000000000000000000000000000000000001101111101001000
00000000000000000000000000000000010101001110010101000000000000000000000100111001010100000000000000000000000000000000000000000000001101000000000000000000000000000000000000000000111111110101000
00000000000000000000000111111100000000000000000000000000000000000000000000000000000011110000001111111000000000000000000000000000000000000000000001000000000000000000000000000000000000000000000
00000000000000000000000000000000000111111111110100000000000000000000000111111111010000000000000000000000000000000000000000000000001011010000000000000000000000000000000000000000011100001100000
00000000000000000000000000000000111101111000111110000000000000000000001111100011111000000000000000000000000000000000000000000000001011010000000000000000000000000000000000000000011101000010000
00000000000000000000000000000000100000111000000111000000000000000000001011100000011100000000000000000000000000000000000000000000000101110000000000000000000000000000000000000000001000101110000
00000000000000000000000000000000001100010110000010000000000000000000001001011000001011110000000000000000000000000000000000000000000110100000000000000000000000000000000000000000001001011010000
00000000000000000000000000000000000011001111000000000000000000000000000100111100000000000000000000000000000000000000000000000000000001110000000000000000000000000000000000000000001111011000000
00000000000000000000000000000000010000010100110111000000000000000000000001010011011100000000000000000000000000000000000000000000001100110000000000000000000000000000000000000001110011100100000
00000000000000000000000000000000001110001000011110000000000000000000001000100001111011110000000000000000000000000000000000000000001101100000000000000000000000000000000000000000100000101011100
00000000000000000000000000000000011010101100110010000000000000000000001010110011001000000000000000000000000000000000000000000000001001110000000000000000000000000000000000000001111101111111100
00000000000000000000000000000000110011101110100001000000000000000000001110111010000100000000000000000000000000000000000000000000000001110000000000000000000000000000000000000000111100100111100
00000000000000000000000000000000001101000011101011000000000000000000001100001110101100000000000000000000000000000000000000000000000101010000000000000000000000000000000000000000011010110110000
00000000000000000000000000000000111100001001001111000000000000000000000000100100111100000000000000000000000000000000000000000000000011010000000000000000000000000000000000000001111010001001100
00000000000000000000000000000000010100100101110000000000000000000000001010010111000011110000000000000000000000000000000000000000001111100000000000000000000000000000000000000001101000010110100
00000000000000000000000000000000000100100101110110000000000000000000000010010111011011110000000000000000000000000000000000000000001110100000000000000000000000000000000000000000010001110101000
00000000000000000000000000000000111011000100010001000000000000000000001100010001000100000000000000000000000000000000000000000000001011010000000000000000000000000000000000000000110110010011000
00000000000000000000000000000000101001111010110010000000000000000000001111101011001000000000000000000000000000000000000000000000001000110000000000000000000000000000000000000001100000010010100
00000000000000000000000000000000101001110010101000000000000000000000001111001010100011110000000000000000000000000000000000000000000001000000000000000000000000000000000000000000110110100010100
00000000000000000000000000000000111101001000111101000000000000000000000100100011110100000000000000000000000000000000000000000000001111010000000000000000000000000000000000000000001111101000100
00000000000000000000000000000000110111111111011001000000000000000000000111111101100100000000000000000000000000000000000000000000001110110000000000000000000000000000000000000001101110000000000
00000000000000000000000000000000011111110100001010000000000000000000001111010000101011110000000000000000000000000000000000000000000000100000000000000000000000000000000000000000101111000011000
00000000000000000000000000000000001011110111010111000000000000000000000111011101011100000000000000000000000000000000000000000000001001110000000000000000000000000000000000000001101111101001000
00000000000000000000000000000000010101001110010101000000000000000000000100111001010100000000000000000000000000000000000000000000001101000000000000000000000000000000000000000000111111110101000
