001111111111111111111110000000000000000000000000000000000000000000000000000000000
111111111111111111111111000000000000000000000000000000000000000000000000000000000
011111111111111111111111000000000000000000000000000000000000000000000000000000000
101111111111111111111111000000000000000000000000000000000000000000000000000000000
001111111111111111111111000000000000000000000000000000000000000000000000000000000
001111111111111111111110000000000000000000000000000000000000000000000000000000000
101111111111111111111111000000000000000000000000000000000000000000000000000000000
111111111111111111111111000000000000000000000000000000000000000000000000000000000
111111111111111111111111000000000000000000000000000000000000000000000000000000000
001111111111111111111110000000000000000000000000000000000000000000000000000000000
001111111111111111111111000000000000000000000000000000000000000000000000000000000
011111111111111111111111000000000000000000000000000000000000000000000000000000000
111111111111111111111111000000000000000000000000000000000000000000000000000000000
011111111111111111111111000000000000000000000000000000000000000000000000000000000
101111111111111111111110000000000000000000000000000000000000000000000000000000000
111111111111111111111111000000000000000000000000000000000000000000000000000000000
101111111111111111111110000000000000000000000000000000000000000000000000000000000
111111111111111111111110000000000000000000000000000000000000000000000000000000000
101111111111111111111110000000000000000000000000000000000000000000000000000000000
011111111111111111111110000000000000000000000000000000000000000000000000000000000
111111111111111111111111000000000000000000000000000000000000000000000000000000000
111111111111111111111110000000000000000000000000000000000000000000000000000000000
