0000000000000000000000000000000000000000000000000000100000000000000000000000000000001000000000000000000000000000010000011111111111111111110000000000000000000000000000000000000000000000000000000000000
0000000000000000000000000000000000000000000000000000100111001111100000000000000000001000000000000000000000000000000000111111111111111111111000000000000000000000000000000000000000000000000000000010000
0000000000000000000000000100000000000000000010000000100110111111101100000000000000001000000000000010000000000000000000111111111111111111111000000000000000000000000000000000000001000000000000000010100
0000000000000000000000000000000000000000000000000000100001000101011000000000000000001000000000000010000000000000000000111111111111111111111000000000000000000000000000000000000000000000000000000010100
0000000000000000000000000000000000000000000000000000100001001110011000000000000000001000000000000010000000000000000000111111111111111111111000000000000000000000000000000000000000000000000000000010100
0000000000000000000000000000000000000000000000000000100011111111100000000000000000001000000000000010000000000000000000111111111111111111111000000000000000000000000000000000000000000000000000000010100
0000000000000000000000000000000000000000000000000000100110110101000000000000000000001000000000000010000000000000000000111111111111111111111000000000000000000000000000000000000000000000000000000010100
0000000000000000000000000000000000000000000000000000100011000111010000000000000000001000000000000010000000000000000000111111111111111111111000000000000000000000000000000000000000000000000000000010100
0000000000000000000000000100000000000000000010000000100100101100100100000000000000001000000000000000000000000000000000111111111111111111111000000000000000000000000000000000000001000000000000000010000
0000000000000000000000000100000000000000000010000000100000011110100100000000000000001000000000000000000000000000000000111111111111111111111000000000000000000000000000000000000001000000000000000010000
0000000000000000000000000100000000000000000010000000100111101010100100000000000000001000000000000000000000000000000000111111111111111111111000000000000000000000000000000000000001000000000000000010000
0000000000000000000000000000000000000000000000000000100011110001111000000000000000001000000000000010000000000000000000111111111111111111111000000000000000000000000000000000000000000000000000000010100
0000000000000000000000000100000000000000000010000000100100011111010100000000000000001000000000000010000000000000000000111111111111111111111000000000000000000000000000000000000001000000000000000010100
0000000000000000000000000000000000000000000000000000100011111011010000000000000000001000000000000000000000000000000000111111111111111111111000000000000000000000000000000000000000000000000000000010000
0000000000000000000000000000000000000000000000000000100110110011101000000000000000001000000000000010000000000000000000111111111111111111111000000000000000000000000000000000000000000000000000000010100
0000000000000000000000000100000000000000000010000000100110011101111100000000000000001000000000000000000000000000000000111111111111111111111000000000000000000000000000000000000001000000000000000010000
0000000000000000000000000000000000000000000000000000100000011101111000000000000000001000000000000010000000000000000000111111111111111111111000000000000000000000000000000000000000000000000000000010100
0000000000000000000000000100000000000000000010000000100101110000010100000000000000001000000000000000000000000000000000111111111111111111111000000000000000000000000000000000000001000000000000000010000
0000000000000000000000000000000000000000000000000000100101100111000000000000000000001000000000000000000000000000000000111111111111111111111000000000000000000000000000000000000000000000000000000010000
0000000000000000000000000000000000000000000000000000100100101100000000000000000000001000000000000000000000000000000000111111111111111111111000000000000000000000000000000000000000000000000000000010000
0000000000000000000000000000000000000000000000000000100100000111101000000000000000001000000000000010000000000000000000111111111111111111111000000000000000000000000000000000000000000000000000000010100
0000000000000000000000000000000000000000000000000000100011111001000000000000000000001000000000000000000000000000000000111111111111111111111000000000000000000000000000000000000000000000000000000010000
0000000000000000000000000000000000000000000000000000100000000000000000000000000000001000000000000000000000000000010000011111111111111111110000000000000000000000000000000000000000000000000000000000000
0000000000000000000000000000000000000000000000000000100111001111100000000000000000001000000000000000000000000000000000111111111111111111111000000000000000000000000000000000000000000000000000000010000
0000000000000000000000000100000000000000000010000000100110111111101100000000000000001000000000000010000000000000000000111111111111111111111000000000000000000000000000000000000001000000000000000010100
0000000000000000000000000000000000000000000000000000100001000101011000000000000000001000000000000010000000000000000000111111111111111111111000000000000000000000000000000000000000000000000000000010100
0000000000000000000000000000000000000000000000000000100001001110011000000000000000001000000000000010000000000000000000111111111111111111111000000000000000000000000000000000000000000000000000000010100
0000000000000000000000000000000000000000000000000000100011111111100000000000000000001000000000000010000000000000000000111111111111111111111000000000000000000000000000000000000000000000000000000010100
0000000000000000000000000000000000000000000000000000100110110101000000000000000000001000000000000010000000000000000000111111111111111111111000000000000000000000000000000000000000000000000000000010100
0000000000000000000000000000000000000000000000000000100011000111010000000000000000001000000000000010000000000000000000111111111111111111111000000000000000000000000000000000000000000000000000000010100
0000000000000000000000000100000000000000000010000000100100101100100100000000000000001000000000000000000000000000000000111111111111111111111000000000000000000000000000000000000001000000000000000010000
0000000000000000000000000100000000000000000010000000100000011110100100000000000000001000000000000000000000000000000000111111111111111111111000000000000000000000000000000000000001000000000000000010000
0000000000000000000000000100000000000000000010000000100111101010100100000000000000001000000000000000000000000000000000111111111111111111111000000000000000000000000000000000000001000000000000000010000
0000000000000000000000000000000000000000000000000000100011110001111000000000000000001000000000000010000000000000000000111111111111111111111000000000000000000000000000000000000000000000000000000010100
0000000000000000000000000100000000000000000010000000100100011111010100000000000000001000000000000010000000000000000000111111111111111111111000000000000000000000000000000000000001000000000000000010100
0000000000000000000000000000000000000000000000000000100011111011010000000000000000001000000000000000000000000000000000111111111111111111111000000000000000000000000000000000000000000000000000000010000
0000000000000000000000000000000000000000000000000000100110110011101000000000000000001000000000000010000000000000000000111111111111111111111000000000000000000000000000000000000000000000000000000010100
0000000000000000000000000100000000000000000010000000100110011101111100000000000000001000000000000000000000000000000000111111111111111111111000000000000000000000000000000000000001000000000000000010000
0000000000000000000000000000000000000000000000000000100000011101111000000000000000001000000000000010000000000000000000111111111111111111111000000000000000000000000000000000000000000000000000000010100
0000000000000000000000000100000000000000000010000000100101110000010100000000000000001000000000000000000000000000000000111111111111111111111000000000000000000000000000000000000001000000000000000010000
0000000000000000000000000000000000000000000000000000100101100111000000000000000000001000000000000000000000000000000000111111111111111111111000000000000000000000000000000000000000000000000000000010000
0000000000000000000000000000000000000000000000000000100100101100000000000000000000001000000000000000000000000000000000111111111111111111111000000000000000000000000000000000000000000000000000000010000
0000000000000000000000000000000000000000000000000000100100000111101000000000000000001000000000000010000000000000000000111111111111111111111000000000000000000000000000000000000000000000000000000010100
0000000000000000000000000000000000000000000000000000100011111001000000000000000000001000000000000000000000000000000000111111111111111111111000000000000000000000000000000000000000000000000000000010000
