000000000000000000000011111111111111000000010000000000000000000000000000000000000000000000000000000000000000000000000011111111111111110000000011111111111111111111111111111111100000011111111100001100000000000000000000000011101000000000000000000000
000000000000000000000011111111111111000000010000000000000000000000000000000000000000000000000000000000101101110000000000000000000000000000000000000000000000001111111111111111100000011111111100001100000000000010110110000000010111000000010010110110
000000000000000000000011111111111111000000010000000000000000000000000000000000000000000000000000000000101101110000100000000000000000000000000000000000000000001111111111111111100000011111111100001100000000000000110110000010000111000000000010110110
000000000000000000000011111111111111000000010000000000000000000000000000000000000000000000000010000000001110010000000000000000000000000000000000000000000000001111111111111111100000011111111100001100000000000010101010000011000101000000000110101010
000000000000000000000011111111111111000000010000000000000000000000000000000000000000000000000010000000001110010000000000000000000000000000000000000000000000001111111111111111100000011111111100001100000000000010101110000000000101000000000110101110
000000000000000000000011111111111111000000010000000000000000000000000000000000000000000000000000000000101101110001000000000000000000000000000000000000000000001111111111111111100000011111111100001100000000000010111110000000010011000000011010111110
000000000000000000000000000000000000010000100000000000000010000000000000000000000011111111111100000000001110000000000011111111111111110000000011111111111111111111111111111111100000011111111100001100000000000000100100000010100101000000000110100100
000000000000000000000000000000000000010000100000000000000010000000000000000000000000000000000000000000101101110001000011111111111111110000000011111111111111111111111111111111100000011111111100001100000000000010101000000011100111000000010010101000
000000000000000000000000000000000000000000000000000000000010000000000000000000000000000000000010000000001010110001100011111111111111110000000011111111111111111111111111111111100000011111111100001100000000000000000000000011110011000000001010000000
000000000000000000000000000000000000110000100000000000000000000000000000000000000011111111111111111111111110000000000011111111111111110000000011111111111111111111111111111111100000011111111100001100000000000011000100000000100110000000000101000100
000000000000000000000000000000000000110000100000000000000000000000111111111111111100000000000010000000001111000001000011111111111111110000000011111111111111111111111111111111100000011111111100001100000000000011001000000001100000000000010001001000
111111100000000000000000000000000000110000100000000000000000000000111111111111111100000000000010000000001111000001100000000000000000000000000000000000000000001111111111111111100000011111111100001100000000000010010110000000010000000000010000010110
111111100000000000000000000000000000110000100000000000000000000000111111111111111100000000000000000000101101110000100011111111111111110000000011111111111111111111111111111111100000011111111100001100000000000010010000000001110000000000010000010000
111111100000000000000000000000000000110000100000000000000000000000111111111111111100000000000000000000101101110000000011111111111111110000000011111111111111111111111111111111100000011111111100001100000000000000010000000001100101000000010110010000
111111100000000000000000000000000000110000100000000000000000000000111111111111111100000000000010000000001111010000000000000000000000000000000000000000000000001111111111111111100000011111111100001100000000000010111110000010010001000000011110111110
111111100000000000000000000000000000110000100000000000000000000000000000000000000000000000000010000000001111100000000000000000000000000000000000000000000000001111111111111111100000011111111100001100000000000010111110000000010010000000001100111110
000000000000000000000000000000000000110000100000000000000000000000000000000000000000000000000010000000001110110001100000000000000000000000000000000000000000001111111111111111100000011111111100001100000000000011011010000001010111000000000011011010
000000000000000000000000000000000000110000100000000000000000000000000000000000000000000000000000000000101101110000100011111111111111110000000011111111111111111111111111111111100000011111111100001100000000000011101000000001110100000000011001101000
000000000000000000000000000000000000110000100000000000000000000000000000000000000000000000000000000000101101110001100011111111111111110000000011111111111111111111111111111111100000011111111100001100000000000010010000000001110110000000010100010000
000000000000000000000000000000000000110000100000000000000000000000111111111111111100000000000010000000001111110001100000000000000000000000000000000000000000001111111111111111100000011111111100001100000000000001010010000011010011000000001011010010
111111100000000000000000000000000000110000100000000000000000000000111111111111111100000000000000000000101101110001000011111111111111110000000011111111111111111111111111111111100000011111111100001100000000000011111000000011100011000000011011111000
111111100000000000000000000000000000110000100000000000000000000000111111111111111100000000000000000000101101110001000011111111111111110000000011111111111111111111111111111111100000011111111100001100000000000011101000000011110011000000011011101000
000000000000000000000011111111111111000000010000000000000000000000000000000000000000000000000000000000000000000000000011111111111111110000000011111111111111111111111111111111100000011111111100001100000000000000000000000011101000000000000000000000
000000000000000000000011111111111111000000010000000000000000000000000000000000000000000000000000000000101101110000000000000000000000000000000000000000000000001111111111111111100000011111111100001100000000000010110110000000010111000000010010110110
000000000000000000000011111111111111000000010000000000000000000000000000000000000000000000000000000000101101110000100000000000000000000000000000000000000000001111111111111111100000011111111100001100000000000000110110000010000111000000000010110110
000000000000000000000011111111111111000000010000000000000000000000000000000000000000000000000010000000001110010000000000000000000000000000000000000000000000001111111111111111100000011111111100001100000000000010101010000011000101000000000110101010
000000000000000000000011111111111111000000010000000000000000000000000000000000000000000000000010000000001110010000000000000000000000000000000000000000000000001111111111111111100000011111111100001100000000000010101110000000000101000000000110101110
000000000000000000000011111111111111000000010000000000000000000000000000000000000000000000000000000000101101110001000000000000000000000000000000000000000000001111111111111111100000011111111100001100000000000010111110000000010011000000011010111110
000000000000000000000000000000000000010000100000000000000010000000000000000000000011111111111100000000001110000000000011111111111111110000000011111111111111111111111111111111100000011111111100001100000000000000100100000010100101000000000110100100
000000000000000000000000000000000000010000100000000000000010000000000000000000000000000000000000000000101101110001000011111111111111110000000011111111111111111111111111111111100000011111111100001100000000000010101000000011100111000000010010101000
000000000000000000000000000000000000000000000000000000000010000000000000000000000000000000000010000000001010110001100011111111111111110000000011111111111111111111111111111111100000011111111100001100000000000000000000000011110011000000001010000000
000000000000000000000000000000000000110000100000000000000000000000000000000000000011111111111111111111111110000000000011111111111111110000000011111111111111111111111111111111100000011111111100001100000000000011000100000000100110000000000101000100
000000000000000000000000000000000000110000100000000000000000000000111111111111111100000000000010000000001111000001000011111111111111110000000011111111111111111111111111111111100000011111111100001100000000000011001000000001100000000000010001001000
111111100000000000000000000000000000110000100000000000000000000000111111111111111100000000000010000000001111000001100000000000000000000000000000000000000000001111111111111111100000011111111100001100000000000010010110000000010000000000010000010110
111111100000000000000000000000000000110000100000000000000000000000111111111111111100000000000000000000101101110000100011111111111111110000000011111111111111111111111111111111100000011111111100001100000000000010010000000001110000000000010000010000
111111100000000000000000000000000000110000100000000000000000000000111111111111111100000000000000000000101101110000000011111111111111110000000011111111111111111111111111111111100000011111111100001100000000000000010000000001100101000000010110010000
111111100000000000000000000000000000110000100000000000000000000000111111111111111100000000000010000000001111010000000000000000000000000000000000000000000000001111111111111111100000011111111100001100000000000010111110000010010001000000011110111110
111111100000000000000000000000000000110000100000000000000000000000000000000000000000000000000010000000001111100000000000000000000000000000000000000000000000001111111111111111100000011111111100001100000000000010111110000000010010000000001100111110
000000000000000000000000000000000000110000100000000000000000000000000000000000000000000000000010000000001110110001100000000000000000000000000000000000000000001111111111111111100000011111111100001100000000000011011010000001010111000000000011011010
000000000000000000000000000000000000110000100000000000000000000000000000000000000000000000000000000000101101110000100011111111111111110000000011111111111111111111111111111111100000011111111100001100000000000011101000000001110100000000011001101000
000000000000000000000000000000000000110000100000000000000000000000000000000000000000000000000000000000101101110001100011111111111111110000000011111111111111111111111111111111100000011111111100001100000000000010010000000001110110000000010100010000
000000000000000000000000000000000000110000100000000000000000000000111111111111111100000000000010000000001111110001100000000000000000000000000000000000000000001111111111111111100000011111111100001100000000000001010010000011010011000000001011010010
111111100000000000000000000000000000110000100000000000000000000000111111111111111100000000000000000000101101110001000011111111111111110000000011111111111111111111111111111111100000011111111100001100000000000011111000000011100011000000011011111000
111111100000000000000000000000000000110000100000000000000000000000111111111111111100000000000000000000101101110001000011111111111111110000000011111111111111111111111111111111100000011111111100001100000000000011101000000011110011000000011011101000
