./syn_vivado.v:806: warning: Port 1 (CO) of CARRY4 expects 4 bits, got 3.
./syn_vivado.v:806:        : Padding 1 high bits of the port.
./syn_vivado.v:852: warning: Port 2 (O) of CARRY4 expects 4 bits, got 1.
./syn_vivado.v:852:        : Padding 3 high bits of the port.
./syn_vivado.v:1700: warning: Port 1 (CO) of CARRY4 expects 4 bits, got 3.
./syn_vivado.v:1700:        : Padding 1 high bits of the port.
./syn_vivado.v:1752: warning: Port 1 (CO) of CARRY4 expects 4 bits, got 3.
./syn_vivado.v:1752:        : Padding 1 high bits of the port.
./syn_vivado.v:2031: warning: Port 2 (O) of CARRY4 expects 4 bits, got 1.
./syn_vivado.v:2031:        : Padding 3 high bits of the port.
./syn_vivado.v:2100: warning: Port 1 (CO) of CARRY4 expects 4 bits, got 1.
./syn_vivado.v:2100:        : Padding 3 high bits of the port.
./syn_vivado.v:2100: warning: Port 2 (O) of CARRY4 expects 4 bits, got 2.
./syn_vivado.v:2100:        : Padding 2 high bits of the port.
./syn_vivado.v:3141: warning: Port 1 (CO) of CARRY4 expects 4 bits, got 1.
./syn_vivado.v:3141:        : Padding 3 high bits of the port.
./syn_vivado.v:4011: warning: Port 1 (CO) of CARRY4 expects 4 bits, got 2.
./syn_vivado.v:4011:        : Padding 2 high bits of the port.
./syn_vivado.v:4274: warning: Port 1 (CO) of CARRY4 expects 4 bits, got 3.
./syn_vivado.v:4274:        : Padding 1 high bits of the port.
warning: Found both default and `timescale based delays. Use
       : -Wtimescale to find the module(s) with no `timescale.
