0000000000000000000000000010000000000000000000000000000000000000000000000000000000
0000000000000000000000000010000000000000010111100001011100000110000111000000000000
0101010110000000000000000010000000000000010111100111001001000110111011100000000010
0101010110000000000000000010000000000000010110000010110001101110110000101100101100
0101010110000000000000000010000000000000010111001010100101100001101010001011000000
0101010110000000000000000010000000000000010101000010100011111011000100110000100010
0101010110000000000000000010000000000000010111001000110110101000110100011001101010
0101010110000000000000000010000000000000010101101010001011100001100010101001110100
0101010110000000000000000010000000000000010101001110000100110000010110101011110100
0101010110000000000000000010000000000000010100001111110000010101101001110101011110
0101010110000000000000000010000000000000010100000111010110100101001110110000000010
0101010110000000000000000010000000000000010110000110101110110101101100101001010110
0101010110000000000000000010000000000000010110001000101011000100101111010111110110
0101010110000000000000000010000000000000010101101010001011101110100010000110110010
0101010110000000000000000010000000000000010101001000001010000011100011000011111110
0101010110000000000000000010000000000000010101100101011011100100100110100010010010
0101010110000000000000000010000000000000010110101011010110000111000100010010101110
0101010110000000000000000010000000000000010101001101111101111110011011011111001010
0101010110000000000000000010000000000000010100101010010101010010011110011000100110
0101010110000000000000000010000000000000010101000001010000111110011010001100111010
0101010110000000000000000010000000000000010111100110110010111000001011010001111010
0101010110000000000000000010000000000000010110000101111010101111001001000000001000
