#
# An unexpected error has occurred (11)
#
Stack:
/doc/vivado/Vivado/2022.1/tps/lnx64/jre11.0.11_9/lib//server/libjvm.so(+0xbefecb) [0x7f173c3efecb]
/doc/vivado/Vivado/2022.1/tps/lnx64/jre11.0.11_9/lib//server/libjvm.so(JVM_handle_linux_signal+0xd1) [0x7f173c3f6c81]
/doc/vivado/Vivado/2022.1/tps/lnx64/jre11.0.11_9/lib//server/libjvm.so(+0xbead23) [0x7f173c3ead23]
/lib/x86_64-linux-gnu/libc.so.6(+0x42520) [0x7f1796a42520]
/doc/vivado/Vivado/2022.1/lib/lnx64.o/librdi_synth.so(DFPin::range() const+0x9) [0x7f1746eafed9]
/doc/vivado/Vivado/2022.1/lib/lnx64.o/librdi_synth.so(SimpleCheckerDSPArithAluWithMultiplier::CompatibleWith(SimpleCheckerDSPArithAluWithMultiplier&, DFPin*)+0xaf) [0x7f1745b106df]
/doc/vivado/Vivado/2022.1/lib/lnx64.o/librdi_synth.so(SimpleCheckerDSPArithAluWithMultiplier::CompatibleWith(SimpleCheckerDSPArithAluWithMultiplier&, DFPin*)+0x217) [0x7f1745b10847]
/doc/vivado/Vivado/2022.1/lib/lnx64.o/librdi_synth.so(SimpleCheckerDSPArithDynamicAluWithMultiplier::IsOkInternal(DFNode*)+0x22e) [0x7f1745b1357e]
/doc/vivado/Vivado/2022.1/lib/lnx64.o/librdi_synth.so(SimpleChecker::IsOk(DFObject*, SimpleChecker::Direction)+0x47) [0x7f1745b03717]
/doc/vivado/Vivado/2022.1/lib/lnx64.o/librdi_synth.so(HARTHOptRecognizeDsp::recognizeDynamicAluBasedDsp(DFNode*, bool, bool, bool)+0x2c4) [0x7f1745a8ad04]
/doc/vivado/Vivado/2022.1/lib/lnx64.o/librdi_synth.so(HARTHOptPost::topDownPass(bool (*)(DFNode*), void (*)(DFNode*), std::__cxx11::basic_string<char, std::char_traits<char>, std::allocator<char> >)+0xf1) [0x7f1745a1cad1]
/doc/vivado/Vivado/2022.1/lib/lnx64.o/librdi_synth.so(HARTHOptPost::recognizeDsps()+0x2b2) [0x7f1745a216b2]
/doc/vivado/Vivado/2022.1/lib/lnx64.o/librdi_synth.so(HARTHOptPost::optimize()+0x1578) [0x7f1745a20728]
/doc/vivado/Vivado/2022.1/lib/lnx64.o/librdi_synth.so(HARTHOptDfg::optCallbackPost(DFGraph*)+0x1f) [0x7f174616f01f]
/doc/vivado/Vivado/2022.1/lib/lnx64.o/librdi_synth.so(HARTNDb::HARTReSynthReInfer(HOptRestructDfg&, NRealModC*, HARTNDb::MergePhase)+0x1b4) [0x7f1745b2ec54]
/doc/vivado/Vivado/2022.1/lib/lnx64.o/librdi_synth.so(HARTNDb::HARTMergeResynPartitionsR(NRealMod, HARTNDb::MergePhase, bool)+0x2218) [0x7f1745b5ac08]
/doc/vivado/Vivado/2022.1/lib/lnx64.o/librdi_synth.so(HARTNDb::HARTMergeResynPartitionsR(NRealMod, HARTNDb::MergePhase, bool)+0xcc7) [0x7f1745b596b7]
/doc/vivado/Vivado/2022.1/lib/lnx64.o/librdi_synth.so(HARTNDb::HARTMergeResynPartitions(NRealMod, HARTNDb::MergePhase, bool)+0x178) [0x7f1745b5bea8]
/doc/vivado/Vivado/2022.1/lib/lnx64.o/librdi_synth.so(HARTNDb::reSynthReInfer(bool)+0xe2) [0x7f1745b5c0c2]
/doc/vivado/Vivado/2022.1/lib/lnx64.o/librdi_synth.so(+0x12fb093) [0x7f1745cfb093]
/doc/vivado/Vivado/2022.1/lib/lnx64.o/librdi_synth.so(+0x1241f45) [0x7f1745c41f45]
/doc/vivado/Vivado/2022.1/lib/lnx64.o/libtcl8.5.so(+0x3356f) [0x7f1791a3356f]
/doc/vivado/Vivado/2022.1/lib/lnx64.o/libtcl8.5.so(+0x34bf8) [0x7f1791a34bf8]
/doc/vivado/Vivado/2022.1/lib/lnx64.o/libtcl8.5.so(Tcl_EvalEx+0x13) [0x7f1791a35163]
/doc/vivado/Vivado/2022.1/lib/lnx64.o/libtcl8.5.so(TclEvalObjEx+0x1e0) [0x7f1791a35380]
/doc/vivado/Vivado/2022.1/lib/lnx64.o/libtcl8.5.so(+0x3b445) [0x7f1791a3b445]
/doc/vivado/Vivado/2022.1/lib/lnx64.o/libtcl8.5.so(+0x3356f) [0x7f1791a3356f]
/doc/vivado/Vivado/2022.1/lib/lnx64.o/libtcl8.5.so(+0x76945) [0x7f1791a76945]
/doc/vivado/Vivado/2022.1/lib/lnx64.o/libtcl8.5.so(+0x7e0f9) [0x7f1791a7e0f9]
/doc/vivado/Vivado/2022.1/lib/lnx64.o/libtcl8.5.so(TclEvalObjEx+0x76) [0x7f1791a35216]
/doc/vivado/Vivado/2022.1/lib/lnx64.o/librdi_commontasks.so(+0x259801) [0x7f178a859801]
/doc/vivado/Vivado/2022.1/lib/lnx64.o/libtcl8.5.so(+0x3356f) [0x7f1791a3356f]
/doc/vivado/Vivado/2022.1/lib/lnx64.o/libtcl8.5.so(+0x76945) [0x7f1791a76945]
/doc/vivado/Vivado/2022.1/lib/lnx64.o/libtcl8.5.so(TclObjInterpProcCore+0x420) [0x7f1791ab7ed0]
/doc/vivado/Vivado/2022.1/lib/lnx64.o/libtcl8.5.so(+0x3356f) [0x7f1791a3356f]
/doc/vivado/Vivado/2022.1/lib/lnx64.o/libtcl8.5.so(+0x76945) [0x7f1791a76945]
/doc/vivado/Vivado/2022.1/lib/lnx64.o/libtcl8.5.so(TclObjInterpProcCore+0x420) [0x7f1791ab7ed0]
/doc/vivado/Vivado/2022.1/lib/lnx64.o/libtcl8.5.so(+0x3356f) [0x7f1791a3356f]
/doc/vivado/Vivado/2022.1/lib/lnx64.o/libtcl8.5.so(+0x76945) [0x7f1791a76945]
/doc/vivado/Vivado/2022.1/lib/lnx64.o/libtcl8.5.so(TclObjInterpProcCore+0x420) [0x7f1791ab7ed0]
/doc/vivado/Vivado/2022.1/lib/lnx64.o/libtcl8.5.so(+0x3356f) [0x7f1791a3356f]
/doc/vivado/Vivado/2022.1/lib/lnx64.o/libtcl8.5.so(+0x76945) [0x7f1791a76945]
/doc/vivado/Vivado/2022.1/lib/lnx64.o/libtcl8.5.so(+0x7e0f9) [0x7f1791a7e0f9]
/doc/vivado/Vivado/2022.1/lib/lnx64.o/libtcl8.5.so(TclEvalObjEx+0x76) [0x7f1791a35216]
/doc/vivado/Vivado/2022.1/lib/lnx64.o/librdi_common.so(hdi::tcltasks::task_manager::eval_in_tcl(Tcl_Interp*, Tcl_Obj*, char const*, bool)+0x74d) [0x7f1798142d5d]
/doc/vivado/Vivado/2022.1/lib/lnx64.o/librdi_common.so(hdi::tcltasks::task_manager::eval_in_tcl(Tcl_Interp*, char const*, char const*, bool)+0xda) [0x7f179814336a]
/doc/vivado/Vivado/2022.1/lib/lnx64.o/librdi_synth.so(HARTNDb::processGenomesSequentially(bool, char const*, char const*)+0xbae) [0x7f1745bbd83e]
/doc/vivado/Vivado/2022.1/lib/lnx64.o/librdi_synth.so(+0x12e25a8) [0x7f1745ce25a8]
/doc/vivado/Vivado/2022.1/lib/lnx64.o/librdi_synth.so(+0x1241f45) [0x7f1745c41f45]
/doc/vivado/Vivado/2022.1/lib/lnx64.o/libtcl8.5.so(+0x3356f) [0x7f1791a3356f]
/doc/vivado/Vivado/2022.1/lib/lnx64.o/libtcl8.5.so(+0x34bf8) [0x7f1791a34bf8]
/doc/vivado/Vivado/2022.1/lib/lnx64.o/libtcl8.5.so(Tcl_EvalEx+0x13) [0x7f1791a35163]
/doc/vivado/Vivado/2022.1/lib/lnx64.o/libtcl8.5.so(TclEvalObjEx+0x1e0) [0x7f1791a35380]
/doc/vivado/Vivado/2022.1/lib/lnx64.o/libtcl8.5.so(+0x3b445) [0x7f1791a3b445]
/doc/vivado/Vivado/2022.1/lib/lnx64.o/libtcl8.5.so(+0x3356f) [0x7f1791a3356f]
/doc/vivado/Vivado/2022.1/lib/lnx64.o/libtcl8.5.so(+0x76945) [0x7f1791a76945]
/doc/vivado/Vivado/2022.1/lib/lnx64.o/libtcl8.5.so(+0x7e0f9) [0x7f1791a7e0f9]
/doc/vivado/Vivado/2022.1/lib/lnx64.o/libtcl8.5.so(TclEvalObjEx+0x76) [0x7f1791a35216]
/doc/vivado/Vivado/2022.1/lib/lnx64.o/librdi_commontasks.so(+0x259801) [0x7f178a859801]
/doc/vivado/Vivado/2022.1/lib/lnx64.o/libtcl8.5.so(+0x3356f) [0x7f1791a3356f]
/doc/vivado/Vivado/2022.1/lib/lnx64.o/libtcl8.5.so(+0x76945) [0x7f1791a76945]
/doc/vivado/Vivado/2022.1/lib/lnx64.o/libtcl8.5.so(TclObjInterpProcCore+0x420) [0x7f1791ab7ed0]
/doc/vivado/Vivado/2022.1/lib/lnx64.o/libtcl8.5.so(+0x3356f) [0x7f1791a3356f]
/doc/vivado/Vivado/2022.1/lib/lnx64.o/libtcl8.5.so(+0x76945) [0x7f1791a76945]
/doc/vivado/Vivado/2022.1/lib/lnx64.o/libtcl8.5.so(TclObjInterpProcCore+0x420) [0x7f1791ab7ed0]
/doc/vivado/Vivado/2022.1/lib/lnx64.o/libtcl8.5.so(+0x3356f) [0x7f1791a3356f]
/doc/vivado/Vivado/2022.1/lib/lnx64.o/libtcl8.5.so(+0x76945) [0x7f1791a76945]
/doc/vivado/Vivado/2022.1/lib/lnx64.o/libtcl8.5.so(+0x7e0f9) [0x7f1791a7e0f9]
/doc/vivado/Vivado/2022.1/lib/lnx64.o/libtcl8.5.so(TclEvalObjEx+0x76) [0x7f1791a35216]
/doc/vivado/Vivado/2022.1/lib/lnx64.o/librdi_commontasks.so(+0x259801) [0x7f178a859801]
/doc/vivado/Vivado/2022.1/lib/lnx64.o/libtcl8.5.so(+0x3356f) [0x7f1791a3356f]
/doc/vivado/Vivado/2022.1/lib/lnx64.o/libtcl8.5.so(+0x76945) [0x7f1791a76945]
/doc/vivado/Vivado/2022.1/lib/lnx64.o/libtcl8.5.so(Tcl_ExprObj+0xf8) [0x7f1791a7dcd8]
/doc/vivado/Vivado/2022.1/lib/lnx64.o/libtcl8.5.so(Tcl_ExprBooleanObj+0x16) [0x7f1791a33f56]
/doc/vivado/Vivado/2022.1/lib/lnx64.o/libtcl8.5.so(+0x3e7ae) [0x7f1791a3e7ae]
/doc/vivado/Vivado/2022.1/lib/lnx64.o/libtcl8.5.so(+0x3356f) [0x7f1791a3356f]
/doc/vivado/Vivado/2022.1/lib/lnx64.o/libtcl8.5.so(+0x34bf8) [0x7f1791a34bf8]
/doc/vivado/Vivado/2022.1/lib/lnx64.o/libtcl8.5.so(Tcl_EvalEx+0x13) [0x7f1791a35163]
/doc/vivado/Vivado/2022.1/lib/lnx64.o/libtcl8.5.so(Tcl_FSEvalFileEx+0x1da) [0x7f1791a99d2a]
/doc/vivado/Vivado/2022.1/lib/lnx64.o/librdi_commontasks.so(+0x275110) [0x7f178a875110]
/doc/vivado/Vivado/2022.1/lib/lnx64.o/librdi_common.so(+0xb44ccf) [0x7f1798144ccf]
/doc/vivado/Vivado/2022.1/lib/lnx64.o/libtcl8.5.so(+0x3356f) [0x7f1791a3356f]
/doc/vivado/Vivado/2022.1/lib/lnx64.o/libtcl8.5.so(+0x76945) [0x7f1791a76945]
/doc/vivado/Vivado/2022.1/lib/lnx64.o/libtcl8.5.so(+0x7e0f9) [0x7f1791a7e0f9]
/doc/vivado/Vivado/2022.1/lib/lnx64.o/libtcl8.5.so(TclEvalObjEx+0x76) [0x7f1791a35216]
/doc/vivado/Vivado/2022.1/lib/lnx64.o/libtcl8.5.so(+0xb7637) [0x7f1791ab7637]
/doc/vivado/Vivado/2022.1/lib/lnx64.o/libtcl8.5.so(+0x3356f) [0x7f1791a3356f]
/doc/vivado/Vivado/2022.1/lib/lnx64.o/libtcl8.5.so(+0x76945) [0x7f1791a76945]
/doc/vivado/Vivado/2022.1/lib/lnx64.o/libtcl8.5.so(+0x7e0f9) [0x7f1791a7e0f9]
/doc/vivado/Vivado/2022.1/lib/lnx64.o/libtcl8.5.so(TclEvalObjEx+0x76) [0x7f1791a35216]
/doc/vivado/Vivado/2022.1/lib/lnx64.o/librdi_commontasks.so(+0x25975e) [0x7f178a85975e]
/doc/vivado/Vivado/2022.1/lib/lnx64.o/libtcl8.5.so(+0x3356f) [0x7f1791a3356f]
/doc/vivado/Vivado/2022.1/lib/lnx64.o/libtcl8.5.so(+0x34bf8) [0x7f1791a34bf8]
/doc/vivado/Vivado/2022.1/lib/lnx64.o/libtcl8.5.so(+0xad566) [0x7f1791aad566]
/doc/vivado/Vivado/2022.1/lib/lnx64.o/libtcl8.5.so(+0x34785) [0x7f1791a34785]
/doc/vivado/Vivado/2022.1/lib/lnx64.o/libtcl8.5.so(Tcl_EvalEx+0x13) [0x7f1791a35163]
/doc/vivado/Vivado/2022.1/lib/lnx64.o/libtcl8.5.so(Tcl_FSEvalFileEx+0x1da) [0x7f1791a99d2a]
/doc/vivado/Vivado/2022.1/lib/lnx64.o/librdi_commontasks.so(+0x275110) [0x7f178a875110]
/doc/vivado/Vivado/2022.1/lib/lnx64.o/librdi_common.so(+0xb44ccf) [0x7f1798144ccf]
/doc/vivado/Vivado/2022.1/lib/lnx64.o/libtcl8.5.so(+0x3356f) [0x7f1791a3356f]
/doc/vivado/Vivado/2022.1/lib/lnx64.o/libtcl8.5.so(Tcl_EvalObjv+0x32) [0x7f1791a336a2]
/doc/vivado/Vivado/2022.1/lib/lnx64.o/libtcl8.5.so(TclEvalObjEx+0x322) [0x7f1791a354c2]
/doc/vivado/Vivado/2022.1/lib/lnx64.o/librdi_common.so(hdi::tcltasks::task_manager::eval_in_tcl(Tcl_Interp*, Tcl_Obj*, char const*, bool)+0x74d) [0x7f1798142d5d]
/doc/vivado/Vivado/2022.1/lib/lnx64.o/librdi_designutils.so(HRTInvoker::inProcessLaunch(HDGUIStatus&)+0x310) [0x7f177fb940a0]
/doc/vivado/Vivado/2022.1/lib/lnx64.o/librdi_designutils.so(HRTInvoker::launch(HDGUIStatus&)+0x33) [0x7f177fb946a3]
/doc/vivado/Vivado/2022.1/lib/lnx64.o/librdi_vivadotasks.so(+0x6523bd) [0x7f173e4523bd]
/doc/vivado/Vivado/2022.1/lib/lnx64.o/librdi_vivadotasks.so(+0x659782) [0x7f173e459782]
/doc/vivado/Vivado/2022.1/lib/lnx64.o/librdi_common.so(+0xb44ccf) [0x7f1798144ccf]
/doc/vivado/Vivado/2022.1/lib/lnx64.o/libtcl8.5.so(+0x3356f) [0x7f1791a3356f]
/doc/vivado/Vivado/2022.1/lib/lnx64.o/libtcl8.5.so(+0x76945) [0x7f1791a76945]
/doc/vivado/Vivado/2022.1/lib/lnx64.o/libtcl8.5.so(+0x7e0f9) [0x7f1791a7e0f9]
/doc/vivado/Vivado/2022.1/lib/lnx64.o/libtcl8.5.so(TclEvalObjEx+0x76) [0x7f1791a35216]
/doc/vivado/Vivado/2022.1/lib/lnx64.o/librdi_common.so(+0xb435b3) [0x7f17981435b3]
/doc/vivado/Vivado/2022.1/lib/lnx64.o/libtcl8.5.so(Tcl_ServiceEvent+0x7f) [0x7f1791aa7bef]
/doc/vivado/Vivado/2022.1/lib/lnx64.o/libtcl8.5.so(Tcl_DoOneEvent+0x154) [0x7f1791aa7f24]
/doc/vivado/Vivado/2022.1/lib/lnx64.o/librdi_commontasks.so(+0x2b39f7) [0x7f178a8b39f7]
/doc/vivado/Vivado/2022.1/lib/lnx64.o/librdi_commontasks.so(+0x2bc22f) [0x7f178a8bc22f]
/doc/vivado/Vivado/2022.1/lib/lnx64.o/librdi_commontasks.so(+0x2bcb3f) [0x7f178a8bcb3f]
/doc/vivado/Vivado/2022.1/lib/lnx64.o/librdi_common.so(+0xb44ccf) [0x7f1798144ccf]
/doc/vivado/Vivado/2022.1/lib/lnx64.o/libtcl8.5.so(+0x3356f) [0x7f1791a3356f]
/doc/vivado/Vivado/2022.1/lib/lnx64.o/libtcl8.5.so(+0x76945) [0x7f1791a76945]
/doc/vivado/Vivado/2022.1/lib/lnx64.o/libtcl8.5.so(+0x7e0f9) [0x7f1791a7e0f9]
/doc/vivado/Vivado/2022.1/lib/lnx64.o/libtcl8.5.so(TclEvalObjEx+0x76) [0x7f1791a35216]
/doc/vivado/Vivado/2022.1/lib/lnx64.o/librdi_commonmain.so(+0xc538) [0x7f1798d60538]
/doc/vivado/Vivado/2022.1/lib/lnx64.o/libtcl8.5.so(Tcl_Main+0x1d0) [0x7f1791aa02f0]
/doc/vivado/Vivado/2022.1/lib/lnx64.o/librdi_common.so(+0xb721fb) [0x7f17981721fb]
/lib/x86_64-linux-gnu/libc.so.6(+0x94b43) [0x7f1796a94b43]
/lib/x86_64-linux-gnu/libc.so.6(+0x126a00) [0x7f1796b26a00]
