00000000001111100000000000000000000000000000000000000000000000000000000000011111101010100111000000000000000000001000000000000000000000000000000000000000000000000010010011111111111000000000000000000111111111111111100000000000000000000
00000000000111000000000000000000000000000000000000000000000000000000001100011111101010100111000000000001111111111111111111111111111111110000111111010000100000000000010000011111100011111111110100001110111111111110000000000000000000000
00000000000101000000000000000000000000000000000000000000000000000000001100011111101010100111000000000000000100111100000000000000000000001010011111011010000000000000010001110111100011111111110110100010000010011110000000000000000000000
00000000000001100000000000000000000000000000000000000000000000000000000000000000000000001000000000000000000000010000000000000000000000000001111111000001100000000000010000011100000011111111110000011100011101110000000000000000000000000
00000000000001100000000000000000000000000000000000000000000000000000001111000000000000001000000011000000000010010000000000000000000000000100100000000100100000000010010011011111111000000000000001001001011101111111100000000000000000000
11111111110011100000000000000000000000000000000011110000000000000000001111000000000000000000000011000000000010010011111111111111111111111000011111111000000000000010010010011111111011111111111110000111101011111111100000000000000000000
11111111110100100000000000000000000000000000000011110000000000000000001011000000000000000000000010000000000010010011111111111111111111110110111111100110100000000010010010011011011011111111111001101001111110101101100000000000000000000
00000000000001000000000000000000000000000000000000000000000000000000000000100000000000000000000011000000000000010011111111111111111111111001111111011001100000000000000000110011110011111111110110011000101100001111000000000000000000010
11111111111111000000000000000000000000000000000011110000000000000000000000100000000000001000000010000000000000000000000000000000000000000100000000100100000000000000000000011111000000000000001001000000000101111100000000000000000000010
11111111110000000000000000000000000000000000000011110000000000000000000000111000010011001011010100000000000000001000000000000000000000000110111111100110100000000010000010111101001011111111111001101100001110110100100000000000000000010
11111111111111100000000000000000000000000000000011110000000000000000000000000000000000001000000000000000000000000011111111111111111111110101000000110101000000000000010000010100000000000000001101010001011011010000000000000000000000000
11111111110011000000000000000000000000000000000011110000000000000000000000011000010100001010111000000000000000001011111111111111111111111010111111111010100000000010000011111001011011111111111110101010000001100101100000000000000000010
00000000001110000000000000000000000000000000000000000000000000000000000101011000010100001010111000000001010011100111111111111111111111110100111111010100100000000010010010111100101011111111110101001001101001110010100000000000000000000
00000000000010100000000000000000000000000000000000000000000000000000000000000000000000000000000000000000000000010011111111111111111111111100100000011100100000000000010000010100000000000000000111001110001001010000000000000000000000000
00000000001111100000000000000000000000000000000000000000000000000000000011000000000000000000000000000000000010010011111111111111111111110000011111000000000000000010010011110010011011111111110000000000010010001001100000000000000000000
00000000001001100000000000000000000000000000000000000000000000000000001000000000000000000000000010000000000000010011111111111111111111110111100000010111100000000000010001011111000000000000000101111000111010111100000000000000000000000
00000000001010100000000000000000000000000000000000000000000000000000001000011000011010011011110100000000000000000011111111111111111111110011111111000011100000000000000000110100010011111111110000111010001001010001000000000000000000010
11111111110000100000000000000000000000000000000011110000000000000000001111000000000000001000000011000000000010000011111111111111111111111001100000101001100000000010010010010101111000000000001010011111110111010111100000000000000000000
00000000001100100000000000000000000000000000000000000000000000000000000110000000000000000000000001000000000000010011111111111111111111111011111111001011100000000000010000010100110011111111110010111101111001010011000000000000000000000
00000000000101000000000000000000000000000000000000000000000000000000001110000000000000000000000001000001110000111111111111111111111111110001111111000001100000000000010000010111110011111111110000011100111000011111000000000000000000000
00000000000100000000000000000000000000000000000000000000000000000000001110011111100100010000101000000000000000001000000000000000000000001011000000111011000000000010000011111111001000000000001110110110011011111100100000000000000000010
00000000001111000000000000000000000000000000000000000000000000000000000100011111100100010000101000000000110111110100000000000000000000000011100000010011100000000000010000011110100000000000000100111100011011111010000000000000000000000
