./syn_identity.v:542: warning: Port 1 (y) of module11 expects 288 bits, got 16.
./syn_identity.v:542:        : Padding 272 high bits of the port.
./syn_identity.v:542: warning: Port 4 (wire15) of module11 expects 3 bits, got 21.
./syn_identity.v:542:        : Pruning (signed) 18 high bits of the expression.
./syn_identity.v:542: warning: Port 5 (wire14) of module11 expects 10 bits, got 19.
./syn_identity.v:542:        : Pruning (signed) 9 high bits of the expression.
./syn_identity.v:542: warning: Port 7 (wire12) of module11 expects 10 bits, got 21.
./syn_identity.v:542:        : Pruning (signed) 11 high bits of the expression.
./syn_identity.v:618: warning: Port 1 (y) of module63 expects 120 bits, got 17.
./syn_identity.v:618:        : Padding 103 high bits of the port.
./syn_identity.v:618: warning: Port 3 (wire68) of module63 expects 5 bits, got 7.
./syn_identity.v:618:        : Pruning (signed) 2 high bits of the expression.
./syn_identity.v:618: warning: Port 4 (wire67) of module63 expects 3 bits, got 9.
./syn_identity.v:618:        : Pruning (signed) 6 high bits of the expression.
./syn_identity.v:618: warning: Port 7 (wire64) of module63 expects 12 bits, got 14.
./syn_identity.v:618:        : Pruning (signed) 2 high bits of the expression.
./syn_identity.v:74: warning: Port 1 (y) of module4 expects 310 bits, got 18.
./syn_identity.v:74:        : Padding 292 high bits of the port.
./syn_identity.v:74: warning: Port 5 (wire6) of module4 expects 7 bits, got 22.
./syn_identity.v:74:        : Pruning 15 high bits of the expression.
./syn_identity.v:74: warning: Port 6 (wire5) of module4 expects 21 bits, got 22.
./syn_identity.v:74:        : Pruning 1 high bits of the expression.
./syn_identity.v:385: warning: Port 1 (y) of module133 expects 854 bits, got 9.
./syn_identity.v:385:        : Padding 845 high bits of the port.
./syn_identity.v:385: warning: Port 3 (wire137) of module133 expects 11 bits, got 15.
./syn_identity.v:385:        : Pruning 4 high bits of the expression.
./syn_identity.v:385: warning: Port 6 (wire134) of module133 expects 10 bits, got 14.
./syn_identity.v:385:        : Pruning 4 high bits of the expression.
./syn_identity.v:157: warning: Port 1 (y) of module107 expects 478 bits, got 22.
./syn_identity.v:157:        : Padding 456 high bits of the port.
./syn_identity.v:157: warning: Port 4 (wire111) of module107 expects 4 bits, got 17.
./syn_identity.v:157:        : Pruning 13 high bits of the expression.
./syn_identity.v:157: warning: Port 6 (wire109) of module107 expects 11 bits, got 22.
./syn_identity.v:157:        : Pruning (signed) 11 high bits of the expression.
./syn_identity.v:157: warning: Port 7 (wire108) of module107 expects 15 bits, got 16.
./syn_identity.v:157:        : Pruning 1 high bits of the expression.
./syn_identity.v:385: warning: Port 1 (y) of module133 expects 854 bits, got 9.
./syn_identity.v:385:        : Padding 845 high bits of the port.
./syn_identity.v:385: warning: Port 3 (wire137) of module133 expects 11 bits, got 15.
./syn_identity.v:385:        : Pruning 4 high bits of the expression.
./syn_identity.v:385: warning: Port 6 (wire134) of module133 expects 10 bits, got 14.
./syn_identity.v:385:        : Pruning 4 high bits of the expression.
./syn_identity.v:158: warning: Port 1 (y) of module107 expects 478 bits, got 16.
./syn_identity.v:158:        : Padding 462 high bits of the port.
./syn_identity.v:158: warning: Port 4 (wire111) of module107 expects 4 bits, got 12.
./syn_identity.v:158:        : Pruning (signed) 8 high bits of the expression.
./syn_identity.v:158: warning: Port 6 (wire109) of module107 expects 11 bits, got 16.
./syn_identity.v:158:        : Pruning (signed) 5 high bits of the expression.
./syn_identity.v:542: warning: Port 1 (y) of module11 expects 288 bits, got 16.
./syn_identity.v:542:        : Padding 272 high bits of the port.
./syn_identity.v:542: warning: Port 4 (wire15) of module11 expects 3 bits, got 21.
./syn_identity.v:542:        : Pruning (signed) 18 high bits of the expression.
./syn_identity.v:542: warning: Port 5 (wire14) of module11 expects 10 bits, got 19.
./syn_identity.v:542:        : Pruning (signed) 9 high bits of the expression.
./syn_identity.v:542: warning: Port 7 (wire12) of module11 expects 10 bits, got 21.
./syn_identity.v:542:        : Pruning (signed) 11 high bits of the expression.
./syn_identity.v:618: warning: Port 1 (y) of module63 expects 120 bits, got 17.
./syn_identity.v:618:        : Padding 103 high bits of the port.
./syn_identity.v:618: warning: Port 3 (wire68) of module63 expects 5 bits, got 7.
./syn_identity.v:618:        : Pruning (signed) 2 high bits of the expression.
./syn_identity.v:618: warning: Port 4 (wire67) of module63 expects 3 bits, got 9.
./syn_identity.v:618:        : Pruning (signed) 6 high bits of the expression.
./syn_identity.v:618: warning: Port 7 (wire64) of module63 expects 12 bits, got 14.
./syn_identity.v:618:        : Pruning (signed) 2 high bits of the expression.
./syn_identity.v:74: warning: Port 1 (y) of module4 expects 310 bits, got 18.
./syn_identity.v:74:        : Padding 292 high bits of the port.
./syn_identity.v:74: warning: Port 5 (wire6) of module4 expects 7 bits, got 22.
./syn_identity.v:74:        : Pruning 15 high bits of the expression.
./syn_identity.v:74: warning: Port 6 (wire5) of module4 expects 21 bits, got 22.
./syn_identity.v:74:        : Pruning 1 high bits of the expression.
./syn_identity.v:385: warning: Port 1 (y) of module133 expects 854 bits, got 9.
./syn_identity.v:385:        : Padding 845 high bits of the port.
./syn_identity.v:385: warning: Port 3 (wire137) of module133 expects 11 bits, got 15.
./syn_identity.v:385:        : Pruning 4 high bits of the expression.
./syn_identity.v:385: warning: Port 6 (wire134) of module133 expects 10 bits, got 14.
./syn_identity.v:385:        : Pruning 4 high bits of the expression.
./syn_identity.v:157: warning: Port 1 (y) of module107 expects 478 bits, got 22.
./syn_identity.v:157:        : Padding 456 high bits of the port.
./syn_identity.v:157: warning: Port 4 (wire111) of module107 expects 4 bits, got 17.
./syn_identity.v:157:        : Pruning 13 high bits of the expression.
./syn_identity.v:157: warning: Port 6 (wire109) of module107 expects 11 bits, got 22.
./syn_identity.v:157:        : Pruning (signed) 11 high bits of the expression.
./syn_identity.v:157: warning: Port 7 (wire108) of module107 expects 15 bits, got 16.
./syn_identity.v:157:        : Pruning 1 high bits of the expression.
./syn_identity.v:385: warning: Port 1 (y) of module133 expects 854 bits, got 9.
./syn_identity.v:385:        : Padding 845 high bits of the port.
./syn_identity.v:385: warning: Port 3 (wire137) of module133 expects 11 bits, got 15.
./syn_identity.v:385:        : Pruning 4 high bits of the expression.
./syn_identity.v:385: warning: Port 6 (wire134) of module133 expects 10 bits, got 14.
./syn_identity.v:385:        : Pruning 4 high bits of the expression.
./syn_identity.v:158: warning: Port 1 (y) of module107 expects 478 bits, got 16.
./syn_identity.v:158:        : Padding 462 high bits of the port.
./syn_identity.v:158: warning: Port 4 (wire111) of module107 expects 4 bits, got 12.
./syn_identity.v:158:        : Pruning (signed) 8 high bits of the expression.
./syn_identity.v:158: warning: Port 6 (wire109) of module107 expects 11 bits, got 16.
./syn_identity.v:158:        : Pruning (signed) 5 high bits of the expression.
