
 /----------------------------------------------------------------------------\
 |                                                                            |
 |  yosys -- Yosys Open SYnthesis Suite                                       |
 |                                                                            |
 |  Copyright (C) 2012 - 2019  Clifford Wolf <clifford@clifford.at>           |
 |                                                                            |
 |  Permission to use, copy, modify, and/or distribute this software for any  |
 |  purpose with or without fee is hereby granted, provided that the above    |
 |  copyright notice and this permission notice appear in all copies.         |
 |                                                                            |
 |  THE SOFTWARE IS PROVIDED "AS IS" AND THE AUTHOR DISCLAIMS ALL WARRANTIES  |
 |  WITH REGARD TO THIS SOFTWARE INCLUDING ALL IMPLIED WARRANTIES OF          |
 |  MERCHANTABILITY AND FITNESS. IN NO EVENT SHALL THE AUTHOR BE LIABLE FOR   |
 |  ANY SPECIAL, DIRECT, INDIRECT, OR CONSEQUENTIAL DAMAGES OR ANY DAMAGES    |
 |  WHATSOEVER RESULTING FROM LOSS OF USE, DATA OR PROFITS, WHETHER IN AN     |
 |  ACTION OF CONTRACT, NEGLIGENCE OR OTHER TORTIOUS ACTION, ARISING OUT OF   |
 |  OR IN CONNECTION WITH THE USE OR PERFORMANCE OF THIS SOFTWARE.            |
 |                                                                            |
 \----------------------------------------------------------------------------/

 Yosys 0.9 (git sha1 1979e0b)


-- Executing script file `../model/design.ys' --

1. Executing Verilog-2005 frontend: cells_cmos.v
Parsing formal SystemVerilog input from `cells_cmos.v' to AST representation.
Generating RTLIL representation for module `\NOT'.
Generating RTLIL representation for module `\NAND'.
Generating RTLIL representation for module `\NOR'.
Generating RTLIL representation for module `\DFF'.
Generating RTLIL representation for module `\DFFSR'.
Successfully finished Verilog frontend.

2. Executing Verilog-2005 frontend: cells_cyclone_v.v
Parsing formal SystemVerilog input from `cells_cyclone_v.v' to AST representation.
Generating RTLIL representation for module `\dffeas'.
Generating RTLIL representation for module `\cyclonev_lcell_comb'.
Note: Assuming pure combinatorial block at cells_cyclone_v.v:131 in
compliance with IEC 62142(E):2005 / IEEE Std. 1364.1(E):2002. Recommending
use of @* instead of @(...) for better match of synthesis and simulation.
Generating RTLIL representation for module `\cyclonev_clkena'.
Generating RTLIL representation for module `\cyclonev_io_ibuf'.
Generating RTLIL representation for module `\cyclonev_io_obuf'.
Generating RTLIL representation for module `\cyclone10lp_lcell_comb'.
Note: Assuming pure combinatorial block at cells_cyclone_v.v:351 in
compliance with IEC 62142(E):2005 / IEEE Std. 1364.1(E):2002. Recommending
use of @* instead of @(...) for better match of synthesis and simulation.
Generating RTLIL representation for module `\cyclone10lp_io_ibuf'.
Generating RTLIL representation for module `\cyclone10lp_io_obuf'.
Generating RTLIL representation for module `\cyclone10lp_clkena'.
Generating RTLIL representation for module `\cyclone10gx_lcell_comb'.
Note: Assuming pure combinatorial block at cells_cyclone_v.v:570 in
compliance with IEC 62142(E):2005 / IEEE Std. 1364.1(E):2002. Recommending
use of @* instead of @(...) for better match of synthesis and simulation.
Generating RTLIL representation for module `\cyclone10gx_io_ibuf'.
Generating RTLIL representation for module `\cyclone10gx_io_obuf'.
Generating RTLIL representation for module `\cyclone10gx_clkena'.
Successfully finished Verilog frontend.

3. Executing Verilog-2005 frontend: cells_verific.v
Parsing formal SystemVerilog input from `cells_verific.v' to AST representation.
Generating RTLIL representation for module `\VERIFIC_FADD'.
Generating RTLIL representation for module `\VERIFIC_DFFRS'.
Successfully finished Verilog frontend.

4. Executing Verilog-2005 frontend: cells_xilinx_7.v
Parsing formal SystemVerilog input from `cells_xilinx_7.v' to AST representation.
Warning: Yosys has only limited support for tri-state logic at the moment. (cells_xilinx_7.v:18)
Generating RTLIL representation for module `\IBUF'.
Generating RTLIL representation for module `\OBUF'.
Generating RTLIL representation for module `\OBUFT'.
Generating RTLIL representation for module `\GND'.
Generating RTLIL representation for module `\INV'.
Generating RTLIL representation for module `\LUT1'.
Generating RTLIL representation for module `\LUT2'.
Generating RTLIL representation for module `\LUT3'.
Generating RTLIL representation for module `\LUT4'.
Generating RTLIL representation for module `\LUT5'.
Generating RTLIL representation for module `\LUT6'.
Generating RTLIL representation for module `\MUXCY'.
Generating RTLIL representation for module `\MUXF7'.
Generating RTLIL representation for module `\MUXF8'.
Generating RTLIL representation for module `\VCC'.
Generating RTLIL representation for module `\XORCY'.
Generating RTLIL representation for module `\CARRY4'.
Generating RTLIL representation for module `\FD_1'.
Generating RTLIL representation for module `\FDC_1'.
Note: Assuming pure combinatorial block at cells_xilinx_7.v:148 in
compliance with IEC 62142(E):2005 / IEEE Std. 1364.1(E):2002. Recommending
use of @* instead of @(...) for better match of synthesis and simulation.
Generating RTLIL representation for module `\FDCE_1'.
Note: Assuming pure combinatorial block at cells_xilinx_7.v:163 in
compliance with IEC 62142(E):2005 / IEEE Std. 1364.1(E):2002. Recommending
use of @* instead of @(...) for better match of synthesis and simulation.
Generating RTLIL representation for module `\FDCE'.
Note: Assuming pure combinatorial block at cells_xilinx_7.v:179 in
compliance with IEC 62142(E):2005 / IEEE Std. 1364.1(E):2002. Recommending
use of @* instead of @(...) for better match of synthesis and simulation.
Generating RTLIL representation for module `\FDCP_1'.
Note: Assuming pure combinatorial block at cells_xilinx_7.v:195 in
compliance with IEC 62142(E):2005 / IEEE Std. 1364.1(E):2002. Recommending
use of @* instead of @(...) for better match of synthesis and simulation.
Generating RTLIL representation for module `\FDCPE_1'.
Note: Assuming pure combinatorial block at cells_xilinx_7.v:212 in
compliance with IEC 62142(E):2005 / IEEE Std. 1364.1(E):2002. Recommending
use of @* instead of @(...) for better match of synthesis and simulation.
Generating RTLIL representation for module `\FDCPE'.
Note: Assuming pure combinatorial block at cells_xilinx_7.v:230 in
compliance with IEC 62142(E):2005 / IEEE Std. 1364.1(E):2002. Recommending
use of @* instead of @(...) for better match of synthesis and simulation.
Generating RTLIL representation for module `\FDCP'.
Note: Assuming pure combinatorial block at cells_xilinx_7.v:248 in
compliance with IEC 62142(E):2005 / IEEE Std. 1364.1(E):2002. Recommending
use of @* instead of @(...) for better match of synthesis and simulation.
Generating RTLIL representation for module `\FDC'.
Note: Assuming pure combinatorial block at cells_xilinx_7.v:264 in
compliance with IEC 62142(E):2005 / IEEE Std. 1364.1(E):2002. Recommending
use of @* instead of @(...) for better match of synthesis and simulation.
Generating RTLIL representation for module `\FDDRCPE'.
Note: Assuming pure combinatorial block at cells_xilinx_7.v:288 in
compliance with IEC 62142(E):2005 / IEEE Std. 1364.1(E):2002. Recommending
use of @* instead of @(...) for better match of synthesis and simulation.
Generating RTLIL representation for module `\FDDRRSE'.
Generating RTLIL representation for module `\FDE_1'.
Generating RTLIL representation for module `\FDE'.
Generating RTLIL representation for module `\FDP_1'.
Note: Assuming pure combinatorial block at cells_xilinx_7.v:401 in
compliance with IEC 62142(E):2005 / IEEE Std. 1364.1(E):2002. Recommending
use of @* instead of @(...) for better match of synthesis and simulation.
Generating RTLIL representation for module `\FDPE_1'.
Note: Assuming pure combinatorial block at cells_xilinx_7.v:416 in
compliance with IEC 62142(E):2005 / IEEE Std. 1364.1(E):2002. Recommending
use of @* instead of @(...) for better match of synthesis and simulation.
Generating RTLIL representation for module `\FDPE'.
Note: Assuming pure combinatorial block at cells_xilinx_7.v:432 in
compliance with IEC 62142(E):2005 / IEEE Std. 1364.1(E):2002. Recommending
use of @* instead of @(...) for better match of synthesis and simulation.
Generating RTLIL representation for module `\FDP'.
Note: Assuming pure combinatorial block at cells_xilinx_7.v:448 in
compliance with IEC 62142(E):2005 / IEEE Std. 1364.1(E):2002. Recommending
use of @* instead of @(...) for better match of synthesis and simulation.
Generating RTLIL representation for module `\FDR_1'.
Generating RTLIL representation for module `\FDRE_1'.
Generating RTLIL representation for module `\FDRE'.
Generating RTLIL representation for module `\FDRS_1'.
Generating RTLIL representation for module `\FDRSE_1'.
Generating RTLIL representation for module `\FDRSE'.
Generating RTLIL representation for module `\FDRS'.
Generating RTLIL representation for module `\FDR'.
Generating RTLIL representation for module `\FDS_1'.
Generating RTLIL representation for module `\FDSE_1'.
Generating RTLIL representation for module `\FDSE'.
Generating RTLIL representation for module `\FDS'.
Generating RTLIL representation for module `\FD'.
Generating RTLIL representation for module `\LD_1'.
Note: Assuming pure combinatorial block at cells_xilinx_7.v:664 in
compliance with IEC 62142(E):2005 / IEEE Std. 1364.1(E):2002. Recommending
use of @* instead of @(...) for better match of synthesis and simulation.
Generating RTLIL representation for module `\LDC_1'.
Note: Assuming pure combinatorial block at cells_xilinx_7.v:677 in
compliance with IEC 62142(E):2005 / IEEE Std. 1364.1(E):2002. Recommending
use of @* instead of @(...) for better match of synthesis and simulation.
Generating RTLIL representation for module `\LDCE_1'.
Note: Assuming pure combinatorial block at cells_xilinx_7.v:692 in
compliance with IEC 62142(E):2005 / IEEE Std. 1364.1(E):2002. Recommending
use of @* instead of @(...) for better match of synthesis and simulation.
Generating RTLIL representation for module `\LDCE'.
Note: Assuming pure combinatorial block at cells_xilinx_7.v:707 in
compliance with IEC 62142(E):2005 / IEEE Std. 1364.1(E):2002. Recommending
use of @* instead of @(...) for better match of synthesis and simulation.
Generating RTLIL representation for module `\LDCP_1'.
Note: Assuming pure combinatorial block at cells_xilinx_7.v:722 in
compliance with IEC 62142(E):2005 / IEEE Std. 1364.1(E):2002. Recommending
use of @* instead of @(...) for better match of synthesis and simulation.
Generating RTLIL representation for module `\LDCPE_1'.
Note: Assuming pure combinatorial block at cells_xilinx_7.v:739 in
compliance with IEC 62142(E):2005 / IEEE Std. 1364.1(E):2002. Recommending
use of @* instead of @(...) for better match of synthesis and simulation.
Generating RTLIL representation for module `\LDCPE'.
Note: Assuming pure combinatorial block at cells_xilinx_7.v:756 in
compliance with IEC 62142(E):2005 / IEEE Std. 1364.1(E):2002. Recommending
use of @* instead of @(...) for better match of synthesis and simulation.
Generating RTLIL representation for module `\LDCP'.
Note: Assuming pure combinatorial block at cells_xilinx_7.v:773 in
compliance with IEC 62142(E):2005 / IEEE Std. 1364.1(E):2002. Recommending
use of @* instead of @(...) for better match of synthesis and simulation.
Generating RTLIL representation for module `\LDC'.
Note: Assuming pure combinatorial block at cells_xilinx_7.v:790 in
compliance with IEC 62142(E):2005 / IEEE Std. 1364.1(E):2002. Recommending
use of @* instead of @(...) for better match of synthesis and simulation.
Generating RTLIL representation for module `\LDE_1'.
Note: Assuming pure combinatorial block at cells_xilinx_7.v:805 in
compliance with IEC 62142(E):2005 / IEEE Std. 1364.1(E):2002. Recommending
use of @* instead of @(...) for better match of synthesis and simulation.
Generating RTLIL representation for module `\LDE'.
Note: Assuming pure combinatorial block at cells_xilinx_7.v:818 in
compliance with IEC 62142(E):2005 / IEEE Std. 1364.1(E):2002. Recommending
use of @* instead of @(...) for better match of synthesis and simulation.
Generating RTLIL representation for module `\LDP_1'.
Note: Assuming pure combinatorial block at cells_xilinx_7.v:831 in
compliance with IEC 62142(E):2005 / IEEE Std. 1364.1(E):2002. Recommending
use of @* instead of @(...) for better match of synthesis and simulation.
Generating RTLIL representation for module `\LDPE_1'.
Note: Assuming pure combinatorial block at cells_xilinx_7.v:846 in
compliance with IEC 62142(E):2005 / IEEE Std. 1364.1(E):2002. Recommending
use of @* instead of @(...) for better match of synthesis and simulation.
Generating RTLIL representation for module `\LDPE'.
Note: Assuming pure combinatorial block at cells_xilinx_7.v:861 in
compliance with IEC 62142(E):2005 / IEEE Std. 1364.1(E):2002. Recommending
use of @* instead of @(...) for better match of synthesis and simulation.
Generating RTLIL representation for module `\LDP'.
Note: Assuming pure combinatorial block at cells_xilinx_7.v:876 in
compliance with IEC 62142(E):2005 / IEEE Std. 1364.1(E):2002. Recommending
use of @* instead of @(...) for better match of synthesis and simulation.
Generating RTLIL representation for module `\LD'.
Note: Assuming pure combinatorial block at cells_xilinx_7.v:891 in
compliance with IEC 62142(E):2005 / IEEE Std. 1364.1(E):2002. Recommending
use of @* instead of @(...) for better match of synthesis and simulation.
Generating RTLIL representation for module `\BUFCF'.
Generating RTLIL representation for module `\BUFE'.
Generating RTLIL representation for module `\BUFGCE_1'.
Generating RTLIL representation for module `\BUFGCE'.
Generating RTLIL representation for module `\BUFGCTRL'.
Note: Assuming pure combinatorial block at cells_xilinx_7.v:958 in
compliance with IEC 62142(E):2005 / IEEE Std. 1364.1(E):2002. Recommending
use of @* instead of @(...) for better match of synthesis and simulation.
Generating RTLIL representation for module `\BUFG_LB'.
Generating RTLIL representation for module `\BUFGMUX_1'.
Note: Assuming pure combinatorial block at cells_xilinx_7.v:998 in
compliance with IEC 62142(E):2005 / IEEE Std. 1364.1(E):2002. Recommending
use of @* instead of @(...) for better match of synthesis and simulation.
Note: Assuming pure combinatorial block at cells_xilinx_7.v:1001 in
compliance with IEC 62142(E):2005 / IEEE Std. 1364.1(E):2002. Recommending
use of @* instead of @(...) for better match of synthesis and simulation.
Note: Assuming pure combinatorial block at cells_xilinx_7.v:1004 in
compliance with IEC 62142(E):2005 / IEEE Std. 1364.1(E):2002. Recommending
use of @* instead of @(...) for better match of synthesis and simulation.
Note: Assuming pure combinatorial block at cells_xilinx_7.v:1009 in
compliance with IEC 62142(E):2005 / IEEE Std. 1364.1(E):2002. Recommending
use of @* instead of @(...) for better match of synthesis and simulation.
Generating RTLIL representation for module `\BUFGMUX_CTRL'.
Generating RTLIL representation for module `\BUFGMUX'.
Note: Assuming pure combinatorial block at cells_xilinx_7.v:1042 in
compliance with IEC 62142(E):2005 / IEEE Std. 1364.1(E):2002. Recommending
use of @* instead of @(...) for better match of synthesis and simulation.
Note: Assuming pure combinatorial block at cells_xilinx_7.v:1045 in
compliance with IEC 62142(E):2005 / IEEE Std. 1364.1(E):2002. Recommending
use of @* instead of @(...) for better match of synthesis and simulation.
Note: Assuming pure combinatorial block at cells_xilinx_7.v:1048 in
compliance with IEC 62142(E):2005 / IEEE Std. 1364.1(E):2002. Recommending
use of @* instead of @(...) for better match of synthesis and simulation.
Note: Assuming pure combinatorial block at cells_xilinx_7.v:1053 in
compliance with IEC 62142(E):2005 / IEEE Std. 1364.1(E):2002. Recommending
use of @* instead of @(...) for better match of synthesis and simulation.
Generating RTLIL representation for module `\BUFGMUX_VIRTEX4'.
Generating RTLIL representation for module `\BUFGP'.
Generating RTLIL representation for module `\BUFG'.
Generating RTLIL representation for module `\BUFHCE'.
Generating RTLIL representation for module `\BUFH'.
Generating RTLIL representation for module `\BUFIO2FB'.
Generating RTLIL representation for module `\BUFIODQS'.
Note: Assuming pure combinatorial block at cells_xilinx_7.v:1146 in
compliance with IEC 62142(E):2005 / IEEE Std. 1364.1(E):2002. Recommending
use of @* instead of @(...) for better match of synthesis and simulation.
Note: Assuming pure combinatorial block at cells_xilinx_7.v:1150 in
compliance with IEC 62142(E):2005 / IEEE Std. 1364.1(E):2002. Recommending
use of @* instead of @(...) for better match of synthesis and simulation.
Generating RTLIL representation for module `\BUFIO'.
Generating RTLIL representation for module `\BUFMRCE'.
Generating RTLIL representation for module `\BUFMR'.
Generating RTLIL representation for module `\BUFT'.
Generating RTLIL representation for module `\BUF'.
Successfully finished Verilog frontend.

5. Executing Verilog-2005 frontend: cells_yosys.v
Parsing formal SystemVerilog input from `cells_yosys.v' to AST representation.
Generating RTLIL representation for module `\$_DLATCH_N_'.
Generating RTLIL representation for module `\$_DLATCH_P_'.
Successfully finished Verilog frontend.

6. Executing Verilog-2005 frontend: syn_identity.v
Parsing formal SystemVerilog input from `syn_identity.v' to AST representation.
Generating RTLIL representation for module `\top_1'.
Successfully finished Verilog frontend.

7. Executing Verilog-2005 frontend: syn_yosys.v
Parsing formal SystemVerilog input from `syn_yosys.v' to AST representation.
Generating RTLIL representation for module `\top_2'.
Successfully finished Verilog frontend.

8. Executing Verilog-2005 frontend: top.v
Parsing formal SystemVerilog input from `top.v' to AST representation.
Generating RTLIL representation for module `\top'.
Successfully finished Verilog frontend.

9. Executing PREP pass.

9.1. Executing HIERARCHY pass (managing design hierarchy).

9.1.1. Analyzing design hierarchy..
Top module:  \top
Used module:     \top_2
Used module:     \top_1

9.1.2. Analyzing design hierarchy..
Top module:  \top
Used module:     \top_2
Used module:     \top_1
Removing unused module `\$_DLATCH_P_'.
Removing unused module `\$_DLATCH_N_'.
Removing unused module `\BUF'.
Removing unused module `\BUFT'.
Removing unused module `\BUFMR'.
Removing unused module `\BUFMRCE'.
Removing unused module `\BUFIO'.
Removing unused module `\BUFIODQS'.
Removing unused module `\BUFIO2FB'.
Removing unused module `\BUFH'.
Removing unused module `\BUFHCE'.
Removing unused module `\BUFG'.
Removing unused module `\BUFGP'.
Removing unused module `\BUFGMUX_VIRTEX4'.
Removing unused module `\BUFGMUX'.
Removing unused module `\BUFGMUX_CTRL'.
Removing unused module `\BUFGMUX_1'.
Removing unused module `\BUFG_LB'.
Removing unused module `\BUFGCTRL'.
Removing unused module `\BUFGCE'.
Removing unused module `\BUFGCE_1'.
Removing unused module `\BUFE'.
Removing unused module `\BUFCF'.
Removing unused module `\LD'.
Removing unused module `\LDP'.
Removing unused module `\LDPE'.
Removing unused module `\LDPE_1'.
Removing unused module `\LDP_1'.
Removing unused module `\LDE'.
Removing unused module `\LDE_1'.
Removing unused module `\LDC'.
Removing unused module `\LDCP'.
Removing unused module `\LDCPE'.
Removing unused module `\LDCPE_1'.
Removing unused module `\LDCP_1'.
Removing unused module `\LDCE'.
Removing unused module `\LDCE_1'.
Removing unused module `\LDC_1'.
Removing unused module `\LD_1'.
Removing unused module `\FD'.
Removing unused module `\FDS'.
Removing unused module `\FDSE'.
Removing unused module `\FDSE_1'.
Removing unused module `\FDS_1'.
Removing unused module `\FDR'.
Removing unused module `\FDRS'.
Removing unused module `\FDRSE'.
Removing unused module `\FDRSE_1'.
Removing unused module `\FDRS_1'.
Removing unused module `\FDRE'.
Removing unused module `\FDRE_1'.
Removing unused module `\FDR_1'.
Removing unused module `\FDP'.
Removing unused module `\FDPE'.
Removing unused module `\FDPE_1'.
Removing unused module `\FDP_1'.
Removing unused module `\FDE'.
Removing unused module `\FDE_1'.
Removing unused module `\FDDRRSE'.
Removing unused module `\FDDRCPE'.
Removing unused module `\FDC'.
Removing unused module `\FDCP'.
Removing unused module `\FDCPE'.
Removing unused module `\FDCPE_1'.
Removing unused module `\FDCP_1'.
Removing unused module `\FDCE'.
Removing unused module `\FDCE_1'.
Removing unused module `\FDC_1'.
Removing unused module `\FD_1'.
Removing unused module `\CARRY4'.
Removing unused module `\XORCY'.
Removing unused module `\VCC'.
Removing unused module `\MUXF8'.
Removing unused module `\MUXF7'.
Removing unused module `\MUXCY'.
Removing unused module `\LUT6'.
Removing unused module `\LUT5'.
Removing unused module `\LUT4'.
Removing unused module `\LUT3'.
Removing unused module `\LUT2'.
Removing unused module `\LUT1'.
Removing unused module `\INV'.
Removing unused module `\GND'.
Removing unused module `\OBUFT'.
Removing unused module `\OBUF'.
Removing unused module `\IBUF'.
Removing unused module `\VERIFIC_DFFRS'.
Removing unused module `\VERIFIC_FADD'.
Removing unused module `\cyclone10gx_clkena'.
Removing unused module `\cyclone10gx_io_obuf'.
Removing unused module `\cyclone10gx_io_ibuf'.
Removing unused module `\cyclone10gx_lcell_comb'.
Removing unused module `\cyclone10lp_clkena'.
Removing unused module `\cyclone10lp_io_obuf'.
Removing unused module `\cyclone10lp_io_ibuf'.
Removing unused module `\cyclone10lp_lcell_comb'.
Removing unused module `\cyclonev_io_obuf'.
Removing unused module `\cyclonev_io_ibuf'.
Removing unused module `\cyclonev_clkena'.
Removing unused module `\cyclonev_lcell_comb'.
Removing unused module `\dffeas'.
Removing unused module `\DFFSR'.
Removing unused module `\DFF'.
Removing unused module `\NOR'.
Removing unused module `\NAND'.
Removing unused module `\NOT'.
Removed 106 unused modules.
Module top directly or indirectly contains formal properties -> setting "keep" attribute.
Warning: Resizing cell port top.top_2.y from 91 bits to 246 bits.
Warning: Resizing cell port top.top_1.y from 91 bits to 246 bits.

9.2. Executing PROC pass (convert processes to netlists).

9.2.1. Executing PROC_CLEAN pass (remove empty switches from decision trees).
Cleaned up 0 empty switches.

9.2.2. Executing PROC_RMDEAD pass (remove dead branches from decision trees).
Marked 2 switch rules as full_case in process $proc$syn_identity.v:76$735 in module top_1.
Removed a total of 0 dead cases.

9.2.3. Executing PROC_INIT pass (extract init attributes).
Found init rule in `\top_2.$proc$syn_yosys.v:1458$1829'.
  Set init value: \reg7_reg[3] = 1'0
Found init rule in `\top_2.$proc$syn_yosys.v:1454$1828'.
  Set init value: \reg7_reg[1] = 1'0
Found init rule in `\top_2.$proc$syn_yosys.v:1450$1827'.
  Set init value: \reg7_reg[0] = 1'0
Found init rule in `\top_2.$proc$syn_yosys.v:1446$1826'.
  Set init value: \reg8_reg[0] = 1'0
Found init rule in `\top_2.$proc$syn_yosys.v:1442$1825'.
  Set init value: \reg9_reg[6] = 1'0
Found init rule in `\top_2.$proc$syn_yosys.v:1438$1824'.
  Set init value: \reg9_reg[5] = 1'0
Found init rule in `\top_2.$proc$syn_yosys.v:1434$1823'.
  Set init value: \reg9_reg[4] = 1'0
Found init rule in `\top_2.$proc$syn_yosys.v:1430$1822'.
  Set init value: \reg9_reg[3] = 1'0
Found init rule in `\top_2.$proc$syn_yosys.v:1426$1821'.
  Set init value: \reg9_reg[2] = 1'0
Found init rule in `\top_2.$proc$syn_yosys.v:1422$1820'.
  Set init value: \reg9_reg[1] = 1'0
Found init rule in `\top_2.$proc$syn_yosys.v:1418$1819'.
  Set init value: \reg9_reg[0] = 1'0
Found init rule in `\top_2.$proc$syn_yosys.v:1414$1818'.
  Set init value: \reg10_reg[1] = 1'0
Found init rule in `\top_2.$proc$syn_yosys.v:1410$1817'.
  Set init value: \reg12_reg[0] = 1'0
Found init rule in `\top_2.$proc$syn_yosys.v:1406$1816'.
  Set init value: \reg13_reg[14] = 1'0
Found init rule in `\top_2.$proc$syn_yosys.v:1402$1815'.
  Set init value: \reg17_reg[13] = 1'0
Found init rule in `\top_2.$proc$syn_yosys.v:1398$1814'.
  Set init value: \reg17_reg[7] = 1'0
Found init rule in `\top_2.$proc$syn_yosys.v:1394$1813'.
  Set init value: \reg17_reg[6] = 1'0
Found init rule in `\top_2.$proc$syn_yosys.v:1390$1812'.
  Set init value: \reg17_reg[5] = 1'0
Found init rule in `\top_2.$proc$syn_yosys.v:1386$1811'.
  Set init value: \reg17_reg[4] = 1'0
Found init rule in `\top_2.$proc$syn_yosys.v:1382$1810'.
  Set init value: \reg17_reg[3] = 1'0
Found init rule in `\top_2.$proc$syn_yosys.v:1378$1809'.
  Set init value: \reg17_reg[2] = 1'0
Found init rule in `\top_2.$proc$syn_yosys.v:1374$1808'.
  Set init value: \reg17_reg[1] = 1'0
Found init rule in `\top_2.$proc$syn_yosys.v:1370$1807'.
  Set init value: \reg17_reg[0] = 1'0
Found init rule in `\top_2.$proc$syn_yosys.v:1366$1806'.
  Set init value: \reg18_reg[11] = 1'0
Found init rule in `\top_2.$proc$syn_yosys.v:1362$1805'.
  Set init value: \reg18_reg[0] = 1'0
Found init rule in `\top_2.$proc$syn_yosys.v:1224$1804'.
  Set init value: \reg24_reg[6] = 1'0
Found init rule in `\top_2.$proc$syn_yosys.v:1220$1803'.
  Set init value: \reg24_reg[5] = 1'0
Found init rule in `\top_2.$proc$syn_yosys.v:1216$1802'.
  Set init value: \reg24_reg[4] = 1'0
Found init rule in `\top_2.$proc$syn_yosys.v:1212$1801'.
  Set init value: \reg24_reg[3] = 1'0
Found init rule in `\top_2.$proc$syn_yosys.v:1208$1800'.
  Set init value: \reg24_reg[2] = 1'0
Found init rule in `\top_2.$proc$syn_yosys.v:1204$1799'.
  Set init value: \reg24_reg[1] = 1'0
Found init rule in `\top_2.$proc$syn_yosys.v:1200$1798'.
  Set init value: \reg24_reg[0] = 1'0
Found init rule in `\top_2.$proc$syn_yosys.v:551$1797'.
  Set init value: \reg22 = 7'0000000
Found init rule in `\top_2.$proc$syn_yosys.v:550$1796'.
  Set init value: \reg21 = 22'0000000000000000000000
Found init rule in `\top_2.$proc$syn_yosys.v:549$1795'.
  Set init value: \reg20 = 16'0000000000000000
Found init rule in `\top_2.$proc$syn_yosys.v:548$1794'.
  Set init value: \reg19 = 22'0000000000000000000000
Found init rule in `\top_1.$proc$syn_identity.v:26$834'.
  Set init value: \reg7 = 4'0000
Found init rule in `\top_1.$proc$syn_identity.v:25$833'.
  Set init value: \reg8 = 6'000000
Found init rule in `\top_1.$proc$syn_identity.v:24$832'.
  Set init value: \reg9 = 19'0000000000000000000
Found init rule in `\top_1.$proc$syn_identity.v:23$831'.
  Set init value: \reg10 = 15'000000000000000
Found init rule in `\top_1.$proc$syn_identity.v:22$830'.
  Set init value: \reg11 = 6'000000
Found init rule in `\top_1.$proc$syn_identity.v:21$829'.
  Set init value: \reg12 = 17'00000000000000000
Found init rule in `\top_1.$proc$syn_identity.v:20$828'.
  Set init value: \reg13 = 16'0000000000000000
Found init rule in `\top_1.$proc$syn_identity.v:16$827'.
  Set init value: \reg17 = 15'000000000000000
Found init rule in `\top_1.$proc$syn_identity.v:15$826'.
  Set init value: \reg18 = 13'0000000000000
Found init rule in `\top_1.$proc$syn_identity.v:14$825'.
  Set init value: \reg19 = 22'0000000000000000000000
Found init rule in `\top_1.$proc$syn_identity.v:13$824'.
  Set init value: \reg20 = 16'0000000000000000
Found init rule in `\top_1.$proc$syn_identity.v:12$823'.
  Set init value: \reg21 = 22'0000000000000000000000
Found init rule in `\top_1.$proc$syn_identity.v:11$822'.
  Set init value: \reg22 = 7'0000000
Found init rule in `\top_1.$proc$syn_identity.v:10$821'.
  Set init value: \reg23 = 8'00000000
Found init rule in `\top_1.$proc$syn_identity.v:9$820'.
  Set init value: \reg24 = 16'0000000000000000
Found init rule in `\top.$proc$top.v:13$1836'.
  Set init value: $formal$top.v:13$1830_EN = 1'0

9.2.4. Executing PROC_ARST pass (detect async resets in processes).

9.2.5. Executing PROC_MUX pass (convert decision trees to multiplexers).
Creating decoders for process `\top_2.$proc$syn_yosys.v:1458$1829'.
     1/1: $1\reg7_reg[3][0:0]
Creating decoders for process `\top_2.$proc$syn_yosys.v:1454$1828'.
     1/1: $1\reg7_reg[1][0:0]
Creating decoders for process `\top_2.$proc$syn_yosys.v:1450$1827'.
     1/1: $1\reg7_reg[0][0:0]
Creating decoders for process `\top_2.$proc$syn_yosys.v:1446$1826'.
     1/1: $1\reg8_reg[0][0:0]
Creating decoders for process `\top_2.$proc$syn_yosys.v:1442$1825'.
     1/1: $1\reg9_reg[6][0:0]
Creating decoders for process `\top_2.$proc$syn_yosys.v:1438$1824'.
     1/1: $1\reg9_reg[5][0:0]
Creating decoders for process `\top_2.$proc$syn_yosys.v:1434$1823'.
     1/1: $1\reg9_reg[4][0:0]
Creating decoders for process `\top_2.$proc$syn_yosys.v:1430$1822'.
     1/1: $1\reg9_reg[3][0:0]
Creating decoders for process `\top_2.$proc$syn_yosys.v:1426$1821'.
     1/1: $1\reg9_reg[2][0:0]
Creating decoders for process `\top_2.$proc$syn_yosys.v:1422$1820'.
     1/1: $1\reg9_reg[1][0:0]
Creating decoders for process `\top_2.$proc$syn_yosys.v:1418$1819'.
     1/1: $1\reg9_reg[0][0:0]
Creating decoders for process `\top_2.$proc$syn_yosys.v:1414$1818'.
     1/1: $1\reg10_reg[1][0:0]
Creating decoders for process `\top_2.$proc$syn_yosys.v:1410$1817'.
     1/1: $1\reg12_reg[0][0:0]
Creating decoders for process `\top_2.$proc$syn_yosys.v:1406$1816'.
     1/1: $1\reg13_reg[14][0:0]
Creating decoders for process `\top_2.$proc$syn_yosys.v:1402$1815'.
     1/1: $1\reg17_reg[13][0:0]
Creating decoders for process `\top_2.$proc$syn_yosys.v:1398$1814'.
     1/1: $1\reg17_reg[7][0:0]
Creating decoders for process `\top_2.$proc$syn_yosys.v:1394$1813'.
     1/1: $1\reg17_reg[6][0:0]
Creating decoders for process `\top_2.$proc$syn_yosys.v:1390$1812'.
     1/1: $1\reg17_reg[5][0:0]
Creating decoders for process `\top_2.$proc$syn_yosys.v:1386$1811'.
     1/1: $1\reg17_reg[4][0:0]
Creating decoders for process `\top_2.$proc$syn_yosys.v:1382$1810'.
     1/1: $1\reg17_reg[3][0:0]
Creating decoders for process `\top_2.$proc$syn_yosys.v:1378$1809'.
     1/1: $1\reg17_reg[2][0:0]
Creating decoders for process `\top_2.$proc$syn_yosys.v:1374$1808'.
     1/1: $1\reg17_reg[1][0:0]
Creating decoders for process `\top_2.$proc$syn_yosys.v:1370$1807'.
     1/1: $1\reg17_reg[0][0:0]
Creating decoders for process `\top_2.$proc$syn_yosys.v:1366$1806'.
     1/1: $1\reg18_reg[11][0:0]
Creating decoders for process `\top_2.$proc$syn_yosys.v:1362$1805'.
     1/1: $1\reg18_reg[0][0:0]
Creating decoders for process `\top_2.$proc$syn_yosys.v:1224$1804'.
     1/1: $1\reg24_reg[6][0:0]
Creating decoders for process `\top_2.$proc$syn_yosys.v:1220$1803'.
     1/1: $1\reg24_reg[5][0:0]
Creating decoders for process `\top_2.$proc$syn_yosys.v:1216$1802'.
     1/1: $1\reg24_reg[4][0:0]
Creating decoders for process `\top_2.$proc$syn_yosys.v:1212$1801'.
     1/1: $1\reg24_reg[3][0:0]
Creating decoders for process `\top_2.$proc$syn_yosys.v:1208$1800'.
     1/1: $1\reg24_reg[2][0:0]
Creating decoders for process `\top_2.$proc$syn_yosys.v:1204$1799'.
     1/1: $1\reg24_reg[1][0:0]
Creating decoders for process `\top_2.$proc$syn_yosys.v:1200$1798'.
     1/1: $1\reg24_reg[0][0:0]
Creating decoders for process `\top_2.$proc$syn_yosys.v:551$1797'.
     1/1: $0\reg22[6:0]
Creating decoders for process `\top_2.$proc$syn_yosys.v:550$1796'.
     1/1: $0\reg21[21:0]
Creating decoders for process `\top_2.$proc$syn_yosys.v:549$1795'.
     1/1: $0\reg20[15:0]
Creating decoders for process `\top_2.$proc$syn_yosys.v:548$1794'.
     1/1: $0\reg19[21:0]
Creating decoders for process `\top_2.$proc$syn_yosys.v:1459$1793'.
     1/1: $0\reg7_reg[3][0:0]
Creating decoders for process `\top_2.$proc$syn_yosys.v:1455$1792'.
     1/1: $0\reg7_reg[1][0:0]
Creating decoders for process `\top_2.$proc$syn_yosys.v:1451$1791'.
     1/1: $0\reg7_reg[0][0:0]
Creating decoders for process `\top_2.$proc$syn_yosys.v:1447$1790'.
     1/1: $0\reg8_reg[0][0:0]
Creating decoders for process `\top_2.$proc$syn_yosys.v:1443$1789'.
     1/1: $0\reg9_reg[6][0:0]
Creating decoders for process `\top_2.$proc$syn_yosys.v:1439$1788'.
     1/1: $0\reg9_reg[5][0:0]
Creating decoders for process `\top_2.$proc$syn_yosys.v:1435$1787'.
     1/1: $0\reg9_reg[4][0:0]
Creating decoders for process `\top_2.$proc$syn_yosys.v:1431$1786'.
     1/1: $0\reg9_reg[3][0:0]
Creating decoders for process `\top_2.$proc$syn_yosys.v:1427$1785'.
     1/1: $0\reg9_reg[2][0:0]
Creating decoders for process `\top_2.$proc$syn_yosys.v:1423$1784'.
     1/1: $0\reg9_reg[1][0:0]
Creating decoders for process `\top_2.$proc$syn_yosys.v:1419$1783'.
     1/1: $0\reg9_reg[0][0:0]
Creating decoders for process `\top_2.$proc$syn_yosys.v:1415$1782'.
     1/1: $0\reg10_reg[1][0:0]
Creating decoders for process `\top_2.$proc$syn_yosys.v:1411$1781'.
     1/1: $0\reg12_reg[0][0:0]
Creating decoders for process `\top_2.$proc$syn_yosys.v:1407$1780'.
     1/1: $0\reg13_reg[14][0:0]
Creating decoders for process `\top_2.$proc$syn_yosys.v:1403$1779'.
     1/1: $0\reg17_reg[13][0:0]
Creating decoders for process `\top_2.$proc$syn_yosys.v:1399$1778'.
     1/1: $0\reg17_reg[7][0:0]
Creating decoders for process `\top_2.$proc$syn_yosys.v:1395$1777'.
     1/1: $0\reg17_reg[6][0:0]
Creating decoders for process `\top_2.$proc$syn_yosys.v:1391$1776'.
     1/1: $0\reg17_reg[5][0:0]
Creating decoders for process `\top_2.$proc$syn_yosys.v:1387$1775'.
     1/1: $0\reg17_reg[4][0:0]
Creating decoders for process `\top_2.$proc$syn_yosys.v:1383$1774'.
     1/1: $0\reg17_reg[3][0:0]
Creating decoders for process `\top_2.$proc$syn_yosys.v:1379$1773'.
     1/1: $0\reg17_reg[2][0:0]
Creating decoders for process `\top_2.$proc$syn_yosys.v:1375$1772'.
     1/1: $0\reg17_reg[1][0:0]
Creating decoders for process `\top_2.$proc$syn_yosys.v:1371$1771'.
     1/1: $0\reg17_reg[0][0:0]
Creating decoders for process `\top_2.$proc$syn_yosys.v:1367$1770'.
     1/1: $0\reg18_reg[11][0:0]
Creating decoders for process `\top_2.$proc$syn_yosys.v:1363$1769'.
     1/1: $0\reg18_reg[0][0:0]
Creating decoders for process `\top_2.$proc$syn_yosys.v:1360$1768'.
     1/1: $0\reg19[21:21]
Creating decoders for process `\top_2.$proc$syn_yosys.v:1358$1767'.
     1/1: $0\reg19[20:20]
Creating decoders for process `\top_2.$proc$syn_yosys.v:1356$1766'.
     1/1: $0\reg19[19:19]
Creating decoders for process `\top_2.$proc$syn_yosys.v:1354$1765'.
     1/1: $0\reg19[18:18]
Creating decoders for process `\top_2.$proc$syn_yosys.v:1352$1764'.
     1/1: $0\reg19[17:17]
Creating decoders for process `\top_2.$proc$syn_yosys.v:1350$1763'.
     1/1: $0\reg19[16:16]
Creating decoders for process `\top_2.$proc$syn_yosys.v:1348$1762'.
     1/1: $0\reg19[15:15]
Creating decoders for process `\top_2.$proc$syn_yosys.v:1346$1761'.
     1/1: $0\reg19[14:14]
Creating decoders for process `\top_2.$proc$syn_yosys.v:1344$1760'.
     1/1: $0\reg19[13:13]
Creating decoders for process `\top_2.$proc$syn_yosys.v:1342$1759'.
     1/1: $0\reg19[12:12]
Creating decoders for process `\top_2.$proc$syn_yosys.v:1340$1758'.
     1/1: $0\reg19[11:11]
Creating decoders for process `\top_2.$proc$syn_yosys.v:1338$1757'.
     1/1: $0\reg19[10:10]
Creating decoders for process `\top_2.$proc$syn_yosys.v:1336$1756'.
     1/1: $0\reg19[9:9]
Creating decoders for process `\top_2.$proc$syn_yosys.v:1334$1755'.
     1/1: $0\reg19[8:8]
Creating decoders for process `\top_2.$proc$syn_yosys.v:1332$1754'.
     1/1: $0\reg19[7:7]
Creating decoders for process `\top_2.$proc$syn_yosys.v:1330$1753'.
     1/1: $0\reg19[6:6]
Creating decoders for process `\top_2.$proc$syn_yosys.v:1328$1752'.
     1/1: $0\reg19[5:5]
Creating decoders for process `\top_2.$proc$syn_yosys.v:1326$1751'.
     1/1: $0\reg19[4:4]
Creating decoders for process `\top_2.$proc$syn_yosys.v:1324$1750'.
     1/1: $0\reg19[3:3]
Creating decoders for process `\top_2.$proc$syn_yosys.v:1322$1749'.
     1/1: $0\reg19[2:2]
Creating decoders for process `\top_2.$proc$syn_yosys.v:1320$1748'.
     1/1: $0\reg19[1:1]
Creating decoders for process `\top_2.$proc$syn_yosys.v:1318$1747'.
     1/1: $0\reg19[0:0]
Creating decoders for process `\top_2.$proc$syn_yosys.v:1316$1746'.
     1/1: $0\reg20[15:15]
Creating decoders for process `\top_2.$proc$syn_yosys.v:1314$1745'.
     1/1: $0\reg20[14:14]
Creating decoders for process `\top_2.$proc$syn_yosys.v:1312$1744'.
     1/1: $0\reg20[13:13]
Creating decoders for process `\top_2.$proc$syn_yosys.v:1310$1743'.
     1/1: $0\reg20[12:12]
Creating decoders for process `\top_2.$proc$syn_yosys.v:1308$1742'.
     1/1: $0\reg20[11:11]
Creating decoders for process `\top_2.$proc$syn_yosys.v:1306$1741'.
     1/1: $0\reg20[10:10]
Creating decoders for process `\top_2.$proc$syn_yosys.v:1304$1740'.
     1/1: $0\reg20[9:9]
Creating decoders for process `\top_2.$proc$syn_yosys.v:1302$1739'.
     1/1: $0\reg20[8:8]
Creating decoders for process `\top_2.$proc$syn_yosys.v:1300$1738'.
     1/1: $0\reg20[7:7]
Creating decoders for process `\top_2.$proc$syn_yosys.v:1298$1737'.
     1/1: $0\reg20[6:6]
Creating decoders for process `\top_2.$proc$syn_yosys.v:1296$1736'.
     1/1: $0\reg20[5:5]
Creating decoders for process `\top_2.$proc$syn_yosys.v:1294$1735'.
     1/1: $0\reg20[4:4]
Creating decoders for process `\top_2.$proc$syn_yosys.v:1292$1734'.
     1/1: $0\reg20[3:3]
Creating decoders for process `\top_2.$proc$syn_yosys.v:1290$1733'.
     1/1: $0\reg20[2:2]
Creating decoders for process `\top_2.$proc$syn_yosys.v:1288$1732'.
     1/1: $0\reg20[1:1]
Creating decoders for process `\top_2.$proc$syn_yosys.v:1286$1731'.
     1/1: $0\reg20[0:0]
Creating decoders for process `\top_2.$proc$syn_yosys.v:1284$1730'.
     1/1: $0\reg21[21:21]
Creating decoders for process `\top_2.$proc$syn_yosys.v:1282$1729'.
     1/1: $0\reg21[20:20]
Creating decoders for process `\top_2.$proc$syn_yosys.v:1280$1728'.
     1/1: $0\reg21[19:19]
Creating decoders for process `\top_2.$proc$syn_yosys.v:1278$1727'.
     1/1: $0\reg21[18:18]
Creating decoders for process `\top_2.$proc$syn_yosys.v:1276$1726'.
     1/1: $0\reg21[17:17]
Creating decoders for process `\top_2.$proc$syn_yosys.v:1274$1725'.
     1/1: $0\reg21[16:16]
Creating decoders for process `\top_2.$proc$syn_yosys.v:1272$1724'.
     1/1: $0\reg21[15:15]
Creating decoders for process `\top_2.$proc$syn_yosys.v:1270$1723'.
     1/1: $0\reg21[14:14]
Creating decoders for process `\top_2.$proc$syn_yosys.v:1268$1722'.
     1/1: $0\reg21[13:13]
Creating decoders for process `\top_2.$proc$syn_yosys.v:1266$1721'.
     1/1: $0\reg21[12:12]
Creating decoders for process `\top_2.$proc$syn_yosys.v:1264$1720'.
     1/1: $0\reg21[11:11]
Creating decoders for process `\top_2.$proc$syn_yosys.v:1262$1719'.
     1/1: $0\reg21[10:10]
Creating decoders for process `\top_2.$proc$syn_yosys.v:1260$1718'.
     1/1: $0\reg21[9:9]
Creating decoders for process `\top_2.$proc$syn_yosys.v:1258$1717'.
     1/1: $0\reg21[8:8]
Creating decoders for process `\top_2.$proc$syn_yosys.v:1256$1716'.
     1/1: $0\reg21[7:7]
Creating decoders for process `\top_2.$proc$syn_yosys.v:1254$1715'.
     1/1: $0\reg21[6:6]
Creating decoders for process `\top_2.$proc$syn_yosys.v:1252$1714'.
     1/1: $0\reg21[5:5]
Creating decoders for process `\top_2.$proc$syn_yosys.v:1250$1713'.
     1/1: $0\reg21[4:4]
Creating decoders for process `\top_2.$proc$syn_yosys.v:1248$1712'.
     1/1: $0\reg21[3:3]
Creating decoders for process `\top_2.$proc$syn_yosys.v:1246$1711'.
     1/1: $0\reg21[2:2]
Creating decoders for process `\top_2.$proc$syn_yosys.v:1244$1710'.
     1/1: $0\reg21[1:1]
Creating decoders for process `\top_2.$proc$syn_yosys.v:1242$1709'.
     1/1: $0\reg21[0:0]
Creating decoders for process `\top_2.$proc$syn_yosys.v:1240$1708'.
     1/1: $0\reg22[6:6]
Creating decoders for process `\top_2.$proc$syn_yosys.v:1238$1707'.
     1/1: $0\reg22[5:5]
Creating decoders for process `\top_2.$proc$syn_yosys.v:1236$1706'.
     1/1: $0\reg22[4:4]
Creating decoders for process `\top_2.$proc$syn_yosys.v:1234$1705'.
     1/1: $0\reg22[3:3]
Creating decoders for process `\top_2.$proc$syn_yosys.v:1232$1704'.
     1/1: $0\reg22[2:2]
Creating decoders for process `\top_2.$proc$syn_yosys.v:1230$1703'.
     1/1: $0\reg22[1:1]
Creating decoders for process `\top_2.$proc$syn_yosys.v:1228$1702'.
     1/1: $0\reg22[0:0]
Creating decoders for process `\top_2.$proc$syn_yosys.v:1225$1701'.
     1/1: $0\reg24_reg[6][0:0]
Creating decoders for process `\top_2.$proc$syn_yosys.v:1221$1700'.
     1/1: $0\reg24_reg[5][0:0]
Creating decoders for process `\top_2.$proc$syn_yosys.v:1217$1699'.
     1/1: $0\reg24_reg[4][0:0]
Creating decoders for process `\top_2.$proc$syn_yosys.v:1213$1698'.
     1/1: $0\reg24_reg[3][0:0]
Creating decoders for process `\top_2.$proc$syn_yosys.v:1209$1697'.
     1/1: $0\reg24_reg[2][0:0]
Creating decoders for process `\top_2.$proc$syn_yosys.v:1205$1696'.
     1/1: $0\reg24_reg[1][0:0]
Creating decoders for process `\top_2.$proc$syn_yosys.v:1201$1695'.
     1/1: $0\reg24_reg[0][0:0]
Creating decoders for process `\top_1.$proc$syn_identity.v:26$834'.
     1/1: $1\reg7[3:0]
Creating decoders for process `\top_1.$proc$syn_identity.v:25$833'.
     1/1: $1\reg8[5:0]
Creating decoders for process `\top_1.$proc$syn_identity.v:24$832'.
     1/1: $1\reg9[18:0]
Creating decoders for process `\top_1.$proc$syn_identity.v:23$831'.
     1/1: $1\reg10[14:0]
Creating decoders for process `\top_1.$proc$syn_identity.v:22$830'.
     1/1: $1\reg11[5:0]
Creating decoders for process `\top_1.$proc$syn_identity.v:21$829'.
     1/1: $1\reg12[16:0]
Creating decoders for process `\top_1.$proc$syn_identity.v:20$828'.
     1/1: $1\reg13[15:0]
Creating decoders for process `\top_1.$proc$syn_identity.v:16$827'.
     1/1: $1\reg17[14:0]
Creating decoders for process `\top_1.$proc$syn_identity.v:15$826'.
     1/1: $1\reg18[12:0]
Creating decoders for process `\top_1.$proc$syn_identity.v:14$825'.
     1/1: $1\reg19[21:0]
Creating decoders for process `\top_1.$proc$syn_identity.v:13$824'.
     1/1: $1\reg20[15:0]
Creating decoders for process `\top_1.$proc$syn_identity.v:12$823'.
     1/1: $1\reg21[21:0]
Creating decoders for process `\top_1.$proc$syn_identity.v:11$822'.
     1/1: $1\reg22[6:0]
Creating decoders for process `\top_1.$proc$syn_identity.v:10$821'.
     1/1: $1\reg23[7:0]
Creating decoders for process `\top_1.$proc$syn_identity.v:9$820'.
     1/1: $1\reg24[15:0]
Creating decoders for process `\top_1.$proc$syn_identity.v:76$735'.
     1/8: $0\reg24[15:0]
     2/8: $0\reg23[7:0]
     3/8: $0\reg22[6:0]
     4/8: $0\reg17[14:0]
     5/8: $0\reg18[12:0]
     6/8: $0\reg19[21:0]
     7/8: $0\reg20[15:0]
     8/8: $0\reg21[21:0]
Creating decoders for process `\top_1.$proc$syn_identity.v:64$713'.
     1/4: $0\reg13[15:0]
     2/4: $0\reg12[16:0]
     3/4: $0\reg11[5:0]
     4/4: $0\reg10[14:0]
Creating decoders for process `\top_1.$proc$syn_identity.v:57$701'.
     1/3: $0\reg9[18:0]
     2/3: $0\reg8[5:0]
     3/3: $0\reg7[3:0]
Creating decoders for process `\top.$proc$top.v:13$1836'.
     1/1: $0$formal$top.v:13$1830_EN[0:0]$1837
Creating decoders for process `\top.$proc$top.v:11$1831'.
     1/2: $0$formal$top.v:13$1830_EN[0:0]$1833
     2/2: $0$formal$top.v:13$1830_CHECK[0:0]$1832

9.2.6. Executing PROC_DLATCH pass (convert process syncs to latches).

9.2.7. Executing PROC_DFF pass (convert process syncs to FFs).
Creating register for signal `\top_2.\reg7_reg[3]' using process `\top_2.$proc$syn_yosys.v:1459$1793'.
  created $dff cell `$procdff$1864' with positive edge clock.
Creating register for signal `\top_2.\reg7_reg[1]' using process `\top_2.$proc$syn_yosys.v:1455$1792'.
  created $dff cell `$procdff$1865' with positive edge clock.
Creating register for signal `\top_2.\reg7_reg[0]' using process `\top_2.$proc$syn_yosys.v:1451$1791'.
  created $dff cell `$procdff$1866' with positive edge clock.
Creating register for signal `\top_2.\reg8_reg[0]' using process `\top_2.$proc$syn_yosys.v:1447$1790'.
  created $dff cell `$procdff$1867' with positive edge clock.
Creating register for signal `\top_2.\reg9_reg[6]' using process `\top_2.$proc$syn_yosys.v:1443$1789'.
  created $dff cell `$procdff$1868' with positive edge clock.
Creating register for signal `\top_2.\reg9_reg[5]' using process `\top_2.$proc$syn_yosys.v:1439$1788'.
  created $dff cell `$procdff$1869' with positive edge clock.
Creating register for signal `\top_2.\reg9_reg[4]' using process `\top_2.$proc$syn_yosys.v:1435$1787'.
  created $dff cell `$procdff$1870' with positive edge clock.
Creating register for signal `\top_2.\reg9_reg[3]' using process `\top_2.$proc$syn_yosys.v:1431$1786'.
  created $dff cell `$procdff$1871' with positive edge clock.
Creating register for signal `\top_2.\reg9_reg[2]' using process `\top_2.$proc$syn_yosys.v:1427$1785'.
  created $dff cell `$procdff$1872' with positive edge clock.
Creating register for signal `\top_2.\reg9_reg[1]' using process `\top_2.$proc$syn_yosys.v:1423$1784'.
  created $dff cell `$procdff$1873' with positive edge clock.
Creating register for signal `\top_2.\reg9_reg[0]' using process `\top_2.$proc$syn_yosys.v:1419$1783'.
  created $dff cell `$procdff$1874' with positive edge clock.
Creating register for signal `\top_2.\reg10_reg[1]' using process `\top_2.$proc$syn_yosys.v:1415$1782'.
  created $dff cell `$procdff$1875' with positive edge clock.
Creating register for signal `\top_2.\reg12_reg[0]' using process `\top_2.$proc$syn_yosys.v:1411$1781'.
  created $dff cell `$procdff$1876' with positive edge clock.
Creating register for signal `\top_2.\reg13_reg[14]' using process `\top_2.$proc$syn_yosys.v:1407$1780'.
  created $dff cell `$procdff$1877' with positive edge clock.
Creating register for signal `\top_2.\reg17_reg[13]' using process `\top_2.$proc$syn_yosys.v:1403$1779'.
  created $dff cell `$procdff$1878' with positive edge clock.
Creating register for signal `\top_2.\reg17_reg[7]' using process `\top_2.$proc$syn_yosys.v:1399$1778'.
  created $dff cell `$procdff$1879' with positive edge clock.
Creating register for signal `\top_2.\reg17_reg[6]' using process `\top_2.$proc$syn_yosys.v:1395$1777'.
  created $dff cell `$procdff$1880' with positive edge clock.
Creating register for signal `\top_2.\reg17_reg[5]' using process `\top_2.$proc$syn_yosys.v:1391$1776'.
  created $dff cell `$procdff$1881' with positive edge clock.
Creating register for signal `\top_2.\reg17_reg[4]' using process `\top_2.$proc$syn_yosys.v:1387$1775'.
  created $dff cell `$procdff$1882' with positive edge clock.
Creating register for signal `\top_2.\reg17_reg[3]' using process `\top_2.$proc$syn_yosys.v:1383$1774'.
  created $dff cell `$procdff$1883' with positive edge clock.
Creating register for signal `\top_2.\reg17_reg[2]' using process `\top_2.$proc$syn_yosys.v:1379$1773'.
  created $dff cell `$procdff$1884' with positive edge clock.
Creating register for signal `\top_2.\reg17_reg[1]' using process `\top_2.$proc$syn_yosys.v:1375$1772'.
  created $dff cell `$procdff$1885' with positive edge clock.
Creating register for signal `\top_2.\reg17_reg[0]' using process `\top_2.$proc$syn_yosys.v:1371$1771'.
  created $dff cell `$procdff$1886' with positive edge clock.
Creating register for signal `\top_2.\reg18_reg[11]' using process `\top_2.$proc$syn_yosys.v:1367$1770'.
  created $dff cell `$procdff$1887' with positive edge clock.
Creating register for signal `\top_2.\reg18_reg[0]' using process `\top_2.$proc$syn_yosys.v:1363$1769'.
  created $dff cell `$procdff$1888' with positive edge clock.
Creating register for signal `\top_2.\reg19 [21]' using process `\top_2.$proc$syn_yosys.v:1360$1768'.
  created $dff cell `$procdff$1889' with positive edge clock.
Creating register for signal `\top_2.\reg19 [20]' using process `\top_2.$proc$syn_yosys.v:1358$1767'.
  created $dff cell `$procdff$1890' with positive edge clock.
Creating register for signal `\top_2.\reg19 [19]' using process `\top_2.$proc$syn_yosys.v:1356$1766'.
  created $dff cell `$procdff$1891' with positive edge clock.
Creating register for signal `\top_2.\reg19 [18]' using process `\top_2.$proc$syn_yosys.v:1354$1765'.
  created $dff cell `$procdff$1892' with positive edge clock.
Creating register for signal `\top_2.\reg19 [17]' using process `\top_2.$proc$syn_yosys.v:1352$1764'.
  created $dff cell `$procdff$1893' with positive edge clock.
Creating register for signal `\top_2.\reg19 [16]' using process `\top_2.$proc$syn_yosys.v:1350$1763'.
  created $dff cell `$procdff$1894' with positive edge clock.
Creating register for signal `\top_2.\reg19 [15]' using process `\top_2.$proc$syn_yosys.v:1348$1762'.
  created $dff cell `$procdff$1895' with positive edge clock.
Creating register for signal `\top_2.\reg19 [14]' using process `\top_2.$proc$syn_yosys.v:1346$1761'.
  created $dff cell `$procdff$1896' with positive edge clock.
Creating register for signal `\top_2.\reg19 [13]' using process `\top_2.$proc$syn_yosys.v:1344$1760'.
  created $dff cell `$procdff$1897' with positive edge clock.
Creating register for signal `\top_2.\reg19 [12]' using process `\top_2.$proc$syn_yosys.v:1342$1759'.
  created $dff cell `$procdff$1898' with positive edge clock.
Creating register for signal `\top_2.\reg19 [11]' using process `\top_2.$proc$syn_yosys.v:1340$1758'.
  created $dff cell `$procdff$1899' with positive edge clock.
Creating register for signal `\top_2.\reg19 [10]' using process `\top_2.$proc$syn_yosys.v:1338$1757'.
  created $dff cell `$procdff$1900' with positive edge clock.
Creating register for signal `\top_2.\reg19 [9]' using process `\top_2.$proc$syn_yosys.v:1336$1756'.
  created $dff cell `$procdff$1901' with positive edge clock.
Creating register for signal `\top_2.\reg19 [8]' using process `\top_2.$proc$syn_yosys.v:1334$1755'.
  created $dff cell `$procdff$1902' with positive edge clock.
Creating register for signal `\top_2.\reg19 [7]' using process `\top_2.$proc$syn_yosys.v:1332$1754'.
  created $dff cell `$procdff$1903' with positive edge clock.
Creating register for signal `\top_2.\reg19 [6]' using process `\top_2.$proc$syn_yosys.v:1330$1753'.
  created $dff cell `$procdff$1904' with positive edge clock.
Creating register for signal `\top_2.\reg19 [5]' using process `\top_2.$proc$syn_yosys.v:1328$1752'.
  created $dff cell `$procdff$1905' with positive edge clock.
Creating register for signal `\top_2.\reg19 [4]' using process `\top_2.$proc$syn_yosys.v:1326$1751'.
  created $dff cell `$procdff$1906' with positive edge clock.
Creating register for signal `\top_2.\reg19 [3]' using process `\top_2.$proc$syn_yosys.v:1324$1750'.
  created $dff cell `$procdff$1907' with positive edge clock.
Creating register for signal `\top_2.\reg19 [2]' using process `\top_2.$proc$syn_yosys.v:1322$1749'.
  created $dff cell `$procdff$1908' with positive edge clock.
Creating register for signal `\top_2.\reg19 [1]' using process `\top_2.$proc$syn_yosys.v:1320$1748'.
  created $dff cell `$procdff$1909' with positive edge clock.
Creating register for signal `\top_2.\reg19 [0]' using process `\top_2.$proc$syn_yosys.v:1318$1747'.
  created $dff cell `$procdff$1910' with positive edge clock.
Creating register for signal `\top_2.\reg20 [15]' using process `\top_2.$proc$syn_yosys.v:1316$1746'.
  created $dff cell `$procdff$1911' with positive edge clock.
Creating register for signal `\top_2.\reg20 [14]' using process `\top_2.$proc$syn_yosys.v:1314$1745'.
  created $dff cell `$procdff$1912' with positive edge clock.
Creating register for signal `\top_2.\reg20 [13]' using process `\top_2.$proc$syn_yosys.v:1312$1744'.
  created $dff cell `$procdff$1913' with positive edge clock.
Creating register for signal `\top_2.\reg20 [12]' using process `\top_2.$proc$syn_yosys.v:1310$1743'.
  created $dff cell `$procdff$1914' with positive edge clock.
Creating register for signal `\top_2.\reg20 [11]' using process `\top_2.$proc$syn_yosys.v:1308$1742'.
  created $dff cell `$procdff$1915' with positive edge clock.
Creating register for signal `\top_2.\reg20 [10]' using process `\top_2.$proc$syn_yosys.v:1306$1741'.
  created $dff cell `$procdff$1916' with positive edge clock.
Creating register for signal `\top_2.\reg20 [9]' using process `\top_2.$proc$syn_yosys.v:1304$1740'.
  created $dff cell `$procdff$1917' with positive edge clock.
Creating register for signal `\top_2.\reg20 [8]' using process `\top_2.$proc$syn_yosys.v:1302$1739'.
  created $dff cell `$procdff$1918' with positive edge clock.
Creating register for signal `\top_2.\reg20 [7]' using process `\top_2.$proc$syn_yosys.v:1300$1738'.
  created $dff cell `$procdff$1919' with positive edge clock.
Creating register for signal `\top_2.\reg20 [6]' using process `\top_2.$proc$syn_yosys.v:1298$1737'.
  created $dff cell `$procdff$1920' with positive edge clock.
Creating register for signal `\top_2.\reg20 [5]' using process `\top_2.$proc$syn_yosys.v:1296$1736'.
  created $dff cell `$procdff$1921' with positive edge clock.
Creating register for signal `\top_2.\reg20 [4]' using process `\top_2.$proc$syn_yosys.v:1294$1735'.
  created $dff cell `$procdff$1922' with positive edge clock.
Creating register for signal `\top_2.\reg20 [3]' using process `\top_2.$proc$syn_yosys.v:1292$1734'.
  created $dff cell `$procdff$1923' with positive edge clock.
Creating register for signal `\top_2.\reg20 [2]' using process `\top_2.$proc$syn_yosys.v:1290$1733'.
  created $dff cell `$procdff$1924' with positive edge clock.
Creating register for signal `\top_2.\reg20 [1]' using process `\top_2.$proc$syn_yosys.v:1288$1732'.
  created $dff cell `$procdff$1925' with positive edge clock.
Creating register for signal `\top_2.\reg20 [0]' using process `\top_2.$proc$syn_yosys.v:1286$1731'.
  created $dff cell `$procdff$1926' with positive edge clock.
Creating register for signal `\top_2.\reg21 [21]' using process `\top_2.$proc$syn_yosys.v:1284$1730'.
  created $dff cell `$procdff$1927' with positive edge clock.
Creating register for signal `\top_2.\reg21 [20]' using process `\top_2.$proc$syn_yosys.v:1282$1729'.
  created $dff cell `$procdff$1928' with positive edge clock.
Creating register for signal `\top_2.\reg21 [19]' using process `\top_2.$proc$syn_yosys.v:1280$1728'.
  created $dff cell `$procdff$1929' with positive edge clock.
Creating register for signal `\top_2.\reg21 [18]' using process `\top_2.$proc$syn_yosys.v:1278$1727'.
  created $dff cell `$procdff$1930' with positive edge clock.
Creating register for signal `\top_2.\reg21 [17]' using process `\top_2.$proc$syn_yosys.v:1276$1726'.
  created $dff cell `$procdff$1931' with positive edge clock.
Creating register for signal `\top_2.\reg21 [16]' using process `\top_2.$proc$syn_yosys.v:1274$1725'.
  created $dff cell `$procdff$1932' with positive edge clock.
Creating register for signal `\top_2.\reg21 [15]' using process `\top_2.$proc$syn_yosys.v:1272$1724'.
  created $dff cell `$procdff$1933' with positive edge clock.
Creating register for signal `\top_2.\reg21 [14]' using process `\top_2.$proc$syn_yosys.v:1270$1723'.
  created $dff cell `$procdff$1934' with positive edge clock.
Creating register for signal `\top_2.\reg21 [13]' using process `\top_2.$proc$syn_yosys.v:1268$1722'.
  created $dff cell `$procdff$1935' with positive edge clock.
Creating register for signal `\top_2.\reg21 [12]' using process `\top_2.$proc$syn_yosys.v:1266$1721'.
  created $dff cell `$procdff$1936' with positive edge clock.
Creating register for signal `\top_2.\reg21 [11]' using process `\top_2.$proc$syn_yosys.v:1264$1720'.
  created $dff cell `$procdff$1937' with positive edge clock.
Creating register for signal `\top_2.\reg21 [10]' using process `\top_2.$proc$syn_yosys.v:1262$1719'.
  created $dff cell `$procdff$1938' with positive edge clock.
Creating register for signal `\top_2.\reg21 [9]' using process `\top_2.$proc$syn_yosys.v:1260$1718'.
  created $dff cell `$procdff$1939' with positive edge clock.
Creating register for signal `\top_2.\reg21 [8]' using process `\top_2.$proc$syn_yosys.v:1258$1717'.
  created $dff cell `$procdff$1940' with positive edge clock.
Creating register for signal `\top_2.\reg21 [7]' using process `\top_2.$proc$syn_yosys.v:1256$1716'.
  created $dff cell `$procdff$1941' with positive edge clock.
Creating register for signal `\top_2.\reg21 [6]' using process `\top_2.$proc$syn_yosys.v:1254$1715'.
  created $dff cell `$procdff$1942' with positive edge clock.
Creating register for signal `\top_2.\reg21 [5]' using process `\top_2.$proc$syn_yosys.v:1252$1714'.
  created $dff cell `$procdff$1943' with positive edge clock.
Creating register for signal `\top_2.\reg21 [4]' using process `\top_2.$proc$syn_yosys.v:1250$1713'.
  created $dff cell `$procdff$1944' with positive edge clock.
Creating register for signal `\top_2.\reg21 [3]' using process `\top_2.$proc$syn_yosys.v:1248$1712'.
  created $dff cell `$procdff$1945' with positive edge clock.
Creating register for signal `\top_2.\reg21 [2]' using process `\top_2.$proc$syn_yosys.v:1246$1711'.
  created $dff cell `$procdff$1946' with positive edge clock.
Creating register for signal `\top_2.\reg21 [1]' using process `\top_2.$proc$syn_yosys.v:1244$1710'.
  created $dff cell `$procdff$1947' with positive edge clock.
Creating register for signal `\top_2.\reg21 [0]' using process `\top_2.$proc$syn_yosys.v:1242$1709'.
  created $dff cell `$procdff$1948' with positive edge clock.
Creating register for signal `\top_2.\reg22 [6]' using process `\top_2.$proc$syn_yosys.v:1240$1708'.
  created $dff cell `$procdff$1949' with positive edge clock.
Creating register for signal `\top_2.\reg22 [5]' using process `\top_2.$proc$syn_yosys.v:1238$1707'.
  created $dff cell `$procdff$1950' with positive edge clock.
Creating register for signal `\top_2.\reg22 [4]' using process `\top_2.$proc$syn_yosys.v:1236$1706'.
  created $dff cell `$procdff$1951' with positive edge clock.
Creating register for signal `\top_2.\reg22 [3]' using process `\top_2.$proc$syn_yosys.v:1234$1705'.
  created $dff cell `$procdff$1952' with positive edge clock.
Creating register for signal `\top_2.\reg22 [2]' using process `\top_2.$proc$syn_yosys.v:1232$1704'.
  created $dff cell `$procdff$1953' with positive edge clock.
Creating register for signal `\top_2.\reg22 [1]' using process `\top_2.$proc$syn_yosys.v:1230$1703'.
  created $dff cell `$procdff$1954' with positive edge clock.
Creating register for signal `\top_2.\reg22 [0]' using process `\top_2.$proc$syn_yosys.v:1228$1702'.
  created $dff cell `$procdff$1955' with positive edge clock.
Creating register for signal `\top_2.\reg24_reg[6]' using process `\top_2.$proc$syn_yosys.v:1225$1701'.
  created $dff cell `$procdff$1956' with positive edge clock.
Creating register for signal `\top_2.\reg24_reg[5]' using process `\top_2.$proc$syn_yosys.v:1221$1700'.
  created $dff cell `$procdff$1957' with positive edge clock.
Creating register for signal `\top_2.\reg24_reg[4]' using process `\top_2.$proc$syn_yosys.v:1217$1699'.
  created $dff cell `$procdff$1958' with positive edge clock.
Creating register for signal `\top_2.\reg24_reg[3]' using process `\top_2.$proc$syn_yosys.v:1213$1698'.
  created $dff cell `$procdff$1959' with positive edge clock.
Creating register for signal `\top_2.\reg24_reg[2]' using process `\top_2.$proc$syn_yosys.v:1209$1697'.
  created $dff cell `$procdff$1960' with positive edge clock.
Creating register for signal `\top_2.\reg24_reg[1]' using process `\top_2.$proc$syn_yosys.v:1205$1696'.
  created $dff cell `$procdff$1961' with positive edge clock.
Creating register for signal `\top_2.\reg24_reg[0]' using process `\top_2.$proc$syn_yosys.v:1201$1695'.
  created $dff cell `$procdff$1962' with positive edge clock.
Creating register for signal `\top_1.\reg22' using process `\top_1.$proc$syn_identity.v:76$735'.
  created $dff cell `$procdff$1963' with positive edge clock.
Creating register for signal `\top_1.\reg24' using process `\top_1.$proc$syn_identity.v:76$735'.
  created $dff cell `$procdff$1964' with positive edge clock.
Creating register for signal `\top_1.\reg23' using process `\top_1.$proc$syn_identity.v:76$735'.
  created $dff cell `$procdff$1965' with positive edge clock.
Creating register for signal `\top_1.\reg21' using process `\top_1.$proc$syn_identity.v:76$735'.
  created $dff cell `$procdff$1966' with positive edge clock.
Creating register for signal `\top_1.\reg20' using process `\top_1.$proc$syn_identity.v:76$735'.
  created $dff cell `$procdff$1967' with positive edge clock.
Creating register for signal `\top_1.\reg19' using process `\top_1.$proc$syn_identity.v:76$735'.
  created $dff cell `$procdff$1968' with positive edge clock.
Creating register for signal `\top_1.\reg18' using process `\top_1.$proc$syn_identity.v:76$735'.
  created $dff cell `$procdff$1969' with positive edge clock.
Creating register for signal `\top_1.\reg17' using process `\top_1.$proc$syn_identity.v:76$735'.
  created $dff cell `$procdff$1970' with positive edge clock.
Creating register for signal `\top_1.\reg13' using process `\top_1.$proc$syn_identity.v:64$713'.
  created $dff cell `$procdff$1971' with positive edge clock.
Creating register for signal `\top_1.\reg12' using process `\top_1.$proc$syn_identity.v:64$713'.
  created $dff cell `$procdff$1972' with positive edge clock.
Creating register for signal `\top_1.\reg11' using process `\top_1.$proc$syn_identity.v:64$713'.
  created $dff cell `$procdff$1973' with positive edge clock.
Creating register for signal `\top_1.\reg10' using process `\top_1.$proc$syn_identity.v:64$713'.
  created $dff cell `$procdff$1974' with positive edge clock.
Creating register for signal `\top_1.\reg9' using process `\top_1.$proc$syn_identity.v:57$701'.
  created $dff cell `$procdff$1975' with positive edge clock.
Creating register for signal `\top_1.\reg8' using process `\top_1.$proc$syn_identity.v:57$701'.
  created $dff cell `$procdff$1976' with positive edge clock.
Creating register for signal `\top_1.\reg7' using process `\top_1.$proc$syn_identity.v:57$701'.
  created $dff cell `$procdff$1977' with positive edge clock.
Creating register for signal `\top.$formal$top.v:13$1830_CHECK' using process `\top.$proc$top.v:11$1831'.
  created $dff cell `$procdff$1978' with positive edge clock.
Creating register for signal `\top.$formal$top.v:13$1830_EN' using process `\top.$proc$top.v:11$1831'.
  created $dff cell `$procdff$1979' with positive edge clock.

9.2.8. Executing PROC_CLEAN pass (remove empty switches from decision trees).
Removing empty process `top_2.$proc$syn_yosys.v:1458$1829'.
Removing empty process `top_2.$proc$syn_yosys.v:1454$1828'.
Removing empty process `top_2.$proc$syn_yosys.v:1450$1827'.
Removing empty process `top_2.$proc$syn_yosys.v:1446$1826'.
Removing empty process `top_2.$proc$syn_yosys.v:1442$1825'.
Removing empty process `top_2.$proc$syn_yosys.v:1438$1824'.
Removing empty process `top_2.$proc$syn_yosys.v:1434$1823'.
Removing empty process `top_2.$proc$syn_yosys.v:1430$1822'.
Removing empty process `top_2.$proc$syn_yosys.v:1426$1821'.
Removing empty process `top_2.$proc$syn_yosys.v:1422$1820'.
Removing empty process `top_2.$proc$syn_yosys.v:1418$1819'.
Removing empty process `top_2.$proc$syn_yosys.v:1414$1818'.
Removing empty process `top_2.$proc$syn_yosys.v:1410$1817'.
Removing empty process `top_2.$proc$syn_yosys.v:1406$1816'.
Removing empty process `top_2.$proc$syn_yosys.v:1402$1815'.
Removing empty process `top_2.$proc$syn_yosys.v:1398$1814'.
Removing empty process `top_2.$proc$syn_yosys.v:1394$1813'.
Removing empty process `top_2.$proc$syn_yosys.v:1390$1812'.
Removing empty process `top_2.$proc$syn_yosys.v:1386$1811'.
Removing empty process `top_2.$proc$syn_yosys.v:1382$1810'.
Removing empty process `top_2.$proc$syn_yosys.v:1378$1809'.
Removing empty process `top_2.$proc$syn_yosys.v:1374$1808'.
Removing empty process `top_2.$proc$syn_yosys.v:1370$1807'.
Removing empty process `top_2.$proc$syn_yosys.v:1366$1806'.
Removing empty process `top_2.$proc$syn_yosys.v:1362$1805'.
Removing empty process `top_2.$proc$syn_yosys.v:1224$1804'.
Removing empty process `top_2.$proc$syn_yosys.v:1220$1803'.
Removing empty process `top_2.$proc$syn_yosys.v:1216$1802'.
Removing empty process `top_2.$proc$syn_yosys.v:1212$1801'.
Removing empty process `top_2.$proc$syn_yosys.v:1208$1800'.
Removing empty process `top_2.$proc$syn_yosys.v:1204$1799'.
Removing empty process `top_2.$proc$syn_yosys.v:1200$1798'.
Removing empty process `top_2.$proc$syn_yosys.v:551$1797'.
Removing empty process `top_2.$proc$syn_yosys.v:550$1796'.
Removing empty process `top_2.$proc$syn_yosys.v:549$1795'.
Removing empty process `top_2.$proc$syn_yosys.v:548$1794'.
Removing empty process `top_2.$proc$syn_yosys.v:1459$1793'.
Removing empty process `top_2.$proc$syn_yosys.v:1455$1792'.
Removing empty process `top_2.$proc$syn_yosys.v:1451$1791'.
Removing empty process `top_2.$proc$syn_yosys.v:1447$1790'.
Removing empty process `top_2.$proc$syn_yosys.v:1443$1789'.
Removing empty process `top_2.$proc$syn_yosys.v:1439$1788'.
Removing empty process `top_2.$proc$syn_yosys.v:1435$1787'.
Removing empty process `top_2.$proc$syn_yosys.v:1431$1786'.
Removing empty process `top_2.$proc$syn_yosys.v:1427$1785'.
Removing empty process `top_2.$proc$syn_yosys.v:1423$1784'.
Removing empty process `top_2.$proc$syn_yosys.v:1419$1783'.
Removing empty process `top_2.$proc$syn_yosys.v:1415$1782'.
Removing empty process `top_2.$proc$syn_yosys.v:1411$1781'.
Removing empty process `top_2.$proc$syn_yosys.v:1407$1780'.
Removing empty process `top_2.$proc$syn_yosys.v:1403$1779'.
Removing empty process `top_2.$proc$syn_yosys.v:1399$1778'.
Removing empty process `top_2.$proc$syn_yosys.v:1395$1777'.
Removing empty process `top_2.$proc$syn_yosys.v:1391$1776'.
Removing empty process `top_2.$proc$syn_yosys.v:1387$1775'.
Removing empty process `top_2.$proc$syn_yosys.v:1383$1774'.
Removing empty process `top_2.$proc$syn_yosys.v:1379$1773'.
Removing empty process `top_2.$proc$syn_yosys.v:1375$1772'.
Removing empty process `top_2.$proc$syn_yosys.v:1371$1771'.
Removing empty process `top_2.$proc$syn_yosys.v:1367$1770'.
Removing empty process `top_2.$proc$syn_yosys.v:1363$1769'.
Removing empty process `top_2.$proc$syn_yosys.v:1360$1768'.
Removing empty process `top_2.$proc$syn_yosys.v:1358$1767'.
Removing empty process `top_2.$proc$syn_yosys.v:1356$1766'.
Removing empty process `top_2.$proc$syn_yosys.v:1354$1765'.
Removing empty process `top_2.$proc$syn_yosys.v:1352$1764'.
Removing empty process `top_2.$proc$syn_yosys.v:1350$1763'.
Removing empty process `top_2.$proc$syn_yosys.v:1348$1762'.
Removing empty process `top_2.$proc$syn_yosys.v:1346$1761'.
Removing empty process `top_2.$proc$syn_yosys.v:1344$1760'.
Removing empty process `top_2.$proc$syn_yosys.v:1342$1759'.
Removing empty process `top_2.$proc$syn_yosys.v:1340$1758'.
Removing empty process `top_2.$proc$syn_yosys.v:1338$1757'.
Removing empty process `top_2.$proc$syn_yosys.v:1336$1756'.
Removing empty process `top_2.$proc$syn_yosys.v:1334$1755'.
Removing empty process `top_2.$proc$syn_yosys.v:1332$1754'.
Removing empty process `top_2.$proc$syn_yosys.v:1330$1753'.
Removing empty process `top_2.$proc$syn_yosys.v:1328$1752'.
Removing empty process `top_2.$proc$syn_yosys.v:1326$1751'.
Removing empty process `top_2.$proc$syn_yosys.v:1324$1750'.
Removing empty process `top_2.$proc$syn_yosys.v:1322$1749'.
Removing empty process `top_2.$proc$syn_yosys.v:1320$1748'.
Removing empty process `top_2.$proc$syn_yosys.v:1318$1747'.
Removing empty process `top_2.$proc$syn_yosys.v:1316$1746'.
Removing empty process `top_2.$proc$syn_yosys.v:1314$1745'.
Removing empty process `top_2.$proc$syn_yosys.v:1312$1744'.
Removing empty process `top_2.$proc$syn_yosys.v:1310$1743'.
Removing empty process `top_2.$proc$syn_yosys.v:1308$1742'.
Removing empty process `top_2.$proc$syn_yosys.v:1306$1741'.
Removing empty process `top_2.$proc$syn_yosys.v:1304$1740'.
Removing empty process `top_2.$proc$syn_yosys.v:1302$1739'.
Removing empty process `top_2.$proc$syn_yosys.v:1300$1738'.
Removing empty process `top_2.$proc$syn_yosys.v:1298$1737'.
Removing empty process `top_2.$proc$syn_yosys.v:1296$1736'.
Removing empty process `top_2.$proc$syn_yosys.v:1294$1735'.
Removing empty process `top_2.$proc$syn_yosys.v:1292$1734'.
Removing empty process `top_2.$proc$syn_yosys.v:1290$1733'.
Removing empty process `top_2.$proc$syn_yosys.v:1288$1732'.
Removing empty process `top_2.$proc$syn_yosys.v:1286$1731'.
Removing empty process `top_2.$proc$syn_yosys.v:1284$1730'.
Removing empty process `top_2.$proc$syn_yosys.v:1282$1729'.
Removing empty process `top_2.$proc$syn_yosys.v:1280$1728'.
Removing empty process `top_2.$proc$syn_yosys.v:1278$1727'.
Removing empty process `top_2.$proc$syn_yosys.v:1276$1726'.
Removing empty process `top_2.$proc$syn_yosys.v:1274$1725'.
Removing empty process `top_2.$proc$syn_yosys.v:1272$1724'.
Removing empty process `top_2.$proc$syn_yosys.v:1270$1723'.
Removing empty process `top_2.$proc$syn_yosys.v:1268$1722'.
Removing empty process `top_2.$proc$syn_yosys.v:1266$1721'.
Removing empty process `top_2.$proc$syn_yosys.v:1264$1720'.
Removing empty process `top_2.$proc$syn_yosys.v:1262$1719'.
Removing empty process `top_2.$proc$syn_yosys.v:1260$1718'.
Removing empty process `top_2.$proc$syn_yosys.v:1258$1717'.
Removing empty process `top_2.$proc$syn_yosys.v:1256$1716'.
Removing empty process `top_2.$proc$syn_yosys.v:1254$1715'.
Removing empty process `top_2.$proc$syn_yosys.v:1252$1714'.
Removing empty process `top_2.$proc$syn_yosys.v:1250$1713'.
Removing empty process `top_2.$proc$syn_yosys.v:1248$1712'.
Removing empty process `top_2.$proc$syn_yosys.v:1246$1711'.
Removing empty process `top_2.$proc$syn_yosys.v:1244$1710'.
Removing empty process `top_2.$proc$syn_yosys.v:1242$1709'.
Removing empty process `top_2.$proc$syn_yosys.v:1240$1708'.
Removing empty process `top_2.$proc$syn_yosys.v:1238$1707'.
Removing empty process `top_2.$proc$syn_yosys.v:1236$1706'.
Removing empty process `top_2.$proc$syn_yosys.v:1234$1705'.
Removing empty process `top_2.$proc$syn_yosys.v:1232$1704'.
Removing empty process `top_2.$proc$syn_yosys.v:1230$1703'.
Removing empty process `top_2.$proc$syn_yosys.v:1228$1702'.
Removing empty process `top_2.$proc$syn_yosys.v:1225$1701'.
Removing empty process `top_2.$proc$syn_yosys.v:1221$1700'.
Removing empty process `top_2.$proc$syn_yosys.v:1217$1699'.
Removing empty process `top_2.$proc$syn_yosys.v:1213$1698'.
Removing empty process `top_2.$proc$syn_yosys.v:1209$1697'.
Removing empty process `top_2.$proc$syn_yosys.v:1205$1696'.
Removing empty process `top_2.$proc$syn_yosys.v:1201$1695'.
Removing empty process `top_1.$proc$syn_identity.v:26$834'.
Removing empty process `top_1.$proc$syn_identity.v:25$833'.
Removing empty process `top_1.$proc$syn_identity.v:24$832'.
Removing empty process `top_1.$proc$syn_identity.v:23$831'.
Removing empty process `top_1.$proc$syn_identity.v:22$830'.
Removing empty process `top_1.$proc$syn_identity.v:21$829'.
Removing empty process `top_1.$proc$syn_identity.v:20$828'.
Removing empty process `top_1.$proc$syn_identity.v:16$827'.
Removing empty process `top_1.$proc$syn_identity.v:15$826'.
Removing empty process `top_1.$proc$syn_identity.v:14$825'.
Removing empty process `top_1.$proc$syn_identity.v:13$824'.
Removing empty process `top_1.$proc$syn_identity.v:12$823'.
Removing empty process `top_1.$proc$syn_identity.v:11$822'.
Removing empty process `top_1.$proc$syn_identity.v:10$821'.
Removing empty process `top_1.$proc$syn_identity.v:9$820'.
Found and cleaned up 2 empty switches in `\top_1.$proc$syn_identity.v:76$735'.
Removing empty process `top_1.$proc$syn_identity.v:76$735'.
Removing empty process `top_1.$proc$syn_identity.v:64$713'.
Removing empty process `top_1.$proc$syn_identity.v:57$701'.
Removing empty process `top.$proc$top.v:13$1836'.
Removing empty process `top.$proc$top.v:11$1831'.
Cleaned up 2 empty switches.

9.3. Executing OPT_EXPR pass (perform const folding).
Optimizing module top_2.
<suppressed ~102 debug messages>
Optimizing module top_1.
<suppressed ~18 debug messages>
Optimizing module top.

9.4. Executing OPT_CLEAN pass (remove unused cells and wires).
Finding unused cells or wires in module \top_2..
Finding unused cells or wires in module \top_1..
Finding unused cells or wires in module \top..
Removed 13 unused cells and 898 unused wires.
<suppressed ~32 debug messages>

9.5. Executing CHECK pass (checking for obvious problems).
checking module top..
checking module top_1..
checking module top_2..
found and reported 0 problems.

9.6. Executing OPT pass (performing simple optimizations).

9.6.1. Executing OPT_EXPR pass (perform const folding).
Optimizing module top.
Optimizing module top_1.
<suppressed ~2 debug messages>
Optimizing module top_2.

9.6.2. Executing OPT_MERGE pass (detect identical cells).
Finding identical cells in module `\top'.
Finding identical cells in module `\top_1'.
<suppressed ~3 debug messages>
Finding identical cells in module `\top_2'.
<suppressed ~81 debug messages>
Removed a total of 28 cells.

9.6.3. Executing OPT_MUXTREE pass (detect dead branches in mux trees).
Running muxtree optimizer on module \top..
  Creating internal representation of mux trees.
  No muxes found in this module.
Running muxtree optimizer on module \top_1..
  Creating internal representation of mux trees.
  Evaluating internal representation of mux trees.
  Analyzing evaluation results.
Running muxtree optimizer on module \top_2..
  Creating internal representation of mux trees.
  Evaluating internal representation of mux trees.
  Analyzing evaluation results.
Removed 0 multiplexer ports.
<suppressed ~139 debug messages>

9.6.4. Executing OPT_REDUCE pass (consolidate $*mux and $reduce_* inputs).
  Optimizing cells in module \top.
  Optimizing cells in module \top_1.
    New input vector for $reduce_or cell $reduce_or$syn_identity.v:95$762: { \wire0 [6] \wire0 [7] \wire0 [8] \wire0 [9] \wire6 [0] \wire6 [1] \wire6 [2] }
    New input vector for $reduce_or cell $reduce_or$syn_identity.v:60$702: { \wire0 [0] \wire0 [1] \wire0 [2] \wire0 [3] \wire0 [4] \wire0 [5] \wire0 [6] \wire0 [7] \wire0 [8] \wire0 [9] \wire0 [10] \wire0 [11] }
    New input vector for $reduce_and cell $reduce_and$syn_identity.v:91$752: { \reg18 [0] \reg18 [1] \reg18 [2] \reg18 [3] \reg18 [4] \reg18 [5] \reg18 [6] \reg18 [7] \reg18 [8] \reg18 [9] \reg18 [10] \reg18 [11] \reg18 [12] \wire14 [7] }
    New input vector for $reduce_and cell $reduce_and$syn_identity.v:72$726: { \reg10 [6] \reg10 [7] }
    New input vector for $reduce_and cell $reduce_and$syn_identity.v:55$696: { \wire3 [0] \wire3 [1] \wire3 [2] \wire3 [3] \wire3 [4] \wire3 [5] \wire3 [6] }
    New input vector for $reduce_and cell $reduce_and$syn_identity.v:121$814: { \reg12 [0] \reg12 [1] \reg12 [2] \reg12 [3] \reg12 [4] \reg12 [5] \reg12 [6] \reg12 [7] \reg12 [8] \reg12 [9] \reg12 [10] \reg12 [11] \reg12 [12] \reg12 [13] \reg12 [14] \reg12 [15] \reg12 [16] }
    New input vector for $reduce_and cell $reduce_and$syn_identity.v:110$785: { \wire2 [6] \wire2 [7] \wire2 [8] \wire2 [9] \wire2 [10] \wire2 [11] \wire2 [12] }
    New input vector for $reduce_and cell $reduce_and$syn_identity.v:106$775: { $shr$syn_identity.v:106$774_Y [0] $shr$syn_identity.v:106$774_Y [1] $shr$syn_identity.v:106$774_Y [2] $shr$syn_identity.v:106$774_Y [3] $shr$syn_identity.v:106$774_Y [4] $shr$syn_identity.v:106$774_Y [5] }
  Optimizing cells in module \top_1.
  Optimizing cells in module \top_2.
Performed a total of 8 changes.

9.6.5. Executing OPT_MERGE pass (detect identical cells).
Finding identical cells in module `\top'.
Finding identical cells in module `\top_1'.
Finding identical cells in module `\top_2'.
Removed a total of 0 cells.

9.6.6. Executing OPT_RMDFF pass (remove dff with constant values).
Removing $procdff$1973 ($dff) from module top_1.
Replaced 1 DFF cells.

9.6.7. Executing OPT_CLEAN pass (remove unused cells and wires).
Finding unused cells or wires in module \top..
Finding unused cells or wires in module \top_1..
Finding unused cells or wires in module \top_2..
Removed 0 unused cells and 30 unused wires.
<suppressed ~2 debug messages>

9.6.8. Executing OPT_EXPR pass (perform const folding).
Optimizing module top.
Optimizing module top_1.
Optimizing module top_2.

9.6.9. Rerunning OPT passes. (Maybe there is more to do..)

9.6.10. Executing OPT_MUXTREE pass (detect dead branches in mux trees).
Running muxtree optimizer on module \top..
  Creating internal representation of mux trees.
  No muxes found in this module.
Running muxtree optimizer on module \top_1..
  Creating internal representation of mux trees.
  Evaluating internal representation of mux trees.
  Analyzing evaluation results.
Running muxtree optimizer on module \top_2..
  Creating internal representation of mux trees.
  Evaluating internal representation of mux trees.
  Analyzing evaluation results.
Removed 0 multiplexer ports.
<suppressed ~139 debug messages>

9.6.11. Executing OPT_REDUCE pass (consolidate $*mux and $reduce_* inputs).
  Optimizing cells in module \top.
  Optimizing cells in module \top_1.
  Optimizing cells in module \top_2.
Performed a total of 0 changes.

9.6.12. Executing OPT_MERGE pass (detect identical cells).
Finding identical cells in module `\top'.
Finding identical cells in module `\top_1'.
Finding identical cells in module `\top_2'.
Removed a total of 0 cells.

9.6.13. Executing OPT_RMDFF pass (remove dff with constant values).

9.6.14. Executing OPT_CLEAN pass (remove unused cells and wires).
Finding unused cells or wires in module \top..
Finding unused cells or wires in module \top_1..
Finding unused cells or wires in module \top_2..

9.6.15. Executing OPT_EXPR pass (perform const folding).
Optimizing module top.
Optimizing module top_1.
Optimizing module top_2.

9.6.16. Finished OPT passes. (There is nothing left to do.)

9.7. Executing WREDUCE pass (reducing word size of cells).
Removed top 5 bits (of 6) from FF cell top_1.$procdff$1976 ($dff).
Removed top 12 bits (of 19) from FF cell top_1.$procdff$1975 ($dff).
Removed top 8 bits (of 15) from FF cell top_1.$procdff$1974 ($dff).
Removed top 16 bits (of 17) from FF cell top_1.$procdff$1972 ($dff).
Removed top 9 bits (of 16) from FF cell top_1.$procdff$1964 ($dff).
Removed top 9 bits (of 12) from port Y of cell top_1.$neg$syn_identity.v:56$700 ($neg).
Removed top 9 bits (of 12) from port A of cell top_1.$neg$syn_identity.v:56$700 ($neg).
Removed top 9 bits (of 12) from mux cell top_1.$ternary$syn_identity.v:56$699 ($mux).
Removed top 5 bits (of 7) from port Y of cell top_1.$not$syn_identity.v:59$707 ($not).
Removed top 5 bits (of 7) from port A of cell top_1.$not$syn_identity.v:59$707 ($not).
Removed top 4 bits (of 7) from port A of cell top_1.$neg$syn_identity.v:61$710 ($neg).
Removed top 12 bits (of 19) from port B of cell top_1.$shr$syn_identity.v:68$714 ($shr).
Removed top 12 bits (of 19) from port A of cell top_1.$xor$syn_identity.v:69$715 ($xor).
Removed top 4 bits (of 19) from port Y of cell top_1.$xor$syn_identity.v:69$715 ($xor).
Removed top 2 bits (of 19) from mux cell top_1.$ternary$syn_identity.v:69$718 ($mux).
Removed top 18 bits (of 19) from port B of cell top_1.$xor$syn_identity.v:69$719 ($xor).
Removed top 18 bits (of 19) from port Y of cell top_1.$xor$syn_identity.v:69$719 ($xor).
Removed top 2 bits (of 19) from port A of cell top_1.$ge$syn_identity.v:69$720 ($ge).
Removed top 18 bits (of 19) from port B of cell top_1.$ge$syn_identity.v:69$720 ($ge).
Removed top 15 bits (of 16) from port A of cell top_1.$sub$syn_identity.v:70$724 ($sub).
Removed top 1 bits (of 17) from mux cell top_1.$ternary$syn_identity.v:74$731 ($mux).
Removed top 8 bits (of 15) from mux cell top_1.$ternary$syn_identity.v:93$758 ($mux).
Removed top 10 bits (of 17) from port A of cell top_1.$lt$syn_identity.v:86$747 ($lt).
Removed top 7 bits (of 11) from port A of cell top_1.$eq$syn_identity.v:86$750 ($eq).
Removed top 16 bits (of 17) from port B of cell top_1.$and$syn_identity.v:86$751 ($and).
Removed top 4 bits (of 17) from port Y of cell top_1.$and$syn_identity.v:86$751 ($and).
Removed top 4 bits (of 17) from port A of cell top_1.$and$syn_identity.v:86$751 ($and).
Removed top 7 bits (of 11) from port A of cell top_1.$neg$syn_identity.v:92$754 ($neg).
Removed top 5 bits (of 6) from port A of cell top_1.$lt$syn_identity.v:93$755 ($lt).
Removed top 12 bits (of 15) from port A of cell top_1.$xnor$syn_identity.v:93$761 ($xnor).
Removed top 18 bits (of 19) from port A of cell top_1.$ne$syn_identity.v:96$766 ($ne).
Removed top 2 bits (of 19) from mux cell top_1.$ternary$syn_identity.v:96$765 ($mux).
Removed top 12 bits (of 13) from mux cell top_1.$ternary$syn_identity.v:97$773 ($mux).
Removed top 14 bits (of 22) from mux cell top_1.$ternary$syn_identity.v:114$795 ($mux).
Removed top 14 bits (of 22) from port A of cell top_1.$neg$syn_identity.v:114$796 ($neg).
Removed top 15 bits (of 16) from port A of cell top_1.$shr$syn_identity.v:121$816 ($shr).
Removed top 7 bits (of 8) from port A of cell top_1.$shr$syn_identity.v:121$819 ($shr).
Removed top 4 bits (of 17) from mux cell top_1.$ternary$syn_identity.v:86$749 ($mux).
Removed top 1 bits (of 19) from port B of cell top_1.$ne$syn_identity.v:96$766 ($ne).
Removed top 4 bits (of 17) from mux cell top_1.$ternary$syn_identity.v:86$745 ($mux).
Removed top 2 bits (of 15) from mux cell top_1.$ternary$syn_identity.v:85$741 ($mux).
Removed top 4 bits (of 17) from mux cell top_1.$ternary$syn_identity.v:86$743 ($mux).
Removed top 5 bits (of 6) from wire top_1.$0\reg8[5:0].
Removed top 4 bits (of 17) from wire top_1.$and$syn_identity.v:86$751_Y.
Removed top 16 bits (of 17) from wire top_1.$eq$syn_identity.v:86$750_Y.
Removed top 21 bits (of 22) from wire top_1.$ge$syn_identity.v:114$793_Y.
Removed top 22 bits (of 23) from wire top_1.$logic_not$syn_identity.v:106$776_Y.
Removed top 15 bits (of 16) from wire top_1.$logic_not$syn_identity.v:121$815_Y.
Removed top 16 bits (of 17) from wire top_1.$lt$syn_identity.v:120$808_Y.
Removed top 16 bits (of 17) from wire top_1.$lt$syn_identity.v:86$747_Y.
Removed top 12 bits (of 13) from wire top_1.$ne$syn_identity.v:96$766_Y.
Removed top 5 bits (of 7) from wire top_1.$not$syn_identity.v:59$707_Y.
Removed top 21 bits (of 22) from wire top_1.$reduce_and$syn_identity.v:110$785_Y.
Removed top 14 bits (of 22) from wire top_1.$ternary$syn_identity.v:114$795_Y.
Removed top 1 bits (of 12) from wire top_1.$ternary$syn_identity.v:119$807_Y.
Removed top 9 bits (of 12) from wire top_1.$ternary$syn_identity.v:56$699_Y.
Removed top 2 bits (of 19) from wire top_1.$ternary$syn_identity.v:69$718_Y.
Removed top 1 bits (of 17) from wire top_1.$ternary$syn_identity.v:74$731_Y.
Removed top 2 bits (of 15) from wire top_1.$ternary$syn_identity.v:85$741_Y.
Removed top 4 bits (of 17) from wire top_1.$ternary$syn_identity.v:86$743_Y.
Removed top 4 bits (of 17) from wire top_1.$ternary$syn_identity.v:86$745_Y.
Removed top 4 bits (of 17) from wire top_1.$ternary$syn_identity.v:86$749_Y.
Removed top 4 bits (of 19) from wire top_1.$xor$syn_identity.v:69$715_Y.
Removed top 2 bits (of 19) from wire top_1.wire15.
Removed top 3 bits (of 5) from wire top_1.wire16.
Removed top 7 bits (of 11) from wire top_1.wire5.
Removed top 9 bits (of 16) from wire top_2.reg24.
Removed top 12 bits (of 19) from wire top_2.reg9.

9.8. Executing MEMORY_DFF pass (merging $dff cells to $memrd and $memwr).

9.9. Executing OPT_CLEAN pass (remove unused cells and wires).
Finding unused cells or wires in module \top..
Finding unused cells or wires in module \top_1..
Finding unused cells or wires in module \top_2..
Removed 0 unused cells and 28 unused wires.
<suppressed ~2 debug messages>

9.10. Executing MEMORY_COLLECT pass (generating $mem cells).

9.11. Executing OPT pass (performing simple optimizations).

9.11.1. Executing OPT_EXPR pass (perform const folding).
Optimizing module top.
Optimizing module top_1.
<suppressed ~3 debug messages>
Optimizing module top_2.

9.11.2. Executing OPT_MERGE pass (detect identical cells).
Finding identical cells in module `\top'.
Finding identical cells in module `\top_1'.
Finding identical cells in module `\top_2'.
Removed a total of 0 cells.

9.11.3. Executing OPT_RMDFF pass (remove dff with constant values).
Promoting init spec \reg24 [15:7] = 9'xxxxxxxxx to constant driver in module top_1.
Promoted 1 init specs to constant drivers.

9.11.4. Executing OPT_CLEAN pass (remove unused cells and wires).
Finding unused cells or wires in module \top..
Finding unused cells or wires in module \top_1..
Finding unused cells or wires in module \top_2..
Removed 0 unused cells and 3 unused wires.
<suppressed ~1 debug messages>

9.11.5. Rerunning OPT passes. (Removed registers in this run.)

9.11.6. Executing OPT_EXPR pass (perform const folding).
Optimizing module top.
Optimizing module top_1.
Optimizing module top_2.

9.11.7. Executing OPT_MERGE pass (detect identical cells).
Finding identical cells in module `\top'.
Finding identical cells in module `\top_1'.
Finding identical cells in module `\top_2'.
Removed a total of 0 cells.

9.11.8. Executing OPT_RMDFF pass (remove dff with constant values).

9.11.9. Executing OPT_CLEAN pass (remove unused cells and wires).
Finding unused cells or wires in module \top..
Finding unused cells or wires in module \top_1..
Finding unused cells or wires in module \top_2..

9.11.10. Finished fast OPT passes.

9.12. Printing statistics.

=== top ===

   Number of wires:                 12
   Number of wire bits:            539
   Number of public wires:           7
   Number of public wire bits:     226
   Number of memories:               0
   Number of memory bits:            0
   Number of processes:              0
   Number of cells:                  6
     $assert                         1
     $dff                            2
     $eq                             1
     top_1                           1
     top_2                           1

=== top_1 ===

   Number of wires:                113
   Number of wire bits:           1471
   Number of public wires:          28
   Number of public wire bits:     544
   Number of memories:               0
   Number of memory bits:            0
   Number of processes:              0
   Number of cells:                103
     $and                            1
     $dff                           14
     $eq                             1
     $ge                             3
     $logic_not                      6
     $logic_or                       1
     $lt                             3
     $mux                           30
     $ne                             1
     $neg                            6
     $not                            1
     $or                             2
     $reduce_and                     4
     $reduce_bool                   13
     $reduce_or                      2
     $reduce_xnor                    3
     $reduce_xor                     1
     $shl                            1
     $shr                            5
     $sub                            1
     $xnor                           2
     $xor                            2

=== top_2 ===

   Number of wires:                744
   Number of wire bits:           1362
   Number of public wires:         588
   Number of public wire bits:    1206
   Number of memories:               0
   Number of memory bits:            0
   Number of processes:              0
   Number of cells:                877
     $and                          154
     $dff                           99
     $mux                          139
     $not                          180
     $or                           242
     $xor                           63

=== design hierarchy ===

   top                               1
     top_1                           1
     top_2                           1

   Number of wires:                869
   Number of wire bits:           3372
   Number of public wires:         623
   Number of public wire bits:    1976
   Number of memories:               0
   Number of memory bits:            0
   Number of processes:              0
   Number of cells:                984
     $and                          155
     $assert                         1
     $dff                          115
     $eq                             2
     $ge                             3
     $logic_not                      6
     $logic_or                       1
     $lt                             3
     $mux                          169
     $ne                             1
     $neg                            6
     $not                          181
     $or                           244
     $reduce_and                     4
     $reduce_bool                   13
     $reduce_or                      2
     $reduce_xnor                    3
     $reduce_xor                     1
     $shl                            1
     $shr                            5
     $sub                            1
     $xnor                           2
     $xor                           65

9.13. Executing CHECK pass (checking for obvious problems).
checking module top..
checking module top_1..
checking module top_2..
found and reported 0 problems.

10. Executing HIERARCHY pass (managing design hierarchy).

Syntax error in command `hierarchy -smtcheck':

    hierarchy [-check] [-top <module>]
    hierarchy -generate <cell-types> <port-decls>

In parametric designs, a module might exists in several variations with
different parameter values. This pass looks at all modules in the current
design an re-runs the language frontends for the parametric modules as
needed. It also resolves assignments to wired logic data types (wand/wor),
resolves positional module parameters, unroll array instances, and more.

    -check
        also check the design hierarchy. this generates an error when
        an unknown module is used as cell type.

    -simcheck
        like -check, but also throw an error if blackbox modules are
        instantiated, and throw an error if the design has no top module.

    -purge_lib
        by default the hierarchy command will not remove library (blackbox)
        modules. use this option to also remove unused blackbox modules.

    -libdir <directory>
        search for files named <module_name>.v in the specified directory
        for unknown modules and automatically run read_verilog for each
        unknown module.

    -keep_positionals
        per default this pass also converts positional arguments in cells
        to arguments using port names. This option disables this behavior.

    -keep_portwidths
        per default this pass adjusts the port width on cells that are
        module instances when the width does not match the module port. This
        option disables this behavior.

    -nodefaults
        do not resolve input port default values

    -nokeep_asserts
        per default this pass sets the "keep" attribute on all modules
        that directly or indirectly contain one or more formal properties.
        This option disables this behavior.

    -top <module>
        use the specified top module to build the design hierarchy. Modules
        outside this tree (unused modules) are removed.

        when the -top option is used, the 'top' attribute will be set on the
        specified top module. otherwise a module with the 'top' attribute set
        will implicitly be used as top module, if such a module exists.

    -auto-top
        automatically determine the top of the design hierarchy and mark it.

    -chparam name value 
       elaborate the top module using this parameter value. Modules on which
       this parameter does not exist may cause a warning message to be output.
       This option can be specified multiple times to override multiple
       parameters. String values must be passed in double quotes (").

In -generate mode this pass generates blackbox modules for the given cell
types (wildcards supported). For this the design is searched for cells that
match the given types and then the given port declarations are used to
determine the direction of the ports. The syntax for a port declaration is:

    {i|o|io}[@<num>]:<portname>

Input ports are specified with the 'i' prefix, output ports with the 'o'
prefix and inout ports with the 'io' prefix. The optional <num> specifies
the position of the port in the parameter list (needed when instantiated
using positional arguments). When <num> is not specified, the <portname> can
also contain wildcard characters.

This pass ignores the current selection and always operates on all modules
in the current design.

ERROR: Command syntax error: Unknown option or option in arguments.
> hierarchy -smtcheck
>           ^
