./syn_vivado.v:1961: warning: Port 1 (CO) of CARRY4 expects 4 bits, got 1.
./syn_vivado.v:1961:        : Padding 3 high bits of the port.
./syn_vivado.v:1961: warning: Port 2 (O) of CARRY4 expects 4 bits, got 2.
./syn_vivado.v:1961:        : Padding 2 high bits of the port.
./syn_vivado.v:1999: warning: Port 1 (CO) of CARRY4 expects 4 bits, got 2.
./syn_vivado.v:1999:        : Padding 2 high bits of the port.
./syn_vivado.v:1999: warning: Port 2 (O) of CARRY4 expects 4 bits, got 3.
./syn_vivado.v:1999:        : Padding 1 high bits of the port.
./syn_vivado.v:2047: warning: Port 1 (CO) of CARRY4 expects 4 bits, got 1.
./syn_vivado.v:2047:        : Padding 3 high bits of the port.
./syn_vivado.v:2047: warning: Port 2 (O) of CARRY4 expects 4 bits, got 2.
./syn_vivado.v:2047:        : Padding 2 high bits of the port.
./syn_vivado.v:2101: warning: Port 1 (CO) of CARRY4 expects 4 bits, got 1.
./syn_vivado.v:2101:        : Padding 3 high bits of the port.
./syn_vivado.v:2559: warning: Port 1 (CO) of CARRY4 expects 4 bits, got 3.
./syn_vivado.v:2559:        : Padding 1 high bits of the port.
./syn_vivado.v:3314: warning: Port 1 (CO) of CARRY4 expects 4 bits, got 2.
./syn_vivado.v:3314:        : Padding 2 high bits of the port.
./syn_vivado.v:3314: warning: Port 2 (O) of CARRY4 expects 4 bits, got 3.
./syn_vivado.v:3314:        : Padding 1 high bits of the port.
./syn_vivado.v:5266: warning: Port 1 (CO) of CARRY4 expects 4 bits, got 3.
./syn_vivado.v:5266:        : Padding 1 high bits of the port.
./syn_vivado.v:5274: warning: Port 1 (CO) of CARRY4 expects 4 bits, got 2.
./syn_vivado.v:5274:        : Padding 2 high bits of the port.
./syn_vivado.v:5274: warning: Port 2 (O) of CARRY4 expects 4 bits, got 3.
./syn_vivado.v:5274:        : Padding 1 high bits of the port.
./syn_vivado.v:5340: warning: Port 1 (CO) of CARRY4 expects 4 bits, got 2.
./syn_vivado.v:5340:        : Padding 2 high bits of the port.
./syn_vivado.v:5340: warning: Port 2 (O) of CARRY4 expects 4 bits, got 3.
./syn_vivado.v:5340:        : Padding 1 high bits of the port.
./syn_vivado.v:5446: warning: Port 1 (CO) of CARRY4 expects 4 bits, got 3.
./syn_vivado.v:5446:        : Padding 1 high bits of the port.
warning: Found both default and `timescale based delays. Use
       : -Wtimescale to find the module(s) with no `timescale.
