#-----------------------------------------------------------
# Vivado v2022.1 (64-bit)
# SW Build 3526262 on Mon Apr 18 15:47:01 MDT 2022
# IP Build 3524634 on Mon Apr 18 20:55:01 MDT 2022
# Start of session at: Fri Jul 21 20:37:47 2023
# Process ID: 3776252
# Current directory: /doc/wxy/2023_7_21/fuzz_12/vivado
# Command line: vivado -mode batch -source vivado_top.tcl
# Log file: /doc/wxy/2023_7_21/fuzz_12/vivado/vivado.log
# Journal file: /doc/wxy/2023_7_21/fuzz_12/vivado/vivado.jou
# Running On: tsmc-System-Product-Name, OS: Linux, CPU Frequency: 3600.000 MHz, CPU Physical cores: 10, Host memory: 134955 MB
#-----------------------------------------------------------
source vivado_top.tcl
# set_msg_config -id {Synth 8-5821} -new_severity {WARNING}
# read_verilog rtl.v
# synth_design -part xc7k70t -top top
Command: synth_design -part xc7k70t -top top
Starting synth_design
Attempting to get a license for feature 'Synthesis' and/or device 'xc7k70t'
INFO: [Common 17-349] Got license for feature 'Synthesis' and/or device 'xc7k70t'
INFO: [Synth 8-7079] Multithreading enabled for synth_design using a maximum of 4 processes.
INFO: [Synth 8-7078] Launching helper process for spawning children vivado processes
INFO: [Synth 8-7075] Helper process launched with PID 3776305
---------------------------------------------------------------------------------
Starting Synthesize : Time (s): cpu = 00:00:02 ; elapsed = 00:00:03 . Memory (MB): peak = 2898.492 ; gain = 0.000 ; free physical = 12859 ; free virtual = 126306
---------------------------------------------------------------------------------
INFO: [Synth 8-6157] synthesizing module 'top' [/doc/wxy/2023_7_21/fuzz_12/vivado/rtl.v:1]
WARNING: [Synth 8-5974] attribute "use_dsp48" has been deprecated, please use "use_dsp" instead 
INFO: [Synth 8-6155] done synthesizing module 'top' (0#1) [/doc/wxy/2023_7_21/fuzz_12/vivado/rtl.v:1]
WARNING: [Synth 8-3936] Found unconnected internal register 'reg24_reg' and it is trimmed from '16' to '7' bits. [/doc/wxy/2023_7_21/fuzz_12/vivado/rtl.v:31]
WARNING: [Synth 8-3917] design top has port y[238] driven by constant 0
WARNING: [Synth 8-3917] design top has port y[237] driven by constant 0
WARNING: [Synth 8-3917] design top has port y[236] driven by constant 0
WARNING: [Synth 8-3917] design top has port y[235] driven by constant 0
WARNING: [Synth 8-3917] design top has port y[234] driven by constant 0
WARNING: [Synth 8-3917] design top has port y[233] driven by constant 0
WARNING: [Synth 8-3917] design top has port y[232] driven by constant 0
WARNING: [Synth 8-3917] design top has port y[135] driven by constant 0
WARNING: [Synth 8-3917] design top has port y[134] driven by constant 0
WARNING: [Synth 8-3917] design top has port y[133] driven by constant 0
WARNING: [Synth 8-3917] design top has port y[130] driven by constant 0
WARNING: [Synth 8-3917] design top has port y[129] driven by constant 0
WARNING: [Synth 8-3917] design top has port y[70] driven by constant 0
WARNING: [Synth 8-3917] design top has port y[17] driven by constant 0
WARNING: [Synth 8-3917] design top has port y[16] driven by constant 0
WARNING: [Synth 8-3917] design top has port y[15] driven by constant 0
WARNING: [Synth 8-3917] design top has port y[14] driven by constant 0
WARNING: [Synth 8-3917] design top has port y[13] driven by constant 0
WARNING: [Synth 8-3917] design top has port y[12] driven by constant 0
WARNING: [Synth 8-3917] design top has port y[11] driven by constant 0
WARNING: [Synth 8-3917] design top has port y[0] driven by constant 0
---------------------------------------------------------------------------------
Finished Synthesize : Time (s): cpu = 00:00:03 ; elapsed = 00:00:03 . Memory (MB): peak = 2898.492 ; gain = 0.000 ; free physical = 13951 ; free virtual = 127399
---------------------------------------------------------------------------------
---------------------------------------------------------------------------------
Finished Constraint Validation : Time (s): cpu = 00:00:04 ; elapsed = 00:00:04 . Memory (MB): peak = 2898.492 ; gain = 0.000 ; free physical = 13949 ; free virtual = 127397
---------------------------------------------------------------------------------
---------------------------------------------------------------------------------
Start Loading Part and Timing Information
---------------------------------------------------------------------------------
Loading part: xc7k70tfbg676-3
INFO: [Device 21-403] Loading part xc7k70tfbg676-3
---------------------------------------------------------------------------------
Finished Loading Part and Timing Information : Time (s): cpu = 00:00:04 ; elapsed = 00:00:04 . Memory (MB): peak = 2906.492 ; gain = 8.000 ; free physical = 13949 ; free virtual = 127397
---------------------------------------------------------------------------------
---------------------------------------------------------------------------------
Finished RTL Optimization Phase 2 : Time (s): cpu = 00:00:04 ; elapsed = 00:00:04 . Memory (MB): peak = 2906.492 ; gain = 8.000 ; free physical = 13929 ; free virtual = 127378
---------------------------------------------------------------------------------
No constraint files found.
---------------------------------------------------------------------------------
Start RTL Component Statistics 
---------------------------------------------------------------------------------
Detailed RTL Component Info : 
+---Adders : 
	   2 Input   22 Bit       Adders := 1     
	   3 Input   16 Bit       Adders := 1     
+---XORs : 
	   2 Input     19 Bit         XORs := 2     
	   2 Input     15 Bit         XORs := 1     
	   2 Input      7 Bit         XORs := 1     
+---XORs : 
	               23 Bit    Wide XORs := 1     
	                8 Bit    Wide XORs := 1     
	                7 Bit    Wide XORs := 2     
+---Registers : 
	               22 Bit    Registers := 2     
	               19 Bit    Registers := 1     
	               17 Bit    Registers := 1     
	               16 Bit    Registers := 2     
	               15 Bit    Registers := 2     
	               13 Bit    Registers := 1     
	                7 Bit    Registers := 2     
	                6 Bit    Registers := 1     
	                5 Bit    Registers := 1     
	                4 Bit    Registers := 1     
	                1 Bit    Registers := 1     
+---Muxes : 
	   2 Input   22 Bit        Muxes := 3     
	   4 Input   22 Bit        Muxes := 1     
	   2 Input   19 Bit        Muxes := 2     
	   2 Input   18 Bit        Muxes := 2     
	   2 Input   17 Bit        Muxes := 2     
	   2 Input   16 Bit        Muxes := 4     
	   2 Input   15 Bit        Muxes := 3     
	   3 Input   13 Bit        Muxes := 1     
	   2 Input   13 Bit        Muxes := 6     
	   2 Input   12 Bit        Muxes := 1     
	   2 Input    8 Bit        Muxes := 1     
	   2 Input    7 Bit        Muxes := 1     
	   2 Input    5 Bit        Muxes := 1     
	   2 Input    4 Bit        Muxes := 1     
	   2 Input    3 Bit        Muxes := 1     
	   2 Input    1 Bit        Muxes := 2     
---------------------------------------------------------------------------------
Finished RTL Component Statistics 
---------------------------------------------------------------------------------
---------------------------------------------------------------------------------
Start Part Resource Summary
---------------------------------------------------------------------------------
Part Resources:
DSPs: 240 (col length:80)
BRAMs: 270 (col length: RAMB18 80 RAMB36 40)
---------------------------------------------------------------------------------
Finished Part Resource Summary
---------------------------------------------------------------------------------
No constraint files found.
---------------------------------------------------------------------------------
Start Cross Boundary and Area Optimization
---------------------------------------------------------------------------------
WARNING: [Synth 8-7080] Parallel synthesis criteria is not met
WARNING: [Synth 8-3917] design top has port y[238] driven by constant 0
WARNING: [Synth 8-3917] design top has port y[237] driven by constant 0
WARNING: [Synth 8-3917] design top has port y[236] driven by constant 0
WARNING: [Synth 8-3917] design top has port y[235] driven by constant 0
WARNING: [Synth 8-3917] design top has port y[234] driven by constant 0
WARNING: [Synth 8-3917] design top has port y[233] driven by constant 0
WARNING: [Synth 8-3917] design top has port y[232] driven by constant 0
WARNING: [Synth 8-3917] design top has port y[135] driven by constant 0
WARNING: [Synth 8-3917] design top has port y[134] driven by constant 0
WARNING: [Synth 8-3917] design top has port y[133] driven by constant 0
WARNING: [Synth 8-3917] design top has port y[130] driven by constant 0
WARNING: [Synth 8-3917] design top has port y[129] driven by constant 0
WARNING: [Synth 8-3917] design top has port y[70] driven by constant 0
WARNING: [Synth 8-3917] design top has port y[49] driven by constant 0
WARNING: [Synth 8-3917] design top has port y[48] driven by constant 0
WARNING: [Synth 8-3917] design top has port y[47] driven by constant 0
WARNING: [Synth 8-3917] design top has port y[46] driven by constant 0
WARNING: [Synth 8-3917] design top has port y[45] driven by constant 0
WARNING: [Synth 8-3917] design top has port y[44] driven by constant 0
WARNING: [Synth 8-3917] design top has port y[43] driven by constant 0
WARNING: [Synth 8-3917] design top has port y[42] driven by constant 0
WARNING: [Synth 8-3917] design top has port y[41] driven by constant 0
WARNING: [Synth 8-3917] design top has port y[40] driven by constant 0
WARNING: [Synth 8-3917] design top has port y[39] driven by constant 0
WARNING: [Synth 8-3917] design top has port y[17] driven by constant 0
WARNING: [Synth 8-3917] design top has port y[16] driven by constant 0
WARNING: [Synth 8-3917] design top has port y[15] driven by constant 0
WARNING: [Synth 8-3917] design top has port y[14] driven by constant 0
WARNING: [Synth 8-3917] design top has port y[13] driven by constant 0
WARNING: [Synth 8-3917] design top has port y[12] driven by constant 0
WARNING: [Synth 8-3917] design top has port y[11] driven by constant 0
WARNING: [Synth 8-3917] design top has port y[0] driven by constant 0
---------------------------------------------------------------------------------
Finished Cross Boundary and Area Optimization : Time (s): cpu = 00:00:07 ; elapsed = 00:00:07 . Memory (MB): peak = 2906.492 ; gain = 8.000 ; free physical = 13638 ; free virtual = 127089
---------------------------------------------------------------------------------
No constraint files found.
---------------------------------------------------------------------------------
Start Timing Optimization
---------------------------------------------------------------------------------
---------------------------------------------------------------------------------
Finished Timing Optimization : Time (s): cpu = 00:00:07 ; elapsed = 00:00:07 . Memory (MB): peak = 2906.492 ; gain = 8.000 ; free physical = 13638 ; free virtual = 127090
---------------------------------------------------------------------------------
---------------------------------------------------------------------------------
Start Technology Mapping
---------------------------------------------------------------------------------
---------------------------------------------------------------------------------
Finished Technology Mapping : Time (s): cpu = 00:00:07 ; elapsed = 00:00:07 . Memory (MB): peak = 2906.492 ; gain = 8.000 ; free physical = 13637 ; free virtual = 127089
---------------------------------------------------------------------------------
---------------------------------------------------------------------------------
Start IO Insertion
---------------------------------------------------------------------------------
---------------------------------------------------------------------------------
Start Flattening Before IO Insertion
---------------------------------------------------------------------------------
---------------------------------------------------------------------------------
Finished Flattening Before IO Insertion
---------------------------------------------------------------------------------
---------------------------------------------------------------------------------
Start Final Netlist Cleanup
---------------------------------------------------------------------------------
---------------------------------------------------------------------------------
Finished Final Netlist Cleanup
---------------------------------------------------------------------------------
---------------------------------------------------------------------------------
Finished IO Insertion : Time (s): cpu = 00:00:09 ; elapsed = 00:00:10 . Memory (MB): peak = 2906.492 ; gain = 8.000 ; free physical = 13634 ; free virtual = 127085
---------------------------------------------------------------------------------
---------------------------------------------------------------------------------
Start Renaming Generated Instances
---------------------------------------------------------------------------------
---------------------------------------------------------------------------------
Finished Renaming Generated Instances : Time (s): cpu = 00:00:09 ; elapsed = 00:00:10 . Memory (MB): peak = 2906.492 ; gain = 8.000 ; free physical = 13634 ; free virtual = 127085
---------------------------------------------------------------------------------
---------------------------------------------------------------------------------
Start Rebuilding User Hierarchy
---------------------------------------------------------------------------------
---------------------------------------------------------------------------------
Finished Rebuilding User Hierarchy : Time (s): cpu = 00:00:09 ; elapsed = 00:00:10 . Memory (MB): peak = 2906.492 ; gain = 8.000 ; free physical = 13634 ; free virtual = 127085
---------------------------------------------------------------------------------
---------------------------------------------------------------------------------
Start Renaming Generated Ports
---------------------------------------------------------------------------------
---------------------------------------------------------------------------------
Finished Renaming Generated Ports : Time (s): cpu = 00:00:09 ; elapsed = 00:00:10 . Memory (MB): peak = 2906.492 ; gain = 8.000 ; free physical = 13634 ; free virtual = 127085
---------------------------------------------------------------------------------
---------------------------------------------------------------------------------
Start Handling Custom Attributes
---------------------------------------------------------------------------------
---------------------------------------------------------------------------------
Finished Handling Custom Attributes : Time (s): cpu = 00:00:09 ; elapsed = 00:00:10 . Memory (MB): peak = 2906.492 ; gain = 8.000 ; free physical = 13634 ; free virtual = 127085
---------------------------------------------------------------------------------
---------------------------------------------------------------------------------
Start Renaming Generated Nets
---------------------------------------------------------------------------------
---------------------------------------------------------------------------------
Finished Renaming Generated Nets : Time (s): cpu = 00:00:09 ; elapsed = 00:00:10 . Memory (MB): peak = 2906.492 ; gain = 8.000 ; free physical = 13634 ; free virtual = 127085
---------------------------------------------------------------------------------
---------------------------------------------------------------------------------
Start Writing Synthesis Report
---------------------------------------------------------------------------------

Report BlackBoxes: 
+-+--------------+----------+
| |BlackBox name |Instances |
+-+--------------+----------+
+-+--------------+----------+

Report Cell Usage: 
+------+-------+------+
|      |Cell   |Count |
+------+-------+------+
|1     |BUFG   |     1|
|2     |CARRY4 |    15|
|3     |LUT1   |    27|
|4     |LUT2   |    25|
|5     |LUT3   |    28|
|6     |LUT4   |    37|
|7     |LUT5   |    17|
|8     |LUT6   |    32|
|9     |FDRE   |    58|
|10    |FDSE   |     7|
|11    |IBUF   |    44|
|12    |OBUF   |   246|
+------+-------+------+

Report Instance Areas: 
+------+---------+-------+------+
|      |Instance |Module |Cells |
+------+---------+-------+------+
|1     |top      |       |   537|
+------+---------+-------+------+
---------------------------------------------------------------------------------
Finished Writing Synthesis Report : Time (s): cpu = 00:00:09 ; elapsed = 00:00:10 . Memory (MB): peak = 2906.492 ; gain = 8.000 ; free physical = 13634 ; free virtual = 127085
---------------------------------------------------------------------------------
Synthesis finished with 0 errors, 0 critical warnings and 56 warnings.
Synthesis Optimization Runtime : Time (s): cpu = 00:00:09 ; elapsed = 00:00:10 . Memory (MB): peak = 2906.492 ; gain = 8.000 ; free physical = 13643 ; free virtual = 127095
Synthesis Optimization Complete : Time (s): cpu = 00:00:09 ; elapsed = 00:00:10 . Memory (MB): peak = 2906.500 ; gain = 8.000 ; free physical = 13643 ; free virtual = 127095
INFO: [Project 1-571] Translating synthesized netlist
Netlist sorting complete. Time (s): cpu = 00:00:00 ; elapsed = 00:00:00 . Memory (MB): peak = 2906.500 ; gain = 0.000 ; free physical = 13723 ; free virtual = 127175
INFO: [Netlist 29-17] Analyzing 15 Unisim elements for replacement
INFO: [Netlist 29-28] Unisim Transformation completed in 0 CPU seconds
INFO: [Project 1-570] Preparing netlist for logic optimization
INFO: [Opt 31-138] Pushed 0 inverter(s) to 0 load pin(s).
Netlist sorting complete. Time (s): cpu = 00:00:00 ; elapsed = 00:00:00 . Memory (MB): peak = 2962.520 ; gain = 0.000 ; free physical = 13653 ; free virtual = 127104
INFO: [Project 1-111] Unisim Transformation Summary:
No Unisim elements were transformed.

Synth Design complete, checksum: 1bc2cb9f
INFO: [Common 17-83] Releasing license: Synthesis
14 Infos, 56 Warnings, 0 Critical Warnings and 0 Errors encountered.
synth_design completed successfully
synth_design: Time (s): cpu = 00:00:15 ; elapsed = 00:00:12 . Memory (MB): peak = 2962.520 ; gain = 64.031 ; free physical = 13859 ; free virtual = 127311
# write_verilog -force syn_vivado.v
INFO: [Common 17-206] Exiting Vivado at Fri Jul 21 20:38:04 2023...
t 1-571] Translating synthesized netlist
Netlist sorting complete. Time (s): cpu = 00:00:00 ; elapsed = 00:00:00 . Memory (MB): peak = 2906.500 ; gain = 0.000 ; free physical = 13723 ; free virtual = 127175
INFO: [Netlist 29-17] Analyzing 15 Unisim elements for replacement
INFO: [Netlist 29-28] Unisim Transformation completed in 0 CPU seconds
INFO: [Project 1-570] Preparing netlist for logic optimization
INFO: [Opt 31-138] Pushed 0 inverter(s) to 0 load pin(s).
Netlist sorting complete. Time (s): cpu = 00:00:00 ; elapsed = 00:00:00 . Memory (MB): peak = 2962.520 ; gain = 0.000 ; free physical = 13653 ; free virtual = 127104
INFO: [Project 1-111] Unisim Transformation Summary:
No Unisim elements were transformed.

Synth Design complete, checksum: 1bc2cb9f
INFO: [Common 17-83] Releasing license: Synthesis
14 Infos, 56 Warnings, 0 Critical Warnings and 0 Errors encountered.
synth_design completed successfully
synth_design: Time (s): cpu = 00:00:15 ; elapsed = 00:00:12 . Memory (MB): peak = 2962.520 ; gain = 64.031 ; free physical = 13859 ; free virtual = 127311
# write_verilog -force syn_vivado.v
INFO: [Common 17-206] Exiting Vivado at Fri Jul 21 20:38:04 2023...
